<?xml version="1.0" encoding="UTF-8"?>
<robot generator="Robot 7.0.1 (Python 3.10.2 on win32)" generated="2025-01-06T18:01:20.383198" rpa="false" schemaversion="5">
<suite id="s1" name="Suites">
<suite id="s1-s1" name="ChatgptAlternate Testcases" source="C:\Users\ANIL KUMAR RAHUL\PycharmProjects\GenE Automation\GenE_Automation\Testcases\CHATGPT_ALTERNATE_TEST\ChatgptAlternate_Testcases.robot">
<test id="s1-s1-t1" name="Verifying ChatgptAlternate" line="5">
<kw name="Open Browser">
<msg time="2025-01-06T18:01:23.874553" level="FAIL">No keyword with name 'Open Browser' found.</msg>
<arg>${URL}</arg>
<arg>Chrome</arg>
<status status="FAIL" start="2025-01-06T18:01:23.870511" elapsed="0.004042">No keyword with name 'Open Browser' found.</status>
</kw>
<kw name="Maximize Browser Window">
<status status="NOT RUN" start="2025-01-06T18:01:23.876574" elapsed="0.004040"/>
</kw>
<kw name="Fill Login Form" owner="Loginpage_Keywords">
<arg>${USERNAME}</arg>
<arg>${PASSWORD}</arg>
<status status="NOT RUN" start="2025-01-06T18:01:23.882634" elapsed="0.000000"/>
</kw>
<kw name="Click Login Button" owner="Loginpage_Keywords">
<status status="NOT RUN" start="2025-01-06T18:01:23.886673" elapsed="0.000000"/>
</kw>
<kw name="Wait Until Location Is">
<arg>${SUCCESS_URL}</arg>
<arg>timeout=10s</arg>
<status status="NOT RUN" start="2025-01-06T18:01:23.890720" elapsed="0.004042"/>
</kw>
<kw name="Location Should Be">
<arg>${SUCCESS_URL}</arg>
<status status="NOT RUN" start="2025-01-06T18:01:23.898804" elapsed="0.000000"/>
</kw>
<kw name="Click SIDEMENU5" owner="ChatgptAlternate_Keywords">
<status status="NOT RUN" start="2025-01-06T18:01:23.900827" elapsed="0.002022"/>
</kw>
<kw name="Click Chat Gpt Alternate" owner="ChatgptAlternate_Keywords">
<status status="NOT RUN" start="2025-01-06T18:01:23.904874" elapsed="0.000000"/>
</kw>
<kw name="Click Chat with docs" owner="ChatgptAlternate_Keywords">
<status status="NOT RUN" start="2025-01-06T18:01:23.908928" elapsed="0.002025"/>
</kw>
<kw name="Verify Chat with docs and logo presence in subpage" owner="ChatgptAlternate_Keywords">
<status status="NOT RUN" start="2025-01-06T18:01:23.913477" elapsed="0.002021"/>
</kw>
<kw name="Verify Right Menu" owner="ChatgptAlternate_Keywords">
<status status="NOT RUN" start="2025-01-06T18:01:23.921323" elapsed="0.000000"/>
</kw>
<kw name="Close Browser">
<status status="NOT RUN" start="2025-01-06T18:01:23.923349" elapsed="0.002028"/>
</kw>
<status status="FAIL" start="2025-01-06T18:01:23.842184" elapsed="0.085221">No keyword with name 'Open Browser' found.</status>
</test>
<status status="FAIL" start="2025-01-06T18:01:20.784389" elapsed="3.149098"/>
</suite>
<status status="FAIL" start="2025-01-06T18:01:20.539212" elapsed="3.400347"/>
</suite>
<statistics>
<total>
<stat pass="0" fail="1" skip="0">All Tests</stat>
</total>
<tag>
</tag>
<suite>
<stat pass="0" fail="1" skip="0" id="s1" name="Suites">Suites</stat>
<stat pass="0" fail="1" skip="0" id="s1-s1" name="ChatgptAlternate Testcases">Suites.ChatgptAlternate Testcases</stat>
</suite>
</statistics>
<errors>
<msg time="2025-01-06T18:01:22.240740" level="ERROR">Error in file 'C:\Users\ANIL KUMAR RAHUL\PycharmProjects\GenE Automation\GenE_Automation\Testcases\CHATGPT_ALTERNATE_TEST\ChatgptAlternate_Testcases.robot' on line 2: Importing library 'SeleniumLibrary' failed: ModuleNotFoundError: No module named 'selenium.webdriver.common.print_page_options'
Traceback (most recent call last):
  File "C:\Python310\lib\site-packages\SeleniumLibrary\__init__.py", line 36, in &lt;module&gt;
    from SeleniumLibrary.keywords import (
  File "C:\Python310\lib\site-packages\SeleniumLibrary\keywords\__init__.py", line 26, in &lt;module&gt;
    from .screenshot import ScreenshotKeywords  # noqa
  File "C:\Python310\lib\site-packages\SeleniumLibrary\keywords\screenshot.py", line 22, in &lt;module&gt;
    from selenium.webdriver.common.print_page_options import PrintOptions, Orientation
PYTHONPATH:
  C:\Python310\Scripts\robot.exe
  C:\Python310\python310.zip
  C:\Python310\DLLs
  C:\Python310\lib
  C:\Python310
  C:\Python310\lib\site-packages
  C:\Python310\lib\site-packages\win32
  C:\Python310\lib\site-packages\win32\lib
  C:\Python310\lib\site-packages\Pythonwin</msg>
<msg time="2025-01-06T18:01:22.343803" level="ERROR">Error in file 'C:\Users\ANIL KUMAR RAHUL\PycharmProjects\GenE Automation\GenE_Automation\Settings\settings.robot' on line 2: Importing library 'SeleniumLibrary' failed: ModuleNotFoundError: No module named 'selenium.webdriver.common.print_page_options'
Traceback (most recent call last):
  File "C:\Python310\lib\site-packages\SeleniumLibrary\__init__.py", line 36, in &lt;module&gt;
    from SeleniumLibrary.keywords import (
  File "C:\Python310\lib\site-packages\SeleniumLibrary\keywords\__init__.py", line 26, in &lt;module&gt;
    from .screenshot import ScreenshotKeywords  # noqa
  File "C:\Python310\lib\site-packages\SeleniumLibrary\keywords\screenshot.py", line 22, in &lt;module&gt;
    from selenium.webdriver.common.print_page_options import PrintOptions, Orientation
PYTHONPATH:
  C:\Python310\Scripts\robot.exe
  C:\Python310\python310.zip
  C:\Python310\DLLs
  C:\Python310\lib
  C:\Python310
  C:\Python310\lib\site-packages
  C:\Python310\lib\site-packages\win32
  C:\Python310\lib\site-packages\win32\lib
  C:\Python310\lib\site-packages\Pythonwin</msg>
<msg time="2025-01-06T18:01:23.007638" level="WARN">Error in file 'C:\Users\ANIL KUMAR RAHUL\PycharmProjects\GenE Automation\GenE_Automation\Keywords\Custom_ML_Models_SafeDigging_Keywords.robot' on line 93: The '[Return]' setting is deprecated. Use the 'RETURN' statement instead.</msg>
</errors>
</robot>
