<?xml version="1.0" encoding="UTF-8"?>
<robot generator="Rebot 7.0.1 (Python 3.10.2 on win32)" generated="2025-01-06T18:01:41.393866" rpa="false" schemaversion="5">
<suite id="s1" name="Suites">
<suite id="s1-s1" name="Buffer Memory Testcases" source="C:\Users\ANIL KUMAR RAHUL\PycharmProjects\GenE Automation\GenE_Automation\Testcases\CHATGPT_ALTERNATE_TEST\BUFFER_MEMORY\Buffer_Memory_Testcases.robot">
<test id="s1-s1-t1" name="Verifying BufferMemory" line="5">
<kw name="Open Browser">
<msg time="2025-01-06T18:01:23.852299" level="FAIL">No keyword with name 'Open Browser' found.</msg>
<arg>${URL}</arg>
<arg>Chrome</arg>
<status status="FAIL" start="2025-01-06T18:01:23.850274" elapsed="0.002025">No keyword with name 'Open Browser' found.</status>
</kw>
<kw name="Maximize Browser Window">
<status status="NOT RUN" start="2025-01-06T18:01:23.854324" elapsed="0.004046"/>
</kw>
<kw name="Fill Login Form" owner="Loginpage_Keywords">
<arg>${USERNAME}</arg>
<arg>${PASSWORD}</arg>
<status status="NOT RUN" start="2025-01-06T18:01:23.860395" elapsed="0.002023"/>
</kw>
<kw name="Click Login Button" owner="Loginpage_Keywords">
<status status="NOT RUN" start="2025-01-06T18:01:23.864442" elapsed="0.000000"/>
</kw>
<kw name="Wait Until Location Is">
<arg>${SUCCESS_URL}</arg>
<arg>timeout=10s</arg>
<status status="NOT RUN" start="2025-01-06T18:01:23.868491" elapsed="0.002020"/>
</kw>
<kw name="Location Should Be">
<arg>${SUCCESS_URL}</arg>
<status status="NOT RUN" start="2025-01-06T18:01:23.872532" elapsed="0.000000"/>
</kw>
<kw name="Click SIDEMENU" owner="ChatgptAlternate_Keywords">
<status status="NOT RUN" start="2025-01-06T18:01:23.876574" elapsed="0.000000"/>
</kw>
<kw name="Verify all SIDEMENU OPTIONS" owner="ChatgptAlternate_Keywords">
<status status="NOT RUN" start="2025-01-06T18:01:23.880614" elapsed="0.002020"/>
</kw>
<kw name="Click Chat Gpt Alternate" owner="ChatgptAlternate_Keywords">
<status status="NOT RUN" start="2025-01-06T18:01:23.886673" elapsed="0.000000"/>
</kw>
<kw name="Click Buffer Memory" owner="ChatgptAlternate_Keywords">
<status status="NOT RUN" start="2025-01-06T18:01:23.888699" elapsed="0.004043"/>
</kw>
<kw name="Verify Buffer Memory and logo presence in subpage" owner="ChatgptAlternate_Keywords">
<status status="NOT RUN" start="2025-01-06T18:01:23.894762" elapsed="0.000000"/>
</kw>
<kw name="Verify GenE text &amp; logo presence" owner="YourprivateGPT_Keywords">
<status status="NOT RUN" start="2025-01-06T18:01:23.898804" elapsed="0.002023"/>
</kw>
<kw name="Verify ChatContainer" owner="ChatgptAlternate_Keywords">
<status status="NOT RUN" start="2025-01-06T18:01:23.902849" elapsed="0.000000"/>
</kw>
<kw name="Verify Options in the top right corner of the subpage" owner="ChatgptAlternate_Keywords">
<status status="NOT RUN" start="2025-01-06T18:01:23.906903" elapsed="0.002025"/>
</kw>
<kw name="Verify all options are clickable" owner="ChatgptAlternate_Keywords">
<status status="NOT RUN" start="2025-01-06T18:01:23.913477" elapsed="0.000000"/>
</kw>
<kw name="Verify Ask a Question Container" owner="ChatgptAlternate_Keywords">
<status status="NOT RUN" start="2025-01-06T18:01:23.917523" elapsed="0.001773"/>
</kw>
<kw name="Verify Right Menu" owner="ChatgptAlternate_Keywords">
<status status="NOT RUN" start="2025-01-06T18:01:23.925377" elapsed="0.000000"/>
</kw>
<kw name="Close Browser">
<status status="NOT RUN" start="2025-01-06T18:01:23.929432" elapsed="0.002027"/>
</kw>
<status status="FAIL" start="2025-01-06T18:01:23.823948" elapsed="0.107511">No keyword with name 'Open Browser' found.</status>
</test>
<status status="FAIL" start="2025-01-06T18:01:20.820000" elapsed="3.118666"/>
</suite>
<suite id="s1-s2" name="ChatgptAlternate Testcases" source="C:\Users\ANIL KUMAR RAHUL\PycharmProjects\GenE Automation\GenE_Automation\Testcases\CHATGPT_ALTERNATE_TEST\ChatgptAlternate_Testcases.robot">
<test id="s1-s2-t1" name="Verifying ChatgptAlternate" line="5">
<kw name="Open Browser">
<msg time="2025-01-06T18:01:23.874553" level="FAIL">No keyword with name 'Open Browser' found.</msg>
<arg>${URL}</arg>
<arg>Chrome</arg>
<status status="FAIL" start="2025-01-06T18:01:23.870511" elapsed="0.004042">No keyword with name 'Open Browser' found.</status>
</kw>
<kw name="Maximize Browser Window">
<status status="NOT RUN" start="2025-01-06T18:01:23.876574" elapsed="0.004040"/>
</kw>
<kw name="Fill Login Form" owner="Loginpage_Keywords">
<arg>${USERNAME}</arg>
<arg>${PASSWORD}</arg>
<status status="NOT RUN" start="2025-01-06T18:01:23.882634" elapsed="0.000000"/>
</kw>
<kw name="Click Login Button" owner="Loginpage_Keywords">
<status status="NOT RUN" start="2025-01-06T18:01:23.886673" elapsed="0.000000"/>
</kw>
<kw name="Wait Until Location Is">
<arg>${SUCCESS_URL}</arg>
<arg>timeout=10s</arg>
<status status="NOT RUN" start="2025-01-06T18:01:23.890720" elapsed="0.004042"/>
</kw>
<kw name="Location Should Be">
<arg>${SUCCESS_URL}</arg>
<status status="NOT RUN" start="2025-01-06T18:01:23.898804" elapsed="0.000000"/>
</kw>
<kw name="Click SIDEMENU5" owner="ChatgptAlternate_Keywords">
<status status="NOT RUN" start="2025-01-06T18:01:23.900827" elapsed="0.002022"/>
</kw>
<kw name="Click Chat Gpt Alternate" owner="ChatgptAlternate_Keywords">
<status status="NOT RUN" start="2025-01-06T18:01:23.904874" elapsed="0.000000"/>
</kw>
<kw name="Click Chat with docs" owner="ChatgptAlternate_Keywords">
<status status="NOT RUN" start="2025-01-06T18:01:23.908928" elapsed="0.002025"/>
</kw>
<kw name="Verify Chat with docs and logo presence in subpage" owner="ChatgptAlternate_Keywords">
<status status="NOT RUN" start="2025-01-06T18:01:23.913477" elapsed="0.002021"/>
</kw>
<kw name="Verify Right Menu" owner="ChatgptAlternate_Keywords">
<status status="NOT RUN" start="2025-01-06T18:01:23.921323" elapsed="0.000000"/>
</kw>
<kw name="Close Browser">
<status status="NOT RUN" start="2025-01-06T18:01:23.923349" elapsed="0.002028"/>
</kw>
<status status="FAIL" start="2025-01-06T18:01:23.842184" elapsed="0.085221">No keyword with name 'Open Browser' found.</status>
</test>
<status status="FAIL" start="2025-01-06T18:01:20.784389" elapsed="3.149098"/>
</suite>
<suite id="s1-s3" name="ChatwithMF4 Testcases" source="C:\Users\ANIL KUMAR RAHUL\PycharmProjects\GenE Automation\GenE_Automation\Testcases\CHATGPT_ALTERNATE_TEST\CHAT_WITH_MF4\ChatwithMF4_Testcases.robot">
<test id="s1-s3-t1" name="Verifying ChatwithMF4" line="5">
<kw name="Open Browser">
<msg time="2025-01-06T18:01:23.844208" level="FAIL">No keyword with name 'Open Browser' found.</msg>
<arg>${URL}</arg>
<arg>Chrome</arg>
<status status="FAIL" start="2025-01-06T18:01:23.842184" elapsed="0.002024">No keyword with name 'Open Browser' found.</status>
</kw>
<kw name="Maximize Browser Window">
<status status="NOT RUN" start="2025-01-06T18:01:23.848251" elapsed="0.002023"/>
</kw>
<kw name="Fill Login Form" owner="Loginpage_Keywords">
<arg>${USERNAME}</arg>
<arg>${PASSWORD}</arg>
<status status="NOT RUN" start="2025-01-06T18:01:23.852299" elapsed="0.000000"/>
</kw>
<kw name="Click Login Button" owner="Loginpage_Keywords">
<status status="NOT RUN" start="2025-01-06T18:01:23.856345" elapsed="0.002025"/>
</kw>
<kw name="Wait Until Location Is">
<arg>${SUCCESS_URL}</arg>
<arg>timeout=10s</arg>
<status status="NOT RUN" start="2025-01-06T18:01:23.860395" elapsed="0.000000"/>
</kw>
<kw name="Location Should Be">
<arg>${SUCCESS_URL}</arg>
<status status="NOT RUN" start="2025-01-06T18:01:23.862418" elapsed="0.000000"/>
</kw>
<kw name="Click SIDEMENU8" owner="ChatwithMF4_Keywords">
<status status="NOT RUN" start="2025-01-06T18:01:23.864442" elapsed="0.002026"/>
</kw>
<kw name="Click Chat Gpt Alternate" owner="ChatgptAlternate_Keywords">
<status status="NOT RUN" start="2025-01-06T18:01:23.868491" elapsed="0.000000"/>
</kw>
<kw name="Click Chat with MF4" owner="ChatgptAlternate_Keywords">
<status status="NOT RUN" start="2025-01-06T18:01:23.870511" elapsed="0.000000"/>
</kw>
<kw name="Verify Chat with MF4 and logo presence in subpage" owner="ChatgptAlternate_Keywords">
<status status="NOT RUN" start="2025-01-06T18:01:23.872532" elapsed="0.000000"/>
</kw>
<kw name="Verify GenE text &amp; logo presence" owner="YourprivateGPT_Keywords">
<status status="NOT RUN" start="2025-01-06T18:01:23.874553" elapsed="0.002021"/>
</kw>
<kw name="Verify ChatContainer" owner="ChatgptAlternate_Keywords">
<status status="NOT RUN" start="2025-01-06T18:01:23.876574" elapsed="0.002018"/>
</kw>
<kw name="Verify Options in the top right corner of the subpage" owner="ChatgptAlternate_Keywords">
<status status="NOT RUN" start="2025-01-06T18:01:23.880614" elapsed="0.000000"/>
</kw>
<kw name="Verify all options are clickable" owner="ChatgptAlternate_Keywords">
<status status="NOT RUN" start="2025-01-06T18:01:23.882634" elapsed="0.002022"/>
</kw>
<kw name="Verify Ask a Question Container" owner="ChatgptAlternate_Keywords">
<status status="NOT RUN" start="2025-01-06T18:01:23.886673" elapsed="0.000000"/>
</kw>
<kw name="Verify Right Menu in ChatwithMF4" owner="ChatwithMF4_Keywords">
<status status="NOT RUN" start="2025-01-06T18:01:23.890720" elapsed="0.002022"/>
</kw>
<kw name="Close Browser">
<status status="NOT RUN" start="2025-01-06T18:01:23.892742" elapsed="0.002020"/>
</kw>
<status status="FAIL" start="2025-01-06T18:01:23.821927" elapsed="0.072835">No keyword with name 'Open Browser' found.</status>
</test>
<status status="FAIL" start="2025-01-06T18:01:20.735785" elapsed="3.163019"/>
</suite>
<suite id="s1-s4" name="Chatwithcode Testcases" source="C:\Users\ANIL KUMAR RAHUL\PycharmProjects\GenE Automation\GenE_Automation\Testcases\CHATGPT_ALTERNATE_TEST\CHAT_WITH_CODE\Chatwithcode_Testcases.robot">
<test id="s1-s4-t1" name="Verifying ChatwithCode" line="5">
<kw name="Open Browser">
<msg time="2025-01-06T18:01:23.868491" level="FAIL">No keyword with name 'Open Browser' found.</msg>
<arg>${URL}</arg>
<arg>Chrome</arg>
<status status="FAIL" start="2025-01-06T18:01:23.868491" elapsed="0.002020">No keyword with name 'Open Browser' found.</status>
</kw>
<kw name="Maximize Browser Window">
<status status="NOT RUN" start="2025-01-06T18:01:23.874553" elapsed="0.000000"/>
</kw>
<kw name="Fill Login Form" owner="Loginpage_Keywords">
<arg>${USERNAME}</arg>
<arg>${PASSWORD}</arg>
<status status="NOT RUN" start="2025-01-06T18:01:23.878592" elapsed="0.002022"/>
</kw>
<kw name="Click Login Button" owner="Loginpage_Keywords">
<status status="NOT RUN" start="2025-01-06T18:01:23.882634" elapsed="0.002022"/>
</kw>
<kw name="Wait Until Location Is">
<arg>${SUCCESS_URL}</arg>
<arg>timeout=20s</arg>
<status status="NOT RUN" start="2025-01-06T18:01:23.886673" elapsed="0.000000"/>
</kw>
<kw name="Location Should Be">
<arg>${SUCCESS_URL}</arg>
<status status="NOT RUN" start="2025-01-06T18:01:23.888699" elapsed="0.002021"/>
</kw>
<kw name="Click SIDEMENU6" owner="Chatwithcode_Keywords">
<status status="NOT RUN" start="2025-01-06T18:01:23.894762" elapsed="0.000000"/>
</kw>
<kw name="Sleep" owner="BuiltIn">
<arg>1s</arg>
<doc>Pauses the test executed for the given time.</doc>
<status status="NOT RUN" start="2025-01-06T18:01:23.896783" elapsed="0.000000"/>
</kw>
<kw name="Click Chat Gpt Alternate2" owner="Chatwithcode_Keywords">
<status status="NOT RUN" start="2025-01-06T18:01:23.900827" elapsed="0.004047"/>
</kw>
<kw name="Click Chat with code" owner="ChatgptAlternate_Keywords">
<status status="NOT RUN" start="2025-01-06T18:01:23.906903" elapsed="0.002025"/>
</kw>
<kw name="Verify Chat with code and logo presence in subpage" owner="ChatgptAlternate_Keywords">
<status status="NOT RUN" start="2025-01-06T18:01:23.910953" elapsed="0.000000"/>
</kw>
<kw name="Verify GenE text &amp; logo presence" owner="YourprivateGPT_Keywords">
<status status="NOT RUN" start="2025-01-06T18:01:23.913477" elapsed="0.000000"/>
</kw>
<kw name="Verify ChatContainer" owner="ChatgptAlternate_Keywords">
<status status="NOT RUN" start="2025-01-06T18:01:23.915498" elapsed="0.000000"/>
</kw>
<kw name="Verify Options in the top right corner of the subpage" owner="ChatgptAlternate_Keywords">
<status status="NOT RUN" start="2025-01-06T18:01:23.919296" elapsed="0.000000"/>
</kw>
<kw name="Verify all options are clickable" owner="ChatgptAlternate_Keywords">
<status status="NOT RUN" start="2025-01-06T18:01:23.921323" elapsed="0.002026"/>
</kw>
<kw name="Verify Ask a Question Container" owner="ChatgptAlternate_Keywords">
<status status="NOT RUN" start="2025-01-06T18:01:23.925377" elapsed="0.000000"/>
</kw>
<kw name="Verify Right Menu" owner="ChatgptAlternate_Keywords">
<status status="NOT RUN" start="2025-01-06T18:01:23.929432" elapsed="0.002027"/>
</kw>
<kw name="Close Browser">
<status status="NOT RUN" start="2025-01-06T18:01:23.933487" elapsed="0.000000"/>
</kw>
<status status="FAIL" start="2025-01-06T18:01:23.840161" elapsed="0.095349">No keyword with name 'Open Browser' found.</status>
</test>
<status status="FAIL" start="2025-01-06T18:01:20.533136" elapsed="3.408457"/>
</suite>
<suite id="s1-s5" name="Chatwithlog Testcases" source="C:\Users\ANIL KUMAR RAHUL\PycharmProjects\GenE Automation\GenE_Automation\Testcases\CHATGPT_ALTERNATE_TEST\CHAT_WITH_LOG\Chatwithlog_Testcases.robot">
<test id="s1-s5-t1" name="Verifying ChatwithLog" line="5">
<kw name="Open Browser">
<msg time="2025-01-06T18:01:23.854324" level="FAIL">No keyword with name 'Open Browser' found.</msg>
<arg>${URL}</arg>
<arg>Chrome</arg>
<status status="FAIL" start="2025-01-06T18:01:23.854324" elapsed="0.000000">No keyword with name 'Open Browser' found.</status>
</kw>
<kw name="Maximize Browser Window">
<status status="NOT RUN" start="2025-01-06T18:01:23.860395" elapsed="0.000000"/>
</kw>
<kw name="Fill Login Form" owner="Loginpage_Keywords">
<arg>${USERNAME}</arg>
<arg>${PASSWORD}</arg>
<status status="NOT RUN" start="2025-01-06T18:01:23.862418" elapsed="0.002024"/>
</kw>
<kw name="Click Login Button" owner="Loginpage_Keywords">
<status status="NOT RUN" start="2025-01-06T18:01:23.866468" elapsed="0.000000"/>
</kw>
<kw name="Wait Until Location Is">
<arg>${SUCCESS_URL}</arg>
<arg>timeout=10s</arg>
<status status="NOT RUN" start="2025-01-06T18:01:23.868491" elapsed="0.000000"/>
</kw>
<kw name="Location Should Be">
<arg>${SUCCESS_URL}</arg>
<status status="NOT RUN" start="2025-01-06T18:01:23.870511" elapsed="0.002021"/>
</kw>
<kw name="Click SIDEMENU7" owner="Chatwithlog_Keywords">
<status status="NOT RUN" start="2025-01-06T18:01:23.872532" elapsed="0.002021"/>
</kw>
<kw name="Click Chat Gpt Alternate" owner="ChatgptAlternate_Keywords">
<status status="NOT RUN" start="2025-01-06T18:01:23.876574" elapsed="0.000000"/>
</kw>
<kw name="Click Chat with log" owner="ChatgptAlternate_Keywords">
<status status="NOT RUN" start="2025-01-06T18:01:23.880614" elapsed="0.000000"/>
</kw>
<kw name="Verify Chat with log and logo presence in subpage" owner="ChatgptAlternate_Keywords">
<status status="NOT RUN" start="2025-01-06T18:01:23.882634" elapsed="0.000000"/>
</kw>
<kw name="Verify GenE text &amp; logo presence" owner="YourprivateGPT_Keywords">
<status status="NOT RUN" start="2025-01-06T18:01:23.884656" elapsed="0.002017"/>
</kw>
<kw name="Verify ChatContainer" owner="ChatgptAlternate_Keywords">
<status status="NOT RUN" start="2025-01-06T18:01:23.888699" elapsed="0.000000"/>
</kw>
<kw name="Verify Options in the top right corner of the subpage" owner="ChatgptAlternate_Keywords">
<status status="NOT RUN" start="2025-01-06T18:01:23.890720" elapsed="0.002022"/>
</kw>
<kw name="Verify all options are clickable" owner="ChatgptAlternate_Keywords">
<status status="NOT RUN" start="2025-01-06T18:01:23.894762" elapsed="0.000000"/>
</kw>
<kw name="Verify Ask a Question Container" owner="ChatgptAlternate_Keywords">
<status status="NOT RUN" start="2025-01-06T18:01:23.896783" elapsed="0.000000"/>
</kw>
<kw name="Verify Right Menu" owner="ChatgptAlternate_Keywords">
<status status="NOT RUN" start="2025-01-06T18:01:23.900827" elapsed="0.002022"/>
</kw>
<kw name="Close Browser">
<status status="NOT RUN" start="2025-01-06T18:01:23.902849" elapsed="0.002025"/>
</kw>
<status status="FAIL" start="2025-01-06T18:01:23.830053" elapsed="0.076850">No keyword with name 'Open Browser' found.</status>
</test>
<status status="FAIL" start="2025-01-06T18:01:20.778316" elapsed="3.132637"/>
</suite>
<suite id="s1-s6" name="Chatwithscript Testcases" source="C:\Users\ANIL KUMAR RAHUL\PycharmProjects\GenE Automation\GenE_Automation\Testcases\CHATGPT_ALTERNATE_TEST\CHAT_WITH_SCRIPT\Chatwithscript_Testcases.robot">
<test id="s1-s6-t1" name="Verifying ChatwithScript" line="5">
<kw name="Open Browser">
<msg time="2025-01-06T18:01:23.872532" level="FAIL">No keyword with name 'Open Browser' found.</msg>
<arg>${URL}</arg>
<arg>Chrome</arg>
<status status="FAIL" start="2025-01-06T18:01:23.870511" elapsed="0.002021">No keyword with name 'Open Browser' found.</status>
</kw>
<kw name="Maximize Browser Window">
<status status="NOT RUN" start="2025-01-06T18:01:23.876574" elapsed="0.000000"/>
</kw>
<kw name="Fill Login Form" owner="Loginpage_Keywords">
<arg>${USERNAME}</arg>
<arg>${PASSWORD}</arg>
<status status="NOT RUN" start="2025-01-06T18:01:23.878592" elapsed="0.004042"/>
</kw>
<kw name="Click Login Button" owner="Loginpage_Keywords">
<status status="NOT RUN" start="2025-01-06T18:01:23.884656" elapsed="0.000000"/>
</kw>
<kw name="Wait Until Location Is">
<arg>${SUCCESS_URL}</arg>
<arg>timeout=20s</arg>
<status status="NOT RUN" start="2025-01-06T18:01:23.888699" elapsed="0.002021"/>
</kw>
<kw name="Location Should Be">
<arg>${SUCCESS_URL}</arg>
<status status="NOT RUN" start="2025-01-06T18:01:23.894762" elapsed="0.000000"/>
</kw>
<kw name="Click SIDEMENU9" owner="Chatwithscript_Keywords">
<status status="NOT RUN" start="2025-01-06T18:01:23.896783" elapsed="0.000000"/>
</kw>
<kw name="Click Chat Gpt Alternate" owner="ChatgptAlternate_Keywords">
<status status="NOT RUN" start="2025-01-06T18:01:23.902849" elapsed="0.002025"/>
</kw>
<kw name="Click Chat with script" owner="ChatgptAlternate_Keywords">
<status status="NOT RUN" start="2025-01-06T18:01:23.906903" elapsed="0.000000"/>
</kw>
<kw name="Verify Chat with script and logo presence in subpage" owner="ChatgptAlternate_Keywords">
<status status="NOT RUN" start="2025-01-06T18:01:23.910953" elapsed="0.002524"/>
</kw>
<kw name="Verify GenE text &amp; logo presence" owner="YourprivateGPT_Keywords">
<status status="NOT RUN" start="2025-01-06T18:01:23.915498" elapsed="0.002025"/>
</kw>
<kw name="Verify ChatContainer" owner="ChatgptAlternate_Keywords">
<status status="NOT RUN" start="2025-01-06T18:01:23.919296" elapsed="0.002027"/>
</kw>
<kw name="Verify Options in the top right corner of the subpage" owner="ChatgptAlternate_Keywords">
<status status="NOT RUN" start="2025-01-06T18:01:23.925377" elapsed="0.000000"/>
</kw>
<kw name="Verify all options are clickable" owner="ChatgptAlternate_Keywords">
<status status="NOT RUN" start="2025-01-06T18:01:23.927405" elapsed="0.004054"/>
</kw>
<kw name="Verify Ask a Question Container" owner="ChatgptAlternate_Keywords">
<status status="NOT RUN" start="2025-01-06T18:01:23.933487" elapsed="0.000000"/>
</kw>
<kw name="Verify Right Menu" owner="ChatgptAlternate_Keywords">
<status status="NOT RUN" start="2025-01-06T18:01:23.943619" elapsed="0.000000"/>
</kw>
<kw name="Close Browser">
<status status="NOT RUN" start="2025-01-06T18:01:23.947672" elapsed="0.000000"/>
</kw>
<status status="FAIL" start="2025-01-06T18:01:23.840161" elapsed="0.109540">No keyword with name 'Open Browser' found.</status>
</test>
<status status="FAIL" start="2025-01-06T18:01:20.891991" elapsed="3.067836"/>
</suite>
<suite id="s1-s7" name="Decoding Testcases" source="C:\Users\ANIL KUMAR RAHUL\PycharmProjects\GenE Automation\GenE_Automation\Testcases\FINE_TUNED_MODELS\DECODING_TEST\Decoding_Testcases.robot">
<test id="s1-s7-t1" name="Verify Decoding" line="5">
<kw name="Open Browser">
<msg time="2025-01-06T18:01:23.858370" level="FAIL">No keyword with name 'Open Browser' found.</msg>
<arg>${URL}</arg>
<arg>Chrome</arg>
<status status="FAIL" start="2025-01-06T18:01:23.856345" elapsed="0.002025">No keyword with name 'Open Browser' found.</status>
</kw>
<kw name="Maximize Browser Window">
<status status="NOT RUN" start="2025-01-06T18:01:23.862418" elapsed="0.000000"/>
</kw>
<kw name="Fill Login Form" owner="Loginpage_Keywords">
<arg>${USERNAME}</arg>
<arg>${PASSWORD}</arg>
<status status="NOT RUN" start="2025-01-06T18:01:23.864442" elapsed="0.000000"/>
</kw>
<kw name="Click Login Button" owner="Loginpage_Keywords">
<status status="NOT RUN" start="2025-01-06T18:01:23.866468" elapsed="0.002023"/>
</kw>
<kw name="Wait Until Location Is">
<arg>${SUCCESS_URL}</arg>
<arg>timeout=20s</arg>
<status status="NOT RUN" start="2025-01-06T18:01:23.870511" elapsed="0.000000"/>
</kw>
<kw name="Location Should Be">
<arg>${SUCCESS_URL}</arg>
<status status="NOT RUN" start="2025-01-06T18:01:23.872532" elapsed="0.000000"/>
</kw>
<kw name="Click SIDEMENU14" owner="Decoding_Keywords">
<status status="NOT RUN" start="2025-01-06T18:01:23.874553" elapsed="0.002021"/>
</kw>
<kw name="Click Fine-Tuned Models2" owner="Decoding_Keywords">
<status status="NOT RUN" start="2025-01-06T18:01:23.878592" elapsed="0.000000"/>
</kw>
<kw name="Click Decoding" owner="Decoding_Keywords">
<status status="NOT RUN" start="2025-01-06T18:01:23.880614" elapsed="0.000000"/>
</kw>
<kw name="Close Browser">
<status status="NOT RUN" start="2025-01-06T18:01:23.882634" elapsed="0.000000"/>
</kw>
<status status="FAIL" start="2025-01-06T18:01:23.832072" elapsed="0.052584">No keyword with name 'Open Browser' found.</status>
</test>
<status status="FAIL" start="2025-01-06T18:01:20.516925" elapsed="3.375817"/>
</suite>
<suite id="s1-s8" name="Department Testcases" source="C:\Users\ANIL KUMAR RAHUL\PycharmProjects\GenE Automation\GenE_Automation\Testcases\CHATGPT_ALTERNATE_TEST\DEPARTMENT\Department_Testcases.robot">
<test id="s1-s8-t1" name="Verifying Department" line="5">
<kw name="Open Browser">
<msg time="2025-01-06T18:01:23.856345" level="FAIL">No keyword with name 'Open Browser' found.</msg>
<arg>${URL}</arg>
<arg>Chrome</arg>
<status status="FAIL" start="2025-01-06T18:01:23.854324" elapsed="0.002021">No keyword with name 'Open Browser' found.</status>
</kw>
<kw name="Maximize Browser Window">
<status status="NOT RUN" start="2025-01-06T18:01:23.858370" elapsed="0.002025"/>
</kw>
<kw name="Fill Login Form" owner="Loginpage_Keywords">
<arg>${USERNAME}</arg>
<arg>${PASSWORD}</arg>
<status status="NOT RUN" start="2025-01-06T18:01:23.862418" elapsed="0.000000"/>
</kw>
<kw name="Click Login Button" owner="Loginpage_Keywords">
<status status="NOT RUN" start="2025-01-06T18:01:23.866468" elapsed="0.000000"/>
</kw>
<kw name="Wait Until Location Is">
<arg>${SUCCESS_URL}</arg>
<arg>timeout=10s</arg>
<status status="NOT RUN" start="2025-01-06T18:01:23.868491" elapsed="0.004041"/>
</kw>
<kw name="Location Should Be">
<arg>${SUCCESS_URL}</arg>
<status status="NOT RUN" start="2025-01-06T18:01:23.874553" elapsed="0.000000"/>
</kw>
<kw name="Click SIDEMENU10" owner="Department_Keywords">
<status status="NOT RUN" start="2025-01-06T18:01:23.878592" elapsed="0.000000"/>
</kw>
<kw name="Click Chat Gpt Alternate" owner="ChatgptAlternate_Keywords">
<status status="NOT RUN" start="2025-01-06T18:01:23.880614" elapsed="0.004042"/>
</kw>
<kw name="Click Department" owner="ChatgptAlternate_Keywords">
<status status="NOT RUN" start="2025-01-06T18:01:23.886673" elapsed="0.000000"/>
</kw>
<kw name="Verify Department and logo presence in subpage" owner="ChatgptAlternate_Keywords">
<status status="NOT RUN" start="2025-01-06T18:01:23.890720" elapsed="0.002022"/>
</kw>
<kw name="Verify GenE text &amp; logo presence" owner="YourprivateGPT_Keywords">
<status status="NOT RUN" start="2025-01-06T18:01:23.896783" elapsed="0.000000"/>
</kw>
<kw name="Verify ChatContainer" owner="ChatgptAlternate_Keywords">
<status status="NOT RUN" start="2025-01-06T18:01:23.898804" elapsed="0.004045"/>
</kw>
<kw name="Verify Options in the top right corner of the subpage" owner="ChatgptAlternate_Keywords">
<status status="NOT RUN" start="2025-01-06T18:01:23.906903" elapsed="0.000000"/>
</kw>
<kw name="Verify all options are clickable" owner="ChatgptAlternate_Keywords">
<status status="NOT RUN" start="2025-01-06T18:01:23.908928" elapsed="0.002025"/>
</kw>
<kw name="Verify Ask a Question Container" owner="ChatgptAlternate_Keywords">
<status status="NOT RUN" start="2025-01-06T18:01:23.915498" elapsed="0.000000"/>
</kw>
<kw name="Close Browser">
<status status="NOT RUN" start="2025-01-06T18:01:23.919296" elapsed="0.000000"/>
</kw>
<status status="FAIL" start="2025-01-06T18:01:23.823948" elapsed="0.099401">No keyword with name 'Open Browser' found.</status>
</test>
<status status="FAIL" start="2025-01-06T18:01:20.563516" elapsed="3.365916"/>
</suite>
<suite id="s1-s9" name="ESB Notes Action Tagging Testcases" source="C:\Users\ANIL KUMAR RAHUL\PycharmProjects\GenE Automation\GenE_Automation\Testcases\FINE_TUNED_MODELS\ESB_NOTES_ACTION_TAGGING_TEST\ESB_Notes_Action_Tagging_Testcases.robot">
<test id="s1-s9-t1" name="Verify ESB Notes Action Tagging" line="5">
<kw name="Open Browser">
<msg time="2025-01-06T18:01:30.162178" level="FAIL">No keyword with name 'Open Browser' found.</msg>
<arg>${URL}</arg>
<arg>Chrome</arg>
<status status="FAIL" start="2025-01-06T18:01:30.162178" elapsed="0.002027">No keyword with name 'Open Browser' found.</status>
</kw>
<kw name="Maximize Browser Window">
<status status="NOT RUN" start="2025-01-06T18:01:30.166225" elapsed="0.002025"/>
</kw>
<kw name="Fill Login Form" owner="Loginpage_Keywords">
<arg>${USERNAME}</arg>
<arg>${PASSWORD}</arg>
<status status="NOT RUN" start="2025-01-06T18:01:30.170272" elapsed="0.000000"/>
</kw>
<kw name="Click Login Button" owner="Loginpage_Keywords">
<status status="NOT RUN" start="2025-01-06T18:01:30.172300" elapsed="0.000000"/>
</kw>
<kw name="Wait Until Location Is">
<arg>${SUCCESS_URL}</arg>
<arg>timeout=10s</arg>
<status status="NOT RUN" start="2025-01-06T18:01:30.174323" elapsed="0.002025"/>
</kw>
<kw name="Location Should Be">
<arg>${SUCCESS_URL}</arg>
<status status="NOT RUN" start="2025-01-06T18:01:30.178370" elapsed="0.000000"/>
</kw>
<kw name="Click SIDEMENU15" owner="ESB_Notes_Action_Tagging_Keywords">
<status status="NOT RUN" start="2025-01-06T18:01:30.180390" elapsed="0.000000"/>
</kw>
<kw name="Click Fine-Tuned Models3" owner="ESB_Notes_Action_Tagging_Keywords">
<status status="NOT RUN" start="2025-01-06T18:01:30.182413" elapsed="0.002023"/>
</kw>
<kw name="Click ESB Notes Action Tagging" owner="ESB_Notes_Action_Tagging_Keywords">
<status status="NOT RUN" start="2025-01-06T18:01:30.184436" elapsed="0.002023"/>
</kw>
<kw name="Close Browser">
<status status="NOT RUN" start="2025-01-06T18:01:30.188485" elapsed="0.000000"/>
</kw>
<status status="FAIL" start="2025-01-06T18:01:30.133851" elapsed="0.056660">No keyword with name 'Open Browser' found.</status>
</test>
<status status="FAIL" start="2025-01-06T18:01:28.026540" elapsed="2.168018"/>
</suite>
<suite id="s1-s10" name="Email Classification Testcases" source="C:\Users\ANIL KUMAR RAHUL\PycharmProjects\GenE Automation\GenE_Automation\Testcases\FINE_TUNED_MODELS\Email_Classification_Testcases.robot">
<test id="s1-s10-t1" name="Verify Email Classification" line="5">
<kw name="Open Browser">
<msg time="2025-01-06T18:01:30.451843" level="FAIL">No keyword with name 'Open Browser' found.</msg>
<arg>${URL}</arg>
<arg>Chrome</arg>
<status status="FAIL" start="2025-01-06T18:01:30.449818" elapsed="0.002025">No keyword with name 'Open Browser' found.</status>
</kw>
<kw name="Maximize Browser Window">
<status status="NOT RUN" start="2025-01-06T18:01:30.455895" elapsed="0.002029"/>
</kw>
<kw name="Fill Login Form" owner="Loginpage_Keywords">
<arg>${USERNAME}</arg>
<arg>${PASSWORD}</arg>
<status status="NOT RUN" start="2025-01-06T18:01:30.459953" elapsed="0.002024"/>
</kw>
<kw name="Click Login Button" owner="Loginpage_Keywords">
<status status="NOT RUN" start="2025-01-06T18:01:30.464003" elapsed="0.000000"/>
</kw>
<kw name="Wait Until Location Is">
<arg>${SUCCESS_URL}</arg>
<arg>timeout=10s</arg>
<status status="NOT RUN" start="2025-01-06T18:01:30.468046" elapsed="0.000000"/>
</kw>
<kw name="Location Should Be">
<arg>${SUCCESS_URL}</arg>
<status status="NOT RUN" start="2025-01-06T18:01:30.470067" elapsed="0.002026"/>
</kw>
<kw name="Click SIDEMENU16" owner="Email_Classfication_Keywords">
<status status="NOT RUN" start="2025-01-06T18:01:30.474118" elapsed="0.000000"/>
</kw>
<kw name="Sleep" owner="BuiltIn">
<arg>1s</arg>
<doc>Pauses the test executed for the given time.</doc>
<status status="NOT RUN" start="2025-01-06T18:01:30.478174" elapsed="0.000000"/>
</kw>
<kw name="Click Fine-Tuned Models" owner="Email_Classfication_Keywords">
<status status="NOT RUN" start="2025-01-06T18:01:30.482227" elapsed="0.002026"/>
</kw>
<kw name="Click Email Functionality" owner="Email_Classfication_Keywords">
<status status="NOT RUN" start="2025-01-06T18:01:30.486278" elapsed="0.002031"/>
</kw>
<kw name="Verify Input" owner="Email_Classfication_Keywords">
<status status="NOT RUN" start="2025-01-06T18:01:30.492358" elapsed="0.000000"/>
</kw>
<kw name="Verify TextArea" owner="Email_Classfication_Keywords">
<status status="NOT RUN" start="2025-01-06T18:01:30.498428" elapsed="0.000000"/>
</kw>
<kw name="Verify Run" owner="Email_Classfication_Keywords">
<status status="NOT RUN" start="2025-01-06T18:01:30.500452" elapsed="0.002026"/>
</kw>
<kw name="Verify Output" owner="Email_Classfication_Keywords">
<status status="NOT RUN" start="2025-01-06T18:01:30.504501" elapsed="0.000000"/>
</kw>
<kw name="Verify LLM Deployment" owner="Email_Classfication_Keywords">
<status status="NOT RUN" start="2025-01-06T18:01:30.508556" elapsed="0.000000"/>
</kw>
<kw name="Close Browser">
<status status="NOT RUN" start="2025-01-06T18:01:30.510581" elapsed="0.002026"/>
</kw>
<status status="FAIL" start="2025-01-06T18:01:30.421455" elapsed="0.091152">No keyword with name 'Open Browser' found.</status>
</test>
<status status="FAIL" start="2025-01-06T18:01:28.456060" elapsed="2.064668"/>
</suite>
<suite id="s1-s11" name="Email Extraction Testcases" source="C:\Users\ANIL KUMAR RAHUL\PycharmProjects\GenE Automation\GenE_Automation\Testcases\AI_AGENTS_TEST\EMAIL_EXTRACTION_TEST\Email_Extraction_Testcases.robot">
<test id="s1-s11-t1" name="Verify Email Extraction" line="5">
<kw name="Open Browser">
<msg time="2025-01-06T18:01:30.275100" level="FAIL">No keyword with name 'Open Browser' found.</msg>
<arg>${URL}</arg>
<arg>chrome</arg>
<status status="FAIL" start="2025-01-06T18:01:30.275100" elapsed="0.001026">No keyword with name 'Open Browser' found.</status>
</kw>
<kw name="Maximize Browser Window">
<status status="NOT RUN" start="2025-01-06T18:01:30.278150" elapsed="0.002034"/>
</kw>
<kw name="Fill Login Form" owner="Loginpage_Keywords">
<arg>${USERNAME}</arg>
<arg>${PASSWORD}</arg>
<status status="NOT RUN" start="2025-01-06T18:01:30.282211" elapsed="0.000000"/>
</kw>
<kw name="Click Login Button" owner="Loginpage_Keywords">
<status status="NOT RUN" start="2025-01-06T18:01:30.284233" elapsed="0.001031"/>
</kw>
<kw name="Wait Until Location Is">
<arg>${SUCCESS_URL}</arg>
<arg>timeout=10s</arg>
<status status="NOT RUN" start="2025-01-06T18:01:30.287302" elapsed="0.000000"/>
</kw>
<kw name="Location Should Be">
<arg>${SUCCESS_URL}</arg>
<status status="NOT RUN" start="2025-01-06T18:01:30.289332" elapsed="0.000000"/>
</kw>
<kw name="Click SIDEMENU1" owner="AI_Agents_Email_Extraction_Keywords">
<status status="NOT RUN" start="2025-01-06T18:01:30.292881" elapsed="0.000000"/>
</kw>
<kw name="Click AI Agents" owner="AI_Agents_Email_Extraction_Keywords">
<status status="NOT RUN" start="2025-01-06T18:01:30.294899" elapsed="0.000000"/>
</kw>
<kw name="Click Email Extraction" owner="AI_Agents_Email_Extraction_Keywords">
<status status="NOT RUN" start="2025-01-06T18:01:30.296927" elapsed="0.002028"/>
</kw>
<kw name="Close Browser">
<status status="NOT RUN" start="2025-01-06T18:01:30.298955" elapsed="0.002027"/>
</kw>
<status status="FAIL" start="2025-01-06T18:01:30.251300" elapsed="0.049682">No keyword with name 'Open Browser' found.</status>
</test>
<status status="FAIL" start="2025-01-06T18:01:28.237243" elapsed="2.069819"/>
</suite>
<suite id="s1-s12" name="Forgotpassword Testcases" source="C:\Users\ANIL KUMAR RAHUL\PycharmProjects\GenE Automation\GenE_Automation\Testcases\FORGOT_PASSWORD_TEST\Forgotpassword_Testcases.robot">
<test id="s1-s12-t1" name="VERIFY FORGOT PASSWORD FUNCTIONALITY" line="8">
<kw name="Forgot Password Link" owner="Forgotpassword_Keywords" type="SETUP">
<kw name="Login Page" owner="Loginpage_Keywords" type="SETUP">
<kw name="Open Browser">
<msg time="2025-01-06T18:01:30.530908" level="FAIL">No keyword with name 'Open Browser' found.</msg>
<arg>${URL}</arg>
<arg>${HEADLESS}</arg>
<status status="FAIL" start="2025-01-06T18:01:30.530908" elapsed="0.000000">No keyword with name 'Open Browser' found.</status>
</kw>
<kw name="Maximize Browser Window">
<status status="NOT RUN" start="2025-01-06T18:01:30.534958" elapsed="0.000000"/>
</kw>
<kw name="Verify Gen E Logo Presence" owner="Loginpage_Keywords">
<status status="NOT RUN" start="2025-01-06T18:01:30.536981" elapsed="0.002028"/>
</kw>
<status status="FAIL" start="2025-01-06T18:01:30.512607" elapsed="0.026402">No keyword with name 'Open Browser' found.</status>
</kw>
<kw name="Click Element">
<arg>${FORGOT_PASSWORD_LINK}</arg>
<status status="NOT RUN" start="2025-01-06T18:01:30.541029" elapsed="0.000000"/>
</kw>
<kw name="Wait Until Location Is">
<arg>${EMAIL_VERIFY_PAGE_URL}</arg>
<status status="NOT RUN" start="2025-01-06T18:01:30.543056" elapsed="0.000000"/>
</kw>
<status status="FAIL" start="2025-01-06T18:01:30.508556" elapsed="0.036523">No keyword with name 'Open Browser' found.</status>
</kw>
<kw name="Close Browser" type="TEARDOWN">
<msg time="2025-01-06T18:01:30.561289" level="FAIL">No keyword with name 'Close Browser' found.</msg>
<status status="FAIL" start="2025-01-06T18:01:30.561289" elapsed="0.002022">No keyword with name 'Close Browser' found.</status>
</kw>
<status status="FAIL" start="2025-01-06T18:01:30.502478" elapsed="0.060833">Setup failed:
No keyword with name 'Open Browser' found.

Also teardown failed:
No keyword with name 'Close Browser' found.</status>
</test>
<status status="FAIL" start="2025-01-06T18:01:28.575391" elapsed="1.995711"/>
</suite>
<suite id="s1-s13" name="Handwritten OCR Testcases" source="C:\Users\ANIL KUMAR RAHUL\PycharmProjects\GenE Automation\GenE_Automation\Testcases\AI_AGENTS_TEST\HANDWRITTEN_OCR_TEST\Handwritten_OCR_Testcases.robot">
<test id="s1-s13-t1" name="Verify Handwritten OCR" line="5">
<kw name="Open Browser">
<msg time="2025-01-06T18:01:30.387026" level="FAIL">No keyword with name 'Open Browser' found.</msg>
<arg>${URL}</arg>
<arg>Chrome</arg>
<status status="FAIL" start="2025-01-06T18:01:30.385002" elapsed="0.002024">No keyword with name 'Open Browser' found.</status>
</kw>
<kw name="Maximize Browser Window">
<status status="NOT RUN" start="2025-01-06T18:01:30.389052" elapsed="0.002026"/>
</kw>
<kw name="Fill Login Form" owner="Loginpage_Keywords">
<arg>${USERNAME}</arg>
<arg>${PASSWORD}</arg>
<status status="NOT RUN" start="2025-01-06T18:01:30.393104" elapsed="0.000000"/>
</kw>
<kw name="Click Login Button" owner="Loginpage_Keywords">
<status status="NOT RUN" start="2025-01-06T18:01:30.395123" elapsed="0.002027"/>
</kw>
<kw name="Wait Until Location Is">
<arg>${SUCCESS_URL}</arg>
<arg>timeout=10s</arg>
<status status="NOT RUN" start="2025-01-06T18:01:30.399177" elapsed="0.000000"/>
</kw>
<kw name="Location Should Be">
<arg>${SUCCESS_URL}</arg>
<status status="NOT RUN" start="2025-01-06T18:01:30.401202" elapsed="0.000000"/>
</kw>
<kw name="Click SIDEMENU2" owner="AI_Agents_Handwritten_OCR_Keywords">
<status status="NOT RUN" start="2025-01-06T18:01:30.403222" elapsed="0.002026"/>
</kw>
<kw name="Click AI Agents" owner="AI_Agents_Email_Extraction_Keywords">
<status status="NOT RUN" start="2025-01-06T18:01:30.407268" elapsed="0.000000"/>
</kw>
<kw name="Click HandWritten OCR" owner="AI_Agents_Handwritten_OCR_Keywords">
<status status="NOT RUN" start="2025-01-06T18:01:30.409295" elapsed="0.002028"/>
</kw>
<kw name="Verify Sub-Page in HandWritten OCR" owner="AI_Agents_Handwritten_OCR_Keywords">
<status status="NOT RUN" start="2025-01-06T18:01:30.413346" elapsed="0.002027"/>
</kw>
<kw name="Close Browser">
<status status="NOT RUN" start="2025-01-06T18:01:30.415373" elapsed="0.002030"/>
</kw>
<status status="FAIL" start="2025-01-06T18:01:30.362731" elapsed="0.056696">No keyword with name 'Open Browser' found.</status>
</test>
<status status="FAIL" start="2025-01-06T18:01:28.385158" elapsed="2.038324"/>
</suite>
<suite id="s1-s14" name="Landingpage Testcase" source="C:\Users\ANIL KUMAR RAHUL\PycharmProjects\GenE Automation\GenE_Automation\Testcases\LANDING_PAGE_TEST\Landingpage_Testcase.robot">
<test id="s1-s14-t1" name="Verify Landing page" line="4">
<kw name="Open Browser">
<msg time="2025-01-06T18:01:30.480202" level="FAIL">No keyword with name 'Open Browser' found.</msg>
<arg>${URL}</arg>
<arg>Chrome</arg>
<status status="FAIL" start="2025-01-06T18:01:30.478174" elapsed="0.002028">No keyword with name 'Open Browser' found.</status>
</kw>
<kw name="Maximize Browser Window">
<status status="NOT RUN" start="2025-01-06T18:01:30.482227" elapsed="0.000000"/>
</kw>
<kw name="Fill Login Form" owner="Loginpage_Keywords">
<arg>${USERNAME}</arg>
<arg>${PASSWORD}</arg>
<status status="NOT RUN" start="2025-01-06T18:01:30.484253" elapsed="0.002025"/>
</kw>
<kw name="Click Login Button" owner="Loginpage_Keywords">
<status status="NOT RUN" start="2025-01-06T18:01:30.488309" elapsed="0.000000"/>
</kw>
<kw name="Wait Until Location Is">
<arg>${SUCCESS_URL}</arg>
<arg>timeout=10s</arg>
<status status="NOT RUN" start="2025-01-06T18:01:30.490335" elapsed="0.000000"/>
</kw>
<kw name="Location Should Be">
<arg>${SUCCESS_URL}</arg>
<status status="NOT RUN" start="2025-01-06T18:01:30.492358" elapsed="0.002024"/>
</kw>
<kw name="Verify Gen E Logo Presence in landing page" owner="LandingPage_Keywords">
<status status="NOT RUN" start="2025-01-06T18:01:30.496408" elapsed="0.000000"/>
</kw>
<kw name="Verify DASHBOARD presence" owner="LandingPage_Keywords">
<status status="NOT RUN" start="2025-01-06T18:01:30.498428" elapsed="0.000000"/>
</kw>
<kw name="Check for two options available on the top menu lists on the Dashboard" owner="LandingPage_Keywords">
<status status="NOT RUN" start="2025-01-06T18:01:30.500452" elapsed="0.002026"/>
</kw>
<kw name="Verify HOME and CONNECT OPTIONS" owner="LandingPage_Keywords">
<status status="NOT RUN" start="2025-01-06T18:01:30.504501" elapsed="0.000000"/>
</kw>
<kw name="Verify USER DP/EMAIL/NAME presence" owner="LandingPage_Keywords">
<status status="NOT RUN" start="2025-01-06T18:01:30.506529" elapsed="0.000000"/>
</kw>
<kw name="Click HOME" owner="LandingPage_Keywords">
<status status="NOT RUN" start="2025-01-06T18:01:30.508556" elapsed="0.000000"/>
</kw>
<kw name="Location Should Be">
<arg>${home_URL}</arg>
<status status="NOT RUN" start="2025-01-06T18:01:30.510581" elapsed="0.002026"/>
</kw>
<kw name="Close Browser">
<status status="NOT RUN" start="2025-01-06T18:01:30.512607" elapsed="0.002029"/>
</kw>
<status status="FAIL" start="2025-01-06T18:01:30.453870" elapsed="0.060766">No keyword with name 'Open Browser' found.</status>
</test>
<status status="FAIL" start="2025-01-06T18:01:28.557163" elapsed="1.963565"/>
</suite>
<suite id="s1-s15" name="Loginpage Testcases" source="C:\Users\ANIL KUMAR RAHUL\PycharmProjects\GenE Automation\GenE_Automation\Testcases\LOGIN_PAGE_TEST\Loginpage_Testcases.robot">
<test id="s1-s15-t1" name="Verifying Login Page" line="5">
<kw name="Login Page" owner="Loginpage_Keywords" type="SETUP">
<kw name="Open Browser">
<msg time="2025-01-06T18:01:30.472093" level="FAIL">No keyword with name 'Open Browser' found.</msg>
<arg>${URL}</arg>
<arg>${HEADLESS}</arg>
<status status="FAIL" start="2025-01-06T18:01:30.470067" elapsed="0.002026">No keyword with name 'Open Browser' found.</status>
</kw>
<kw name="Maximize Browser Window">
<status status="NOT RUN" start="2025-01-06T18:01:30.476144" elapsed="0.002030"/>
</kw>
<kw name="Verify Gen E Logo Presence" owner="Loginpage_Keywords">
<status status="NOT RUN" start="2025-01-06T18:01:30.482227" elapsed="0.000000"/>
</kw>
<status status="FAIL" start="2025-01-06T18:01:30.445768" elapsed="0.038485">No keyword with name 'Open Browser' found.</status>
</kw>
<kw name="Close Browser" type="TEARDOWN">
<msg time="2025-01-06T18:01:30.512607" level="FAIL">No keyword with name 'Close Browser' found.</msg>
<status status="FAIL" start="2025-01-06T18:01:30.510581" elapsed="0.004055">No keyword with name 'Close Browser' found.</status>
</kw>
<status status="FAIL" start="2025-01-06T18:01:30.435644" elapsed="0.078992">Setup failed:
No keyword with name 'Open Browser' found.

Also teardown failed:
No keyword with name 'Close Browser' found.</status>
</test>
<status status="FAIL" start="2025-01-06T18:01:28.377049" elapsed="2.145707"/>
</suite>
<suite id="s1-s16" name="Negative ForgotPassword Testcases" source="C:\Users\ANIL KUMAR RAHUL\PycharmProjects\GenE Automation\GenE_Automation\Testcases\FORGOT_PASSWORD_TEST\Negative_ForgotPassword_Testcases.robot">
<test id="s1-s16-t1" name="Verify GenE Logo In Forgot Password Page" line="5">
<kw name="Forgot Password Link" owner="Forgotpassword_Keywords" type="SETUP">
<kw name="Login Page" owner="Loginpage_Keywords" type="SETUP">
<kw name="Open Browser">
<msg time="2025-01-06T18:01:30.470067" level="FAIL">No keyword with name 'Open Browser' found.</msg>
<arg>${URL}</arg>
<arg>${HEADLESS}</arg>
<status status="FAIL" start="2025-01-06T18:01:30.470067" elapsed="0.000000">No keyword with name 'Open Browser' found.</status>
</kw>
<kw name="Maximize Browser Window">
<status status="NOT RUN" start="2025-01-06T18:01:30.474118" elapsed="0.000000"/>
</kw>
<kw name="Verify Gen E Logo Presence" owner="Loginpage_Keywords">
<status status="NOT RUN" start="2025-01-06T18:01:30.476144" elapsed="0.002030"/>
</kw>
<status status="FAIL" start="2025-01-06T18:01:30.451843" elapsed="0.026331">No keyword with name 'Open Browser' found.</status>
</kw>
<kw name="Click Element">
<arg>${FORGOT_PASSWORD_LINK}</arg>
<status status="NOT RUN" start="2025-01-06T18:01:30.480202" elapsed="0.002025"/>
</kw>
<kw name="Wait Until Location Is">
<arg>${EMAIL_VERIFY_PAGE_URL}</arg>
<status status="NOT RUN" start="2025-01-06T18:01:30.484253" elapsed="0.002025"/>
</kw>
<status status="FAIL" start="2025-01-06T18:01:30.447796" elapsed="0.040513">No keyword with name 'Open Browser' found.</status>
</kw>
<kw name="Close Browser" type="TEARDOWN">
<msg time="2025-01-06T18:01:30.512607" level="FAIL">No keyword with name 'Close Browser' found.</msg>
<status status="FAIL" start="2025-01-06T18:01:30.512607" elapsed="0.002029">No keyword with name 'Close Browser' found.</status>
</kw>
<status status="FAIL" start="2025-01-06T18:01:30.439691" elapsed="0.074945">Setup failed:
No keyword with name 'Open Browser' found.

Also teardown failed:
No keyword with name 'Close Browser' found.</status>
</test>
<status status="FAIL" start="2025-01-06T18:01:28.472284" elapsed="2.046417"/>
</suite>
<suite id="s1-s17" name="Negative Login Page TESTCASES" source="C:\Users\ANIL KUMAR RAHUL\PycharmProjects\GenE Automation\GenE_Automation\Testcases\LOGIN_PAGE_TEST\Negative_Login_Page_TESTCASES.robot">
<test id="s1-s17-t1" name="Combined Negative Test Cases for Login Page" line="5">
<kw name="Login Page" owner="Loginpage_Keywords" type="SETUP">
<kw name="Open Browser">
<msg time="2025-01-06T18:01:36.750533" level="FAIL">No keyword with name 'Open Browser' found.</msg>
<arg>${URL}</arg>
<arg>${HEADLESS}</arg>
<status status="FAIL" start="2025-01-06T18:01:36.749533" elapsed="0.001000">No keyword with name 'Open Browser' found.</status>
</kw>
<kw name="Maximize Browser Window">
<status status="NOT RUN" start="2025-01-06T18:01:36.753531" elapsed="0.001001"/>
</kw>
<kw name="Verify Gen E Logo Presence" owner="Loginpage_Keywords">
<status status="NOT RUN" start="2025-01-06T18:01:36.756534" elapsed="0.001000"/>
</kw>
<status status="FAIL" start="2025-01-06T18:01:36.730986" elapsed="0.027548">No keyword with name 'Open Browser' found.</status>
</kw>
<kw name="Close Browser" type="TEARDOWN">
<msg time="2025-01-06T18:01:36.775531" level="FAIL">No keyword with name 'Close Browser' found.</msg>
<status status="FAIL" start="2025-01-06T18:01:36.774534" elapsed="0.000997">No keyword with name 'Close Browser' found.</status>
</kw>
<status status="FAIL" start="2025-01-06T18:01:36.719953" elapsed="0.056581">Setup failed:
No keyword with name 'Open Browser' found.

Also teardown failed:
No keyword with name 'Close Browser' found.</status>
</test>
<status status="FAIL" start="2025-01-06T18:01:34.592218" elapsed="2.189316"/>
</suite>
<suite id="s1-s18" name="Negative SignUp Page Testcases" source="C:\Users\ANIL KUMAR RAHUL\PycharmProjects\GenE Automation\GenE_Automation\Testcases\SIGNUP_PAGE_TEST\Negative_SignUp_Page_Testcases.robot">
<test id="s1-s18-t1" name="Checking Negative Signup Cases" line="5">
<kw name="Open Sign Up Page" owner="SignUpPage_Keywords" type="SETUP">
<kw name="Open Browser">
<msg time="2025-01-06T18:01:36.618929" level="FAIL">No keyword with name 'Open Browser' found.</msg>
<arg>${URL}</arg>
<arg>chrome</arg>
<status status="FAIL" start="2025-01-06T18:01:36.614352" elapsed="0.004577">No keyword with name 'Open Browser' found.</status>
</kw>
<kw name="Maximize Browser Window">
<status status="NOT RUN" start="2025-01-06T18:01:36.624953" elapsed="0.001001"/>
</kw>
<kw name="Click Element">
<arg>${SIGN_UP_LINK_LOCATOR}</arg>
<status status="NOT RUN" start="2025-01-06T18:01:36.628976" elapsed="0.000979"/>
</kw>
<kw name="Wait Until Location Is">
<arg>${SIGN_UP_PAGE_URL}</arg>
<arg>timeout=5s</arg>
<status status="NOT RUN" start="2025-01-06T18:01:36.631951" elapsed="0.001526"/>
</kw>
<status status="FAIL" start="2025-01-06T18:01:36.578325" elapsed="0.056182">No keyword with name 'Open Browser' found.</status>
</kw>
<kw name="Close Browser" type="TEARDOWN">
<msg time="2025-01-06T18:01:36.660060" level="FAIL">No keyword with name 'Close Browser' found.</msg>
<status status="FAIL" start="2025-01-06T18:01:36.659057" elapsed="0.002005">No keyword with name 'Close Browser' found.</status>
</kw>
<status status="FAIL" start="2025-01-06T18:01:36.563322" elapsed="0.097740">Setup failed:
No keyword with name 'Open Browser' found.

Also teardown failed:
No keyword with name 'Close Browser' found.</status>
</test>
<status status="FAIL" start="2025-01-06T18:01:34.501615" elapsed="2.174343"/>
</suite>
<suite id="s1-s19" name="Safe Digging Testcases" source="C:\Users\ANIL KUMAR RAHUL\PycharmProjects\GenE Automation\GenE_Automation\Testcases\CUSTOM_ML_MODELS_TEST\Safe_Digging_Testcases.robot">
<test id="s1-s19-t1" name="Verify Safe Digging" line="5">
<kw name="Open Browser">
<msg time="2025-01-06T18:01:36.674957" level="FAIL">No keyword with name 'Open Browser' found.</msg>
<arg>${URL}</arg>
<arg>Chrome</arg>
<status status="FAIL" start="2025-01-06T18:01:36.673956" elapsed="0.001001">No keyword with name 'Open Browser' found.</status>
</kw>
<kw name="Maximize Browser Window">
<status status="NOT RUN" start="2025-01-06T18:01:36.677958" elapsed="0.000000"/>
</kw>
<kw name="Fill Login Form" owner="Loginpage_Keywords">
<arg>${USERNAME}</arg>
<arg>${PASSWORD}</arg>
<status status="NOT RUN" start="2025-01-06T18:01:36.679958" elapsed="0.000995"/>
</kw>
<kw name="Click Login Button" owner="Loginpage_Keywords">
<status status="NOT RUN" start="2025-01-06T18:01:36.682955" elapsed="0.001003"/>
</kw>
<kw name="Wait Until Location Is">
<arg>${SUCCESS_URL}</arg>
<arg>timeout=20s</arg>
<status status="NOT RUN" start="2025-01-06T18:01:36.684957" elapsed="0.000996"/>
</kw>
<kw name="Location Should Be">
<arg>${SUCCESS_URL}</arg>
<status status="NOT RUN" start="2025-01-06T18:01:36.687958" elapsed="0.000996"/>
</kw>
<kw name="Click SIDEMENU13" owner="Custom_ML_Models_SafeDigging_Keywords">
<status status="NOT RUN" start="2025-01-06T18:01:36.689956" elapsed="0.001003"/>
</kw>
<kw name="Click Custom ML Models" owner="Custom_ML_Models_SafeDigging_Keywords">
<status status="NOT RUN" start="2025-01-06T18:01:36.692953" elapsed="0.001005"/>
</kw>
<kw name="Click Safe Digging" owner="Custom_ML_Models_SafeDigging_Keywords">
<status status="NOT RUN" start="2025-01-06T18:01:36.697959" elapsed="0.002998"/>
</kw>
<kw name="Verify Drag and drop or select a PDF to Upload" owner="Custom_ML_Models_SafeDigging_Keywords">
<status status="NOT RUN" start="2025-01-06T18:01:36.704956" elapsed="0.001002"/>
</kw>
<kw name="Verify Select Company" owner="Custom_ML_Models_SafeDigging_Keywords">
<status status="NOT RUN" start="2025-01-06T18:01:36.710955" elapsed="0.001001"/>
</kw>
<kw name="Verify Upload" owner="Custom_ML_Models_SafeDigging_Keywords">
<status status="NOT RUN" start="2025-01-06T18:01:36.713954" elapsed="0.002003"/>
</kw>
<kw name="Wait Until Element Is Visible">
<arg>${TABLE_PRESENCE}</arg>
<arg>10s</arg>
<status status="NOT RUN" start="2025-01-06T18:01:36.716959" elapsed="0.000995"/>
</kw>
<kw name="Verify Table Column" owner="Custom_ML_Models_SafeDigging_Keywords">
<arg>${TABLE_PRESENCE}</arg>
<arg>${EXPECTED_COLUMN1}</arg>
<status status="NOT RUN" start="2025-01-06T18:01:36.720957" elapsed="0.001025"/>
</kw>
<kw name="Verify Table Column" owner="Custom_ML_Models_SafeDigging_Keywords">
<arg>${TABLE_PRESENCE}</arg>
<arg>${EXPECTED_COLUMN2}</arg>
<status status="NOT RUN" start="2025-01-06T18:01:36.723981" elapsed="0.002003"/>
</kw>
<kw name="Verify Table Column" owner="Custom_ML_Models_SafeDigging_Keywords">
<arg>${TABLE_PRESENCE}</arg>
<arg>${EXPECTED_COLUMN3}</arg>
<status status="NOT RUN" start="2025-01-06T18:01:36.727985" elapsed="0.001000"/>
</kw>
<kw name="Verify Table Column" owner="Custom_ML_Models_SafeDigging_Keywords">
<arg>${TABLE_PRESENCE}</arg>
<arg>${EXPECTED_COLUMN4}</arg>
<status status="NOT RUN" start="2025-01-06T18:01:36.731984" elapsed="0.001002"/>
</kw>
<kw name="Verify Table Column" owner="Custom_ML_Models_SafeDigging_Keywords">
<arg>${TABLE_PRESENCE}</arg>
<arg>${EXPECTED_COLUMN5}</arg>
<status status="NOT RUN" start="2025-01-06T18:01:36.735983" elapsed="0.000519"/>
</kw>
<kw name="Verify Table Column" owner="Custom_ML_Models_SafeDigging_Keywords">
<arg>${TABLE_PRESENCE}</arg>
<arg>${EXPECTED_COLUMN6}</arg>
<status status="NOT RUN" start="2025-01-06T18:01:36.738534" elapsed="0.000999"/>
</kw>
<kw name="Verify Table Column" owner="Custom_ML_Models_SafeDigging_Keywords">
<arg>${TABLE_PRESENCE}</arg>
<arg>${EXPECTED_COLUMN7}</arg>
<status status="NOT RUN" start="2025-01-06T18:01:36.741531" elapsed="0.001998"/>
</kw>
<kw name="Verify Table Column" owner="Custom_ML_Models_SafeDigging_Keywords">
<arg>${TABLE_PRESENCE}</arg>
<arg>${EXPECTED_COLUMN8}</arg>
<status status="NOT RUN" start="2025-01-06T18:01:36.746529" elapsed="0.000000"/>
</kw>
<kw name="Verify Table Column" owner="Custom_ML_Models_SafeDigging_Keywords">
<arg>${TABLE_PRESENCE}</arg>
<arg>${EXPECTED_COLUMN9}</arg>
<status status="NOT RUN" start="2025-01-06T18:01:36.749533" elapsed="0.002000"/>
</kw>
<kw name="Verify Table Column" owner="Custom_ML_Models_SafeDigging_Keywords">
<arg>${TABLE_PRESENCE}</arg>
<arg>${EXPECTED_COLUMN10}</arg>
<status status="NOT RUN" start="2025-01-06T18:01:36.755529" elapsed="0.000000"/>
</kw>
<kw name="Verify Table Column" owner="Custom_ML_Models_SafeDigging_Keywords">
<arg>${TABLE_PRESENCE}</arg>
<arg>${EXPECTED_COLUMN11}</arg>
<status status="NOT RUN" start="2025-01-06T18:01:36.758534" elapsed="0.000997"/>
</kw>
<kw name="Verify Table Column" owner="Custom_ML_Models_SafeDigging_Keywords">
<arg>${TABLE_PRESENCE}</arg>
<arg>${EXPECTED_COLUMN12}</arg>
<status status="NOT RUN" start="2025-01-06T18:01:36.762533" elapsed="0.001000"/>
</kw>
<kw name="Verify Table Column" owner="Custom_ML_Models_SafeDigging_Keywords">
<arg>${TABLE_PRESENCE}</arg>
<arg>${EXPECTED_COLUMN13}</arg>
<status status="NOT RUN" start="2025-01-06T18:01:36.765528" elapsed="0.001008"/>
</kw>
<kw name="Verify Table Column" owner="Custom_ML_Models_SafeDigging_Keywords">
<arg>${TABLE_PRESENCE}</arg>
<arg>${EXPECTED_COLUMN14}</arg>
<status status="NOT RUN" start="2025-01-06T18:01:36.770534" elapsed="0.000000"/>
</kw>
<kw name="Verify Left Arrow and Right Arrow and Page Number" owner="Custom_ML_Models_SafeDigging_Keywords">
<status status="NOT RUN" start="2025-01-06T18:01:36.773535" elapsed="0.000999"/>
</kw>
<kw name="Close Browser">
<status status="NOT RUN" start="2025-01-06T18:01:36.776534" elapsed="0.000997"/>
</kw>
<status status="FAIL" start="2025-01-06T18:01:36.655061" elapsed="0.124471">No keyword with name 'Open Browser' found.</status>
</test>
<status status="FAIL" start="2025-01-06T18:01:34.688350" elapsed="2.095182"/>
</suite>
<suite id="s1-s20" name="Sai-Script Distro Testcases" source="C:\Users\ANIL KUMAR RAHUL\PycharmProjects\GenE Automation\GenE_Automation\Testcases\AI_AGENTS_TEST\SAI-SCRIPT_DISTRO_TEST\Sai-Script_Distro_Testcases.robot">
<test id="s1-s20-t1" name="Verify Sai- Script Distro" line="5">
<kw name="Open Browser">
<msg time="2025-01-06T18:01:37.216861" level="FAIL">No keyword with name 'Open Browser' found.</msg>
<arg>${URL}</arg>
<arg>Chrome</arg>
<status status="FAIL" start="2025-01-06T18:01:37.215859" elapsed="0.002002">No keyword with name 'Open Browser' found.</status>
</kw>
<kw name="Maximize Browser Window">
<status status="NOT RUN" start="2025-01-06T18:01:37.219901" elapsed="0.000965"/>
</kw>
<kw name="Fill Login Form" owner="Loginpage_Keywords">
<arg>${USERNAME}</arg>
<arg>${PASSWORD}</arg>
<status status="NOT RUN" start="2025-01-06T18:01:37.222890" elapsed="0.001037"/>
</kw>
<kw name="Click Login Button" owner="Loginpage_Keywords">
<status status="NOT RUN" start="2025-01-06T18:01:37.225891" elapsed="0.000998"/>
</kw>
<kw name="Wait Until Location Is">
<arg>${SUCCESS_URL}</arg>
<arg>timeout=10s</arg>
<status status="NOT RUN" start="2025-01-06T18:01:37.228891" elapsed="0.001002"/>
</kw>
<kw name="Location Should Be">
<arg>${SUCCESS_URL}</arg>
<status status="NOT RUN" start="2025-01-06T18:01:37.230887" elapsed="0.001005"/>
</kw>
<kw name="Click SIDEMENU3" owner="AI_Agents_SAI- Script_Distro_Keywords">
<status status="NOT RUN" start="2025-01-06T18:01:37.233890" elapsed="0.001001"/>
</kw>
<kw name="Click AI Agents" owner="AI_Agents_Email_Extraction_Keywords">
<status status="NOT RUN" start="2025-01-06T18:01:37.236421" elapsed="0.001031"/>
</kw>
<kw name="Click Sai- Script Distro" owner="AI_Agents_SAI- Script_Distro_Keywords">
<status status="NOT RUN" start="2025-01-06T18:01:37.239456" elapsed="0.000998"/>
</kw>
<kw name="Verify Subpage in Sai- Script Distro" owner="AI_Agents_SAI- Script_Distro_Keywords">
<status status="NOT RUN" start="2025-01-06T18:01:37.244453" elapsed="0.000997"/>
</kw>
<kw name="Close Browser">
<status status="NOT RUN" start="2025-01-06T18:01:37.247456" elapsed="0.002000"/>
</kw>
<status status="FAIL" start="2025-01-06T18:01:37.193854" elapsed="0.056603">No keyword with name 'Open Browser' found.</status>
</test>
<status status="FAIL" start="2025-01-06T18:01:35.104931" elapsed="2.153525"/>
</suite>
<suite id="s1-s21" name="Salesforce KB Explorer Testcases" source="C:\Users\ANIL KUMAR RAHUL\PycharmProjects\GenE Automation\GenE_Automation\Testcases\AI_AGENTS_TEST\SALESFORCE_KB_EXPLORER_TEST\Salesforce_KB_Explorer_Testcases.robot">
<test id="s1-s21-t1" name="Verify Salesforce KB Explorer" line="5">
<kw name="Open Browser">
<msg time="2025-01-06T18:01:36.951698" level="FAIL">No keyword with name 'Open Browser' found.</msg>
<arg>${URL}</arg>
<arg>Chrome</arg>
<status status="FAIL" start="2025-01-06T18:01:36.949694" elapsed="0.002004">No keyword with name 'Open Browser' found.</status>
</kw>
<kw name="Maximize Browser Window">
<status status="NOT RUN" start="2025-01-06T18:01:36.954694" elapsed="0.001000"/>
</kw>
<kw name="Fill Login Form" owner="Loginpage_Keywords">
<arg>${USERNAME}</arg>
<arg>${PASSWORD}</arg>
<status status="NOT RUN" start="2025-01-06T18:01:36.957697" elapsed="0.003994"/>
</kw>
<kw name="Click Login Button" owner="Loginpage_Keywords">
<status status="NOT RUN" start="2025-01-06T18:01:36.964696" elapsed="0.003000"/>
</kw>
<kw name="Wait Until Location Is">
<arg>${SUCCESS_URL}</arg>
<arg>timeout=10s</arg>
<status status="NOT RUN" start="2025-01-06T18:01:36.969700" elapsed="0.001993"/>
</kw>
<kw name="Location Should Be">
<arg>${SUCCESS_URL}</arg>
<status status="NOT RUN" start="2025-01-06T18:01:36.972699" elapsed="0.001998"/>
</kw>
<kw name="Click SIDEMENU4" owner="AI_Agents_Salesforce_KB_Explorer_Keywords">
<status status="NOT RUN" start="2025-01-06T18:01:36.976696" elapsed="0.000998"/>
</kw>
<kw name="Click AI Agents" owner="AI_Agents_Email_Extraction_Keywords">
<status status="NOT RUN" start="2025-01-06T18:01:36.981694" elapsed="0.001004"/>
</kw>
<kw name="Click Salesforce KB Explorer" owner="AI_Agents_Salesforce_KB_Explorer_Keywords">
<status status="NOT RUN" start="2025-01-06T18:01:36.984697" elapsed="0.000995"/>
</kw>
<kw name="Verify GenE text &amp; logo presence" owner="YourprivateGPT_Keywords">
<status status="NOT RUN" start="2025-01-06T18:01:36.990695" elapsed="0.000000"/>
</kw>
<kw name="Verify Sub-Page in Salesforce KB Explorer" owner="AI_Agents_Salesforce_KB_Explorer_Keywords">
<status status="NOT RUN" start="2025-01-06T18:01:36.993692" elapsed="0.003004"/>
</kw>
<kw name="Close Browser">
<status status="NOT RUN" start="2025-01-06T18:01:36.998691" elapsed="0.000999"/>
</kw>
<status status="FAIL" start="2025-01-06T18:01:36.919101" elapsed="0.083596">No keyword with name 'Open Browser' found.</status>
</test>
<status status="FAIL" start="2025-01-06T18:01:34.855512" elapsed="2.151184"/>
</suite>
<suite id="s1-s22" name="SignUpPage Testcase" source="C:\Users\ANIL KUMAR RAHUL\PycharmProjects\GenE Automation\GenE_Automation\Testcases\SIGNUP_PAGE_TEST\SignUpPage_Testcase.robot">
<test id="s1-s22-t1" name="Combined Test Cases for Sign-Up Page" line="8">
<kw name="Open Sign Up Page" owner="SignUpPage_Keywords" type="SETUP">
<kw name="Open Browser">
<msg time="2025-01-06T18:01:36.900105" level="FAIL">No keyword with name 'Open Browser' found.</msg>
<arg>${URL}</arg>
<arg>chrome</arg>
<status status="FAIL" start="2025-01-06T18:01:36.899104" elapsed="0.001001">No keyword with name 'Open Browser' found.</status>
</kw>
<kw name="Maximize Browser Window">
<status status="NOT RUN" start="2025-01-06T18:01:36.903098" elapsed="0.000000"/>
</kw>
<kw name="Click Element">
<arg>${SIGN_UP_LINK_LOCATOR}</arg>
<status status="NOT RUN" start="2025-01-06T18:01:36.905102" elapsed="0.001003"/>
</kw>
<kw name="Wait Until Location Is">
<arg>${SIGN_UP_PAGE_URL}</arg>
<arg>timeout=5s</arg>
<status status="NOT RUN" start="2025-01-06T18:01:36.907106" elapsed="0.000995"/>
</kw>
<status status="FAIL" start="2025-01-06T18:01:36.876104" elapsed="0.032994">No keyword with name 'Open Browser' found.</status>
</kw>
<kw name="Close Browser" type="TEARDOWN">
<msg time="2025-01-06T18:01:36.925133" level="FAIL">No keyword with name 'Close Browser' found.</msg>
<status status="FAIL" start="2025-01-06T18:01:36.924133" elapsed="0.001999">No keyword with name 'Close Browser' found.</status>
</kw>
<status status="FAIL" start="2025-01-06T18:01:36.865105" elapsed="0.062025">Setup failed:
No keyword with name 'Open Browser' found.

Also teardown failed:
No keyword with name 'Close Browser' found.</status>
</test>
<status status="FAIL" start="2025-01-06T18:01:34.773926" elapsed="2.159221"/>
</suite>
<suite id="s1-s23" name="Summary Buffer Testcases" source="C:\Users\ANIL KUMAR RAHUL\PycharmProjects\GenE Automation\GenE_Automation\Testcases\CHATGPT_ALTERNATE_TEST\SUMMARY_BUFFER_TEST\Summary_Buffer_Testcases.robot">
<test id="s1-s23-t1" name="Verifying Summary Buffer" line="5">
<kw name="Open Browser">
<msg time="2025-01-06T18:01:37.113286" level="FAIL">No keyword with name 'Open Browser' found.</msg>
<arg>${URL}</arg>
<arg>Chrome</arg>
<status status="FAIL" start="2025-01-06T18:01:37.112284" elapsed="0.002005">No keyword with name 'Open Browser' found.</status>
</kw>
<kw name="Maximize Browser Window">
<status status="NOT RUN" start="2025-01-06T18:01:37.116288" elapsed="0.002000"/>
</kw>
<kw name="Fill Login Form" owner="Loginpage_Keywords">
<arg>${USERNAME}</arg>
<arg>${PASSWORD}</arg>
<status status="NOT RUN" start="2025-01-06T18:01:37.120285" elapsed="0.001000"/>
</kw>
<kw name="Click Login Button" owner="Loginpage_Keywords">
<status status="NOT RUN" start="2025-01-06T18:01:37.122312" elapsed="0.001000"/>
</kw>
<kw name="Wait Until Location Is">
<arg>${SUCCESS_URL}</arg>
<arg>timeout=10s</arg>
<status status="NOT RUN" start="2025-01-06T18:01:37.125312" elapsed="0.001001"/>
</kw>
<kw name="Location Should Be">
<arg>${SUCCESS_URL}</arg>
<status status="NOT RUN" start="2025-01-06T18:01:37.128308" elapsed="0.000000"/>
</kw>
<kw name="Click SIDEMENU11" owner="Summarybuffer_Keywords">
<status status="NOT RUN" start="2025-01-06T18:01:37.130311" elapsed="0.001003"/>
</kw>
<kw name="Click Chat Gpt Alternate" owner="ChatgptAlternate_Keywords">
<status status="NOT RUN" start="2025-01-06T18:01:37.133313" elapsed="0.000999"/>
</kw>
<kw name="Click Summary Buffer" owner="ChatgptAlternate_Keywords">
<status status="NOT RUN" start="2025-01-06T18:01:37.136829" elapsed="0.001031"/>
</kw>
<kw name="Verify Options in the top right corner of the subpage" owner="ChatgptAlternate_Keywords">
<status status="NOT RUN" start="2025-01-06T18:01:37.139860" elapsed="0.001998"/>
</kw>
<kw name="Verify all options are clickable" owner="ChatgptAlternate_Keywords">
<status status="NOT RUN" start="2025-01-06T18:01:37.144901" elapsed="0.000956"/>
</kw>
<kw name="Verify Ask a Question Container" owner="ChatgptAlternate_Keywords">
<status status="NOT RUN" start="2025-01-06T18:01:37.147859" elapsed="0.000997"/>
</kw>
<kw name="Verify Right Menu" owner="ChatgptAlternate_Keywords">
<status status="NOT RUN" start="2025-01-06T18:01:37.155859" elapsed="0.001001"/>
</kw>
<kw name="Close Browser">
<status status="NOT RUN" start="2025-01-06T18:01:37.157860" elapsed="0.003002"/>
</kw>
<status status="FAIL" start="2025-01-06T18:01:37.091288" elapsed="0.070568">No keyword with name 'Open Browser' found.</status>
</test>
<status status="FAIL" start="2025-01-06T18:01:34.994766" elapsed="2.172092"/>
</suite>
<suite id="s1-s24" name="VoiceAssistant Testcases" source="C:\Users\ANIL KUMAR RAHUL\PycharmProjects\GenE Automation\GenE_Automation\Testcases\CHATGPT_ALTERNATE_TEST\VOICE_ASSISTANT\VoiceAssistant_Testcases.robot">
<test id="s1-s24-t1" name="Verifying VoiceAssistant" line="5">
<kw name="Open Browser">
<msg time="2025-01-06T18:01:37.082287" level="FAIL">No keyword with name 'Open Browser' found.</msg>
<arg>${URL}</arg>
<arg>Chrome</arg>
<status status="FAIL" start="2025-01-06T18:01:37.081282" elapsed="0.001005">No keyword with name 'Open Browser' found.</status>
</kw>
<kw name="Maximize Browser Window">
<status status="NOT RUN" start="2025-01-06T18:01:37.086286" elapsed="0.000000"/>
</kw>
<kw name="Fill Login Form" owner="Loginpage_Keywords">
<arg>${USERNAME}</arg>
<arg>${PASSWORD}</arg>
<status status="NOT RUN" start="2025-01-06T18:01:37.088289" elapsed="0.000998"/>
</kw>
<kw name="Click Login Button" owner="Loginpage_Keywords">
<status status="NOT RUN" start="2025-01-06T18:01:37.091288" elapsed="0.001002"/>
</kw>
<kw name="Wait Until Location Is">
<arg>${SUCCESS_URL}</arg>
<arg>timeout=10s</arg>
<status status="NOT RUN" start="2025-01-06T18:01:37.095285" elapsed="0.001002"/>
</kw>
<kw name="Location Should Be">
<arg>${SUCCESS_URL}</arg>
<status status="NOT RUN" start="2025-01-06T18:01:37.098286" elapsed="0.000000"/>
</kw>
<kw name="Click SIDEMENU12" owner="VoiceAssistant_Keywords">
<status status="NOT RUN" start="2025-01-06T18:01:37.100285" elapsed="0.000999"/>
</kw>
<kw name="Click Chat Gpt Alternate3" owner="VoiceAssistant_Keywords">
<status status="NOT RUN" start="2025-01-06T18:01:37.104287" elapsed="0.000998"/>
</kw>
<kw name="Click Voice Assistant" owner="ChatgptAlternate_Keywords">
<status status="NOT RUN" start="2025-01-06T18:01:37.107283" elapsed="0.001004"/>
</kw>
<kw name="Verify Voice Assistant and logo presence in subpage" owner="ChatgptAlternate_Keywords">
<status status="NOT RUN" start="2025-01-06T18:01:37.110281" elapsed="0.001003"/>
</kw>
<kw name="Verify GenE text &amp; logo presence" owner="YourprivateGPT_Keywords">
<status status="NOT RUN" start="2025-01-06T18:01:37.113286" elapsed="0.001003"/>
</kw>
<kw name="Verify ChatContainer" owner="ChatgptAlternate_Keywords">
<status status="NOT RUN" start="2025-01-06T18:01:37.116288" elapsed="0.000998"/>
</kw>
<kw name="Verify Options in the top right corner of the subpage" owner="ChatgptAlternate_Keywords">
<status status="NOT RUN" start="2025-01-06T18:01:37.119287" elapsed="0.000998"/>
</kw>
<kw name="Verify all options are clickable" owner="ChatgptAlternate_Keywords">
<status status="NOT RUN" start="2025-01-06T18:01:37.122312" elapsed="0.001000"/>
</kw>
<kw name="Verify Ask a Question Container" owner="ChatgptAlternate_Keywords">
<status status="NOT RUN" start="2025-01-06T18:01:37.125312" elapsed="0.001001"/>
</kw>
<kw name="Verify Right Menu" owner="ChatgptAlternate_Keywords">
<status status="NOT RUN" start="2025-01-06T18:01:37.130311" elapsed="0.001003"/>
</kw>
<kw name="Close Browser">
<status status="NOT RUN" start="2025-01-06T18:01:37.132312" elapsed="0.001001"/>
</kw>
<status status="FAIL" start="2025-01-06T18:01:37.059287" elapsed="0.076023">No keyword with name 'Open Browser' found.</status>
</test>
<status status="FAIL" start="2025-01-06T18:01:35.079339" elapsed="2.059520"/>
</suite>
<suite id="s1-s25" name="YourprivateGPT Testcase" source="C:\Users\ANIL KUMAR RAHUL\PycharmProjects\GenE Automation\GenE_Automation\Testcases\YOUR_PRIVATE_GPT_TEST\YourprivateGPT_Testcase.robot">
<test id="s1-s25-t1" name="Verifying YourprivateGPT" line="5">
<kw name="Open Browser">
<msg time="2025-01-06T18:01:40.090954" level="FAIL">No keyword with name 'Open Browser' found.</msg>
<arg>${URL}</arg>
<arg>chrome</arg>
<status status="FAIL" start="2025-01-06T18:01:40.090954" elapsed="0.000000">No keyword with name 'Open Browser' found.</status>
</kw>
<kw name="Maximize Browser Window">
<status status="NOT RUN" start="2025-01-06T18:01:40.091949" elapsed="0.000000"/>
</kw>
<kw name="Fill Login Form" owner="Loginpage_Keywords">
<arg>${USERNAME}</arg>
<arg>${PASSWORD}</arg>
<status status="NOT RUN" start="2025-01-06T18:01:40.091949" elapsed="0.000000"/>
</kw>
<kw name="Click Login Button" owner="Loginpage_Keywords">
<status status="NOT RUN" start="2025-01-06T18:01:40.091949" elapsed="0.000000"/>
</kw>
<kw name="Wait Until Location Is">
<arg>${SUCCESS_URL}</arg>
<arg>timeout=10s</arg>
<status status="NOT RUN" start="2025-01-06T18:01:40.092948" elapsed="0.000000"/>
</kw>
<kw name="Location Should Be">
<arg>${SUCCESS_URL}</arg>
<status status="NOT RUN" start="2025-01-06T18:01:40.092948" elapsed="0.000000"/>
</kw>
<kw name="Click SIDEMENU20" owner="YourprivateGPT_Keywords">
<status status="NOT RUN" start="2025-01-06T18:01:40.092948" elapsed="0.000000"/>
</kw>
<kw name="Click PRIVATEGPT" owner="YourprivateGPT_Keywords">
<status status="NOT RUN" start="2025-01-06T18:01:40.093945" elapsed="0.000000"/>
</kw>
<kw name="Location Should Be">
<arg>https://gene-nextjs-dev.dtskill.com/dashboard/private-gpt</arg>
<status status="NOT RUN" start="2025-01-06T18:01:40.093945" elapsed="0.000000"/>
</kw>
<kw name="Verify Private gpt heading and logo" owner="YourprivateGPT_Keywords">
<status status="NOT RUN" start="2025-01-06T18:01:40.093945" elapsed="0.000000"/>
</kw>
<kw name="Verify GenE text &amp; logo presence" owner="YourprivateGPT_Keywords">
<status status="NOT RUN" start="2025-01-06T18:01:40.094954" elapsed="0.000000"/>
</kw>
<kw name="Verify ChatContainer" owner="ChatgptAlternate_Keywords">
<status status="NOT RUN" start="2025-01-06T18:01:40.094954" elapsed="0.000000"/>
</kw>
<kw name="Verify Option in the top right corner of the subpage" owner="YourprivateGPT_Keywords">
<status status="NOT RUN" start="2025-01-06T18:01:40.094954" elapsed="0.000000"/>
</kw>
<kw name="Verify all options are clickable" owner="ChatgptAlternate_Keywords">
<status status="NOT RUN" start="2025-01-06T18:01:40.095946" elapsed="0.000000"/>
</kw>
<kw name="Verify Ask a Question Container" owner="ChatgptAlternate_Keywords">
<status status="NOT RUN" start="2025-01-06T18:01:40.095946" elapsed="0.000000"/>
</kw>
<kw name="Verify Right Menu in YourprivateGPT" owner="YourprivateGPT_Keywords">
<status status="NOT RUN" start="2025-01-06T18:01:40.096945" elapsed="0.000000"/>
</kw>
<kw name="Upload Directory" owner="YourprivateGPT_Keywords">
<status status="NOT RUN" start="2025-01-06T18:01:40.096945" elapsed="0.000000"/>
</kw>
<kw name="Close Browser">
<status status="NOT RUN" start="2025-01-06T18:01:40.096945" elapsed="0.000000"/>
</kw>
<status status="FAIL" start="2025-01-06T18:01:40.088949" elapsed="0.008996">No keyword with name 'Open Browser' found.</status>
</test>
<status status="FAIL" start="2025-01-06T18:01:39.511929" elapsed="0.586016"/>
</suite>
<doc>[https://pabot.org/?ref=log|Pabot] result from 25 executions.</doc>
<status status="FAIL" start="2025-01-06T18:01:20.330000" elapsed="3.317289"/>
</suite>
<statistics>
<total>
<stat pass="0" fail="25" skip="0">All Tests</stat>
</total>
<tag>
</tag>
<suite>
<stat pass="0" fail="25" skip="0" id="s1" name="Suites">Suites</stat>
<stat pass="0" fail="1" skip="0" id="s1-s1" name="Buffer Memory Testcases">Suites.Buffer Memory Testcases</stat>
<stat pass="0" fail="1" skip="0" id="s1-s2" name="ChatgptAlternate Testcases">Suites.ChatgptAlternate Testcases</stat>
<stat pass="0" fail="1" skip="0" id="s1-s3" name="ChatwithMF4 Testcases">Suites.ChatwithMF4 Testcases</stat>
<stat pass="0" fail="1" skip="0" id="s1-s4" name="Chatwithcode Testcases">Suites.Chatwithcode Testcases</stat>
<stat pass="0" fail="1" skip="0" id="s1-s5" name="Chatwithlog Testcases">Suites.Chatwithlog Testcases</stat>
<stat pass="0" fail="1" skip="0" id="s1-s6" name="Chatwithscript Testcases">Suites.Chatwithscript Testcases</stat>
<stat pass="0" fail="1" skip="0" id="s1-s7" name="Decoding Testcases">Suites.Decoding Testcases</stat>
<stat pass="0" fail="1" skip="0" id="s1-s8" name="Department Testcases">Suites.Department Testcases</stat>
<stat pass="0" fail="1" skip="0" id="s1-s9" name="ESB Notes Action Tagging Testcases">Suites.ESB Notes Action Tagging Testcases</stat>
<stat pass="0" fail="1" skip="0" id="s1-s10" name="Email Classification Testcases">Suites.Email Classification Testcases</stat>
<stat pass="0" fail="1" skip="0" id="s1-s11" name="Email Extraction Testcases">Suites.Email Extraction Testcases</stat>
<stat pass="0" fail="1" skip="0" id="s1-s12" name="Forgotpassword Testcases">Suites.Forgotpassword Testcases</stat>
<stat pass="0" fail="1" skip="0" id="s1-s13" name="Handwritten OCR Testcases">Suites.Handwritten OCR Testcases</stat>
<stat pass="0" fail="1" skip="0" id="s1-s14" name="Landingpage Testcase">Suites.Landingpage Testcase</stat>
<stat pass="0" fail="1" skip="0" id="s1-s15" name="Loginpage Testcases">Suites.Loginpage Testcases</stat>
<stat pass="0" fail="1" skip="0" id="s1-s16" name="Negative ForgotPassword Testcases">Suites.Negative ForgotPassword Testcases</stat>
<stat pass="0" fail="1" skip="0" id="s1-s17" name="Negative Login Page TESTCASES">Suites.Negative Login Page TESTCASES</stat>
<stat pass="0" fail="1" skip="0" id="s1-s18" name="Negative SignUp Page Testcases">Suites.Negative SignUp Page Testcases</stat>
<stat pass="0" fail="1" skip="0" id="s1-s19" name="Safe Digging Testcases">Suites.Safe Digging Testcases</stat>
<stat pass="0" fail="1" skip="0" id="s1-s20" name="Sai-Script Distro Testcases">Suites.Sai-Script Distro Testcases</stat>
<stat pass="0" fail="1" skip="0" id="s1-s21" name="Salesforce KB Explorer Testcases">Suites.Salesforce KB Explorer Testcases</stat>
<stat pass="0" fail="1" skip="0" id="s1-s22" name="SignUpPage Testcase">Suites.SignUpPage Testcase</stat>
<stat pass="0" fail="1" skip="0" id="s1-s23" name="Summary Buffer Testcases">Suites.Summary Buffer Testcases</stat>
<stat pass="0" fail="1" skip="0" id="s1-s24" name="VoiceAssistant Testcases">Suites.VoiceAssistant Testcases</stat>
<stat pass="0" fail="1" skip="0" id="s1-s25" name="YourprivateGPT Testcase">Suites.YourprivateGPT Testcase</stat>
</suite>
</statistics>
<errors>
<msg time="2025-01-06T18:01:22.240740" level="ERROR">Error in file 'C:\Users\ANIL KUMAR RAHUL\PycharmProjects\GenE Automation\GenE_Automation\Testcases\CHATGPT_ALTERNATE_TEST\BUFFER_MEMORY\Buffer_Memory_Testcases.robot' on line 2: Importing library 'SeleniumLibrary' failed: ModuleNotFoundError: No module named 'selenium.webdriver.common.print_page_options'
Traceback (most recent call last):
  File "C:\Python310\lib\site-packages\SeleniumLibrary\__init__.py", line 36, in &lt;module&gt;
    from SeleniumLibrary.keywords import (
  File "C:\Python310\lib\site-packages\SeleniumLibrary\keywords\__init__.py", line 26, in &lt;module&gt;
    from .screenshot import ScreenshotKeywords  # noqa
  File "C:\Python310\lib\site-packages\SeleniumLibrary\keywords\screenshot.py", line 22, in &lt;module&gt;
    from selenium.webdriver.common.print_page_options import PrintOptions, Orientation
PYTHONPATH:
  C:\Python310\Scripts\robot.exe
  C:\Python310\python310.zip
  C:\Python310\DLLs
  C:\Python310\lib
  C:\Python310
  C:\Python310\lib\site-packages
  C:\Python310\lib\site-packages\win32
  C:\Python310\lib\site-packages\win32\lib
  C:\Python310\lib\site-packages\Pythonwin</msg>
<msg time="2025-01-06T18:01:22.341775" level="ERROR">Error in file 'C:\Users\ANIL KUMAR RAHUL\PycharmProjects\GenE Automation\GenE_Automation\Settings\settings.robot' on line 2: Importing library 'SeleniumLibrary' failed: ModuleNotFoundError: No module named 'selenium.webdriver.common.print_page_options'
Traceback (most recent call last):
  File "C:\Python310\lib\site-packages\SeleniumLibrary\__init__.py", line 36, in &lt;module&gt;
    from SeleniumLibrary.keywords import (
  File "C:\Python310\lib\site-packages\SeleniumLibrary\keywords\__init__.py", line 26, in &lt;module&gt;
    from .screenshot import ScreenshotKeywords  # noqa
  File "C:\Python310\lib\site-packages\SeleniumLibrary\keywords\screenshot.py", line 22, in &lt;module&gt;
    from selenium.webdriver.common.print_page_options import PrintOptions, Orientation
PYTHONPATH:
  C:\Python310\Scripts\robot.exe
  C:\Python310\python310.zip
  C:\Python310\DLLs
  C:\Python310\lib
  C:\Python310
  C:\Python310\lib\site-packages
  C:\Python310\lib\site-packages\win32
  C:\Python310\lib\site-packages\win32\lib
  C:\Python310\lib\site-packages\Pythonwin</msg>
<msg time="2025-01-06T18:01:23.018690" level="WARN">Error in file 'C:\Users\ANIL KUMAR RAHUL\PycharmProjects\GenE Automation\GenE_Automation\Keywords\Custom_ML_Models_SafeDigging_Keywords.robot' on line 93: The '[Return]' setting is deprecated. Use the 'RETURN' statement instead.</msg>
<msg time="2025-01-06T18:01:22.240740" level="ERROR">Error in file 'C:\Users\ANIL KUMAR RAHUL\PycharmProjects\GenE Automation\GenE_Automation\Testcases\CHATGPT_ALTERNATE_TEST\ChatgptAlternate_Testcases.robot' on line 2: Importing library 'SeleniumLibrary' failed: ModuleNotFoundError: No module named 'selenium.webdriver.common.print_page_options'
Traceback (most recent call last):
  File "C:\Python310\lib\site-packages\SeleniumLibrary\__init__.py", line 36, in &lt;module&gt;
    from SeleniumLibrary.keywords import (
  File "C:\Python310\lib\site-packages\SeleniumLibrary\keywords\__init__.py", line 26, in &lt;module&gt;
    from .screenshot import ScreenshotKeywords  # noqa
  File "C:\Python310\lib\site-packages\SeleniumLibrary\keywords\screenshot.py", line 22, in &lt;module&gt;
    from selenium.webdriver.common.print_page_options import PrintOptions, Orientation
PYTHONPATH:
  C:\Python310\Scripts\robot.exe
  C:\Python310\python310.zip
  C:\Python310\DLLs
  C:\Python310\lib
  C:\Python310
  C:\Python310\lib\site-packages
  C:\Python310\lib\site-packages\win32
  C:\Python310\lib\site-packages\win32\lib
  C:\Python310\lib\site-packages\Pythonwin</msg>
<msg time="2025-01-06T18:01:22.343803" level="ERROR">Error in file 'C:\Users\ANIL KUMAR RAHUL\PycharmProjects\GenE Automation\GenE_Automation\Settings\settings.robot' on line 2: Importing library 'SeleniumLibrary' failed: ModuleNotFoundError: No module named 'selenium.webdriver.common.print_page_options'
Traceback (most recent call last):
  File "C:\Python310\lib\site-packages\SeleniumLibrary\__init__.py", line 36, in &lt;module&gt;
    from SeleniumLibrary.keywords import (
  File "C:\Python310\lib\site-packages\SeleniumLibrary\keywords\__init__.py", line 26, in &lt;module&gt;
    from .screenshot import ScreenshotKeywords  # noqa
  File "C:\Python310\lib\site-packages\SeleniumLibrary\keywords\screenshot.py", line 22, in &lt;module&gt;
    from selenium.webdriver.common.print_page_options import PrintOptions, Orientation
PYTHONPATH:
  C:\Python310\Scripts\robot.exe
  C:\Python310\python310.zip
  C:\Python310\DLLs
  C:\Python310\lib
  C:\Python310
  C:\Python310\lib\site-packages
  C:\Python310\lib\site-packages\win32
  C:\Python310\lib\site-packages\win32\lib
  C:\Python310\lib\site-packages\Pythonwin</msg>
<msg time="2025-01-06T18:01:23.007638" level="WARN">Error in file 'C:\Users\ANIL KUMAR RAHUL\PycharmProjects\GenE Automation\GenE_Automation\Keywords\Custom_ML_Models_SafeDigging_Keywords.robot' on line 93: The '[Return]' setting is deprecated. Use the 'RETURN' statement instead.</msg>
<msg time="2025-01-06T18:01:22.240740" level="ERROR">Error in file 'C:\Users\ANIL KUMAR RAHUL\PycharmProjects\GenE Automation\GenE_Automation\Testcases\CHATGPT_ALTERNATE_TEST\CHAT_WITH_MF4\ChatwithMF4_Testcases.robot' on line 2: Importing library 'SeleniumLibrary' failed: ModuleNotFoundError: No module named 'selenium.webdriver.common.print_page_options'
Traceback (most recent call last):
  File "C:\Python310\lib\site-packages\SeleniumLibrary\__init__.py", line 36, in &lt;module&gt;
    from SeleniumLibrary.keywords import (
  File "C:\Python310\lib\site-packages\SeleniumLibrary\keywords\__init__.py", line 26, in &lt;module&gt;
    from .screenshot import ScreenshotKeywords  # noqa
  File "C:\Python310\lib\site-packages\SeleniumLibrary\keywords\screenshot.py", line 22, in &lt;module&gt;
    from selenium.webdriver.common.print_page_options import PrintOptions, Orientation
PYTHONPATH:
  C:\Python310\Scripts\robot.exe
  C:\Python310\python310.zip
  C:\Python310\DLLs
  C:\Python310\lib
  C:\Python310
  C:\Python310\lib\site-packages
  C:\Python310\lib\site-packages\win32
  C:\Python310\lib\site-packages\win32\lib
  C:\Python310\lib\site-packages\Pythonwin</msg>
<msg time="2025-01-06T18:01:22.343803" level="ERROR">Error in file 'C:\Users\ANIL KUMAR RAHUL\PycharmProjects\GenE Automation\GenE_Automation\Settings\settings.robot' on line 2: Importing library 'SeleniumLibrary' failed: ModuleNotFoundError: No module named 'selenium.webdriver.common.print_page_options'
Traceback (most recent call last):
  File "C:\Python310\lib\site-packages\SeleniumLibrary\__init__.py", line 36, in &lt;module&gt;
    from SeleniumLibrary.keywords import (
  File "C:\Python310\lib\site-packages\SeleniumLibrary\keywords\__init__.py", line 26, in &lt;module&gt;
    from .screenshot import ScreenshotKeywords  # noqa
  File "C:\Python310\lib\site-packages\SeleniumLibrary\keywords\screenshot.py", line 22, in &lt;module&gt;
    from selenium.webdriver.common.print_page_options import PrintOptions, Orientation
PYTHONPATH:
  C:\Python310\Scripts\robot.exe
  C:\Python310\python310.zip
  C:\Python310\DLLs
  C:\Python310\lib
  C:\Python310
  C:\Python310\lib\site-packages
  C:\Python310\lib\site-packages\win32
  C:\Python310\lib\site-packages\win32\lib
  C:\Python310\lib\site-packages\Pythonwin</msg>
[...]
    from selenium.webdriver.common.print_page_options import PrintOptions, Orientation
PYTHONPATH:
  C:\Python310\Scripts\robot.exe
  C:\Python310\python310.zip
  C:\Python310\DLLs
  C:\Python310\lib
  C:\Python310
  C:\Python310\lib\site-packages
  C:\Python310\lib\site-packages\win32
  C:\Python310\lib\site-packages\win32\lib
  C:\Python310\lib\site-packages\Pythonwin</msg>
<msg time="2025-01-06T18:01:36.019288" level="WARN">Error in file 'C:\Users\ANIL KUMAR RAHUL\PycharmProjects\GenE Automation\GenE_Automation\Keywords\Custom_ML_Models_SafeDigging_Keywords.robot' on line 93: The '[Return]' setting is deprecated. Use the 'RETURN' statement instead.</msg>
<msg time="2025-01-06T18:01:36.545324" level="ERROR">Error in file 'C:\Users\ANIL KUMAR RAHUL\PycharmProjects\GenE Automation\GenE_Automation\Testcases\SIGNUP_PAGE_TEST\Negative_SignUp_Page_Testcases.robot' on line 3: Importing library 'SeleniumLibrary' failed: ModuleNotFoundError: No module named 'selenium.webdriver.common.print_page_options'
Traceback (most recent call last):
  File "C:\Python310\lib\site-packages\SeleniumLibrary\__init__.py", line 36, in &lt;module&gt;
    from SeleniumLibrary.keywords import (
  File "C:\Python310\lib\site-packages\SeleniumLibrary\keywords\__init__.py", line 26, in &lt;module&gt;
    from .screenshot import ScreenshotKeywords  # noqa
  File "C:\Python310\lib\site-packages\SeleniumLibrary\keywords\screenshot.py", line 22, in &lt;module&gt;
    from selenium.webdriver.common.print_page_options import PrintOptions, Orientation
PYTHONPATH:
  C:\Python310\Scripts\robot.exe
  C:\Python310\python310.zip
  C:\Python310\DLLs
  C:\Python310\lib
  C:\Python310
  C:\Python310\lib\site-packages
  C:\Python310\lib\site-packages\win32
  C:\Python310\lib\site-packages\win32\lib
  C:\Python310\lib\site-packages\Pythonwin</msg>
<msg time="2025-01-06T18:01:35.874204" level="ERROR">Error in file 'C:\Users\ANIL KUMAR RAHUL\PycharmProjects\GenE Automation\GenE_Automation\Testcases\CUSTOM_ML_MODELS_TEST\Safe_Digging_Testcases.robot' on line 2: Importing library 'SeleniumLibrary' failed: ModuleNotFoundError: No module named 'selenium.webdriver.common.print_page_options'
Traceback (most recent call last):
  File "C:\Python310\lib\site-packages\SeleniumLibrary\__init__.py", line 36, in &lt;module&gt;
    from SeleniumLibrary.keywords import (
  File "C:\Python310\lib\site-packages\SeleniumLibrary\keywords\__init__.py", line 26, in &lt;module&gt;
    from .screenshot import ScreenshotKeywords  # noqa
  File "C:\Python310\lib\site-packages\SeleniumLibrary\keywords\screenshot.py", line 22, in &lt;module&gt;
    from selenium.webdriver.common.print_page_options import PrintOptions, Orientation
PYTHONPATH:
  C:\Python310\Scripts\robot.exe
  C:\Python310\python310.zip
  C:\Python310\DLLs
  C:\Python310\lib
  C:\Python310
  C:\Python310\lib\site-packages
  C:\Python310\lib\site-packages\win32
  C:\Python310\lib\site-packages\win32\lib
  C:\Python310\lib\site-packages\Pythonwin</msg>
<msg time="2025-01-06T18:01:35.911196" level="ERROR">Error in file 'C:\Users\ANIL KUMAR RAHUL\PycharmProjects\GenE Automation\GenE_Automation\Settings\settings.robot' on line 2: Importing library 'SeleniumLibrary' failed: ModuleNotFoundError: No module named 'selenium.webdriver.common.print_page_options'
Traceback (most recent call last):
  File "C:\Python310\lib\site-packages\SeleniumLibrary\__init__.py", line 36, in &lt;module&gt;
    from SeleniumLibrary.keywords import (
  File "C:\Python310\lib\site-packages\SeleniumLibrary\keywords\__init__.py", line 26, in &lt;module&gt;
    from .screenshot import ScreenshotKeywords  # noqa
  File "C:\Python310\lib\site-packages\SeleniumLibrary\keywords\screenshot.py", line 22, in &lt;module&gt;
    from selenium.webdriver.common.print_page_options import PrintOptions, Orientation
PYTHONPATH:
  C:\Python310\Scripts\robot.exe
  C:\Python310\python310.zip
  C:\Python310\DLLs
  C:\Python310\lib
  C:\Python310
  C:\Python310\lib\site-packages
  C:\Python310\lib\site-packages\win32
  C:\Python310\lib\site-packages\win32\lib
  C:\Python310\lib\site-packages\Pythonwin</msg>
<msg time="2025-01-06T18:01:36.162496" level="WARN">Error in file 'C:\Users\ANIL KUMAR RAHUL\PycharmProjects\GenE Automation\GenE_Automation\Keywords\Custom_ML_Models_SafeDigging_Keywords.robot' on line 93: The '[Return]' setting is deprecated. Use the 'RETURN' statement instead.</msg>
<msg time="2025-01-06T18:01:36.093879" level="ERROR">Error in file 'C:\Users\ANIL KUMAR RAHUL\PycharmProjects\GenE Automation\GenE_Automation\Testcases\AI_AGENTS_TEST\SAI-SCRIPT_DISTRO_TEST\Sai-Script_Distro_Testcases.robot' on line 2: Importing library 'SeleniumLibrary' failed: ModuleNotFoundError: No module named 'selenium.webdriver.common.print_page_options'
Traceback (most recent call last):
  File "C:\Python310\lib\site-packages\SeleniumLibrary\__init__.py", line 36, in &lt;module&gt;
    from SeleniumLibrary.keywords import (
  File "C:\Python310\lib\site-packages\SeleniumLibrary\keywords\__init__.py", line 26, in &lt;module&gt;
    from .screenshot import ScreenshotKeywords  # noqa
  File "C:\Python310\lib\site-packages\SeleniumLibrary\keywords\screenshot.py", line 22, in &lt;module&gt;
    from selenium.webdriver.common.print_page_options import PrintOptions, Orientation
PYTHONPATH:
  C:\Python310\Scripts\robot.exe
  C:\Python310\python310.zip
  C:\Python310\DLLs
  C:\Python310\lib
  C:\Python310
  C:\Python310\lib\site-packages
  C:\Python310\lib\site-packages\win32
  C:\Python310\lib\site-packages\win32\lib
  C:\Python310\lib\site-packages\Pythonwin</msg>
<msg time="2025-01-06T18:01:36.177493" level="ERROR">Error in file 'C:\Users\ANIL KUMAR RAHUL\PycharmProjects\GenE Automation\GenE_Automation\Settings\settings.robot' on line 2: Importing library 'SeleniumLibrary' failed: ModuleNotFoundError: No module named 'selenium.webdriver.common.print_page_options'
Traceback (most recent call last):
  File "C:\Python310\lib\site-packages\SeleniumLibrary\__init__.py", line 36, in &lt;module&gt;
    from SeleniumLibrary.keywords import (
  File "C:\Python310\lib\site-packages\SeleniumLibrary\keywords\__init__.py", line 26, in &lt;module&gt;
    from .screenshot import ScreenshotKeywords  # noqa
  File "C:\Python310\lib\site-packages\SeleniumLibrary\keywords\screenshot.py", line 22, in &lt;module&gt;
    from selenium.webdriver.common.print_page_options import PrintOptions, Orientation
PYTHONPATH:
  C:\Python310\Scripts\robot.exe
  C:\Python310\python310.zip
  C:\Python310\DLLs
  C:\Python310\lib
  C:\Python310
  C:\Python310\lib\site-packages
  C:\Python310\lib\site-packages\win32
  C:\Python310\lib\site-packages\win32\lib
  C:\Python310\lib\site-packages\Pythonwin</msg>
<msg time="2025-01-06T18:01:36.722986" level="WARN">Error in file 'C:\Users\ANIL KUMAR RAHUL\PycharmProjects\GenE Automation\GenE_Automation\Keywords\Custom_ML_Models_SafeDigging_Keywords.robot' on line 93: The '[Return]' setting is deprecated. Use the 'RETURN' statement instead.</msg>
<msg time="2025-01-06T18:01:35.941720" level="ERROR">Error in file 'C:\Users\ANIL KUMAR RAHUL\PycharmProjects\GenE Automation\GenE_Automation\Testcases\AI_AGENTS_TEST\SALESFORCE_KB_EXPLORER_TEST\Salesforce_KB_Explorer_Testcases.robot' on line 2: Importing library 'SeleniumLibrary' failed: ModuleNotFoundError: No module named 'selenium.webdriver.common.print_page_options'
Traceback (most recent call last):
  File "C:\Python310\lib\site-packages\SeleniumLibrary\__init__.py", line 36, in &lt;module&gt;
    from SeleniumLibrary.keywords import (
  File "C:\Python310\lib\site-packages\SeleniumLibrary\keywords\__init__.py", line 26, in &lt;module&gt;
    from .screenshot import ScreenshotKeywords  # noqa
  File "C:\Python310\lib\site-packages\SeleniumLibrary\keywords\screenshot.py", line 22, in &lt;module&gt;
    from selenium.webdriver.common.print_page_options import PrintOptions, Orientation
PYTHONPATH:
  C:\Python310\Scripts\robot.exe
  C:\Python310\python310.zip
  C:\Python310\DLLs
  C:\Python310\lib
  C:\Python310
  C:\Python310\lib\site-packages
  C:\Python310\lib\site-packages\win32
  C:\Python310\lib\site-packages\win32\lib
  C:\Python310\lib\site-packages\Pythonwin</msg>
<msg time="2025-01-06T18:01:35.980735" level="ERROR">Error in file 'C:\Users\ANIL KUMAR RAHUL\PycharmProjects\GenE Automation\GenE_Automation\Settings\settings.robot' on line 2: Importing library 'SeleniumLibrary' failed: ModuleNotFoundError: No module named 'selenium.webdriver.common.print_page_options'
Traceback (most recent call last):
  File "C:\Python310\lib\site-packages\SeleniumLibrary\__init__.py", line 36, in &lt;module&gt;
    from SeleniumLibrary.keywords import (
  File "C:\Python310\lib\site-packages\SeleniumLibrary\keywords\__init__.py", line 26, in &lt;module&gt;
    from .screenshot import ScreenshotKeywords  # noqa
  File "C:\Python310\lib\site-packages\SeleniumLibrary\keywords\screenshot.py", line 22, in &lt;module&gt;
    from selenium.webdriver.common.print_page_options import PrintOptions, Orientation
PYTHONPATH:
  C:\Python310\Scripts\robot.exe
  C:\Python310\python310.zip
  C:\Python310\DLLs
  C:\Python310\lib
  C:\Python310
  C:\Python310\lib\site-packages
  C:\Python310\lib\site-packages\win32
  C:\Python310\lib\site-packages\win32\lib
  C:\Python310\lib\site-packages\Pythonwin</msg>
<msg time="2025-01-06T18:01:36.424198" level="WARN">Error in file 'C:\Users\ANIL KUMAR RAHUL\PycharmProjects\GenE Automation\GenE_Automation\Keywords\Custom_ML_Models_SafeDigging_Keywords.robot' on line 93: The '[Return]' setting is deprecated. Use the 'RETURN' statement instead.</msg>
<msg time="2025-01-06T18:01:35.929206" level="ERROR">Error in file 'C:\Users\ANIL KUMAR RAHUL\PycharmProjects\GenE Automation\GenE_Automation\Settings\settings.robot' on line 2: Importing library 'SeleniumLibrary' failed: ModuleNotFoundError: No module named 'selenium.webdriver.common.print_page_options'
Traceback (most recent call last):
  File "C:\Python310\lib\site-packages\SeleniumLibrary\__init__.py", line 36, in &lt;module&gt;
    from SeleniumLibrary.keywords import (
  File "C:\Python310\lib\site-packages\SeleniumLibrary\keywords\__init__.py", line 26, in &lt;module&gt;
    from .screenshot import ScreenshotKeywords  # noqa
  File "C:\Python310\lib\site-packages\SeleniumLibrary\keywords\screenshot.py", line 22, in &lt;module&gt;
    from selenium.webdriver.common.print_page_options import PrintOptions, Orientation
PYTHONPATH:
  C:\Python310\Scripts\robot.exe
  C:\Python310\python310.zip
  C:\Python310\DLLs
  C:\Python310\lib
  C:\Python310
  C:\Python310\lib\site-packages
  C:\Python310\lib\site-packages\win32
  C:\Python310\lib\site-packages\win32\lib
  C:\Python310\lib\site-packages\Pythonwin</msg>
<msg time="2025-01-06T18:01:36.238073" level="WARN">Error in file 'C:\Users\ANIL KUMAR RAHUL\PycharmProjects\GenE Automation\GenE_Automation\Keywords\Custom_ML_Models_SafeDigging_Keywords.robot' on line 93: The '[Return]' setting is deprecated. Use the 'RETURN' statement instead.</msg>
<msg time="2025-01-06T18:01:36.850099" level="ERROR">Error in file 'C:\Users\ANIL KUMAR RAHUL\PycharmProjects\GenE Automation\GenE_Automation\Testcases\SIGNUP_PAGE_TEST\SignUpPage_Testcase.robot' on line 5: Importing library 'SeleniumLibrary' failed: ModuleNotFoundError: No module named 'selenium.webdriver.common.print_page_options'
Traceback (most recent call last):
  File "C:\Python310\lib\site-packages\SeleniumLibrary\__init__.py", line 36, in &lt;module&gt;
    from SeleniumLibrary.keywords import (
  File "C:\Python310\lib\site-packages\SeleniumLibrary\keywords\__init__.py", line 26, in &lt;module&gt;
    from .screenshot import ScreenshotKeywords  # noqa
  File "C:\Python310\lib\site-packages\SeleniumLibrary\keywords\screenshot.py", line 22, in &lt;module&gt;
    from selenium.webdriver.common.print_page_options import PrintOptions, Orientation
PYTHONPATH:
  C:\Python310\Scripts\robot.exe
  C:\Python310\python310.zip
  C:\Python310\DLLs
  C:\Python310\lib
  C:\Python310
  C:\Python310\lib\site-packages
  C:\Python310\lib\site-packages\win32
  C:\Python310\lib\site-packages\win32\lib
  C:\Python310\lib\site-packages\Pythonwin</msg>
<msg time="2025-01-06T18:01:36.076879" level="ERROR">Error in file 'C:\Users\ANIL KUMAR RAHUL\PycharmProjects\GenE Automation\GenE_Automation\Testcases\CHATGPT_ALTERNATE_TEST\SUMMARY_BUFFER_TEST\Summary_Buffer_Testcases.robot' on line 2: Importing library 'SeleniumLibrary' failed: ModuleNotFoundError: No module named 'selenium.webdriver.common.print_page_options'
Traceback (most recent call last):
  File "C:\Python310\lib\site-packages\SeleniumLibrary\__init__.py", line 36, in &lt;module&gt;
    from SeleniumLibrary.keywords import (
  File "C:\Python310\lib\site-packages\SeleniumLibrary\keywords\__init__.py", line 26, in &lt;module&gt;
    from .screenshot import ScreenshotKeywords  # noqa
  File "C:\Python310\lib\site-packages\SeleniumLibrary\keywords\screenshot.py", line 22, in &lt;module&gt;
    from selenium.webdriver.common.print_page_options import PrintOptions, Orientation
PYTHONPATH:
  C:\Python310\Scripts\robot.exe
  C:\Python310\python310.zip
  C:\Python310\DLLs
  C:\Python310\lib
  C:\Python310
  C:\Python310\lib\site-packages
  C:\Python310\lib\site-packages\win32
  C:\Python310\lib\site-packages\win32\lib
  C:\Python310\lib\site-packages\Pythonwin</msg>
<msg time="2025-01-06T18:01:36.156497" level="ERROR">Error in file 'C:\Users\ANIL KUMAR RAHUL\PycharmProjects\GenE Automation\GenE_Automation\Settings\settings.robot' on line 2: Importing library 'SeleniumLibrary' failed: ModuleNotFoundError: No module named 'selenium.webdriver.common.print_page_options'
Traceback (most recent call last):
  File "C:\Python310\lib\site-packages\SeleniumLibrary\__init__.py", line 36, in &lt;module&gt;
    from SeleniumLibrary.keywords import (
  File "C:\Python310\lib\site-packages\SeleniumLibrary\keywords\__init__.py", line 26, in &lt;module&gt;
    from .screenshot import ScreenshotKeywords  # noqa
  File "C:\Python310\lib\site-packages\SeleniumLibrary\keywords\screenshot.py", line 22, in &lt;module&gt;
    from selenium.webdriver.common.print_page_options import PrintOptions, Orientation
PYTHONPATH:
  C:\Python310\Scripts\robot.exe
  C:\Python310\python310.zip
  C:\Python310\DLLs
  C:\Python310\lib
  C:\Python310
  C:\Python310\lib\site-packages
  C:\Python310\lib\site-packages\win32
  C:\Python310\lib\site-packages\win32\lib
  C:\Python310\lib\site-packages\Pythonwin</msg>
<msg time="2025-01-06T18:01:36.539320" level="WARN">Error in file 'C:\Users\ANIL KUMAR RAHUL\PycharmProjects\GenE Automation\GenE_Automation\Keywords\Custom_ML_Models_SafeDigging_Keywords.robot' on line 93: The '[Return]' setting is deprecated. Use the 'RETURN' statement instead.</msg>
<msg time="2025-01-06T18:01:36.132944" level="ERROR">Error in file 'C:\Users\ANIL KUMAR RAHUL\PycharmProjects\GenE Automation\GenE_Automation\Testcases\CHATGPT_ALTERNATE_TEST\VOICE_ASSISTANT\VoiceAssistant_Testcases.robot' on line 2: Importing library 'SeleniumLibrary' failed: ModuleNotFoundError: No module named 'selenium.webdriver.common.print_page_options'
Traceback (most recent call last):
  File "C:\Python310\lib\site-packages\SeleniumLibrary\__init__.py", line 36, in &lt;module&gt;
    from SeleniumLibrary.keywords import (
  File "C:\Python310\lib\site-packages\SeleniumLibrary\keywords\__init__.py", line 26, in &lt;module&gt;
    from .screenshot import ScreenshotKeywords  # noqa
  File "C:\Python310\lib\site-packages\SeleniumLibrary\keywords\screenshot.py", line 22, in &lt;module&gt;
    from selenium.webdriver.common.print_page_options import PrintOptions, Orientation
PYTHONPATH:
  C:\Python310\Scripts\robot.exe
  C:\Python310\python310.zip
  C:\Python310\DLLs
  C:\Python310\lib
  C:\Python310
  C:\Python310\lib\site-packages
  C:\Python310\lib\site-packages\win32
  C:\Python310\lib\site-packages\win32\lib
  C:\Python310\lib\site-packages\Pythonwin</msg>
<msg time="2025-01-06T18:01:36.195492" level="ERROR">Error in file 'C:\Users\ANIL KUMAR RAHUL\PycharmProjects\GenE Automation\GenE_Automation\Settings\settings.robot' on line 2: Importing library 'SeleniumLibrary' failed: ModuleNotFoundError: No module named 'selenium.webdriver.common.print_page_options'
Traceback (most recent call last):
  File "C:\Python310\lib\site-packages\SeleniumLibrary\__init__.py", line 36, in &lt;module&gt;
    from SeleniumLibrary.keywords import (
  File "C:\Python310\lib\site-packages\SeleniumLibrary\keywords\__init__.py", line 26, in &lt;module&gt;
    from .screenshot import ScreenshotKeywords  # noqa
  File "C:\Python310\lib\site-packages\SeleniumLibrary\keywords\screenshot.py", line 22, in &lt;module&gt;
    from selenium.webdriver.common.print_page_options import PrintOptions, Orientation
PYTHONPATH:
  C:\Python310\Scripts\robot.exe
  C:\Python310\python310.zip
  C:\Python310\DLLs
  C:\Python310\lib
  C:\Python310
  C:\Python310\lib\site-packages
  C:\Python310\lib\site-packages\win32
  C:\Python310\lib\site-packages\win32\lib
  C:\Python310\lib\site-packages\Pythonwin</msg>
<msg time="2025-01-06T18:01:36.561323" level="WARN">Error in file 'C:\Users\ANIL KUMAR RAHUL\PycharmProjects\GenE Automation\GenE_Automation\Keywords\Custom_ML_Models_SafeDigging_Keywords.robot' on line 93: The '[Return]' setting is deprecated. Use the 'RETURN' statement instead.</msg>
<msg time="2025-01-06T18:01:39.993738" level="ERROR">Error in file 'C:\Users\ANIL KUMAR RAHUL\PycharmProjects\GenE Automation\GenE_Automation\Testcases\YOUR_PRIVATE_GPT_TEST\YourprivateGPT_Testcase.robot' on line 2: Importing library 'SeleniumLibrary' failed: ModuleNotFoundError: No module named 'selenium.webdriver.common.print_page_options'
Traceback (most recent call last):
  File "C:\Python310\lib\site-packages\SeleniumLibrary\__init__.py", line 36, in &lt;module&gt;
    from SeleniumLibrary.keywords import (
  File "C:\Python310\lib\site-packages\SeleniumLibrary\keywords\__init__.py", line 26, in &lt;module&gt;
    from .screenshot import ScreenshotKeywords  # noqa
  File "C:\Python310\lib\site-packages\SeleniumLibrary\keywords\screenshot.py", line 22, in &lt;module&gt;
    from selenium.webdriver.common.print_page_options import PrintOptions, Orientation
PYTHONPATH:
  C:\Python310\Scripts\robot.exe
  C:\Python310\python310.zip
  C:\Python310\DLLs
  C:\Python310\lib
  C:\Python310
  C:\Python310\lib\site-packages
  C:\Python310\lib\site-packages\win32
  C:\Python310\lib\site-packages\win32\lib
  C:\Python310\lib\site-packages\Pythonwin</msg>
<msg time="2025-01-06T18:01:40.001751" level="ERROR">Error in file 'C:\Users\ANIL KUMAR RAHUL\PycharmProjects\GenE Automation\GenE_Automation\Settings\settings.robot' on line 2: Importing library 'SeleniumLibrary' failed: ModuleNotFoundError: No module named 'selenium.webdriver.common.print_page_options'
Traceback (most recent call last):
  File "C:\Python310\lib\site-packages\SeleniumLibrary\__init__.py", line 36, in &lt;module&gt;
    from SeleniumLibrary.keywords import (
  File "C:\Python310\lib\site-packages\SeleniumLibrary\keywords\__init__.py", line 26, in &lt;module&gt;
    from .screenshot import ScreenshotKeywords  # noqa
  File "C:\Python310\lib\site-packages\SeleniumLibrary\keywords\screenshot.py", line 22, in &lt;module&gt;
    from selenium.webdriver.common.print_page_options import PrintOptions, Orientation
PYTHONPATH:
  C:\Python310\Scripts\robot.exe
  C:\Python310\python310.zip
  C:\Python310\DLLs
  C:\Python310\lib
  C:\Python310
  C:\Python310\lib\site-packages
  C:\Python310\lib\site-packages\win32
  C:\Python310\lib\site-packages\win32\lib
  C:\Python310\lib\site-packages\Pythonwin</msg>
<msg time="2025-01-06T18:01:40.039434" level="WARN">Error in file 'C:\Users\ANIL KUMAR RAHUL\PycharmProjects\GenE Automation\GenE_Automation\Keywords\Custom_ML_Models_SafeDigging_Keywords.robot' on line 93: The '[Return]' setting is deprecated. Use the 'RETURN' statement instead.</msg>
</errors>
</robot>
