<?xml version="1.0" encoding="UTF-8"?>
<robot generator="Robot 7.0.1 (Python 3.10.2 on win32)" generated="2024-09-02T18:00:52.072896" rpa="false" schemaversion="5">
<suite id="s1" name="Suites">
<suite id="s1-s1" name="Chatwithlog Testcases" source="C:\Users\ANIL KUMAR RAHUL\PycharmProjects\GenE_Automation\Testcases\CHATGPT_ALTERNATE_TEST\CHAT_WITH_LOG\Chatwithlog_Testcases.robot">
<test id="s1-s1-t1" name="Verifying ChatwithLog" line="5">
<kw name="Open Browser" owner="SeleniumLibrary">
<msg time="2024-09-02T18:00:53.681171" level="INFO">Opening browser 'Chrome' to base url 'https://gene-nextjs-dev.dtskill.com/signin'.</msg>
<arg>${URL}</arg>
<arg>Chrome</arg>
<doc>Opens a new browser instance to the optional ``url``.</doc>
<status status="PASS" start="2024-09-02T18:00:53.681171" elapsed="9.208441"/>
</kw>
<kw name="Maximize Browser Window" owner="SeleniumLibrary">
<doc>Maximizes current browser window.</doc>
<status status="PASS" start="2024-09-02T18:01:02.891610" elapsed="0.046323"/>
</kw>
<kw name="Fill Login Form" owner="Chatwithcode_Keywords">
<kw name="Input Text" owner="SeleniumLibrary">
<msg time="2024-09-02T18:01:02.937933" level="INFO">Typing text 'varun.datt@dtskill.com' into text field 'xpath=/html/body/main/div/div/div/div[1]/div/div[2]/div[1]/form/div[1]/input'.</msg>
<arg>${USERNAME_LOCATOR}</arg>
<arg>${email}</arg>
<doc>Types the given ``text`` into the text field identified by ``locator``.</doc>
<status status="PASS" start="2024-09-02T18:01:02.937933" elapsed="0.266771"/>
</kw>
<kw name="Input Text" owner="SeleniumLibrary">
<msg time="2024-09-02T18:01:03.205177" level="INFO">Typing text '123456' into text field 'xpath=/html/body/main/div/div/div/div[1]/div/div[2]/div[1]/form/div[2]/input'.</msg>
<arg>${PASSWORD_LOCATOR}</arg>
<arg>${password}</arg>
<doc>Types the given ``text`` into the text field identified by ``locator``.</doc>
<status status="PASS" start="2024-09-02T18:01:03.205177" elapsed="0.199842"/>
</kw>
<arg>${USERNAME}</arg>
<arg>${PASSWORD}</arg>
<status status="PASS" start="2024-09-02T18:01:02.937933" elapsed="0.467086"/>
</kw>
<kw name="Click Login Button" owner="Chatwithcode_Keywords">
<kw name="Click Element" owner="SeleniumLibrary">
<msg time="2024-09-02T18:01:03.405019" level="INFO">Clicking element 'xpath=/html/body/main/div/div/div/div[1]/div/div[2]/div[1]/form/button'.</msg>
<arg>${LOGIN_BUTTON}</arg>
<doc>Click the element identified by ``locator``.</doc>
<status status="PASS" start="2024-09-02T18:01:03.405019" elapsed="0.118852"/>
</kw>
<kw name="Sleep" owner="BuiltIn">
<msg time="2024-09-02T18:01:06.540458" level="INFO">Slept 3 seconds.</msg>
<arg>3s</arg>
<doc>Pauses the test executed for the given time.</doc>
<status status="PASS" start="2024-09-02T18:01:03.524869" elapsed="3.015589"/>
</kw>
<status status="PASS" start="2024-09-02T18:01:03.405019" elapsed="3.135439"/>
</kw>
<kw name="Wait Until Location Is" owner="SeleniumLibrary">
<arg>${SUCCESS_URL}</arg>
<arg>timeout=10s</arg>
<doc>Waits until the current URL is ``expected``.</doc>
<status status="PASS" start="2024-09-02T18:01:06.540458" elapsed="0.014230"/>
</kw>
<kw name="Location Should Be" owner="SeleniumLibrary">
<msg time="2024-09-02T18:01:06.565204" level="INFO">Current location is 'https://gene-nextjs-dev.dtskill.com/dashboard'.</msg>
<arg>${SUCCESS_URL}</arg>
<doc>Verifies that the current URL is exactly ``url``.</doc>
<status status="PASS" start="2024-09-02T18:01:06.554688" elapsed="0.010516"/>
</kw>
<kw name="Click SIDEMENU" owner="Chatwithcode_Keywords">
<kw name="Click Element" owner="SeleniumLibrary">
<msg time="2024-09-02T18:01:06.568203" level="INFO">Clicking element 'xpath=/html/body/main/div/header/div/div/div[1]/div/div[1]/button/i'.</msg>
<arg>${SIDE_MENU}</arg>
<doc>Click the element identified by ``locator``.</doc>
<status status="PASS" start="2024-09-02T18:01:06.567200" elapsed="0.082068"/>
</kw>
<kw name="Sleep" owner="BuiltIn">
<msg time="2024-09-02T18:01:09.651544" level="INFO">Slept 3 seconds.</msg>
<arg>3s</arg>
<doc>Pauses the test executed for the given time.</doc>
<status status="PASS" start="2024-09-02T18:01:06.649268" elapsed="3.002276"/>
</kw>
<status status="PASS" start="2024-09-02T18:01:06.566200" elapsed="3.085344"/>
</kw>
<kw name="Verify all SIDEMENU OPTIONS" owner="Chatwithcode_Keywords">
<kw name="Wait Until Page Contains Element" owner="SeleniumLibrary">
<arg>${SIDEMENU_OPTIONS}</arg>
<doc>Waits until the element ``locator`` appears on the current page.</doc>
<status status="PASS" start="2024-09-02T18:01:09.661576" elapsed="0.040045"/>
</kw>
<kw name="Element Should Be Visible" owner="SeleniumLibrary">
<msg time="2024-09-02T18:01:09.740788" level="INFO">Element 'xpath=/html/body/main/div/div[1]/div/div[1]' is displayed.</msg>
<arg>${SIDEMENU_OPTIONS}</arg>
<doc>Verifies that the element identified by ``locator`` is visible.</doc>
<status status="PASS" start="2024-09-02T18:01:09.702886" elapsed="0.037902"/>
</kw>
<kw name="Sleep" owner="BuiltIn">
<msg time="2024-09-02T18:01:10.751507" level="INFO">Slept 1 second.</msg>
<arg>1s</arg>
<doc>Pauses the test executed for the given time.</doc>
<status status="PASS" start="2024-09-02T18:01:09.740788" elapsed="1.010719"/>
</kw>
<kw name="Wait Until Page Contains Element" owner="SeleniumLibrary">
<arg>${SUBCRIPTION_BOX}</arg>
<doc>Waits until the element ``locator`` appears on the current page.</doc>
<status status="PASS" start="2024-09-02T18:01:10.752507" elapsed="0.052363"/>
</kw>
<kw name="Element Should Be Visible" owner="SeleniumLibrary">
<msg time="2024-09-02T18:01:10.834870" level="INFO">Element 'xpath=/html/body/main/div/div[1]/div/div[2]' is displayed.</msg>
<arg>${SUBCRIPTION_BOX}</arg>
<doc>Verifies that the element identified by ``locator`` is visible.</doc>
<status status="PASS" start="2024-09-02T18:01:10.804870" elapsed="0.030000"/>
</kw>
<kw name="Sleep" owner="BuiltIn">
<msg time="2024-09-02T18:01:11.837914" level="INFO">Slept 1 second.</msg>
<arg>1s</arg>
<doc>Pauses the test executed for the given time.</doc>
<status status="PASS" start="2024-09-02T18:01:10.834870" elapsed="1.003044"/>
</kw>
<kw name="Wait Until Page Contains Element" owner="SeleniumLibrary">
<arg>${USERIMAGE_IN_SUBCRIPTION_BOX}</arg>
<doc>Waits until the element ``locator`` appears on the current page.</doc>
<status status="PASS" start="2024-09-02T18:01:11.837914" elapsed="0.034547"/>
</kw>
<kw name="Element Should Be Visible" owner="SeleniumLibrary">
<msg time="2024-09-02T18:01:11.907992" level="INFO">Element 'xpath=/html/body/main/div/div[1]/div/div[2]/div/a/div[1]/img' is displayed.</msg>
<arg>${USERIMAGE_IN_SUBCRIPTION_BOX}</arg>
<doc>Verifies that the element identified by ``locator`` is visible.</doc>
<status status="PASS" start="2024-09-02T18:01:11.872461" elapsed="0.035531"/>
</kw>
<kw name="Sleep" owner="BuiltIn">
<msg time="2024-09-02T18:01:12.916328" level="INFO">Slept 1 second.</msg>
<arg>1s</arg>
<doc>Pauses the test executed for the given time.</doc>
<status status="PASS" start="2024-09-02T18:01:11.907992" elapsed="1.008336"/>
</kw>
<kw name="Wait Until Page Contains Element" owner="SeleniumLibrary">
<arg>${USERNAME_IN_SUBCRIPTION_BOX}</arg>
<doc>Waits until the element ``locator`` appears on the current page.</doc>
<status status="PASS" start="2024-09-02T18:01:12.916328" elapsed="0.080074"/>
</kw>
<kw name="Element Should Be Visible" owner="SeleniumLibrary">
<msg time="2024-09-02T18:01:13.036397" level="INFO">Element 'xpath=/html/body/main/div/div[1]/div/div[2]/div/a/div[2]' is displayed.</msg>
<arg>${USERNAME_IN_SUBCRIPTION_BOX}</arg>
<doc>Verifies that the element identified by ``locator`` is visible.</doc>
<status status="PASS" start="2024-09-02T18:01:12.996402" elapsed="0.039995"/>
</kw>
<kw name="Sleep" owner="BuiltIn">
<msg time="2024-09-02T18:01:14.064119" level="INFO">Slept 1 second.</msg>
<arg>1s</arg>
<doc>Pauses the test executed for the given time.</doc>
<status status="PASS" start="2024-09-02T18:01:13.036397" elapsed="1.027722"/>
</kw>
<status status="PASS" start="2024-09-02T18:01:09.657559" elapsed="4.406560"/>
</kw>
<kw name="Click Chat Gpt Alternate" owner="Chatwithcode_Keywords">
<kw name="Wait Until Page Contains Element" owner="SeleniumLibrary">
<arg>${CHAT_GPT_ALTERNATE_BOX}</arg>
<doc>Waits until the element ``locator`` appears on the current page.</doc>
<status status="PASS" start="2024-09-02T18:01:14.064119" elapsed="0.090038"/>
</kw>
<kw name="Element Should Be Visible" owner="SeleniumLibrary">
<msg time="2024-09-02T18:01:14.274220" level="INFO">Element 'xpath=/html/body/main/div/div[1]/div/div[1]/div/div/nav/div[1]/ul/li[2]/a' is displayed.</msg>
<arg>${CHAT_GPT_ALTERNATE_BOX}</arg>
<doc>Verifies that the element identified by ``locator`` is visible.</doc>
<status status="PASS" start="2024-09-02T18:01:14.154157" elapsed="0.120063"/>
</kw>
<kw name="Sleep" owner="BuiltIn">
<msg time="2024-09-02T18:01:15.279927" level="INFO">Slept 1 second.</msg>
<arg>1s</arg>
<doc>Pauses the test executed for the given time.</doc>
<status status="PASS" start="2024-09-02T18:01:14.274220" elapsed="1.005707"/>
</kw>
<kw name="Wait Until Page Contains Element" owner="SeleniumLibrary">
<arg>${CHAP_GPT_ALTERNATE_BOX_LOGO}</arg>
<doc>Waits until the element ``locator`` appears on the current page.</doc>
<status status="PASS" start="2024-09-02T18:01:15.279927" elapsed="0.076293"/>
</kw>
<kw name="Element Should Be Visible" owner="SeleniumLibrary">
<msg time="2024-09-02T18:01:15.431295" level="INFO">Element 'xpath=/html/body/main/div/div[1]/div/div[1]/div/div/nav/div[1]/ul/li[2]/a/img' is displayed.</msg>
<arg>${CHAP_GPT_ALTERNATE_BOX_LOGO}</arg>
<doc>Verifies that the element identified by ``locator`` is visible.</doc>
<status status="PASS" start="2024-09-02T18:01:15.356220" elapsed="0.075075"/>
</kw>
<kw name="Sleep" owner="BuiltIn">
<msg time="2024-09-02T18:01:16.438116" level="INFO">Slept 1 second.</msg>
<arg>1s</arg>
<doc>Pauses the test executed for the given time.</doc>
<status status="PASS" start="2024-09-02T18:01:15.431295" elapsed="1.006821"/>
</kw>
<kw name="Wait Until Page Contains Element" owner="SeleniumLibrary">
<arg>${CHAT_GPT_ALTERNATE_BOX_ARROW}</arg>
<doc>Waits until the element ``locator`` appears on the current page.</doc>
<status status="PASS" start="2024-09-02T18:01:16.438116" elapsed="0.100044"/>
</kw>
<kw name="Element Should Be Visible" owner="SeleniumLibrary">
<msg time="2024-09-02T18:01:16.568161" level="INFO">Element 'xpath=/html/body/main/div/div[1]/div/div[1]/div/div/nav/div[1]/ul/li[2]/a' is displayed.</msg>
<arg>${CHAT_GPT_ALTERNATE_BOX_ARROW}</arg>
<doc>Verifies that the element identified by ``locator`` is visible.</doc>
<status status="PASS" start="2024-09-02T18:01:16.538160" elapsed="0.030001"/>
</kw>
<kw name="Sleep" owner="BuiltIn">
<msg time="2024-09-02T18:01:17.579893" level="INFO">Slept 1 second.</msg>
<arg>1s</arg>
<doc>Pauses the test executed for the given time.</doc>
<status status="PASS" start="2024-09-02T18:01:16.568161" elapsed="1.011732"/>
</kw>
<kw name="Wait Until Page Contains Element" owner="SeleniumLibrary">
<arg>${CHAT_GPT_ALTERNATE_BOX_ARROW}</arg>
<doc>Waits until the element ``locator`` appears on the current page.</doc>
<status status="PASS" start="2024-09-02T18:01:17.579893" elapsed="0.016724"/>
</kw>
<kw name="Element Should Be Visible" owner="SeleniumLibrary">
<msg time="2024-09-02T18:01:17.664589" level="INFO">Element 'xpath=/html/body/main/div/div[1]/div/div[1]/div/div/nav/div[1]/ul/li[2]/a' is displayed.</msg>
<arg>${CHAT_GPT_ALTERNATE_BOX_ARROW}</arg>
<doc>Verifies that the element identified by ``locator`` is visible.</doc>
<status status="PASS" start="2024-09-02T18:01:17.596617" elapsed="0.067972"/>
</kw>
<kw name="Sleep" owner="BuiltIn">
<msg time="2024-09-02T18:01:18.685260" level="INFO">Slept 1 second.</msg>
<arg>1s</arg>
<doc>Pauses the test executed for the given time.</doc>
<status status="PASS" start="2024-09-02T18:01:17.671141" elapsed="1.015119"/>
</kw>
<kw name="Click Element" owner="SeleniumLibrary">
<msg time="2024-09-02T18:01:18.693337" level="INFO">Clicking element 'xpath=/html/body/main/div/div[1]/div/div[1]/div/div/nav/div[1]/ul/li[2]/a'.</msg>
<arg>${CHAT_GPT_ALTERNATE_BOX}</arg>
<doc>Click the element identified by ``locator``.</doc>
<status status="PASS" start="2024-09-02T18:01:18.692336" elapsed="0.768778"/>
</kw>
<kw name="Wait Until Page Contains Element" owner="SeleniumLibrary">
<arg>${OPTIONS_IN_CHATGPT_ALTERNATE}</arg>
<doc>Waits until the element ``locator`` appears on the current page.</doc>
<status status="PASS" start="2024-09-02T18:01:19.461114" elapsed="0.030440"/>
</kw>
<kw name="Element Should Be Visible" owner="SeleniumLibrary">
<msg time="2024-09-02T18:01:19.515659" level="INFO">Element 'xpath=/html/body/main/div/div[1]/div/div[1]/div/div/nav/div[1]/ul/li[2]/div' is displayed.</msg>
<arg>${OPTIONS_IN_CHATGPT_ALTERNATE}</arg>
<doc>Verifies that the element identified by ``locator`` is visible.</doc>
<status status="PASS" start="2024-09-02T18:01:19.491554" elapsed="0.024105"/>
</kw>
<kw name="Sleep" owner="BuiltIn">
<msg time="2024-09-02T18:01:20.518578" level="INFO">Slept 1 second.</msg>
<arg>1s</arg>
<doc>Pauses the test executed for the given time.</doc>
<status status="PASS" start="2024-09-02T18:01:19.516653" elapsed="1.002928"/>
</kw>
<status status="PASS" start="2024-09-02T18:01:14.064119" elapsed="6.455462"/>
</kw>
<kw name="Click Chat with log" owner="Chatwithcode_Keywords">
<kw name="Wait Until Page Contains Element" owner="SeleniumLibrary">
<arg>${CHAT_WITH_LOG}</arg>
<doc>Waits until the element ``locator`` appears on the current page.</doc>
<status status="PASS" start="2024-09-02T18:01:20.520579" elapsed="0.015999"/>
</kw>
<kw name="Element Should Be Visible" owner="SeleniumLibrary">
<msg time="2024-09-02T18:01:20.598482" level="INFO">Element 'xpath=/html/body/main/div/div[1]/div/div[1]/div/div/nav/div[1]/ul/li[2]/div/ul/li[4]/a' is displayed.</msg>
<arg>${CHAT_WITH_LOG}</arg>
<doc>Verifies that the element identified by ``locator`` is visible.</doc>
<status status="PASS" start="2024-09-02T18:01:20.537580" elapsed="0.061902"/>
</kw>
<kw name="Sleep" owner="BuiltIn">
<msg time="2024-09-02T18:01:21.605565" level="INFO">Slept 1 second.</msg>
<arg>1s</arg>
<doc>Pauses the test executed for the given time.</doc>
<status status="PASS" start="2024-09-02T18:01:20.599482" elapsed="1.007089"/>
</kw>
<kw name="Wait Until Page Contains Element" owner="SeleniumLibrary">
<arg>${CHAT_WITH_LOG_LOGO}</arg>
<doc>Waits until the element ``locator`` appears on the current page.</doc>
<status status="PASS" start="2024-09-02T18:01:21.606571" elapsed="0.018998"/>
</kw>
<kw name="Element Should Be Visible" owner="SeleniumLibrary">
<msg time="2024-09-02T18:01:21.661301" level="INFO">Element 'xpath=/html/body/main/div/div[1]/div/div[1]/div/div/nav/div[1]/ul/li[2]/div/ul/li[4]/a/img' is displayed.</msg>
<arg>${CHAT_WITH_LOG_LOGO}</arg>
<doc>Verifies that the element identified by ``locator`` is visible.</doc>
<status status="PASS" start="2024-09-02T18:01:21.625569" elapsed="0.036730"/>
</kw>
<kw name="Sleep" owner="BuiltIn">
<msg time="2024-09-02T18:01:22.665976" level="INFO">Slept 1 second.</msg>
<arg>1s</arg>
<doc>Pauses the test executed for the given time.</doc>
<status status="PASS" start="2024-09-02T18:01:21.662299" elapsed="1.003677"/>
</kw>
<kw name="Click Element" owner="SeleniumLibrary">
<msg time="2024-09-02T18:01:22.666976" level="INFO">Clicking element 'xpath=/html/body/main/div/div[1]/div/div[1]/div/div/nav/div[1]/ul/li[2]/div/ul/li[4]/a'.</msg>
<arg>${CHAT_WITH_LOG}</arg>
<doc>Click the element identified by ``locator``.</doc>
<status status="PASS" start="2024-09-02T18:01:22.665976" elapsed="0.074659"/>
</kw>
<kw name="Wait Until Location Is" owner="SeleniumLibrary">
<arg>${CHAT_WITH_LOG_URL}</arg>
<arg>timeout=5s</arg>
<doc>Waits until the current URL is ``expected``.</doc>
<status status="PASS" start="2024-09-02T18:01:22.740635" elapsed="0.060695"/>
</kw>
<kw name="Location Should Be" owner="SeleniumLibrary">
<msg time="2024-09-02T18:01:22.815488" level="INFO">Current location is 'https://gene-nextjs-dev.dtskill.com/dashboard/chat-with-log'.</msg>
<arg>${CHAT_WITH_LOG_URL}</arg>
<doc>Verifies that the current URL is exactly ``url``.</doc>
<status status="PASS" start="2024-09-02T18:01:22.801330" elapsed="0.014158"/>
</kw>
<kw name="Sleep" owner="BuiltIn">
<msg time="2024-09-02T18:01:23.828133" level="INFO">Slept 1 second.</msg>
<arg>1s</arg>
<doc>Pauses the test executed for the given time.</doc>
<status status="PASS" start="2024-09-02T18:01:22.815488" elapsed="1.012645"/>
</kw>
<status status="PASS" start="2024-09-02T18:01:20.519581" elapsed="3.308552"/>
</kw>
<kw name="Verify Chat with log and logo presence in subpage" owner="Chatwithcode_Keywords">
<kw name="Wait Until Page Contains Element" owner="SeleniumLibrary">
<arg>${CHAT_WITH_LOG_IN_SUBPAGE}</arg>
<doc>Waits until the element ``locator`` appears on the current page.</doc>
<status status="PASS" start="2024-09-02T18:01:23.831137" elapsed="0.016906"/>
</kw>
<kw name="Element Should Be Visible" owner="SeleniumLibrary">
<msg time="2024-09-02T18:01:23.868048" level="INFO">Element 'xpath=//h6[normalize-space()='Chat with Log']' is displayed.</msg>
<arg>${CHAT_WITH_LOG_IN_SUBPAGE}</arg>
<doc>Verifies that the element identified by ``locator`` is visible.</doc>
<status status="PASS" start="2024-09-02T18:01:23.848043" elapsed="0.020005"/>
</kw>
<kw name="Sleep" owner="BuiltIn">
<msg time="2024-09-02T18:01:25.882212" level="INFO">Slept 2 seconds.</msg>
<arg>2s</arg>
<doc>Pauses the test executed for the given time.</doc>
<status status="PASS" start="2024-09-02T18:01:23.868048" elapsed="2.014670"/>
</kw>
<kw name="Wait Until Page Contains Element" owner="SeleniumLibrary">
<arg>${CHAT_WITH_LOG_LOGO_IN_SUBPAGE}</arg>
<doc>Waits until the element ``locator`` appears on the current page.</doc>
<status status="PASS" start="2024-09-02T18:01:25.882718" elapsed="0.015009"/>
</kw>
<kw name="Element Should Be Visible" owner="SeleniumLibrary">
<msg time="2024-09-02T18:01:25.917727" level="INFO">Element 'xpath=//img[@alt='Icon']' is displayed.</msg>
<arg>${CHAT_WITH_LOG_LOGO_IN_SUBPAGE}</arg>
<doc>Verifies that the element identified by ``locator`` is visible.</doc>
<status status="PASS" start="2024-09-02T18:01:25.897727" elapsed="0.020000"/>
</kw>
<kw name="Sleep" owner="BuiltIn">
<msg time="2024-09-02T18:01:27.931261" level="INFO">Slept 2 seconds.</msg>
<arg>2s</arg>
<doc>Pauses the test executed for the given time.</doc>
<status status="PASS" start="2024-09-02T18:01:25.917727" elapsed="2.014539"/>
</kw>
<status status="PASS" start="2024-09-02T18:01:23.829137" elapsed="4.103129"/>
</kw>
<kw name="Verify GenE text &amp; logo presence" owner="Chatwithcode_Keywords">
<kw name="Wait Until Page Contains Element" owner="SeleniumLibrary">
<arg>${E_LOGO_IN_GENE}</arg>
<doc>Waits until the element ``locator`` appears on the current page.</doc>
<status status="PASS" start="2024-09-02T18:01:27.934263" elapsed="0.067329"/>
</kw>
<kw name="Element Should Be Visible" owner="SeleniumLibrary">
<msg time="2024-09-02T18:01:28.023559" level="INFO">Element 'xpath=//span[normalize-space()='E']' is displayed.</msg>
<arg>${E_LOGO_IN_GENE}</arg>
<doc>Verifies that the element identified by ``locator`` is visible.</doc>
<status status="PASS" start="2024-09-02T18:01:28.002589" elapsed="0.020970"/>
</kw>
<kw name="Sleep" owner="BuiltIn">
<msg time="2024-09-02T18:01:30.029370" level="INFO">Slept 2 seconds.</msg>
<arg>2s</arg>
<doc>Pauses the test executed for the given time.</doc>
<status status="PASS" start="2024-09-02T18:01:28.023559" elapsed="2.005811"/>
</kw>
<kw name="Wait Until Page Contains Element" owner="SeleniumLibrary">
<arg>${GENE_TEXT_IN_PRIVATE_GPT}</arg>
<doc>Waits until the element ``locator`` appears on the current page.</doc>
<status status="PASS" start="2024-09-02T18:01:30.029370" elapsed="0.019994"/>
</kw>
<kw name="Element Should Be Visible" owner="SeleniumLibrary">
<msg time="2024-09-02T18:01:30.069363" level="INFO">Element 'xpath=//div[@class='chat-content']//h6[@class='title']' is displayed.</msg>
<arg>${GENE_TEXT_IN_PRIVATE_GPT}</arg>
<doc>Verifies that the element identified by ``locator`` is visible.</doc>
<status status="PASS" start="2024-09-02T18:01:30.049364" elapsed="0.019999"/>
</kw>
<kw name="Sleep" owner="BuiltIn">
<msg time="2024-09-02T18:01:32.071146" level="INFO">Slept 2 seconds.</msg>
<arg>2s</arg>
<doc>Pauses the test executed for the given time.</doc>
<status status="PASS" start="2024-09-02T18:01:30.069363" elapsed="2.001783"/>
</kw>
<kw name="Wait Until Page Contains Element" owner="SeleniumLibrary">
<arg>${GENE_LOGO_IN_SUBPAGE_OF_PRIVATEGPT}</arg>
<doc>Waits until the element ``locator`` appears on the current page.</doc>
<status status="PASS" start="2024-09-02T18:01:32.071146" elapsed="0.010009"/>
</kw>
<kw name="Element Should Be Visible" owner="SeleniumLibrary">
<msg time="2024-09-02T18:01:32.091172" level="INFO">Element 'xpath=//img[@alt='Bot']' is displayed.</msg>
<arg>${GENE_LOGO_IN_SUBPAGE_OF_PRIVATEGPT}</arg>
<doc>Verifies that the element identified by ``locator`` is visible.</doc>
<status status="PASS" start="2024-09-02T18:01:32.081155" elapsed="0.010017"/>
</kw>
<kw name="Sleep" owner="BuiltIn">
<msg time="2024-09-02T18:01:34.092683" level="INFO">Slept 2 seconds.</msg>
<arg>2s</arg>
<doc>Pauses the test executed for the given time.</doc>
<status status="PASS" start="2024-09-02T18:01:32.091172" elapsed="2.001511"/>
</kw>
<status status="PASS" start="2024-09-02T18:01:27.933264" elapsed="6.159419"/>
</kw>
<kw name="Verify ChatContainer" owner="Chatwithcode_Keywords">
<kw name="Wait Until Page Contains Element" owner="SeleniumLibrary">
<arg>xpath=/html/body/main/div/div[9]/div/div/div/div/div[2]</arg>
<doc>Waits until the element ``locator`` appears on the current page.</doc>
<status status="PASS" start="2024-09-02T18:01:34.092683" elapsed="0.010015"/>
</kw>
<kw name="Element Should Be Visible" owner="SeleniumLibrary">
<msg time="2024-09-02T18:01:34.132694" level="INFO">Element 'xpath=/html/body/main/div/div[9]/div/div/div/div/div[2]' is displayed.</msg>
<arg>xpath=/html/body/main/div/div[9]/div/div/div/div/div[2]</arg>
<doc>Verifies that the element identified by ``locator`` is visible.</doc>
<status status="PASS" start="2024-09-02T18:01:34.102698" elapsed="0.029996"/>
</kw>
<kw name="Sleep" owner="BuiltIn">
<msg time="2024-09-02T18:01:36.147281" level="INFO">Slept 2 seconds.</msg>
<arg>2s</arg>
<doc>Pauses the test executed for the given time.</doc>
<status status="PASS" start="2024-09-02T18:01:34.132694" elapsed="2.014587"/>
</kw>
<status status="PASS" start="2024-09-02T18:01:34.092683" elapsed="2.055585"/>
</kw>
<kw name="Verify Options in the top right corner of the subpage" owner="Chatwithcode_Keywords">
<kw name="Wait Until Page Contains Element" owner="SeleniumLibrary">
<arg>${OPTIONS_DROPDOWN_TOP_RIGHT_SIDE}</arg>
<doc>Waits until the element ``locator`` appears on the current page.</doc>
<status status="PASS" start="2024-09-02T18:01:36.149270" elapsed="0.017999"/>
</kw>
<kw name="Element Should Be Visible" owner="SeleniumLibrary">
<msg time="2024-09-02T18:01:36.185273" level="INFO">Element 'xpath=/html/body/main/div/div[9]/div/div/div/div/div[1]/div[2]/button/i' is displayed.</msg>
<arg>${OPTIONS_DROPDOWN_TOP_RIGHT_SIDE}</arg>
<doc>Verifies that the element identified by ``locator`` is visible.</doc>
<status status="PASS" start="2024-09-02T18:01:36.168269" elapsed="0.017004"/>
</kw>
<kw name="Sleep" owner="BuiltIn">
<msg time="2024-09-02T18:01:38.195253" level="INFO">Slept 2 seconds.</msg>
<arg>2s</arg>
<doc>Pauses the test executed for the given time.</doc>
<status status="PASS" start="2024-09-02T18:01:36.185273" elapsed="2.010985"/>
</kw>
<kw name="Click Element" owner="SeleniumLibrary">
<msg time="2024-09-02T18:01:38.197256" level="INFO">Clicking element 'xpath=/html/body/main/div/div[9]/div/div/div/div/div[1]/div[2]/button/i'.</msg>
<arg>${OPTIONS_DROPDOWN_TOP_RIGHT_SIDE}</arg>
<doc>Click the element identified by ``locator``.</doc>
<status status="PASS" start="2024-09-02T18:01:38.196258" elapsed="0.062996"/>
</kw>
<kw name="Sleep" owner="BuiltIn">
<msg time="2024-09-02T18:01:40.263683" level="INFO">Slept 2 seconds.</msg>
<arg>2s</arg>
<doc>Pauses the test executed for the given time.</doc>
<status status="PASS" start="2024-09-02T18:01:38.260257" elapsed="2.004423"/>
</kw>
<status status="PASS" start="2024-09-02T18:01:36.148268" elapsed="4.116412"/>
</kw>
<kw name="Verify all options are clickable" owner="Chatwithcode_Keywords">
<kw name="Click Element" owner="SeleniumLibrary">
<msg time="2024-09-02T18:01:40.265680" level="INFO">Clicking element 'xpath=//i[@class='fa-sharp fa-solid fa-arrows-rotate']'.</msg>
<arg>${REGENERATE_OPTION}</arg>
<doc>Click the element identified by ``locator``.</doc>
<status status="PASS" start="2024-09-02T18:01:40.265680" elapsed="0.080525"/>
</kw>
<kw name="Sleep" owner="BuiltIn">
<msg time="2024-09-02T18:01:42.349365" level="INFO">Slept 2 seconds.</msg>
<arg>2s</arg>
<doc>Pauses the test executed for the given time.</doc>
<status status="PASS" start="2024-09-02T18:01:40.346205" elapsed="2.003160"/>
</kw>
<kw name="Click Element" owner="SeleniumLibrary">
<msg time="2024-09-02T18:01:42.350340" level="INFO">Clicking element 'xpath=/html/body/main/div/div[9]/div/div/div/div/div[1]/div[2]/button/i'.</msg>
<arg>${OPTIONS_DROPDOWN_TOP_RIGHT_SIDE}</arg>
<doc>Click the element identified by ``locator``.</doc>
<status status="PASS" start="2024-09-02T18:01:42.349365" elapsed="0.037986"/>
</kw>
<kw name="Sleep" owner="BuiltIn">
<msg time="2024-09-02T18:01:44.395071" level="INFO">Slept 2 seconds.</msg>
<arg>2s</arg>
<doc>Pauses the test executed for the given time.</doc>
<status status="PASS" start="2024-09-02T18:01:42.387351" elapsed="2.007720"/>
</kw>
<kw name="Click Element" owner="SeleniumLibrary">
<msg time="2024-09-02T18:01:44.396073" level="INFO">Clicking element 'xpath=//a[normalize-space()='Pin Chat']'.</msg>
<arg>${PIN_CHAT_OPTION}</arg>
<doc>Click the element identified by ``locator``.</doc>
<status status="PASS" start="2024-09-02T18:01:44.395071" elapsed="0.067002"/>
</kw>
<kw name="Sleep" owner="BuiltIn">
<msg time="2024-09-02T18:01:46.464215" level="INFO">Slept 2 seconds.</msg>
<arg>2s</arg>
<doc>Pauses the test executed for the given time.</doc>
<status status="PASS" start="2024-09-02T18:01:44.463077" elapsed="2.001138"/>
</kw>
<kw name="Click Element" owner="SeleniumLibrary">
<msg time="2024-09-02T18:01:46.465214" level="INFO">Clicking element 'xpath=/html/body/main/div/div[9]/div/div/div/div/div[1]/div[2]/button/i'.</msg>
<arg>${OPTIONS_DROPDOWN_TOP_RIGHT_SIDE}</arg>
<doc>Click the element identified by ``locator``.</doc>
<status status="PASS" start="2024-09-02T18:01:46.464215" elapsed="0.042459"/>
</kw>
<kw name="Sleep" owner="BuiltIn">
<msg time="2024-09-02T18:01:48.515973" level="INFO">Slept 2 seconds.</msg>
<arg>2s</arg>
<doc>Pauses the test executed for the given time.</doc>
<status status="PASS" start="2024-09-02T18:01:46.507678" elapsed="2.008295"/>
</kw>
<kw name="Click Element" owner="SeleniumLibrary">
<msg time="2024-09-02T18:01:48.516974" level="INFO">Clicking element 'xpath=//a[normalize-space()='Rename']'.</msg>
<arg>${RENAME_OPTION}</arg>
<doc>Click the element identified by ``locator``.</doc>
<status status="PASS" start="2024-09-02T18:01:48.516974" elapsed="0.071017"/>
</kw>
<kw name="Sleep" owner="BuiltIn">
<msg time="2024-09-02T18:01:50.605304" level="INFO">Slept 2 seconds.</msg>
<arg>2s</arg>
<doc>Pauses the test executed for the given time.</doc>
<status status="PASS" start="2024-09-02T18:01:48.587991" elapsed="2.018314"/>
</kw>
<kw name="Click Element" owner="SeleniumLibrary">
<msg time="2024-09-02T18:01:50.607308" level="INFO">Clicking element 'xpath=/html/body/main/div/div[9]/div/div/div/div/div[1]/div[2]/button/i'.</msg>
<arg>${OPTIONS_DROPDOWN_TOP_RIGHT_SIDE}</arg>
<doc>Click the element identified by ``locator``.</doc>
<status status="PASS" start="2024-09-02T18:01:50.606305" elapsed="0.066004"/>
</kw>
<kw name="Sleep" owner="BuiltIn">
<msg time="2024-09-02T18:01:52.678191" level="INFO">Slept 2 seconds.</msg>
<arg>2s</arg>
<doc>Pauses the test executed for the given time.</doc>
<status status="PASS" start="2024-09-02T18:01:50.673308" elapsed="2.005883"/>
</kw>
<kw name="Click Element" owner="SeleniumLibrary">
<msg time="2024-09-02T18:01:52.680192" level="INFO">Clicking element 'xpath=//a[normalize-space()='Share']'.</msg>
<arg>${SHARE_OPTION}</arg>
<doc>Click the element identified by ``locator``.</doc>
<status status="PASS" start="2024-09-02T18:01:52.679191" elapsed="0.048119"/>
</kw>
<kw name="Sleep" owner="BuiltIn">
<msg time="2024-09-02T18:01:54.740381" level="INFO">Slept 2 seconds.</msg>
<arg>2s</arg>
<doc>Pauses the test executed for the given time.</doc>
<status status="PASS" start="2024-09-02T18:01:52.727310" elapsed="2.013071"/>
</kw>
<kw name="Click Element" owner="SeleniumLibrary">
<msg time="2024-09-02T18:01:54.741388" level="INFO">Clicking element 'xpath=/html/body/main/div/div[9]/div/div/div/div/div[1]/div[2]/button/i'.</msg>
<arg>${OPTIONS_DROPDOWN_TOP_RIGHT_SIDE}</arg>
<doc>Click the element identified by ``locator``.</doc>
<status status="PASS" start="2024-09-02T18:01:54.741388" elapsed="0.076070"/>
</kw>
<kw name="Sleep" owner="BuiltIn">
<msg time="2024-09-02T18:01:56.822422" level="INFO">Slept 2 seconds.</msg>
<arg>2s</arg>
<doc>Pauses the test executed for the given time.</doc>
<status status="PASS" start="2024-09-02T18:01:54.817458" elapsed="2.004964"/>
</kw>
<kw name="Click Element" owner="SeleniumLibrary">
<msg time="2024-09-02T18:01:56.824413" level="INFO">Clicking element 'xpath=//a[normalize-space()='Delete Chat']'.</msg>
<arg>${DELETE_CHAT_OPTION}</arg>
<doc>Click the element identified by ``locator``.</doc>
<status status="PASS" start="2024-09-02T18:01:56.823413" elapsed="0.060001"/>
</kw>
<kw name="Sleep" owner="BuiltIn">
<msg time="2024-09-02T18:01:58.893628" level="INFO">Slept 2 seconds.</msg>
<arg>2s</arg>
<doc>Pauses the test executed for the given time.</doc>
<status status="PASS" start="2024-09-02T18:01:56.883414" elapsed="2.010214"/>
</kw>
<status status="PASS" start="2024-09-02T18:01:40.265680" elapsed="18.628951"/>
</kw>
<kw name="Verify Ask a Question Container" owner="Chatwithcode_Keywords">
<kw name="Wait Until Page Contains Element" owner="SeleniumLibrary">
<arg>${ASK_A_QUESTION_CONTAINER}</arg>
<doc>Waits until the element ``locator`` appears on the current page.</doc>
<status status="PASS" start="2024-09-02T18:01:58.896630" elapsed="0.050535"/>
</kw>
<kw name="Element Should Be Visible" owner="SeleniumLibrary">
<msg time="2024-09-02T18:01:58.965162" level="INFO">Element 'xpath=//textarea[@placeholder='Ask a question...']' is displayed.</msg>
<arg>${ASK_A_QUESTION_CONTAINER}</arg>
<doc>Verifies that the element identified by ``locator`` is visible.</doc>
<status status="PASS" start="2024-09-02T18:01:58.947165" elapsed="0.017997"/>
</kw>
<kw name="Sleep" owner="BuiltIn">
<msg time="2024-09-02T18:02:00.973369" level="INFO">Slept 2 seconds.</msg>
<arg>2s</arg>
<doc>Pauses the test executed for the given time.</doc>
<status status="PASS" start="2024-09-02T18:01:58.966162" elapsed="2.007207"/>
</kw>
<kw name="Wait Until Page Contains Element" owner="SeleniumLibrary">
<arg>${CAPTURE_LOGO_BESIDE_ASK_A_QUESTION}</arg>
<doc>Waits until the element ``locator`` appears on the current page.</doc>
<status status="PASS" start="2024-09-02T18:02:00.974372" elapsed="0.011998"/>
</kw>
<kw name="Element Should Be Visible" owner="SeleniumLibrary">
<msg time="2024-09-02T18:02:01.006449" level="INFO">Element 'xpath=//i[@class='fa-sharp fa-regular fa-aperture']' is displayed.</msg>
<arg>${CAPTURE_LOGO_BESIDE_ASK_A_QUESTION}</arg>
<doc>Verifies that the element identified by ``locator`` is visible.</doc>
<status status="PASS" start="2024-09-02T18:02:00.987371" elapsed="0.019078"/>
</kw>
<kw name="Sleep" owner="BuiltIn">
<msg time="2024-09-02T18:02:03.009052" level="INFO">Slept 2 seconds.</msg>
<arg>2s</arg>
<doc>Pauses the test executed for the given time.</doc>
<status status="PASS" start="2024-09-02T18:02:01.006449" elapsed="2.002603"/>
</kw>
<kw name="Wait Until Page Contains Element" owner="SeleniumLibrary">
<arg>${CHOOSE_FILE_LOGO_OPTION}</arg>
<doc>Waits until the element ``locator`` appears on the current page.</doc>
<status status="PASS" start="2024-09-02T18:02:03.010052" elapsed="0.012001"/>
</kw>
<kw name="Element Should Be Visible" owner="SeleniumLibrary">
<msg time="2024-09-02T18:02:03.034052" level="INFO">Element 'xpath=/html/body/main/div/div[9]/div/div/div/div/div[3]/div/div[2]/div/i' is displayed.</msg>
<arg>${CHOOSE_FILE_LOGO_OPTION}</arg>
<doc>Verifies that the element identified by ``locator`` is visible.</doc>
<status status="PASS" start="2024-09-02T18:02:03.022053" elapsed="0.011999"/>
</kw>
<kw name="Sleep" owner="BuiltIn">
<msg time="2024-09-02T18:02:05.045715" level="INFO">Slept 2 seconds.</msg>
<arg>2s</arg>
<doc>Pauses the test executed for the given time.</doc>
<status status="PASS" start="2024-09-02T18:02:03.034052" elapsed="2.012669"/>
</kw>
<kw name="Wait Until Page Contains Element" owner="SeleniumLibrary">
<arg>${SEND_QUESTION_LOGO_OPTION}</arg>
<doc>Waits until the element ``locator`` appears on the current page.</doc>
<status status="PASS" start="2024-09-02T18:02:05.046721" elapsed="0.014993"/>
</kw>
<kw name="Element Should Be Visible" owner="SeleniumLibrary">
<msg time="2024-09-02T18:02:05.080721" level="INFO">Element 'xpath=//i[@class='fa-sharp fa-solid fa-paper-plane-top']' is displayed.</msg>
<arg>${SEND_QUESTION_LOGO_OPTION}</arg>
<doc>Verifies that the element identified by ``locator`` is visible.</doc>
<status status="PASS" start="2024-09-02T18:02:05.062716" elapsed="0.018005"/>
</kw>
<kw name="Sleep" owner="BuiltIn">
<msg time="2024-09-02T18:02:07.084640" level="INFO">Slept 2 seconds.</msg>
<arg>2s</arg>
<doc>Pauses the test executed for the given time.</doc>
<status status="PASS" start="2024-09-02T18:02:05.080721" elapsed="2.003919"/>
</kw>
<kw name="Click Element" owner="SeleniumLibrary">
<msg time="2024-09-02T18:02:07.085642" level="INFO">Clicking element 'xpath=//i[@class='fa-sharp fa-solid fa-paper-plane-top']'.</msg>
<arg>${SEND_QUESTION_LOGO_OPTION}</arg>
<doc>Click the element identified by ``locator``.</doc>
<status status="PASS" start="2024-09-02T18:02:07.084640" elapsed="0.074534"/>
</kw>
<kw name="Sleep" owner="BuiltIn">
<msg time="2024-09-02T18:02:09.172071" level="INFO">Slept 2 seconds.</msg>
<arg>2s</arg>
<doc>Pauses the test executed for the given time.</doc>
<status status="PASS" start="2024-09-02T18:02:07.160169" elapsed="2.011902"/>
</kw>
<status status="PASS" start="2024-09-02T18:01:58.894631" elapsed="10.278440"/>
</kw>
<kw name="Verify Right Menu" owner="Chatwithcode_Keywords">
<kw name="Wait Until Page Contains Element" owner="SeleniumLibrary">
<arg>${RIGHT_MENU}</arg>
<doc>Waits until the element ``locator`` appears on the current page.</doc>
<status status="PASS" start="2024-09-02T18:02:09.174066" elapsed="0.020013"/>
</kw>
<kw name="Element Should Be Visible" owner="SeleniumLibrary">
<msg time="2024-09-02T18:02:09.211596" level="INFO">Element 'xpath=/html/body/main/div/header/div/div/div[3]/div/div[3]/button' is displayed.</msg>
<arg>${RIGHT_MENU}</arg>
<doc>Verifies that the element identified by ``locator`` is visible.</doc>
<status status="PASS" start="2024-09-02T18:02:09.194079" elapsed="0.017517"/>
</kw>
<kw name="Sleep" owner="BuiltIn">
<msg time="2024-09-02T18:02:11.226741" level="INFO">Slept 2 seconds.</msg>
<arg>2s</arg>
<doc>Pauses the test executed for the given time.</doc>
<status status="PASS" start="2024-09-02T18:02:09.211596" elapsed="2.015145"/>
</kw>
<kw name="Click Element" owner="SeleniumLibrary">
<msg time="2024-09-02T18:02:11.227743" level="INFO">Clicking element 'xpath=/html/body/main/div/header/div/div/div[3]/div/div[3]/button'.</msg>
<arg>${RIGHT_MENU}</arg>
<doc>Click the element identified by ``locator``.</doc>
<status status="PASS" start="2024-09-02T18:02:11.226741" elapsed="0.067013"/>
</kw>
<kw name="Sleep" owner="BuiltIn">
<msg time="2024-09-02T18:02:13.302780" level="INFO">Slept 2 seconds.</msg>
<arg>2s</arg>
<doc>Pauses the test executed for the given time.</doc>
<status status="PASS" start="2024-09-02T18:02:11.293754" elapsed="2.010026"/>
</kw>
<kw name="Wait Until Page Contains Element" owner="SeleniumLibrary">
<arg>${NEW_CHAT}</arg>
<doc>Waits until the element ``locator`` appears on the current page.</doc>
<status status="PASS" start="2024-09-02T18:02:13.304784" elapsed="0.022515"/>
</kw>
<kw name="Element Should Be Visible" owner="SeleniumLibrary">
<msg time="2024-09-02T18:02:13.351299" level="INFO">Element 'xpath=/html/body/main/div/div[8]/div[1]/div' is displayed.</msg>
<arg>${NEW_CHAT}</arg>
<doc>Verifies that the element identified by ``locator`` is visible.</doc>
<status status="PASS" start="2024-09-02T18:02:13.327299" elapsed="0.024000"/>
</kw>
<kw name="Sleep" owner="BuiltIn">
<msg time="2024-09-02T18:02:15.359030" level="INFO">Slept 2 seconds.</msg>
<arg>2s</arg>
<doc>Pauses the test executed for the given time.</doc>
<status status="PASS" start="2024-09-02T18:02:13.352300" elapsed="2.006730"/>
</kw>
<kw name="Click Element" owner="SeleniumLibrary">
<msg time="2024-09-02T18:02:15.359030" level="INFO">Clicking element 'xpath=/html/body/main/div/div[8]/div[1]/div'.</msg>
<arg>${NEW_CHAT}</arg>
<doc>Click the element identified by ``locator``.</doc>
<status status="PASS" start="2024-09-02T18:02:15.359030" elapsed="0.045039"/>
</kw>
<kw name="Wait Until Page Contains Element" owner="SeleniumLibrary">
<arg>${SELECT_PLATFORM_AND_LLM_CONTAINER}</arg>
<doc>Waits until the element ``locator`` appears on the current page.</doc>
<status status="PASS" start="2024-09-02T18:02:15.404069" elapsed="0.016996"/>
</kw>
<kw name="Element Should Be Visible" owner="SeleniumLibrary">
<msg time="2024-09-02T18:02:15.438542" level="INFO">Element 'xpath=/html/body/main/div/div[8]/span[1]/div' is displayed.</msg>
<arg>${SELECT_PLATFORM_AND_LLM_CONTAINER}</arg>
<doc>Verifies that the element identified by ``locator`` is visible.</doc>
<status status="PASS" start="2024-09-02T18:02:15.421065" elapsed="0.017477"/>
</kw>
<kw name="Sleep" owner="BuiltIn">
<msg time="2024-09-02T18:02:17.443817" level="INFO">Slept 2 seconds.</msg>
<arg>2s</arg>
<doc>Pauses the test executed for the given time.</doc>
<status status="PASS" start="2024-09-02T18:02:15.438542" elapsed="2.005275"/>
</kw>
<kw name="Wait Until Page Contains Element" owner="SeleniumLibrary">
<arg>${ARROW_OF_SELECT_PLATFORM_AND_LLM_CONTAINER}</arg>
<doc>Waits until the element ``locator`` appears on the current page.</doc>
<status status="PASS" start="2024-09-02T18:02:17.443817" elapsed="0.010008"/>
</kw>
<kw name="Element Should Be Visible" owner="SeleniumLibrary">
<msg time="2024-09-02T18:02:17.483821" level="INFO">Element 'xpath=/html/body/main/div/div[8]/span[1]/div/div/div[2]/div' is displayed.</msg>
<arg>${ARROW_OF_SELECT_PLATFORM_AND_LLM_CONTAINER}</arg>
<doc>Verifies that the element identified by ``locator`` is visible.</doc>
<status status="PASS" start="2024-09-02T18:02:17.453825" elapsed="0.029996"/>
</kw>
<kw name="Sleep" owner="BuiltIn">
<msg time="2024-09-02T18:02:19.484442" level="INFO">Slept 2 seconds.</msg>
<arg>2s</arg>
<doc>Pauses the test executed for the given time.</doc>
<status status="PASS" start="2024-09-02T18:02:17.483821" elapsed="2.000621"/>
</kw>
<kw name="Click Element" owner="SeleniumLibrary">
<msg time="2024-09-02T18:02:19.484442" level="INFO">Clicking element 'xpath=/html/body/main/div/div[8]/span[1]/div/div/div[2]/div'.</msg>
<arg>${ARROW_OF_SELECT_PLATFORM_AND_LLM_CONTAINER}</arg>
<doc>Click the element identified by ``locator``.</doc>
<status status="PASS" start="2024-09-02T18:02:19.484442" elapsed="0.065522"/>
</kw>
<kw name="Sleep" owner="BuiltIn">
<msg time="2024-09-02T18:02:21.554241" level="INFO">Slept 2 seconds.</msg>
<arg>2s</arg>
<doc>Pauses the test executed for the given time.</doc>
<status status="PASS" start="2024-09-02T18:02:19.549964" elapsed="2.004277"/>
</kw>
<kw name="Press Keys" owner="SeleniumLibrary">
<msg time="2024-09-02T18:02:21.554241" level="INFO">Sending key(s) ('DOWN',) to xpath=/html/body/main/div/div[8]/span[1]/div/div/div[2]/div element.</msg>
<msg time="2024-09-02T18:02:21.838903" level="INFO">Pressing special key DOWN to element.</msg>
<msg time="2024-09-02T18:02:21.838903" level="INFO">Releasing special key DOWN.</msg>
<arg>${ARROW_OF_SELECT_PLATFORM_AND_LLM_CONTAINER}</arg>
<arg>DOWN</arg>
<doc>Simulates the user pressing key(s) to an element or on the active browser.</doc>
<status status="PASS" start="2024-09-02T18:02:21.554241" elapsed="0.302596"/>
</kw>
<kw name="Sleep" owner="BuiltIn">
<msg time="2024-09-02T18:02:23.862571" level="INFO">Slept 2 seconds.</msg>
<arg>2s</arg>
<doc>Pauses the test executed for the given time.</doc>
<status status="PASS" start="2024-09-02T18:02:21.856837" elapsed="2.005734"/>
</kw>
<kw name="Press Keys" owner="SeleniumLibrary">
<msg time="2024-09-02T18:02:23.862571" level="INFO">Sending key(s) ('ENTER',) to xpath=/html/body/main/div/div[8]/span[1]/div/div/div[2]/div element.</msg>
<msg time="2024-09-02T18:02:24.141502" level="INFO">Pressing special key ENTER to element.</msg>
<msg time="2024-09-02T18:02:24.141502" level="INFO">Releasing special key ENTER.</msg>
<arg>${ARROW_OF_SELECT_PLATFORM_AND_LLM_CONTAINER}</arg>
<arg>ENTER</arg>
<doc>Simulates the user pressing key(s) to an element or on the active browser.</doc>
<status status="PASS" start="2024-09-02T18:02:23.862571" elapsed="0.283822"/>
</kw>
<kw name="Sleep" owner="BuiltIn">
<msg time="2024-09-02T18:02:26.150187" level="INFO">Slept 2 seconds.</msg>
<arg>2s</arg>
<doc>Pauses the test executed for the given time.</doc>
<status status="PASS" start="2024-09-02T18:02:24.146393" elapsed="2.003794"/>
</kw>
<kw name="Click Element" owner="SeleniumLibrary">
<msg time="2024-09-02T18:02:26.150187" level="INFO">Clicking element 'xpath=/html/body/main/div/div[8]/span[1]/div/div/div[2]/div'.</msg>
<arg>${ARROW_OF_SELECT_PLATFORM_AND_LLM_CONTAINER}</arg>
<doc>Click the element identified by ``locator``.</doc>
<status status="PASS" start="2024-09-02T18:02:26.150187" elapsed="0.037801"/>
</kw>
<kw name="Sleep" owner="BuiltIn">
<msg time="2024-09-02T18:02:28.188891" level="INFO">Slept 2 seconds.</msg>
<arg>2s</arg>
<doc>Pauses the test executed for the given time.</doc>
<status status="PASS" start="2024-09-02T18:02:26.187988" elapsed="2.000903"/>
</kw>
<kw name="Press Keys" owner="SeleniumLibrary">
<msg time="2024-09-02T18:02:28.189900" level="INFO">Sending key(s) ('DOWN',) to xpath=/html/body/main/div/div[8]/span[1]/div/div/div[2]/div element.</msg>
<msg time="2024-09-02T18:02:28.472295" level="INFO">Pressing special key DOWN to element.</msg>
<msg time="2024-09-02T18:02:28.472295" level="INFO">Releasing special key DOWN.</msg>
<arg>${ARROW_OF_SELECT_PLATFORM_AND_LLM_CONTAINER}</arg>
<arg>DOWN</arg>
<doc>Simulates the user pressing key(s) to an element or on the active browser.</doc>
<status status="PASS" start="2024-09-02T18:02:28.188891" elapsed="0.295406"/>
</kw>
<kw name="Press Keys" owner="SeleniumLibrary">
<msg time="2024-09-02T18:02:28.485430" level="INFO">Sending key(s) ('DOWN',) to xpath=/html/body/main/div/div[8]/span[1]/div/div/div[2]/div element.</msg>
<msg time="2024-09-02T18:02:28.762232" level="INFO">Pressing special key DOWN to element.</msg>
<msg time="2024-09-02T18:02:28.762232" level="INFO">Releasing special key DOWN.</msg>
<arg>${ARROW_OF_SELECT_PLATFORM_AND_LLM_CONTAINER}</arg>
<arg>DOWN</arg>
<doc>Simulates the user pressing key(s) to an element or on the active browser.</doc>
<status status="PASS" start="2024-09-02T18:02:28.484297" elapsed="0.292570"/>
</kw>
<kw name="Sleep" owner="BuiltIn">
<msg time="2024-09-02T18:02:30.792011" level="INFO">Slept 2 seconds.</msg>
<arg>2s</arg>
<doc>Pauses the test executed for the given time.</doc>
<status status="PASS" start="2024-09-02T18:02:28.776867" elapsed="2.015144"/>
</kw>
<kw name="Press Keys" owner="SeleniumLibrary">
<msg time="2024-09-02T18:02:30.793011" level="INFO">Sending key(s) ('ENTER',) to xpath=/html/body/main/div/div[8]/span[1]/div/div/div[2]/div element.</msg>
<msg time="2024-09-02T18:02:31.078980" level="INFO">Pressing special key ENTER to element.</msg>
<msg time="2024-09-02T18:02:31.078980" level="INFO">Releasing special key ENTER.</msg>
<arg>${ARROW_OF_SELECT_PLATFORM_AND_LLM_CONTAINER}</arg>
<arg>ENTER</arg>
<doc>Simulates the user pressing key(s) to an element or on the active browser.</doc>
<status status="PASS" start="2024-09-02T18:02:30.792011" elapsed="0.295969"/>
</kw>
<kw name="Sleep" owner="BuiltIn">
<msg time="2024-09-02T18:02:33.095440" level="INFO">Slept 2 seconds.</msg>
<arg>2s</arg>
<doc>Pauses the test executed for the given time.</doc>
<status status="PASS" start="2024-09-02T18:02:31.088975" elapsed="2.006465"/>
</kw>
<kw name="Click Element" owner="SeleniumLibrary">
<msg time="2024-09-02T18:02:33.095440" level="INFO">Clicking element 'xpath=/html/body/main/div/div[8]/span[1]/div/div/div[2]/div'.</msg>
<arg>${ARROW_OF_SELECT_PLATFORM_AND_LLM_CONTAINER}</arg>
<doc>Click the element identified by ``locator``.</doc>
<status status="PASS" start="2024-09-02T18:02:33.095440" elapsed="0.054290"/>
</kw>
<kw name="Sleep" owner="BuiltIn">
<msg time="2024-09-02T18:02:35.160240" level="INFO">Slept 2 seconds.</msg>
<arg>2s</arg>
<doc>Pauses the test executed for the given time.</doc>
<status status="PASS" start="2024-09-02T18:02:33.149730" elapsed="2.010510"/>
</kw>
<kw name="Press Keys" owner="SeleniumLibrary">
<msg time="2024-09-02T18:02:35.161238" level="INFO">Sending key(s) ('DOWN',) to xpath=/html/body/main/div/div[8]/span[1]/div/div/div[2]/div element.</msg>
<msg time="2024-09-02T18:02:35.440432" level="INFO">Pressing special key DOWN to element.</msg>
<msg time="2024-09-02T18:02:35.440432" level="INFO">Releasing special key DOWN.</msg>
<arg>${ARROW_OF_SELECT_PLATFORM_AND_LLM_CONTAINER}</arg>
<arg>DOWN</arg>
<doc>Simulates the user pressing key(s) to an element or on the active browser.</doc>
<status status="PASS" start="2024-09-02T18:02:35.160240" elapsed="0.293714"/>
</kw>
<kw name="Press Keys" owner="SeleniumLibrary">
<msg time="2024-09-02T18:02:35.453954" level="INFO">Sending key(s) ('DOWN',) to xpath=/html/body/main/div/div[8]/span[1]/div/div/div[2]/div element.</msg>
<msg time="2024-09-02T18:02:35.737697" level="INFO">Pressing special key DOWN to element.</msg>
<msg time="2024-09-02T18:02:35.737697" level="INFO">Releasing special key DOWN.</msg>
<arg>${ARROW_OF_SELECT_PLATFORM_AND_LLM_CONTAINER}</arg>
<arg>DOWN</arg>
<doc>Simulates the user pressing key(s) to an element or on the active browser.</doc>
<status status="PASS" start="2024-09-02T18:02:35.453954" elapsed="0.291612"/>
</kw>
<kw name="Press Keys" owner="SeleniumLibrary">
<msg time="2024-09-02T18:02:35.745566" level="INFO">Sending key(s) ('DOWN',) to xpath=/html/body/main/div/div[8]/span[1]/div/div/div[2]/div element.</msg>
<msg time="2024-09-02T18:02:36.051894" level="INFO">Pressing special key DOWN to element.</msg>
<msg time="2024-09-02T18:02:36.052894" level="INFO">Releasing special key DOWN.</msg>
<arg>${ARROW_OF_SELECT_PLATFORM_AND_LLM_CONTAINER}</arg>
<arg>DOWN</arg>
<doc>Simulates the user pressing key(s) to an element or on the active browser.</doc>
<status status="PASS" start="2024-09-02T18:02:35.745566" elapsed="0.323327"/>
</kw>
<kw name="Sleep" owner="BuiltIn">
<msg time="2024-09-02T18:02:38.075300" level="INFO">Slept 2 seconds.</msg>
<arg>2s</arg>
<doc>Pauses the test executed for the given time.</doc>
<status status="PASS" start="2024-09-02T18:02:36.068893" elapsed="2.006407"/>
</kw>
<kw name="Press Keys" owner="SeleniumLibrary">
<msg time="2024-09-02T18:02:38.075300" level="INFO">Sending key(s) ('ENTER',) to xpath=/html/body/main/div/div[8]/span[1]/div/div/div[2]/div element.</msg>
<msg time="2024-09-02T18:02:38.353493" level="INFO">Pressing special key ENTER to element.</msg>
<msg time="2024-09-02T18:02:38.354302" level="INFO">Releasing special key ENTER.</msg>
<arg>${ARROW_OF_SELECT_PLATFORM_AND_LLM_CONTAINER}</arg>
<arg>ENTER</arg>
<doc>Simulates the user pressing key(s) to an element or on the active browser.</doc>
<status status="PASS" start="2024-09-02T18:02:38.075300" elapsed="0.279182"/>
</kw>
<kw name="Sleep" owner="BuiltIn">
<msg time="2024-09-02T18:02:40.366868" level="INFO">Slept 2 seconds.</msg>
<arg>2s</arg>
<doc>Pauses the test executed for the given time.</doc>
<status status="PASS" start="2024-09-02T18:02:38.354482" elapsed="2.012386"/>
</kw>
<kw name="Click Element" owner="SeleniumLibrary">
<msg time="2024-09-02T18:02:40.366868" level="INFO">Clicking element 'xpath=/html/body/main/div/div[8]/span[1]/div/div/div[2]/div'.</msg>
<arg>${ARROW_OF_SELECT_PLATFORM_AND_LLM_CONTAINER}</arg>
<doc>Click the element identified by ``locator``.</doc>
<status status="PASS" start="2024-09-02T18:02:40.366868" elapsed="0.054490"/>
</kw>
<kw name="Sleep" owner="BuiltIn">
<msg time="2024-09-02T18:02:41.425096" level="INFO">Slept 1 second.</msg>
<arg>1s</arg>
<doc>Pauses the test executed for the given time.</doc>
<status status="PASS" start="2024-09-02T18:02:40.421358" elapsed="1.003738"/>
</kw>
<kw name="Click Element" owner="SeleniumLibrary">
<msg time="2024-09-02T18:02:41.425096" level="INFO">Clicking element 'xpath=/html/body/main/div/div[8]/span[1]/div/div/div[2]/div'.</msg>
<arg>${ARROW_OF_SELECT_PLATFORM_AND_LLM_CONTAINER}</arg>
<doc>Click the element identified by ``locator``.</doc>
<status status="PASS" start="2024-09-02T18:02:41.425096" elapsed="0.037772"/>
</kw>
<kw name="Wait Until Page Contains Element" owner="SeleniumLibrary">
<arg>${SELECT_ACCOUNT}</arg>
<doc>Waits until the element ``locator`` appears on the current page.</doc>
<status status="PASS" start="2024-09-02T18:02:41.462868" elapsed="0.008463"/>
</kw>
<kw name="Element Should Be Visible" owner="SeleniumLibrary">
<msg time="2024-09-02T18:02:41.491380" level="INFO">Element 'xpath=/html/body/main/div/div[8]/span[2]/div' is displayed.</msg>
<arg>${SELECT_ACCOUNT}</arg>
<doc>Verifies that the element identified by ``locator`` is visible.</doc>
<status status="PASS" start="2024-09-02T18:02:41.471331" elapsed="0.020049"/>
</kw>
<kw name="Sleep" owner="BuiltIn">
<msg time="2024-09-02T18:02:43.498408" level="INFO">Slept 2 seconds.</msg>
<arg>2s</arg>
<doc>Pauses the test executed for the given time.</doc>
<status status="PASS" start="2024-09-02T18:02:41.491380" elapsed="2.007028"/>
</kw>
<kw name="Wait Until Page Contains Element" owner="SeleniumLibrary">
<arg>${ARROW_OF_SELECT_ACCOUNT_CONTAINER}</arg>
<doc>Waits until the element ``locator`` appears on the current page.</doc>
<status status="PASS" start="2024-09-02T18:02:43.498408" elapsed="0.020000"/>
</kw>
<kw name="Element Should Be Visible" owner="SeleniumLibrary">
<msg time="2024-09-02T18:02:43.538445" level="INFO">Element 'xpath=/html/body/main/div/div[8]/span[2]/div/div/div[2]/div' is displayed.</msg>
<arg>${ARROW_OF_SELECT_ACCOUNT_CONTAINER}</arg>
<doc>Verifies that the element identified by ``locator`` is visible.</doc>
<status status="PASS" start="2024-09-02T18:02:43.518408" elapsed="0.020037"/>
</kw>
<kw name="Sleep" owner="BuiltIn">
<msg time="2024-09-02T18:02:45.546829" level="INFO">Slept 2 seconds.</msg>
<arg>2s</arg>
<doc>Pauses the test executed for the given time.</doc>
<status status="PASS" start="2024-09-02T18:02:43.538445" elapsed="2.008384"/>
</kw>
<kw name="Click Element" owner="SeleniumLibrary">
<msg time="2024-09-02T18:02:45.546829" level="INFO">Clicking element 'xpath=/html/body/main/div/div[8]/span[2]/div/div/div[2]/div'.</msg>
<arg>${ARROW_OF_SELECT_ACCOUNT_CONTAINER}</arg>
<doc>Click the element identified by ``locator``.</doc>
<status status="PASS" start="2024-09-02T18:02:45.546829" elapsed="0.048575"/>
</kw>
<kw name="Sleep" owner="BuiltIn">
<msg time="2024-09-02T18:02:47.602503" level="INFO">Slept 2 seconds.</msg>
<arg>2s</arg>
<doc>Pauses the test executed for the given time.</doc>
<status status="PASS" start="2024-09-02T18:02:45.595404" elapsed="2.007099"/>
</kw>
<kw name="Press Keys" owner="SeleniumLibrary">
<msg time="2024-09-02T18:02:47.602503" level="INFO">Sending key(s) ('DOWN',) to xpath=/html/body/main/div/div[8]/span[2]/div/div/div[2]/div element.</msg>
<msg time="2024-09-02T18:02:47.889812" level="INFO">Pressing special key DOWN to element.</msg>
<msg time="2024-09-02T18:02:47.889812" level="INFO">Releasing special key DOWN.</msg>
<arg>${ARROW_OF_SELECT_ACCOUNT_CONTAINER}</arg>
<arg>DOWN</arg>
<doc>Simulates the user pressing key(s) to an element or on the active browser.</doc>
<status status="PASS" start="2024-09-02T18:02:47.602503" elapsed="0.298450"/>
</kw>
<kw name="Sleep" owner="BuiltIn">
<msg time="2024-09-02T18:02:49.910614" level="INFO">Slept 2 seconds.</msg>
<arg>2s</arg>
<doc>Pauses the test executed for the given time.</doc>
<status status="PASS" start="2024-09-02T18:02:47.901960" elapsed="2.008654"/>
</kw>
<kw name="Press Keys" owner="SeleniumLibrary">
<msg time="2024-09-02T18:02:49.911621" level="INFO">Sending key(s) ('ENTER',) to xpath=/html/body/main/div/div[8]/span[2]/div/div/div[2]/div element.</msg>
<msg time="2024-09-02T18:02:50.190550" level="INFO">Pressing special key ENTER to element.</msg>
<msg time="2024-09-02T18:02:50.190550" level="INFO">Releasing special key ENTER.</msg>
<arg>${ARROW_OF_SELECT_ACCOUNT_CONTAINER}</arg>
<arg>ENTER</arg>
<doc>Simulates the user pressing key(s) to an element or on the active browser.</doc>
<status status="PASS" start="2024-09-02T18:02:49.910614" elapsed="0.284937"/>
</kw>
<kw name="Sleep" owner="BuiltIn">
<msg time="2024-09-02T18:02:52.203247" level="INFO">Slept 2 seconds.</msg>
<arg>2s</arg>
<doc>Pauses the test executed for the given time.</doc>
<status status="PASS" start="2024-09-02T18:02:50.195551" elapsed="2.007696"/>
</kw>
<kw name="Click Element" owner="SeleniumLibrary">
<msg time="2024-09-02T18:02:52.204257" level="INFO">Clicking element 'xpath=/html/body/main/div/div[8]/span[2]/div/div/div[2]/div'.</msg>
<arg>${ARROW_OF_SELECT_ACCOUNT_CONTAINER}</arg>
<doc>Click the element identified by ``locator``.</doc>
<status status="PASS" start="2024-09-02T18:02:52.204257" elapsed="0.040434"/>
</kw>
<kw name="Sleep" owner="BuiltIn">
<msg time="2024-09-02T18:02:54.257240" level="INFO">Slept 2 seconds.</msg>
<arg>2s</arg>
<doc>Pauses the test executed for the given time.</doc>
<status status="PASS" start="2024-09-02T18:02:52.244691" elapsed="2.012549"/>
</kw>
<kw name="Press Keys" owner="SeleniumLibrary">
<msg time="2024-09-02T18:02:54.258241" level="INFO">Sending key(s) ('DOWN',) to xpath=/html/body/main/div/div[8]/span[2]/div/div/div[2]/div element.</msg>
<msg time="2024-09-02T18:02:54.540548" level="INFO">Pressing special key DOWN to element.</msg>
<msg time="2024-09-02T18:02:54.540548" level="INFO">Releasing special key DOWN.</msg>
<arg>${ARROW_OF_SELECT_ACCOUNT_CONTAINER}</arg>
<arg>DOWN</arg>
<doc>Simulates the user pressing key(s) to an element or on the active browser.</doc>
<status status="PASS" start="2024-09-02T18:02:54.257240" elapsed="0.293722"/>
</kw>
<kw name="Press Keys" owner="SeleniumLibrary">
<msg time="2024-09-02T18:02:54.551950" level="INFO">Sending key(s) ('DOWN',) to xpath=/html/body/main/div/div[8]/span[2]/div/div/div[2]/div element.</msg>
<msg time="2024-09-02T18:02:54.836545" level="INFO">Pressing special key DOWN to element.</msg>
<msg time="2024-09-02T18:02:54.836545" level="INFO">Releasing special key DOWN.</msg>
<arg>${ARROW_OF_SELECT_ACCOUNT_CONTAINER}</arg>
<arg>DOWN</arg>
<doc>Simulates the user pressing key(s) to an element or on the active browser.</doc>
<status status="PASS" start="2024-09-02T18:02:54.551950" elapsed="0.296596"/>
</kw>
<kw name="Sleep" owner="BuiltIn">
<msg time="2024-09-02T18:02:56.863214" level="INFO">Slept 2 seconds.</msg>
<arg>2s</arg>
<doc>Pauses the test executed for the given time.</doc>
<status status="PASS" start="2024-09-02T18:02:54.848546" elapsed="2.014668"/>
</kw>
<kw name="Press Keys" owner="SeleniumLibrary">
<msg time="2024-09-02T18:02:56.864215" level="INFO">Sending key(s) ('ENTER',) to xpath=/html/body/main/div/div[8]/span[2]/div/div/div[2]/div element.</msg>
<msg time="2024-09-02T18:02:57.150569" level="INFO">Pressing special key ENTER to element.</msg>
<msg time="2024-09-02T18:02:57.150569" level="INFO">Releasing special key ENTER.</msg>
<arg>${ARROW_OF_SELECT_ACCOUNT_CONTAINER}</arg>
<arg>ENTER</arg>
<doc>Simulates the user pressing key(s) to an element or on the active browser.</doc>
<status status="PASS" start="2024-09-02T18:02:56.863214" elapsed="0.294354"/>
</kw>
<kw name="Sleep" owner="BuiltIn">
<msg time="2024-09-02T18:02:59.164083" level="INFO">Slept 2 seconds.</msg>
<arg>2s</arg>
<doc>Pauses the test executed for the given time.</doc>
<status status="PASS" start="2024-09-02T18:02:57.158569" elapsed="2.005514"/>
</kw>
<kw name="Click Element" owner="SeleniumLibrary">
<msg time="2024-09-02T18:02:59.165081" level="INFO">Clicking element 'xpath=/html/body/main/div/div[8]/span[2]/div/div/div[2]/div'.</msg>
<arg>${ARROW_OF_SELECT_ACCOUNT_CONTAINER}</arg>
<doc>Click the element identified by ``locator``.</doc>
<status status="PASS" start="2024-09-02T18:02:59.165081" elapsed="0.044001"/>
</kw>
<kw name="Sleep" owner="BuiltIn">
<msg time="2024-09-02T18:03:01.211575" level="INFO">Slept 2 seconds.</msg>
<arg>2s</arg>
<doc>Pauses the test executed for the given time.</doc>
<status status="PASS" start="2024-09-02T18:02:59.209082" elapsed="2.003496"/>
</kw>
<kw name="Press Keys" owner="SeleniumLibrary">
<msg time="2024-09-02T18:03:01.213575" level="INFO">Sending key(s) ('DOWN',) to xpath=/html/body/main/div/div[8]/span[2]/div/div/div[2]/div element.</msg>
<msg time="2024-09-02T18:03:01.497951" level="INFO">Pressing special key DOWN to element.</msg>
<msg time="2024-09-02T18:03:01.497951" level="INFO">Releasing special key DOWN.</msg>
<arg>${ARROW_OF_SELECT_ACCOUNT_CONTAINER}</arg>
<arg>DOWN</arg>
<doc>Simulates the user pressing key(s) to an element or on the active browser.</doc>
<status status="PASS" start="2024-09-02T18:03:01.212578" elapsed="0.293373"/>
</kw>
<kw name="Press Keys" owner="SeleniumLibrary">
<msg time="2024-09-02T18:03:01.506949" level="INFO">Sending key(s) ('DOWN',) to xpath=/html/body/main/div/div[8]/span[2]/div/div/div[2]/div element.</msg>
<msg time="2024-09-02T18:03:01.793192" level="INFO">Pressing special key DOWN to element.</msg>
<msg time="2024-09-02T18:03:01.793192" level="INFO">Releasing special key DOWN.</msg>
<arg>${ARROW_OF_SELECT_ACCOUNT_CONTAINER}</arg>
<arg>DOWN</arg>
<doc>Simulates the user pressing key(s) to an element or on the active browser.</doc>
<status status="PASS" start="2024-09-02T18:03:01.506949" elapsed="0.302247"/>
</kw>
<kw name="Press Keys" owner="SeleniumLibrary">
<msg time="2024-09-02T18:03:01.810193" level="INFO">Sending key(s) ('DOWN',) to xpath=/html/body/main/div/div[8]/span[2]/div/div/div[2]/div element.</msg>
<msg time="2024-09-02T18:03:02.103593" level="INFO">Pressing special key DOWN to element.</msg>
<msg time="2024-09-02T18:03:02.103593" level="INFO">Releasing special key DOWN.</msg>
<arg>${ARROW_OF_SELECT_ACCOUNT_CONTAINER}</arg>
<arg>DOWN</arg>
<doc>Simulates the user pressing key(s) to an element or on the active browser.</doc>
<status status="PASS" start="2024-09-02T18:03:01.810193" elapsed="0.305399"/>
</kw>
<kw name="Sleep" owner="BuiltIn">
<msg time="2024-09-02T18:03:04.129086" level="INFO">Slept 2 seconds.</msg>
<arg>2s</arg>
<doc>Pauses the test executed for the given time.</doc>
<status status="PASS" start="2024-09-02T18:03:02.116587" elapsed="2.012499"/>
</kw>
<kw name="Press Keys" owner="SeleniumLibrary">
<msg time="2024-09-02T18:03:04.130085" level="INFO">Sending key(s) ('ENTER',) to xpath=/html/body/main/div/div[8]/span[2]/div/div/div[2]/div element.</msg>
<msg time="2024-09-02T18:03:04.414617" level="INFO">Pressing special key ENTER to element.</msg>
<msg time="2024-09-02T18:03:04.414617" level="INFO">Releasing special key ENTER.</msg>
<arg>${ARROW_OF_SELECT_ACCOUNT_CONTAINER}</arg>
<arg>ENTER</arg>
<doc>Simulates the user pressing key(s) to an element or on the active browser.</doc>
<status status="PASS" start="2024-09-02T18:03:04.129086" elapsed="0.294533"/>
</kw>
<kw name="Sleep" owner="BuiltIn">
<msg time="2024-09-02T18:03:06.428529" level="INFO">Slept 2 seconds.</msg>
<arg>2s</arg>
<doc>Pauses the test executed for the given time.</doc>
<status status="PASS" start="2024-09-02T18:03:04.423619" elapsed="2.004910"/>
</kw>
<kw name="Click Element" owner="SeleniumLibrary">
<msg time="2024-09-02T18:03:06.429536" level="INFO">Clicking element 'xpath=/html/body/main/div/div[8]/span[2]/div/div/div[2]/div'.</msg>
<arg>${ARROW_OF_SELECT_ACCOUNT_CONTAINER}</arg>
<doc>Click the element identified by ``locator``.</doc>
<status status="PASS" start="2024-09-02T18:03:06.428529" elapsed="0.040517"/>
</kw>
<kw name="Sleep" owner="BuiltIn">
<msg time="2024-09-02T18:03:07.477409" level="INFO">Slept 1 second.</msg>
<arg>1s</arg>
<doc>Pauses the test executed for the given time.</doc>
<status status="PASS" start="2024-09-02T18:03:06.470047" elapsed="1.007362"/>
</kw>
<kw name="Click Element" owner="SeleniumLibrary">
<msg time="2024-09-02T18:03:07.479415" level="INFO">Clicking element 'xpath=/html/body/main/div/div[8]/span[2]/div/div/div[2]/div'.</msg>
<arg>${ARROW_OF_SELECT_ACCOUNT_CONTAINER}</arg>
<doc>Click the element identified by ``locator``.</doc>
<status status="PASS" start="2024-09-02T18:03:07.478409" elapsed="0.053013"/>
</kw>
<kw name="Wait Until Page Contains Element" owner="SeleniumLibrary">
<arg>${HISTORY}</arg>
<doc>Waits until the element ``locator`` appears on the current page.</doc>
<status status="PASS" start="2024-09-02T18:03:07.531422" elapsed="0.014512"/>
</kw>
<kw name="Element Should Be Visible" owner="SeleniumLibrary">
<msg time="2024-09-02T18:03:07.563928" level="INFO">Element 'xpath=/html/body/main/div/div[8]/div[2]/div' is displayed.</msg>
<arg>${HISTORY}</arg>
<doc>Verifies that the element identified by ``locator`` is visible.</doc>
<status status="PASS" start="2024-09-02T18:03:07.545934" elapsed="0.017994"/>
</kw>
<kw name="Sleep" owner="BuiltIn">
<msg time="2024-09-02T18:03:09.571734" level="INFO">Slept 2 seconds.</msg>
<arg>2s</arg>
<doc>Pauses the test executed for the given time.</doc>
<status status="PASS" start="2024-09-02T18:03:07.563928" elapsed="2.007806"/>
</kw>
<status status="PASS" start="2024-09-02T18:02:09.173071" elapsed="60.398663"/>
</kw>
<kw name="Close Browser" owner="SeleniumLibrary">
<doc>Closes the current browser.</doc>
<status status="PASS" start="2024-09-02T18:03:09.571734" elapsed="2.259757"/>
</kw>
<status status="PASS" start="2024-09-02T18:00:53.664568" elapsed="138.166923"/>
</test>
<status status="PASS" start="2024-09-02T18:00:52.313163" elapsed="139.519329"/>
</suite>
<status status="PASS" start="2024-09-02T18:00:52.229613" elapsed="139.603879"/>
</suite>
<statistics>
<total>
<stat pass="1" fail="0" skip="0">All Tests</stat>
</total>
<tag>
</tag>
<suite>
<stat pass="1" fail="0" skip="0" id="s1" name="Suites">Suites</stat>
<stat pass="1" fail="0" skip="0" id="s1-s1" name="Chatwithlog Testcases">Suites.Chatwithlog Testcases</stat>
</suite>
</statistics>
<errors>
</errors>
</robot>
