<?xml version="1.0" encoding="UTF-8"?>
<robot generator="Robot 7.1.1 (Python 3.10.2 on win32)" generated="2025-01-29T17:47:35.617784" rpa="false" schemaversion="5">
<suite id="s1" name="Landingpage Testcase" source="C:\Users\ANIL KUMAR RAHUL\PycharmProjects\GenE Automation\GenE_Automation\Testcases\LANDING_PAGE_TEST\Landingpage_Testcase.robot">
<test id="s1-t1" name="Verify Landing page" line="4">
<kw name="Open Browser" owner="SeleniumLibrary">
<msg time="2025-01-29T17:47:36.004498" level="INFO">Opening browser 'Chrome' to base url 'https://genedev.dtskill.com/'.</msg>
<arg>${URL}</arg>
<arg>Chrome</arg>
<doc>Opens a new browser instance to the optional ``url``.</doc>
<status status="PASS" start="2025-01-29T17:47:36.004498" elapsed="2.606271"/>
</kw>
<kw name="Maximize Browser Window" owner="SeleniumLibrary">
<doc>Maximizes current browser window.</doc>
<status status="PASS" start="2025-01-29T17:47:38.610769" elapsed="0.035403"/>
</kw>
<kw name="Fill Login Form" owner="Loginpage_Keywords">
<kw name="Input Text" owner="SeleniumLibrary">
<msg time="2025-01-29T17:47:38.650196" level="INFO">Typing text 'varun.datt@dtskill.com' into text field 'xpath=/html/body/main/div/div/div/div[1]/div/div[2]/div[1]/form/div[1]/input'.</msg>
<arg>${USERNAME_LOCATOR}</arg>
<arg>${email}</arg>
<doc>Types the given ``text`` into the text field identified by ``locator``.</doc>
<status status="PASS" start="2025-01-29T17:47:38.650196" elapsed="0.662325"/>
</kw>
<kw name="Input Text" owner="SeleniumLibrary">
<msg time="2025-01-29T17:47:39.313523" level="INFO">Typing text '123456' into text field 'xpath=/html/body/main/div/div/div/div[1]/div/div[2]/div[1]/form/div[2]/input'.</msg>
<arg>${PASSWORD_LOCATOR}</arg>
<arg>${password}</arg>
<doc>Types the given ``text`` into the text field identified by ``locator``.</doc>
<status status="PASS" start="2025-01-29T17:47:39.313523" elapsed="0.156418"/>
</kw>
<arg>${USERNAME}</arg>
<arg>${PASSWORD}</arg>
<status status="PASS" start="2025-01-29T17:47:38.648183" elapsed="0.821758"/>
</kw>
<kw name="Click Login Button" owner="Loginpage_Keywords">
<kw name="Click Element" owner="SeleniumLibrary">
<msg time="2025-01-29T17:47:39.482241" level="INFO">Clicking element 'xpath=/html/body/main/div/div/div/div[1]/div/div[2]/div[1]/form/button'.</msg>
<arg>${LOGIN_BUTTON}</arg>
<doc>Click the element identified by ``locator``.</doc>
<status status="PASS" start="2025-01-29T17:47:39.482241" elapsed="0.089455"/>
</kw>
<kw name="Sleep" owner="BuiltIn">
<msg time="2025-01-29T17:47:41.580480" level="INFO">Slept 2 seconds.</msg>
<arg>2s</arg>
<doc>Pauses the test executed for the given time.</doc>
<status status="PASS" start="2025-01-29T17:47:39.571696" elapsed="2.008784"/>
</kw>
<status status="PASS" start="2025-01-29T17:47:39.480232" elapsed="2.100248"/>
</kw>
<kw name="Wait Until Location Is" owner="SeleniumLibrary">
<arg>${SUCCESS_URL}</arg>
<arg>timeout=10s</arg>
<doc>Waits until the current URL is ``expected``.</doc>
<status status="PASS" start="2025-01-29T17:47:41.580480" elapsed="0.000000"/>
</kw>
<kw name="Location Should Be" owner="SeleniumLibrary">
<msg time="2025-01-29T17:47:41.580480" level="INFO">Current location is 'https://genedev.dtskill.com/home'.</msg>
<arg>${SUCCESS_URL}</arg>
<doc>Verifies that the current URL is exactly ``url``.</doc>
<status status="PASS" start="2025-01-29T17:47:41.580480" elapsed="0.000000"/>
</kw>
<kw name="Verify Gen E Logo Presence in landing page" owner="LandingPage_Keywords">
<kw name="Wait Until Page Contains Element" owner="SeleniumLibrary">
<arg>${LOGO_LOCATOR_LANDING_PAGE}</arg>
<arg>timeout=5s</arg>
<doc>Waits until the element ``locator`` appears on the current page.</doc>
<status status="PASS" start="2025-01-29T17:47:41.590850" elapsed="0.010462"/>
</kw>
<kw name="Element Should Be Visible" owner="SeleniumLibrary">
<msg time="2025-01-29T17:47:41.611377" level="INFO">Element 'xpath=/html/body/main/div[1]/div/div[1]/a/img' is displayed.</msg>
<arg>${LOGO_LOCATOR_LANDING_PAGE}</arg>
<doc>Verifies that the element identified by ``locator`` is visible.</doc>
<status status="PASS" start="2025-01-29T17:47:41.601312" elapsed="0.010065"/>
</kw>
<kw name="Sleep" owner="BuiltIn">
<msg time="2025-01-29T17:47:43.619056" level="INFO">Slept 2 seconds.</msg>
<arg>2s</arg>
<doc>Pauses the test executed for the given time.</doc>
<status status="PASS" start="2025-01-29T17:47:41.611377" elapsed="2.007679"/>
</kw>
<status status="PASS" start="2025-01-29T17:47:41.590850" elapsed="2.028206"/>
</kw>
<kw name="Verify DASHBOARD presence" owner="LandingPage_Keywords">
<kw name="Wait Until Page Contains Element" owner="SeleniumLibrary">
<arg>${DASHBOARD_PRESENCE}</arg>
<arg>timeout=5s</arg>
<doc>Waits until the element ``locator`` appears on the current page.</doc>
<status status="PASS" start="2025-01-29T17:47:43.619056" elapsed="0.010369"/>
</kw>
<kw name="Element Should Be Visible" owner="SeleniumLibrary">
<msg time="2025-01-29T17:47:43.642192" level="INFO">Element 'xpath=/html/body/main/div[1]/div' is displayed.</msg>
<arg>${DASHBOARD_PRESENCE}</arg>
<doc>Verifies that the element identified by ``locator`` is visible.</doc>
<status status="PASS" start="2025-01-29T17:47:43.629425" elapsed="0.012767"/>
</kw>
<kw name="Sleep" owner="BuiltIn">
<msg time="2025-01-29T17:47:45.649871" level="INFO">Slept 2 seconds.</msg>
<arg>2s</arg>
<doc>Pauses the test executed for the given time.</doc>
<status status="PASS" start="2025-01-29T17:47:43.642192" elapsed="2.007679"/>
</kw>
<status status="PASS" start="2025-01-29T17:47:43.619056" elapsed="2.030815"/>
</kw>
<kw name="Click USER" owner="LandingPage_Keywords">
<kw name="Click Element" owner="SeleniumLibrary">
<msg time="2025-01-29T17:47:45.649871" level="INFO">Clicking element 'xpath=/html/body/main/div[1]/div/a/div'.</msg>
<arg>xpath=/html/body/main/div[1]/div/a/div</arg>
<doc>Click the element identified by ``locator``.</doc>
<status status="PASS" start="2025-01-29T17:47:45.649871" elapsed="0.058955"/>
</kw>
<kw name="Sleep" owner="BuiltIn">
<msg time="2025-01-29T17:47:48.718965" level="INFO">Slept 3 seconds.</msg>
<arg>3s</arg>
<doc>Pauses the test executed for the given time.</doc>
<status status="PASS" start="2025-01-29T17:47:45.709986" elapsed="3.008979"/>
</kw>
<status status="PASS" start="2025-01-29T17:47:45.649871" elapsed="3.069094"/>
</kw>
<kw name="Location Should Be" owner="SeleniumLibrary">
<msg time="2025-01-29T17:47:48.718965" level="INFO">Current location is 'https://genedev.dtskill.com/profile-details'.</msg>
<arg>${home_URL}</arg>
<doc>Verifies that the current URL is exactly ``url``.</doc>
<status status="PASS" start="2025-01-29T17:47:48.718965" elapsed="0.000000"/>
</kw>
<kw name="Close Browser" owner="SeleniumLibrary">
<doc>Closes the current browser.</doc>
<status status="PASS" start="2025-01-29T17:47:48.718965" elapsed="2.200908"/>
</kw>
<status status="PASS" start="2025-01-29T17:47:36.004498" elapsed="14.915375"/>
</test>
<status status="PASS" start="2025-01-29T17:47:35.619791" elapsed="15.300082"/>
</suite>
<statistics>
<total>
<stat pass="1" fail="0" skip="0">All Tests</stat>
</total>
<tag>
</tag>
<suite>
<stat pass="1" fail="0" skip="0" id="s1" name="Landingpage Testcase">Landingpage Testcase</stat>
</suite>
</statistics>
<errors>
<msg time="2025-01-29T17:47:35.959809" level="WARN">Error in file 'C:\Users\ANIL KUMAR RAHUL\PycharmProjects\GenE Automation\GenE_Automation\Keywords\Custom_ML_Models_SafeDigging_Keywords.robot' on line 93: The '[Return]' setting is deprecated. Use the 'RETURN' statement instead.</msg>
</errors>
</robot>
