<?xml version="1.0" encoding="UTF-8"?>
<robot generator="Robot 7.0.1 (Python 3.10.2 on win32)" generated="2024-09-02T18:00:40.250175" rpa="false" schemaversion="5">
<suite id="s1" name="Suites">
<suite id="s1-s1" name="ChatwithMF4 Testcases" source="C:\Users\ANIL KUMAR RAHUL\PycharmProjects\GenE_Automation\Testcases\CHATGPT_ALTERNATE_TEST\CHAT_WITH_MF4\ChatwithMF4_Testcases.robot">
<test id="s1-s1-t1" name="Verifying ChatwithMF4" line="5">
<kw name="Open Browser" owner="SeleniumLibrary">
<msg time="2024-09-02T18:00:41.431293" level="INFO">Opening browser 'Chrome' to base url 'https://gene-nextjs-dev.dtskill.com/signin'.</msg>
<arg>${URL}</arg>
<arg>Chrome</arg>
<doc>Opens a new browser instance to the optional ``url``.</doc>
<status status="PASS" start="2024-09-02T18:00:41.431293" elapsed="8.497242"/>
</kw>
<kw name="Maximize Browser Window" owner="SeleniumLibrary">
<doc>Maximizes current browser window.</doc>
<status status="PASS" start="2024-09-02T18:00:49.929831" elapsed="0.050771"/>
</kw>
<kw name="Fill Login Form" owner="ChatwithMF4_Keywords">
<kw name="Input Text" owner="SeleniumLibrary">
<msg time="2024-09-02T18:00:49.980602" level="INFO">Typing text 'varun.datt@dtskill.com' into text field 'xpath=/html/body/main/div/div/div/div[1]/div/div[2]/div[1]/form/div[1]/input'.</msg>
<arg>${USERNAME_LOCATOR}</arg>
<arg>${email}</arg>
<doc>Types the given ``text`` into the text field identified by ``locator``.</doc>
<status status="PASS" start="2024-09-02T18:00:49.980602" elapsed="0.624312"/>
</kw>
<kw name="Input Text" owner="SeleniumLibrary">
<msg time="2024-09-02T18:00:50.605928" level="INFO">Typing text '123456' into text field 'xpath=/html/body/main/div/div/div/div[1]/div/div[2]/div[1]/form/div[2]/input'.</msg>
<arg>${PASSWORD_LOCATOR}</arg>
<arg>${password}</arg>
<doc>Types the given ``text`` into the text field identified by ``locator``.</doc>
<status status="PASS" start="2024-09-02T18:00:50.604914" elapsed="0.399895"/>
</kw>
<arg>${USERNAME}</arg>
<arg>${PASSWORD}</arg>
<status status="PASS" start="2024-09-02T18:00:49.980602" elapsed="1.025220"/>
</kw>
<kw name="Click Login Button" owner="ChatwithMF4_Keywords">
<kw name="Click Element" owner="SeleniumLibrary">
<msg time="2024-09-02T18:00:51.006513" level="INFO">Clicking element 'xpath=/html/body/main/div/div/div/div[1]/div/div[2]/div[1]/form/button'.</msg>
<arg>${LOGIN_BUTTON}</arg>
<doc>Click the element identified by ``locator``.</doc>
<status status="PASS" start="2024-09-02T18:00:51.006513" elapsed="0.438368"/>
</kw>
<kw name="Sleep" owner="BuiltIn">
<msg time="2024-09-02T18:00:54.454792" level="INFO">Slept 3 seconds.</msg>
<arg>3s</arg>
<doc>Pauses the test executed for the given time.</doc>
<status status="PASS" start="2024-09-02T18:00:51.444881" elapsed="3.011087"/>
</kw>
<status status="PASS" start="2024-09-02T18:00:51.006513" elapsed="3.449455"/>
</kw>
<kw name="Wait Until Location Is" owner="SeleniumLibrary">
<arg>${SUCCESS_URL}</arg>
<arg>timeout=10s</arg>
<doc>Waits until the current URL is ``expected``.</doc>
<status status="PASS" start="2024-09-02T18:00:54.455968" elapsed="0.013223"/>
</kw>
<kw name="Location Should Be" owner="SeleniumLibrary">
<msg time="2024-09-02T18:00:54.478279" level="INFO">Current location is 'https://gene-nextjs-dev.dtskill.com/dashboard'.</msg>
<arg>${SUCCESS_URL}</arg>
<doc>Verifies that the current URL is exactly ``url``.</doc>
<status status="PASS" start="2024-09-02T18:00:54.469191" elapsed="0.009088"/>
</kw>
<kw name="Click SIDEMENU" owner="ChatwithMF4_Keywords">
<kw name="Click Element" owner="SeleniumLibrary">
<msg time="2024-09-02T18:00:54.481713" level="INFO">Clicking element 'xpath=/html/body/main/div/header/div/div/div[1]/div/div[1]/button/i'.</msg>
<arg>${SIDE_MENU}</arg>
<doc>Click the element identified by ``locator``.</doc>
<status status="PASS" start="2024-09-02T18:00:54.480293" elapsed="0.110461"/>
</kw>
<kw name="Sleep" owner="BuiltIn">
<msg time="2024-09-02T18:00:57.608232" level="INFO">Slept 3 seconds.</msg>
<arg>3s</arg>
<doc>Pauses the test executed for the given time.</doc>
<status status="PASS" start="2024-09-02T18:00:54.590754" elapsed="3.027482"/>
</kw>
<status status="PASS" start="2024-09-02T18:00:54.479291" elapsed="3.138945"/>
</kw>
<kw name="Verify all SIDEMENU OPTIONS" owner="ChatwithMF4_Keywords">
<kw name="Wait Until Page Contains Element" owner="SeleniumLibrary">
<arg>${SIDEMENU_OPTIONS}</arg>
<doc>Waits until the element ``locator`` appears on the current page.</doc>
<status status="PASS" start="2024-09-02T18:00:57.646536" elapsed="0.252786"/>
</kw>
<kw name="Element Should Be Visible" owner="SeleniumLibrary">
<msg time="2024-09-02T18:00:57.999398" level="INFO">Element 'xpath=/html/body/main/div/div[1]/div/div[1]' is displayed.</msg>
<arg>${SIDEMENU_OPTIONS}</arg>
<doc>Verifies that the element identified by ``locator`` is visible.</doc>
<status status="PASS" start="2024-09-02T18:00:57.899322" elapsed="0.100076"/>
</kw>
<kw name="Sleep" owner="BuiltIn">
<msg time="2024-09-02T18:00:59.014384" level="INFO">Slept 1 second.</msg>
<arg>1s</arg>
<doc>Pauses the test executed for the given time.</doc>
<status status="PASS" start="2024-09-02T18:00:57.999398" elapsed="1.014986"/>
</kw>
<kw name="Wait Until Page Contains Element" owner="SeleniumLibrary">
<arg>${SUBCRIPTION_BOX}</arg>
<doc>Waits until the element ``locator`` appears on the current page.</doc>
<status status="PASS" start="2024-09-02T18:00:59.015382" elapsed="0.016057"/>
</kw>
<kw name="Element Should Be Visible" owner="SeleniumLibrary">
<msg time="2024-09-02T18:00:59.054908" level="INFO">Element 'xpath=/html/body/main/div/div[1]/div/div[2]' is displayed.</msg>
<arg>${SUBCRIPTION_BOX}</arg>
<doc>Verifies that the element identified by ``locator`` is visible.</doc>
<status status="PASS" start="2024-09-02T18:00:59.031439" elapsed="0.023469"/>
</kw>
<kw name="Sleep" owner="BuiltIn">
<msg time="2024-09-02T18:01:00.056473" level="INFO">Slept 1 second.</msg>
<arg>1s</arg>
<doc>Pauses the test executed for the given time.</doc>
<status status="PASS" start="2024-09-02T18:00:59.054908" elapsed="1.001565"/>
</kw>
<kw name="Wait Until Page Contains Element" owner="SeleniumLibrary">
<arg>${USERIMAGE_IN_SUBCRIPTION_BOX}</arg>
<doc>Waits until the element ``locator`` appears on the current page.</doc>
<status status="PASS" start="2024-09-02T18:01:00.056473" elapsed="0.018340"/>
</kw>
<kw name="Element Should Be Visible" owner="SeleniumLibrary">
<msg time="2024-09-02T18:01:00.102684" level="INFO">Element 'xpath=/html/body/main/div/div[1]/div/div[2]/div/a/div[1]/img' is displayed.</msg>
<arg>${USERIMAGE_IN_SUBCRIPTION_BOX}</arg>
<doc>Verifies that the element identified by ``locator`` is visible.</doc>
<status status="PASS" start="2024-09-02T18:01:00.075818" elapsed="0.026866"/>
</kw>
<kw name="Sleep" owner="BuiltIn">
<msg time="2024-09-02T18:01:01.113604" level="INFO">Slept 1 second.</msg>
<arg>1s</arg>
<doc>Pauses the test executed for the given time.</doc>
<status status="PASS" start="2024-09-02T18:01:00.103682" elapsed="1.011921"/>
</kw>
<kw name="Wait Until Page Contains Element" owner="SeleniumLibrary">
<arg>${USERNAME_IN_SUBCRIPTION_BOX}</arg>
<doc>Waits until the element ``locator`` appears on the current page.</doc>
<status status="PASS" start="2024-09-02T18:01:01.115603" elapsed="0.030275"/>
</kw>
<kw name="Element Should Be Visible" owner="SeleniumLibrary">
<msg time="2024-09-02T18:01:01.174885" level="INFO">Element 'xpath=/html/body/main/div/div[1]/div/div[2]/div/a/div[2]' is displayed.</msg>
<arg>${USERNAME_IN_SUBCRIPTION_BOX}</arg>
<doc>Verifies that the element identified by ``locator`` is visible.</doc>
<status status="PASS" start="2024-09-02T18:01:01.146880" elapsed="0.028005"/>
</kw>
<kw name="Sleep" owner="BuiltIn">
<msg time="2024-09-02T18:01:02.186443" level="INFO">Slept 1 second.</msg>
<arg>1s</arg>
<doc>Pauses the test executed for the given time.</doc>
<status status="PASS" start="2024-09-02T18:01:01.175886" elapsed="1.011554"/>
</kw>
<status status="PASS" start="2024-09-02T18:00:57.618236" elapsed="4.569204"/>
</kw>
<kw name="Click Chat Gpt Alternate" owner="ChatwithMF4_Keywords">
<kw name="Wait Until Page Contains Element" owner="SeleniumLibrary">
<arg>${CHAT_GPT_ALTERNATE_BOX}</arg>
<doc>Waits until the element ``locator`` appears on the current page.</doc>
<status status="PASS" start="2024-09-02T18:01:02.189210" elapsed="0.028338"/>
</kw>
<kw name="Element Should Be Visible" owner="SeleniumLibrary">
<msg time="2024-09-02T18:01:02.249069" level="INFO">Element 'xpath=/html/body/main/div/div[1]/div/div[1]/div/div/nav/div[1]/ul/li[2]/a' is displayed.</msg>
<arg>${CHAT_GPT_ALTERNATE_BOX}</arg>
<doc>Verifies that the element identified by ``locator`` is visible.</doc>
<status status="PASS" start="2024-09-02T18:01:02.217548" elapsed="0.031521"/>
</kw>
<kw name="Sleep" owner="BuiltIn">
<msg time="2024-09-02T18:01:03.259509" level="INFO">Slept 1 second.</msg>
<arg>1s</arg>
<doc>Pauses the test executed for the given time.</doc>
<status status="PASS" start="2024-09-02T18:01:02.249069" elapsed="1.011440"/>
</kw>
<kw name="Wait Until Page Contains Element" owner="SeleniumLibrary">
<arg>${CHAP_GPT_ALTERNATE_BOX_LOGO}</arg>
<doc>Waits until the element ``locator`` appears on the current page.</doc>
<status status="PASS" start="2024-09-02T18:01:03.260509" elapsed="0.034457"/>
</kw>
<kw name="Element Should Be Visible" owner="SeleniumLibrary">
<msg time="2024-09-02T18:01:03.345478" level="INFO">Element 'xpath=/html/body/main/div/div[1]/div/div[1]/div/div/nav/div[1]/ul/li[2]/a/img' is displayed.</msg>
<arg>${CHAP_GPT_ALTERNATE_BOX_LOGO}</arg>
<doc>Verifies that the element identified by ``locator`` is visible.</doc>
<status status="PASS" start="2024-09-02T18:01:03.294966" elapsed="0.051514"/>
</kw>
<kw name="Sleep" owner="BuiltIn">
<msg time="2024-09-02T18:01:04.355252" level="INFO">Slept 1 second.</msg>
<arg>1s</arg>
<doc>Pauses the test executed for the given time.</doc>
<status status="PASS" start="2024-09-02T18:01:03.347483" elapsed="1.007769"/>
</kw>
<kw name="Wait Until Page Contains Element" owner="SeleniumLibrary">
<arg>${CHAT_GPT_ALTERNATE_BOX_ARROW}</arg>
<doc>Waits until the element ``locator`` appears on the current page.</doc>
<status status="PASS" start="2024-09-02T18:01:04.355252" elapsed="0.012421"/>
</kw>
<kw name="Element Should Be Visible" owner="SeleniumLibrary">
<msg time="2024-09-02T18:01:04.388700" level="INFO">Element 'xpath=/html/body/main/div/div[1]/div/div[1]/div/div/nav/div[1]/ul/li[2]/a' is displayed.</msg>
<arg>${CHAT_GPT_ALTERNATE_BOX_ARROW}</arg>
<doc>Verifies that the element identified by ``locator`` is visible.</doc>
<status status="PASS" start="2024-09-02T18:01:04.367673" elapsed="0.021027"/>
</kw>
<kw name="Sleep" owner="BuiltIn">
<msg time="2024-09-02T18:01:05.406114" level="INFO">Slept 1 second.</msg>
<arg>1s</arg>
<doc>Pauses the test executed for the given time.</doc>
<status status="PASS" start="2024-09-02T18:01:04.397694" elapsed="1.008420"/>
</kw>
<kw name="Wait Until Page Contains Element" owner="SeleniumLibrary">
<arg>${CHAT_GPT_ALTERNATE_BOX_ARROW}</arg>
<doc>Waits until the element ``locator`` appears on the current page.</doc>
<status status="PASS" start="2024-09-02T18:01:05.406114" elapsed="0.021469"/>
</kw>
<kw name="Element Should Be Visible" owner="SeleniumLibrary">
<msg time="2024-09-02T18:01:05.526008" level="INFO">Element 'xpath=/html/body/main/div/div[1]/div/div[1]/div/div/nav/div[1]/ul/li[2]/a' is displayed.</msg>
<arg>${CHAT_GPT_ALTERNATE_BOX_ARROW}</arg>
<doc>Verifies that the element identified by ``locator`` is visible.</doc>
<status status="PASS" start="2024-09-02T18:01:05.427583" elapsed="0.098425"/>
</kw>
<kw name="Sleep" owner="BuiltIn">
<msg time="2024-09-02T18:01:06.540458" level="INFO">Slept 1 second.</msg>
<arg>1s</arg>
<doc>Pauses the test executed for the given time.</doc>
<status status="PASS" start="2024-09-02T18:01:05.526008" elapsed="1.014450"/>
</kw>
<kw name="Click Element" owner="SeleniumLibrary">
<msg time="2024-09-02T18:01:06.540458" level="INFO">Clicking element 'xpath=/html/body/main/div/div[1]/div/div[1]/div/div/nav/div[1]/ul/li[2]/a'.</msg>
<arg>${CHAT_GPT_ALTERNATE_BOX}</arg>
<doc>Click the element identified by ``locator``.</doc>
<status status="PASS" start="2024-09-02T18:01:06.540458" elapsed="0.095558"/>
</kw>
<kw name="Wait Until Page Contains Element" owner="SeleniumLibrary">
<arg>${OPTIONS_IN_CHATGPT_ALTERNATE}</arg>
<doc>Waits until the element ``locator`` appears on the current page.</doc>
<status status="PASS" start="2024-09-02T18:01:06.636320" elapsed="0.032108"/>
</kw>
<kw name="Element Should Be Visible" owner="SeleniumLibrary">
<msg time="2024-09-02T18:01:06.752965" level="INFO">Element 'xpath=/html/body/main/div/div[1]/div/div[1]/div/div/nav/div[1]/ul/li[2]/div' is displayed.</msg>
<arg>${OPTIONS_IN_CHATGPT_ALTERNATE}</arg>
<doc>Verifies that the element identified by ``locator`` is visible.</doc>
<status status="PASS" start="2024-09-02T18:01:06.668428" elapsed="0.084537"/>
</kw>
<kw name="Sleep" owner="BuiltIn">
<msg time="2024-09-02T18:01:07.760937" level="INFO">Slept 1 second.</msg>
<arg>1s</arg>
<doc>Pauses the test executed for the given time.</doc>
<status status="PASS" start="2024-09-02T18:01:06.753978" elapsed="1.006959"/>
</kw>
<status status="PASS" start="2024-09-02T18:01:02.189210" elapsed="5.571727"/>
</kw>
<kw name="Click Chat with MF4" owner="ChatwithMF4_Keywords">
<kw name="Wait Until Page Contains Element" owner="SeleniumLibrary">
<arg>${CHAT_WITH_MF4}</arg>
<doc>Waits until the element ``locator`` appears on the current page.</doc>
<status status="PASS" start="2024-09-02T18:01:07.760937" elapsed="0.020050"/>
</kw>
<kw name="Element Should Be Visible" owner="SeleniumLibrary">
<msg time="2024-09-02T18:01:07.800981" level="INFO">Element 'xpath=/html/body/main/div/div[1]/div/div[1]/div/div/nav/div[1]/ul/li[2]/div/ul/li[6]/a' is displayed.</msg>
<arg>${CHAT_WITH_MF4}</arg>
<doc>Verifies that the element identified by ``locator`` is visible.</doc>
<status status="PASS" start="2024-09-02T18:01:07.780987" elapsed="0.019994"/>
</kw>
<kw name="Sleep" owner="BuiltIn">
<msg time="2024-09-02T18:01:08.805729" level="INFO">Slept 1 second.</msg>
<arg>1s</arg>
<doc>Pauses the test executed for the given time.</doc>
<status status="PASS" start="2024-09-02T18:01:07.800981" elapsed="1.005748"/>
</kw>
<kw name="Wait Until Page Contains Element" owner="SeleniumLibrary">
<arg>${CHAT_WITH_MF4_LOGO}</arg>
<doc>Waits until the element ``locator`` appears on the current page.</doc>
<status status="PASS" start="2024-09-02T18:01:08.806729" elapsed="0.006208"/>
</kw>
<kw name="Element Should Be Visible" owner="SeleniumLibrary">
<msg time="2024-09-02T18:01:08.836727" level="INFO">Element 'xpath=/html/body/main/div/div[1]/div/div[1]/div/div/nav/div[1]/ul/li[2]/div/ul/li[6]/a/img' is displayed.</msg>
<arg>${CHAT_WITH_MF4_LOGO}</arg>
<doc>Verifies that the element identified by ``locator`` is visible.</doc>
<status status="PASS" start="2024-09-02T18:01:08.812937" elapsed="0.023790"/>
</kw>
<kw name="Sleep" owner="BuiltIn">
<msg time="2024-09-02T18:01:09.840821" level="INFO">Slept 1 second.</msg>
<arg>1s</arg>
<doc>Pauses the test executed for the given time.</doc>
<status status="PASS" start="2024-09-02T18:01:08.836727" elapsed="1.004094"/>
</kw>
<kw name="Click Element" owner="SeleniumLibrary">
<msg time="2024-09-02T18:01:09.840821" level="INFO">Clicking element 'xpath=/html/body/main/div/div[1]/div/div[1]/div/div/nav/div[1]/ul/li[2]/div/ul/li[6]/a'.</msg>
<arg>${CHAT_WITH_MF4}</arg>
<doc>Click the element identified by ``locator``.</doc>
<status status="PASS" start="2024-09-02T18:01:09.840821" elapsed="0.136441"/>
</kw>
<kw name="Wait Until Location Is" owner="SeleniumLibrary">
<arg>${CHAT_WITH_MF4_URL}</arg>
<arg>timeout=5s</arg>
<doc>Waits until the current URL is ``expected``.</doc>
<status status="PASS" start="2024-09-02T18:01:09.977262" elapsed="0.016409"/>
</kw>
<kw name="Location Should Be" owner="SeleniumLibrary">
<msg time="2024-09-02T18:01:10.003685" level="INFO">Current location is 'https://gene-nextjs-dev.dtskill.com/dashboard/chat-with-mf4'.</msg>
<arg>${CHAT_WITH_MF4_URL}</arg>
<doc>Verifies that the current URL is exactly ``url``.</doc>
<status status="PASS" start="2024-09-02T18:01:09.993671" elapsed="0.010014"/>
</kw>
<kw name="Sleep" owner="BuiltIn">
<msg time="2024-09-02T18:01:11.004973" level="INFO">Slept 1 second.</msg>
<arg>1s</arg>
<doc>Pauses the test executed for the given time.</doc>
<status status="PASS" start="2024-09-02T18:01:10.003685" elapsed="1.001288"/>
</kw>
<status status="PASS" start="2024-09-02T18:01:07.760937" elapsed="3.244036"/>
</kw>
<kw name="Verify Chat with MF4 and logo presence in subpage" owner="ChatwithMF4_Keywords">
<kw name="Wait Until Page Contains Element" owner="SeleniumLibrary">
<arg>${CHAT_WITH_MF4_IN_SUBPAGE}</arg>
<doc>Waits until the element ``locator`` appears on the current page.</doc>
<status status="PASS" start="2024-09-02T18:01:11.004973" elapsed="0.020002"/>
</kw>
<kw name="Element Should Be Visible" owner="SeleniumLibrary">
<msg time="2024-09-02T18:01:11.054973" level="INFO">Element 'xpath=//h6[normalize-space()='Chat With MF4']' is displayed.</msg>
<arg>${CHAT_WITH_MF4_IN_SUBPAGE}</arg>
<doc>Verifies that the element identified by ``locator`` is visible.</doc>
<status status="PASS" start="2024-09-02T18:01:11.024975" elapsed="0.029998"/>
</kw>
<kw name="Sleep" owner="BuiltIn">
<msg time="2024-09-02T18:01:13.056400" level="INFO">Slept 2 seconds.</msg>
<arg>2s</arg>
<doc>Pauses the test executed for the given time.</doc>
<status status="PASS" start="2024-09-02T18:01:11.054973" elapsed="2.001427"/>
</kw>
<kw name="Wait Until Page Contains Element" owner="SeleniumLibrary">
<arg>${CHAT_WITH_MF4_LOGO_IN_SUBPAGE}</arg>
<doc>Waits until the element ``locator`` appears on the current page.</doc>
<status status="PASS" start="2024-09-02T18:01:13.056400" elapsed="0.110052"/>
</kw>
<kw name="Element Should Be Visible" owner="SeleniumLibrary">
<msg time="2024-09-02T18:01:13.559672" level="INFO">Element 'xpath=//img[@alt='Icon']' is displayed.</msg>
<arg>${CHAT_WITH_MF4_LOGO_IN_SUBPAGE}</arg>
<doc>Verifies that the element identified by ``locator`` is visible.</doc>
<status status="PASS" start="2024-09-02T18:01:13.166452" elapsed="0.393220"/>
</kw>
<kw name="Sleep" owner="BuiltIn">
<msg time="2024-09-02T18:01:15.606177" level="INFO">Slept 2 seconds.</msg>
<arg>2s</arg>
<doc>Pauses the test executed for the given time.</doc>
<status status="PASS" start="2024-09-02T18:01:13.559672" elapsed="2.046505"/>
</kw>
<status status="PASS" start="2024-09-02T18:01:11.004973" elapsed="4.601204"/>
</kw>
<kw name="Verify GenE text &amp; logo presence" owner="ChatwithMF4_Keywords">
<kw name="Wait Until Page Contains Element" owner="SeleniumLibrary">
<arg>${E_LOGO_IN_GENE}</arg>
<doc>Waits until the element ``locator`` appears on the current page.</doc>
<status status="PASS" start="2024-09-02T18:01:15.606177" elapsed="0.350224"/>
</kw>
<kw name="Element Should Be Visible" owner="SeleniumLibrary">
<msg time="2024-09-02T18:01:16.468116" level="INFO">Element 'xpath=//span[normalize-space()='E']' is displayed.</msg>
<arg>${E_LOGO_IN_GENE}</arg>
<doc>Verifies that the element identified by ``locator`` is visible.</doc>
<status status="PASS" start="2024-09-02T18:01:15.957400" elapsed="0.510716"/>
</kw>
<kw name="Sleep" owner="BuiltIn">
<msg time="2024-09-02T18:01:18.477229" level="INFO">Slept 2 seconds.</msg>
<arg>2s</arg>
<doc>Pauses the test executed for the given time.</doc>
<status status="PASS" start="2024-09-02T18:01:16.468116" elapsed="2.009113"/>
</kw>
<kw name="Wait Until Page Contains Element" owner="SeleniumLibrary">
<arg>${GENE_TEXT_IN_PRIVATE_GPT}</arg>
<doc>Waits until the element ``locator`` appears on the current page.</doc>
<status status="PASS" start="2024-09-02T18:01:18.477229" elapsed="0.020017"/>
</kw>
<kw name="Element Should Be Visible" owner="SeleniumLibrary">
<msg time="2024-09-02T18:01:18.517244" level="INFO">Element 'xpath=//div[@class='chat-content']//h6[@class='title']' is displayed.</msg>
<arg>${GENE_TEXT_IN_PRIVATE_GPT}</arg>
<doc>Verifies that the element identified by ``locator`` is visible.</doc>
<status status="PASS" start="2024-09-02T18:01:18.497246" elapsed="0.019998"/>
</kw>
<kw name="Sleep" owner="BuiltIn">
<msg time="2024-09-02T18:01:20.518578" level="INFO">Slept 2 seconds.</msg>
<arg>2s</arg>
<doc>Pauses the test executed for the given time.</doc>
<status status="PASS" start="2024-09-02T18:01:18.517244" elapsed="2.001334"/>
</kw>
<kw name="Wait Until Page Contains Element" owner="SeleniumLibrary">
<arg>${GENE_LOGO_IN_SUBPAGE_OF_PRIVATEGPT}</arg>
<doc>Waits until the element ``locator`` appears on the current page.</doc>
<status status="PASS" start="2024-09-02T18:01:20.519581" elapsed="0.016997"/>
</kw>
<kw name="Element Should Be Visible" owner="SeleniumLibrary">
<msg time="2024-09-02T18:01:20.560472" level="INFO">Element 'xpath=//img[@alt='Bot']' is displayed.</msg>
<arg>${GENE_LOGO_IN_SUBPAGE_OF_PRIVATEGPT}</arg>
<doc>Verifies that the element identified by ``locator`` is visible.</doc>
<status status="PASS" start="2024-09-02T18:01:20.536578" elapsed="0.023894"/>
</kw>
<kw name="Sleep" owner="BuiltIn">
<msg time="2024-09-02T18:01:22.574667" level="INFO">Slept 2 seconds.</msg>
<arg>2s</arg>
<doc>Pauses the test executed for the given time.</doc>
<status status="PASS" start="2024-09-02T18:01:20.561471" elapsed="2.013196"/>
</kw>
<status status="PASS" start="2024-09-02T18:01:15.606177" elapsed="6.969500"/>
</kw>
<kw name="Verify ChatContainer" owner="ChatwithMF4_Keywords">
<kw name="Wait Until Page Contains Element" owner="SeleniumLibrary">
<arg>xpath=/html/body/main/div/div[9]/div/div/div/div/div[2]</arg>
<doc>Waits until the element ``locator`` appears on the current page.</doc>
<status status="PASS" start="2024-09-02T18:01:22.576668" elapsed="0.015618"/>
</kw>
<kw name="Element Should Be Visible" owner="SeleniumLibrary">
<msg time="2024-09-02T18:01:22.615749" level="INFO">Element 'xpath=/html/body/main/div/div[9]/div/div/div/div/div[2]' is displayed.</msg>
<arg>xpath=/html/body/main/div/div[9]/div/div/div/div/div[2]</arg>
<doc>Verifies that the element identified by ``locator`` is visible.</doc>
<status status="PASS" start="2024-09-02T18:01:22.592286" elapsed="0.023463"/>
</kw>
<kw name="Sleep" owner="BuiltIn">
<msg time="2024-09-02T18:01:24.626121" level="INFO">Slept 2 seconds.</msg>
<arg>2s</arg>
<doc>Pauses the test executed for the given time.</doc>
<status status="PASS" start="2024-09-02T18:01:22.616747" elapsed="2.009374"/>
</kw>
<status status="PASS" start="2024-09-02T18:01:22.576668" elapsed="2.050450"/>
</kw>
<kw name="Verify Options in the top right corner of the subpage" owner="ChatwithMF4_Keywords">
<kw name="Wait Until Page Contains Element" owner="SeleniumLibrary">
<arg>${OPTIONS_DROPDOWN_TOP_RIGHT_SIDE}</arg>
<doc>Waits until the element ``locator`` appears on the current page.</doc>
<status status="PASS" start="2024-09-02T18:01:24.628120" elapsed="0.021002"/>
</kw>
<kw name="Element Should Be Visible" owner="SeleniumLibrary">
<msg time="2024-09-02T18:01:24.686680" level="INFO">Element 'xpath=/html/body/main/div/div[9]/div/div/div/div/div[1]/div[2]/button/i' is displayed.</msg>
<arg>${OPTIONS_DROPDOWN_TOP_RIGHT_SIDE}</arg>
<doc>Verifies that the element identified by ``locator`` is visible.</doc>
<status status="PASS" start="2024-09-02T18:01:24.650122" elapsed="0.036558"/>
</kw>
<kw name="Sleep" owner="BuiltIn">
<msg time="2024-09-02T18:01:26.701516" level="INFO">Slept 2 seconds.</msg>
<arg>2s</arg>
<doc>Pauses the test executed for the given time.</doc>
<status status="PASS" start="2024-09-02T18:01:24.688685" elapsed="2.012831"/>
</kw>
<kw name="Click Element" owner="SeleniumLibrary">
<msg time="2024-09-02T18:01:26.702512" level="INFO">Clicking element 'xpath=/html/body/main/div/div[9]/div/div/div/div/div[1]/div[2]/button/i'.</msg>
<arg>${OPTIONS_DROPDOWN_TOP_RIGHT_SIDE}</arg>
<doc>Click the element identified by ``locator``.</doc>
<status status="PASS" start="2024-09-02T18:01:26.702512" elapsed="0.072664"/>
</kw>
<kw name="Sleep" owner="BuiltIn">
<msg time="2024-09-02T18:01:28.787676" level="INFO">Slept 2 seconds.</msg>
<arg>2s</arg>
<doc>Pauses the test executed for the given time.</doc>
<status status="PASS" start="2024-09-02T18:01:26.776175" elapsed="2.012514"/>
</kw>
<status status="PASS" start="2024-09-02T18:01:24.627118" elapsed="4.161865"/>
</kw>
<kw name="Verify all options are clickable" owner="ChatwithMF4_Keywords">
<kw name="Click Element" owner="SeleniumLibrary">
<msg time="2024-09-02T18:01:28.788983" level="INFO">Clicking element 'xpath=//i[@class='fa-sharp fa-solid fa-arrows-rotate']'.</msg>
<arg>${REGENERATE_OPTION}</arg>
<doc>Click the element identified by ``locator``.</doc>
<status status="PASS" start="2024-09-02T18:01:28.788983" elapsed="0.102241"/>
</kw>
<kw name="Sleep" owner="BuiltIn">
<msg time="2024-09-02T18:01:30.900782" level="INFO">Slept 2 seconds.</msg>
<arg>2s</arg>
<doc>Pauses the test executed for the given time.</doc>
<status status="PASS" start="2024-09-02T18:01:28.892228" elapsed="2.008554"/>
</kw>
<kw name="Click Element" owner="SeleniumLibrary">
<msg time="2024-09-02T18:01:30.900782" level="INFO">Clicking element 'xpath=/html/body/main/div/div[9]/div/div/div/div/div[1]/div[2]/button/i'.</msg>
<arg>${OPTIONS_DROPDOWN_TOP_RIGHT_SIDE}</arg>
<doc>Click the element identified by ``locator``.</doc>
<status status="PASS" start="2024-09-02T18:01:30.900782" elapsed="0.041763"/>
</kw>
<kw name="Sleep" owner="BuiltIn">
<msg time="2024-09-02T18:01:32.952676" level="INFO">Slept 2 seconds.</msg>
<arg>2s</arg>
<doc>Pauses the test executed for the given time.</doc>
<status status="PASS" start="2024-09-02T18:01:30.942545" elapsed="2.010131"/>
</kw>
<kw name="Click Element" owner="SeleniumLibrary">
<msg time="2024-09-02T18:01:32.952676" level="INFO">Clicking element 'xpath=//a[normalize-space()='Pin Chat']'.</msg>
<arg>${PIN_CHAT_OPTION}</arg>
<doc>Click the element identified by ``locator``.</doc>
<status status="PASS" start="2024-09-02T18:01:32.952676" elapsed="0.089225"/>
</kw>
<kw name="Sleep" owner="BuiltIn">
<msg time="2024-09-02T18:01:35.053217" level="INFO">Slept 2 seconds.</msg>
<arg>2s</arg>
<doc>Pauses the test executed for the given time.</doc>
<status status="PASS" start="2024-09-02T18:01:33.042902" elapsed="2.010315"/>
</kw>
<kw name="Click Element" owner="SeleniumLibrary">
<msg time="2024-09-02T18:01:35.059223" level="INFO">Clicking element 'xpath=/html/body/main/div/div[9]/div/div/div/div/div[1]/div[2]/button/i'.</msg>
<arg>${OPTIONS_DROPDOWN_TOP_RIGHT_SIDE}</arg>
<doc>Click the element identified by ``locator``.</doc>
<status status="PASS" start="2024-09-02T18:01:35.055219" elapsed="0.084539"/>
</kw>
<kw name="Sleep" owner="BuiltIn">
<msg time="2024-09-02T18:01:37.149752" level="INFO">Slept 2 seconds.</msg>
<arg>2s</arg>
<doc>Pauses the test executed for the given time.</doc>
<status status="PASS" start="2024-09-02T18:01:35.140758" elapsed="2.008994"/>
</kw>
<kw name="Click Element" owner="SeleniumLibrary">
<msg time="2024-09-02T18:01:37.150753" level="INFO">Clicking element 'xpath=//a[normalize-space()='Rename']'.</msg>
<arg>${RENAME_OPTION}</arg>
<doc>Click the element identified by ``locator``.</doc>
<status status="PASS" start="2024-09-02T18:01:37.149752" elapsed="0.098157"/>
</kw>
<kw name="Sleep" owner="BuiltIn">
<msg time="2024-09-02T18:01:39.263671" level="INFO">Slept 2 seconds.</msg>
<arg>2s</arg>
<doc>Pauses the test executed for the given time.</doc>
<status status="PASS" start="2024-09-02T18:01:37.247909" elapsed="2.015762"/>
</kw>
<kw name="Click Element" owner="SeleniumLibrary">
<msg time="2024-09-02T18:01:39.264668" level="INFO">Clicking element 'xpath=/html/body/main/div/div[9]/div/div/div/div/div[1]/div[2]/button/i'.</msg>
<arg>${OPTIONS_DROPDOWN_TOP_RIGHT_SIDE}</arg>
<doc>Click the element identified by ``locator``.</doc>
<status status="PASS" start="2024-09-02T18:01:39.264668" elapsed="0.038520"/>
</kw>
<kw name="Sleep" owner="BuiltIn">
<msg time="2024-09-02T18:01:41.310083" level="INFO">Slept 2 seconds.</msg>
<arg>2s</arg>
<doc>Pauses the test executed for the given time.</doc>
<status status="PASS" start="2024-09-02T18:01:39.303188" elapsed="2.006895"/>
</kw>
<kw name="Click Element" owner="SeleniumLibrary">
<msg time="2024-09-02T18:01:41.311084" level="INFO">Clicking element 'xpath=//a[normalize-space()='Share']'.</msg>
<arg>${SHARE_OPTION}</arg>
<doc>Click the element identified by ``locator``.</doc>
<status status="PASS" start="2024-09-02T18:01:41.310083" elapsed="0.073014"/>
</kw>
<kw name="Sleep" owner="BuiltIn">
<msg time="2024-09-02T18:01:43.397286" level="INFO">Slept 2 seconds.</msg>
<arg>2s</arg>
<doc>Pauses the test executed for the given time.</doc>
<status status="PASS" start="2024-09-02T18:01:41.384102" elapsed="2.013184"/>
</kw>
<kw name="Click Element" owner="SeleniumLibrary">
<msg time="2024-09-02T18:01:43.398289" level="INFO">Clicking element 'xpath=/html/body/main/div/div[9]/div/div/div/div/div[1]/div[2]/button/i'.</msg>
<arg>${OPTIONS_DROPDOWN_TOP_RIGHT_SIDE}</arg>
<doc>Click the element identified by ``locator``.</doc>
<status status="PASS" start="2024-09-02T18:01:43.397286" elapsed="0.036001"/>
</kw>
<kw name="Sleep" owner="BuiltIn">
<msg time="2024-09-02T18:01:45.447511" level="INFO">Slept 2 seconds.</msg>
<arg>2s</arg>
<doc>Pauses the test executed for the given time.</doc>
<status status="PASS" start="2024-09-02T18:01:43.434286" elapsed="2.013225"/>
</kw>
<kw name="Click Element" owner="SeleniumLibrary">
<msg time="2024-09-02T18:01:45.448543" level="INFO">Clicking element 'xpath=//a[normalize-space()='Delete Chat']'.</msg>
<arg>${DELETE_CHAT_OPTION}</arg>
<doc>Click the element identified by ``locator``.</doc>
<status status="PASS" start="2024-09-02T18:01:45.447511" elapsed="0.050525"/>
</kw>
<kw name="Sleep" owner="BuiltIn">
<msg time="2024-09-02T18:01:47.511871" level="INFO">Slept 2 seconds.</msg>
<arg>2s</arg>
<doc>Pauses the test executed for the given time.</doc>
<status status="PASS" start="2024-09-02T18:01:45.498036" elapsed="2.014839"/>
</kw>
<status status="PASS" start="2024-09-02T18:01:28.788983" elapsed="18.723892"/>
</kw>
<kw name="Verify Ask a Question Container" owner="ChatwithMF4_Keywords">
<kw name="Wait Until Page Contains Element" owner="SeleniumLibrary">
<arg>${ASK_A_QUESTION_CONTAINER}</arg>
<doc>Waits until the element ``locator`` appears on the current page.</doc>
<status status="PASS" start="2024-09-02T18:01:47.513873" elapsed="0.017002"/>
</kw>
<kw name="Element Should Be Visible" owner="SeleniumLibrary">
<msg time="2024-09-02T18:01:47.551871" level="INFO">Element 'xpath=//textarea[@placeholder='Ask a question...']' is displayed.</msg>
<arg>${ASK_A_QUESTION_CONTAINER}</arg>
<doc>Verifies that the element identified by ``locator`` is visible.</doc>
<status status="PASS" start="2024-09-02T18:01:47.531870" elapsed="0.020001"/>
</kw>
<kw name="Sleep" owner="BuiltIn">
<msg time="2024-09-02T18:01:49.560286" level="INFO">Slept 2 seconds.</msg>
<arg>2s</arg>
<doc>Pauses the test executed for the given time.</doc>
<status status="PASS" start="2024-09-02T18:01:47.552877" elapsed="2.007409"/>
</kw>
<kw name="Wait Until Page Contains Element" owner="SeleniumLibrary">
<arg>${CAPTURE_LOGO_BESIDE_ASK_A_QUESTION}</arg>
<doc>Waits until the element ``locator`` appears on the current page.</doc>
<status status="PASS" start="2024-09-02T18:01:49.560286" elapsed="0.018001"/>
</kw>
<kw name="Element Should Be Visible" owner="SeleniumLibrary">
<msg time="2024-09-02T18:01:49.703523" level="INFO">Element 'xpath=//i[@class='fa-sharp fa-regular fa-aperture']' is displayed.</msg>
<arg>${CAPTURE_LOGO_BESIDE_ASK_A_QUESTION}</arg>
<doc>Verifies that the element identified by ``locator`` is visible.</doc>
<status status="PASS" start="2024-09-02T18:01:49.579288" elapsed="0.124235"/>
</kw>
<kw name="Sleep" owner="BuiltIn">
<msg time="2024-09-02T18:01:51.708119" level="INFO">Slept 2 seconds.</msg>
<arg>2s</arg>
<doc>Pauses the test executed for the given time.</doc>
<status status="PASS" start="2024-09-02T18:01:49.703523" elapsed="2.005598"/>
</kw>
<kw name="Wait Until Page Contains Element" owner="SeleniumLibrary">
<arg>${CHOOSE_FILE_LOGO_OPTION}</arg>
<doc>Waits until the element ``locator`` appears on the current page.</doc>
<status status="PASS" start="2024-09-02T18:01:51.710121" elapsed="0.014003"/>
</kw>
<kw name="Element Should Be Visible" owner="SeleniumLibrary">
<msg time="2024-09-02T18:01:51.747125" level="INFO">Element 'xpath=/html/body/main/div/div[9]/div/div/div/div/div[3]/div/div[2]/div/i' is displayed.</msg>
<arg>${CHOOSE_FILE_LOGO_OPTION}</arg>
<doc>Verifies that the element identified by ``locator`` is visible.</doc>
<status status="PASS" start="2024-09-02T18:01:51.725121" elapsed="0.022004"/>
</kw>
<kw name="Sleep" owner="BuiltIn">
<msg time="2024-09-02T18:01:53.748163" level="INFO">Slept 2 seconds.</msg>
<arg>2s</arg>
<doc>Pauses the test executed for the given time.</doc>
<status status="PASS" start="2024-09-02T18:01:51.747125" elapsed="2.002036"/>
</kw>
<kw name="Wait Until Page Contains Element" owner="SeleniumLibrary">
<arg>${SEND_QUESTION_LOGO_OPTION}</arg>
<doc>Waits until the element ``locator`` appears on the current page.</doc>
<status status="PASS" start="2024-09-02T18:01:53.749161" elapsed="0.018000"/>
</kw>
<kw name="Element Should Be Visible" owner="SeleniumLibrary">
<msg time="2024-09-02T18:01:53.793178" level="INFO">Element 'xpath=//i[@class='fa-sharp fa-solid fa-paper-plane-top']' is displayed.</msg>
<arg>${SEND_QUESTION_LOGO_OPTION}</arg>
<doc>Verifies that the element identified by ``locator`` is visible.</doc>
<status status="PASS" start="2024-09-02T18:01:53.767161" elapsed="0.026017"/>
</kw>
<kw name="Sleep" owner="BuiltIn">
<msg time="2024-09-02T18:01:55.796886" level="INFO">Slept 2 seconds.</msg>
<arg>2s</arg>
<doc>Pauses the test executed for the given time.</doc>
<status status="PASS" start="2024-09-02T18:01:53.794176" elapsed="2.003713"/>
</kw>
<kw name="Click Element" owner="SeleniumLibrary">
<msg time="2024-09-02T18:01:55.799396" level="INFO">Clicking element 'xpath=//i[@class='fa-sharp fa-solid fa-paper-plane-top']'.</msg>
<arg>${SEND_QUESTION_LOGO_OPTION}</arg>
<doc>Click the element identified by ``locator``.</doc>
<status status="PASS" start="2024-09-02T18:01:55.797889" elapsed="0.114053"/>
</kw>
<kw name="Sleep" owner="BuiltIn">
<msg time="2024-09-02T18:01:57.915053" level="INFO">Slept 2 seconds.</msg>
<arg>2s</arg>
<doc>Pauses the test executed for the given time.</doc>
<status status="PASS" start="2024-09-02T18:01:55.912943" elapsed="2.003113"/>
</kw>
<status status="PASS" start="2024-09-02T18:01:47.513873" elapsed="10.402183"/>
</kw>
<kw name="Verify Right Menu" owner="ChatwithMF4_Keywords">
<kw name="Wait Until Page Contains Element" owner="SeleniumLibrary">
<arg>${RIGHT_MENU}</arg>
<doc>Waits until the element ``locator`` appears on the current page.</doc>
<status status="PASS" start="2024-09-02T18:01:57.918046" elapsed="0.022008"/>
</kw>
<kw name="Element Should Be Visible" owner="SeleniumLibrary">
<msg time="2024-09-02T18:01:57.960048" level="INFO">Element 'xpath=/html/body/main/div/header/div/div/div[3]/div/div[3]/button' is displayed.</msg>
<arg>${RIGHT_MENU}</arg>
<doc>Verifies that the element identified by ``locator`` is visible.</doc>
<status status="PASS" start="2024-09-02T18:01:57.940054" elapsed="0.019994"/>
</kw>
<kw name="Sleep" owner="BuiltIn">
<msg time="2024-09-02T18:01:59.966477" level="INFO">Slept 2 seconds.</msg>
<arg>2s</arg>
<doc>Pauses the test executed for the given time.</doc>
<status status="PASS" start="2024-09-02T18:01:57.961050" elapsed="2.005427"/>
</kw>
<kw name="Click Element" owner="SeleniumLibrary">
<msg time="2024-09-02T18:01:59.967478" level="INFO">Clicking element 'xpath=/html/body/main/div/header/div/div/div[3]/div/div[3]/button'.</msg>
<arg>${RIGHT_MENU}</arg>
<doc>Click the element identified by ``locator``.</doc>
<status status="PASS" start="2024-09-02T18:01:59.966477" elapsed="0.059131"/>
</kw>
<kw name="Sleep" owner="BuiltIn">
<msg time="2024-09-02T18:02:02.027531" level="INFO">Slept 2 seconds.</msg>
<arg>2s</arg>
<doc>Pauses the test executed for the given time.</doc>
<status status="PASS" start="2024-09-02T18:02:00.026606" elapsed="2.000925"/>
</kw>
<kw name="Wait Until Page Contains Element" owner="SeleniumLibrary">
<arg>${NEW_CHAT}</arg>
<doc>Waits until the element ``locator`` appears on the current page.</doc>
<status status="PASS" start="2024-09-02T18:02:02.028527" elapsed="0.065017"/>
</kw>
<kw name="Element Should Be Visible" owner="SeleniumLibrary">
<msg time="2024-09-02T18:02:02.136062" level="INFO">Element 'xpath=/html/body/main/div/div[8]/div[1]/div' is displayed.</msg>
<arg>${NEW_CHAT}</arg>
<doc>Verifies that the element identified by ``locator`` is visible.</doc>
<status status="PASS" start="2024-09-02T18:02:02.093544" elapsed="0.042518"/>
</kw>
<kw name="Sleep" owner="BuiltIn">
<msg time="2024-09-02T18:02:04.138211" level="INFO">Slept 2 seconds.</msg>
<arg>2s</arg>
<doc>Pauses the test executed for the given time.</doc>
<status status="PASS" start="2024-09-02T18:02:02.136062" elapsed="2.003144"/>
</kw>
<kw name="Click Element" owner="SeleniumLibrary">
<msg time="2024-09-02T18:02:04.140206" level="INFO">Clicking element 'xpath=/html/body/main/div/div[8]/div[1]/div'.</msg>
<arg>${NEW_CHAT}</arg>
<doc>Click the element identified by ``locator``.</doc>
<status status="PASS" start="2024-09-02T18:02:04.139206" elapsed="0.051012"/>
</kw>
<kw name="Sleep" owner="BuiltIn">
<msg time="2024-09-02T18:02:06.197592" level="INFO">Slept 2 seconds.</msg>
<arg>2s</arg>
<doc>Pauses the test executed for the given time.</doc>
<status status="PASS" start="2024-09-02T18:02:04.191218" elapsed="2.006374"/>
</kw>
<status status="PASS" start="2024-09-02T18:01:57.917053" elapsed="8.281539"/>
</kw>
<kw name="Close Browser" owner="SeleniumLibrary">
<doc>Closes the current browser.</doc>
<status status="PASS" start="2024-09-02T18:02:06.198592" elapsed="2.896957"/>
</kw>
<status status="PASS" start="2024-09-02T18:00:41.421290" elapsed="87.675267"/>
</test>
<status status="PASS" start="2024-09-02T18:00:40.450626" elapsed="88.646929"/>
</suite>
<status status="PASS" start="2024-09-02T18:00:40.352574" elapsed="88.746976"/>
</suite>
<statistics>
<total>
<stat pass="1" fail="0" skip="0">All Tests</stat>
</total>
<tag>
</tag>
<suite>
<stat pass="1" fail="0" skip="0" id="s1" name="Suites">Suites</stat>
<stat pass="1" fail="0" skip="0" id="s1-s1" name="ChatwithMF4 Testcases">Suites.ChatwithMF4 Testcases</stat>
</suite>
</statistics>
<errors>
</errors>
</robot>
