<?xml version="1.0" encoding="UTF-8"?>
<robot generator="Robot 7.0.1 (Python 3.10.2 on win32)" generated="2025-01-06T18:01:27.830568" rpa="false" schemaversion="5">
<suite id="s1" name="Suites">
<suite id="s1-s1" name="Email Extraction Testcases" source="C:\Users\ANIL KUMAR RAHUL\PycharmProjects\GenE Automation\GenE_Automation\Testcases\AI_AGENTS_TEST\EMAIL_EXTRACTION_TEST\Email_Extraction_Testcases.robot">
<test id="s1-s1-t1" name="Verify Email Extraction" line="5">
<kw name="Open Browser">
<msg time="2025-01-06T18:01:30.275100" level="FAIL">No keyword with name 'Open Browser' found.</msg>
<arg>${URL}</arg>
<arg>chrome</arg>
<status status="FAIL" start="2025-01-06T18:01:30.275100" elapsed="0.001026">No keyword with name 'Open Browser' found.</status>
</kw>
<kw name="Maximize Browser Window">
<status status="NOT RUN" start="2025-01-06T18:01:30.278150" elapsed="0.002034"/>
</kw>
<kw name="Fill Login Form" owner="Loginpage_Keywords">
<arg>${USERNAME}</arg>
<arg>${PASSWORD}</arg>
<status status="NOT RUN" start="2025-01-06T18:01:30.282211" elapsed="0.000000"/>
</kw>
<kw name="Click Login Button" owner="Loginpage_Keywords">
<status status="NOT RUN" start="2025-01-06T18:01:30.284233" elapsed="0.001031"/>
</kw>
<kw name="Wait Until Location Is">
<arg>${SUCCESS_URL}</arg>
<arg>timeout=10s</arg>
<status status="NOT RUN" start="2025-01-06T18:01:30.287302" elapsed="0.000000"/>
</kw>
<kw name="Location Should Be">
<arg>${SUCCESS_URL}</arg>
<status status="NOT RUN" start="2025-01-06T18:01:30.289332" elapsed="0.000000"/>
</kw>
<kw name="Click SIDEMENU1" owner="AI_Agents_Email_Extraction_Keywords">
<status status="NOT RUN" start="2025-01-06T18:01:30.292881" elapsed="0.000000"/>
</kw>
<kw name="Click AI Agents" owner="AI_Agents_Email_Extraction_Keywords">
<status status="NOT RUN" start="2025-01-06T18:01:30.294899" elapsed="0.000000"/>
</kw>
<kw name="Click Email Extraction" owner="AI_Agents_Email_Extraction_Keywords">
<status status="NOT RUN" start="2025-01-06T18:01:30.296927" elapsed="0.002028"/>
</kw>
<kw name="Close Browser">
<status status="NOT RUN" start="2025-01-06T18:01:30.298955" elapsed="0.002027"/>
</kw>
<status status="FAIL" start="2025-01-06T18:01:30.251300" elapsed="0.049682">No keyword with name 'Open Browser' found.</status>
</test>
<status status="FAIL" start="2025-01-06T18:01:28.237243" elapsed="2.069819"/>
</suite>
<status status="FAIL" start="2025-01-06T18:01:28.052515" elapsed="2.261170"/>
</suite>
<statistics>
<total>
<stat pass="0" fail="1" skip="0">All Tests</stat>
</total>
<tag>
</tag>
<suite>
<stat pass="0" fail="1" skip="0" id="s1" name="Suites">Suites</stat>
<stat pass="0" fail="1" skip="0" id="s1-s1" name="Email Extraction Testcases">Suites.Email Extraction Testcases</stat>
</suite>
</statistics>
<errors>
<msg time="2025-01-06T18:01:29.433316" level="ERROR">Error in file 'C:\Users\ANIL KUMAR RAHUL\PycharmProjects\GenE Automation\GenE_Automation\Testcases\AI_AGENTS_TEST\EMAIL_EXTRACTION_TEST\Email_Extraction_Testcases.robot' on line 2: Importing library 'SeleniumLibrary' failed: ModuleNotFoundError: No module named 'selenium.webdriver.common.print_page_options'
Traceback (most recent call last):
  File "C:\Python310\lib\site-packages\SeleniumLibrary\__init__.py", line 36, in &lt;module&gt;
    from SeleniumLibrary.keywords import (
  File "C:\Python310\lib\site-packages\SeleniumLibrary\keywords\__init__.py", line 26, in &lt;module&gt;
    from .screenshot import ScreenshotKeywords  # noqa
  File "C:\Python310\lib\site-packages\SeleniumLibrary\keywords\screenshot.py", line 22, in &lt;module&gt;
    from selenium.webdriver.common.print_page_options import PrintOptions, Orientation
PYTHONPATH:
  C:\Python310\Scripts\robot.exe
  C:\Python310\python310.zip
  C:\Python310\DLLs
  C:\Python310\lib
  C:\Python310
  C:\Python310\lib\site-packages
  C:\Python310\lib\site-packages\win32
  C:\Python310\lib\site-packages\win32\lib
  C:\Python310\lib\site-packages\Pythonwin</msg>
<msg time="2025-01-06T18:01:29.492056" level="ERROR">Error in file 'C:\Users\ANIL KUMAR RAHUL\PycharmProjects\GenE Automation\GenE_Automation\Settings\settings.robot' on line 2: Importing library 'SeleniumLibrary' failed: ModuleNotFoundError: No module named 'selenium.webdriver.common.print_page_options'
Traceback (most recent call last):
  File "C:\Python310\lib\site-packages\SeleniumLibrary\__init__.py", line 36, in &lt;module&gt;
    from SeleniumLibrary.keywords import (
  File "C:\Python310\lib\site-packages\SeleniumLibrary\keywords\__init__.py", line 26, in &lt;module&gt;
    from .screenshot import ScreenshotKeywords  # noqa
  File "C:\Python310\lib\site-packages\SeleniumLibrary\keywords\screenshot.py", line 22, in &lt;module&gt;
    from selenium.webdriver.common.print_page_options import PrintOptions, Orientation
PYTHONPATH:
  C:\Python310\Scripts\robot.exe
  C:\Python310\python310.zip
  C:\Python310\DLLs
  C:\Python310\lib
  C:\Python310
  C:\Python310\lib\site-packages
  C:\Python310\lib\site-packages\win32
  C:\Python310\lib\site-packages\win32\lib
  C:\Python310\lib\site-packages\Pythonwin</msg>
<msg time="2025-01-06T18:01:29.854651" level="WARN">Error in file 'C:\Users\ANIL KUMAR RAHUL\PycharmProjects\GenE Automation\GenE_Automation\Keywords\Custom_ML_Models_SafeDigging_Keywords.robot' on line 93: The '[Return]' setting is deprecated. Use the 'RETURN' statement instead.</msg>
</errors>
</robot>
