<?xml version="1.0" encoding="UTF-8"?>
<robot generator="Robot 7.0.1 (Python 3.10.2 on win32)" generated="2024-09-19T11:20:26.699500" rpa="false" schemaversion="5">
<suite id="s1" name="Email Classification Testcases" source="C:\Users\ANIL KUMAR RAHUL\PycharmProjects\GenE Automation\GenE_Automation\Testcases\FINE_TUNED_MODELS\Email_Classification_Testcases.robot">
<test id="s1-t1" name="Verify Email Classification" line="5">
<kw name="Open Browser" owner="SeleniumLibrary">
<msg time="2024-09-19T11:20:27.093020" level="INFO">Opening browser 'Chrome' to base url 'https://gene-nextjs-dev.dtskill.com/signin'.</msg>
<arg>${URL}</arg>
<arg>Chrome</arg>
<doc>Opens a new browser instance to the optional ``url``.</doc>
<status status="PASS" start="2024-09-19T11:20:27.093020" elapsed="2.530543"/>
</kw>
<kw name="Maximize Browser Window" owner="SeleniumLibrary">
<doc>Maximizes current browser window.</doc>
<status status="PASS" start="2024-09-19T11:20:29.623563" elapsed="0.033183"/>
</kw>
<kw name="Fill Login Form" owner="Loginpage_Keywords">
<kw name="Verify Gen E Logo Presence" owner="Loginpage_Keywords">
<kw name="Wait Until Page Contains Element" owner="SeleniumLibrary">
<arg>${LOGO_LOCATOR}</arg>
<arg>timeout=5s</arg>
<doc>Waits until the element ``locator`` appears on the current page.</doc>
<status status="PASS" start="2024-09-19T11:20:29.656746" elapsed="0.015594"/>
</kw>
<kw name="Element Should Be Visible" owner="SeleniumLibrary">
<msg time="2024-09-19T11:20:29.699285" level="INFO">Element 'xpath=/html/body/main/div/div/div/div[1]/div/div[1]/img' is displayed.</msg>
<arg>${LOGO_LOCATOR}</arg>
<doc>Verifies that the element identified by ``locator`` is visible.</doc>
<status status="PASS" start="2024-09-19T11:20:29.672340" elapsed="0.026945"/>
</kw>
<kw name="Sleep" owner="BuiltIn">
<msg time="2024-09-19T11:20:31.702956" level="INFO">Slept 2 seconds.</msg>
<arg>2s</arg>
<doc>Pauses the test executed for the given time.</doc>
<status status="PASS" start="2024-09-19T11:20:29.699285" elapsed="2.003671"/>
</kw>
<status status="PASS" start="2024-09-19T11:20:29.656746" elapsed="2.046210"/>
</kw>
<kw name="Verify Email Logo Presence" owner="Loginpage_Keywords">
<kw name="Wait Until Page Contains Element" owner="SeleniumLibrary">
<arg>${EMAIL_LOGO}</arg>
<arg>timeout=5s</arg>
<doc>Waits until the element ``locator`` appears on the current page.</doc>
<status status="PASS" start="2024-09-19T11:20:31.702956" elapsed="0.010002"/>
</kw>
<kw name="Element Should Be Visible" owner="SeleniumLibrary">
<msg time="2024-09-19T11:20:31.732960" level="INFO">Element 'xpath=//i[@class='fa-sharp fa-regular fa-envelope']' is displayed.</msg>
<arg>${EMAIL_LOGO}</arg>
<doc>Verifies that the element identified by ``locator`` is visible.</doc>
<status status="PASS" start="2024-09-19T11:20:31.712958" elapsed="0.020002"/>
</kw>
<kw name="Sleep" owner="BuiltIn">
<msg time="2024-09-19T11:20:33.735314" level="INFO">Slept 2 seconds.</msg>
<arg>2s</arg>
<doc>Pauses the test executed for the given time.</doc>
<status status="PASS" start="2024-09-19T11:20:31.732960" elapsed="2.002354"/>
</kw>
<status status="PASS" start="2024-09-19T11:20:31.702956" elapsed="2.032358"/>
</kw>
<kw name="Verify Email Text Presence" owner="Loginpage_Keywords">
<kw name="Wait Until Page Contains Element" owner="SeleniumLibrary">
<arg>${EMAIL_TEXT_PRESENCE}</arg>
<arg>timeout=5s</arg>
<doc>Waits until the element ``locator`` appears on the current page.</doc>
<status status="PASS" start="2024-09-19T11:20:33.735314" elapsed="0.019735"/>
</kw>
<kw name="Element Should Be Visible" owner="SeleniumLibrary">
<msg time="2024-09-19T11:20:33.795110" level="INFO">Element 'xpath=//input[@placeholder='Enter email address']' is displayed.</msg>
<arg>${EMAIL_TEXT_PRESENCE}</arg>
<doc>Verifies that the element identified by ``locator`` is visible.</doc>
<status status="PASS" start="2024-09-19T11:20:33.755049" elapsed="0.040061"/>
</kw>
<kw name="Sleep" owner="BuiltIn">
<msg time="2024-09-19T11:20:35.800788" level="INFO">Slept 2 seconds.</msg>
<arg>2s</arg>
<doc>Pauses the test executed for the given time.</doc>
<status status="PASS" start="2024-09-19T11:20:33.795110" elapsed="2.005678"/>
</kw>
<status status="PASS" start="2024-09-19T11:20:33.735314" elapsed="2.065474"/>
</kw>
<kw name="Verify Password Logo Presence" owner="Loginpage_Keywords">
<kw name="Wait Until Page Contains Element" owner="SeleniumLibrary">
<arg>${PASSWORD_LOGO}</arg>
<arg>timeout=5s</arg>
<doc>Waits until the element ``locator`` appears on the current page.</doc>
<status status="PASS" start="2024-09-19T11:20:35.800788" elapsed="0.020008"/>
</kw>
<kw name="Element Should Be Visible" owner="SeleniumLibrary">
<msg time="2024-09-19T11:20:35.874378" level="INFO">Element 'xpath=//i[@class='fa-sharp fa-regular fa-envelope']' is displayed.</msg>
<arg>${PASSWORD_LOGO}</arg>
<doc>Verifies that the element identified by ``locator`` is visible.</doc>
<status status="PASS" start="2024-09-19T11:20:35.820796" elapsed="0.053582"/>
</kw>
<kw name="Sleep" owner="BuiltIn">
<msg time="2024-09-19T11:20:37.876947" level="INFO">Slept 2 seconds.</msg>
<arg>2s</arg>
<doc>Pauses the test executed for the given time.</doc>
<status status="PASS" start="2024-09-19T11:20:35.874378" elapsed="2.002569"/>
</kw>
<status status="PASS" start="2024-09-19T11:20:35.800788" elapsed="2.076159"/>
</kw>
<kw name="Verify Password Text Presence" owner="Loginpage_Keywords">
<kw name="Wait Until Page Contains Element" owner="SeleniumLibrary">
<arg>${PASSWORD_TEXT}</arg>
<arg>timeout=3s</arg>
<doc>Waits until the element ``locator`` appears on the current page.</doc>
<status status="PASS" start="2024-09-19T11:20:37.878467" elapsed="0.028565"/>
</kw>
<kw name="Element Should Be Visible" owner="SeleniumLibrary">
<msg time="2024-09-19T11:20:37.957025" level="INFO">Element 'xpath=//i[@class='fa-sharp fa-regular fa-lock']' is displayed.</msg>
<arg>${PASSWORD_TEXT}</arg>
<doc>Verifies that the element identified by ``locator`` is visible.</doc>
<status status="PASS" start="2024-09-19T11:20:37.907032" elapsed="0.059986"/>
</kw>
<kw name="Sleep" owner="BuiltIn">
<msg time="2024-09-19T11:20:39.970562" level="INFO">Slept 2 seconds.</msg>
<arg>2s</arg>
<doc>Pauses the test executed for the given time.</doc>
<status status="PASS" start="2024-09-19T11:20:37.967018" elapsed="2.003544"/>
</kw>
<status status="PASS" start="2024-09-19T11:20:37.878467" elapsed="2.092095"/>
</kw>
<kw name="Verify Forgot Password Presence" owner="Loginpage_Keywords">
<kw name="Wait Until Page Contains Element" owner="SeleniumLibrary">
<arg>${FORGOT_PASSWORD_PRESENCE}</arg>
<arg>timeout=3s</arg>
<doc>Waits until the element ``locator`` appears on the current page.</doc>
<status status="PASS" start="2024-09-19T11:20:39.970562" elapsed="0.010018"/>
</kw>
<kw name="Element Should Be Visible" owner="SeleniumLibrary">
<msg time="2024-09-19T11:20:40.000590" level="INFO">Element 'xpath=//div[@class='forget-text']' is displayed.</msg>
<arg>${FORGOT_PASSWORD_PRESENCE}</arg>
<doc>Verifies that the element identified by ``locator`` is visible.</doc>
<status status="PASS" start="2024-09-19T11:20:39.980580" elapsed="0.020010"/>
</kw>
<kw name="Sleep" owner="BuiltIn">
<msg time="2024-09-19T11:20:42.002238" level="INFO">Slept 2 seconds.</msg>
<arg>2s</arg>
<doc>Pauses the test executed for the given time.</doc>
<status status="PASS" start="2024-09-19T11:20:40.000590" elapsed="2.001648"/>
</kw>
<status status="PASS" start="2024-09-19T11:20:39.970562" elapsed="2.031676"/>
</kw>
<kw name="Verify Sign In Presence" owner="Loginpage_Keywords">
<kw name="Wait Until Page Contains Element" owner="SeleniumLibrary">
<arg>${SIGN_IN_PRESENCE}</arg>
<arg>timeout=2s</arg>
<doc>Waits until the element ``locator`` appears on the current page.</doc>
<status status="PASS" start="2024-09-19T11:20:42.002238" elapsed="0.029998"/>
</kw>
<kw name="Element Should Be Visible" owner="SeleniumLibrary">
<msg time="2024-09-19T11:20:42.082276" level="INFO">Element 'xpath=//button[normalize-space()='Sign In']' is displayed.</msg>
<arg>${SIGN_IN_PRESENCE}</arg>
<doc>Verifies that the element identified by ``locator`` is visible.</doc>
<status status="PASS" start="2024-09-19T11:20:42.032236" elapsed="0.050040"/>
</kw>
<kw name="Sleep" owner="BuiltIn">
<msg time="2024-09-19T11:20:44.083028" level="INFO">Slept 2 seconds.</msg>
<arg>2s</arg>
<doc>Pauses the test executed for the given time.</doc>
<status status="PASS" start="2024-09-19T11:20:42.082276" elapsed="2.000752"/>
</kw>
<status status="PASS" start="2024-09-19T11:20:42.002238" elapsed="2.080790"/>
</kw>
<kw name="Verify Sign Up Presence" owner="Loginpage_Keywords">
<kw name="Wait Until Page Contains Element" owner="SeleniumLibrary">
<arg>${SIGN_UP_PRESENCE}</arg>
<arg>timeout=2s</arg>
<doc>Waits until the element ``locator`` appears on the current page.</doc>
<status status="PASS" start="2024-09-19T11:20:44.083028" elapsed="0.010017"/>
</kw>
<kw name="Element Should Be Visible" owner="SeleniumLibrary">
<msg time="2024-09-19T11:20:44.110726" level="INFO">Element 'xpath=//span[normalize-space()='Sign Up']' is displayed.</msg>
<arg>${SIGN_UP_PRESENCE}</arg>
<arg>timeout=2s</arg>
<doc>Verifies that the element identified by ``locator`` is visible.</doc>
<status status="PASS" start="2024-09-19T11:20:44.093045" elapsed="0.017681"/>
</kw>
<kw name="Sleep" owner="BuiltIn">
<msg time="2024-09-19T11:20:46.118901" level="INFO">Slept 2 seconds.</msg>
<arg>2s</arg>
<doc>Pauses the test executed for the given time.</doc>
<status status="PASS" start="2024-09-19T11:20:44.111761" elapsed="2.007140"/>
</kw>
<status status="PASS" start="2024-09-19T11:20:44.083028" elapsed="2.035873"/>
</kw>
<kw name="Input Text" owner="SeleniumLibrary">
<msg time="2024-09-19T11:20:46.118901" level="INFO">Typing text 'varun.datt@dtskill.com' into text field 'xpath=/html/body/main/div/div/div/div[1]/div/div[2]/div[1]/form/div[1]/input'.</msg>
<arg>${USERNAME_LOCATOR}</arg>
<arg>${email}</arg>
<doc>Types the given ``text`` into the text field identified by ``locator``.</doc>
<status status="PASS" start="2024-09-19T11:20:46.118901" elapsed="0.471448"/>
</kw>
<kw name="Input Text" owner="SeleniumLibrary">
<msg time="2024-09-19T11:20:46.590349" level="INFO">Typing text '123456' into text field 'xpath=/html/body/main/div/div/div/div[1]/div/div[2]/div[1]/form/div[2]/input'.</msg>
<arg>${PASSWORD_LOCATOR}</arg>
<arg>${password}</arg>
<doc>Types the given ``text`` into the text field identified by ``locator``.</doc>
<status status="PASS" start="2024-09-19T11:20:46.590349" elapsed="0.108264"/>
</kw>
<arg>${USERNAME}</arg>
<arg>${PASSWORD}</arg>
<status status="PASS" start="2024-09-19T11:20:29.656746" elapsed="17.041867"/>
</kw>
<kw name="Click Login Button" owner="Loginpage_Keywords">
<kw name="Click Element" owner="SeleniumLibrary">
<msg time="2024-09-19T11:20:46.698613" level="INFO">Clicking element 'xpath=/html/body/main/div/div/div/div[1]/div/div[2]/div[1]/form/button'.</msg>
<arg>${LOGIN_BUTTON}</arg>
<doc>Click the element identified by ``locator``.</doc>
<status status="PASS" start="2024-09-19T11:20:46.698613" elapsed="0.066692"/>
</kw>
<kw name="Sleep" owner="BuiltIn">
<msg time="2024-09-19T11:20:48.769796" level="INFO">Slept 2 seconds.</msg>
<arg>2s</arg>
<doc>Pauses the test executed for the given time.</doc>
<status status="PASS" start="2024-09-19T11:20:46.765305" elapsed="2.004491"/>
</kw>
<status status="PASS" start="2024-09-19T11:20:46.698613" elapsed="2.071183"/>
</kw>
<kw name="Wait Until Location Is" owner="SeleniumLibrary">
<arg>${SUCCESS_URL}</arg>
<arg>timeout=10s</arg>
<doc>Waits until the current URL is ``expected``.</doc>
<status status="PASS" start="2024-09-19T11:20:48.770797" elapsed="0.010016"/>
</kw>
<kw name="Location Should Be" owner="SeleniumLibrary">
<msg time="2024-09-19T11:20:48.792347" level="INFO">Current location is 'https://gene-nextjs-dev.dtskill.com/dashboard'.</msg>
<arg>${SUCCESS_URL}</arg>
<doc>Verifies that the current URL is exactly ``url``.</doc>
<status status="PASS" start="2024-09-19T11:20:48.781811" elapsed="0.011535"/>
</kw>
<kw name="Click SIDEMENU" owner="AI_Agents_Email_Extraction_Keywords">
<kw name="Click Element" owner="SeleniumLibrary">
<msg time="2024-09-19T11:20:48.795352" level="INFO">Clicking element 'xpath=/html/body/main/div/header/div/div/div[1]/div/div[1]/button'.</msg>
<arg>${SIDE_MENU}</arg>
<doc>Click the element identified by ``locator``.</doc>
<status status="PASS" start="2024-09-19T11:20:48.795352" elapsed="0.175950"/>
</kw>
<kw name="Sleep" owner="BuiltIn">
<msg time="2024-09-19T11:20:51.986467" level="INFO">Slept 3 seconds.</msg>
<arg>3s</arg>
<doc>Pauses the test executed for the given time.</doc>
<status status="PASS" start="2024-09-19T11:20:48.972301" elapsed="3.014166"/>
</kw>
<status status="PASS" start="2024-09-19T11:20:48.794348" elapsed="3.192119"/>
</kw>
<kw name="Verify all SIDEMENU OPTIONS" owner="ChatgptAlternate_Keywords">
<kw name="Wait Until Page Contains Element" owner="SeleniumLibrary">
<arg>${SIDEMENU_OPTIONS}</arg>
<doc>Waits until the element ``locator`` appears on the current page.</doc>
<status status="PASS" start="2024-09-19T11:20:51.987468" elapsed="0.012508"/>
</kw>
<kw name="Element Should Be Visible" owner="SeleniumLibrary">
<msg time="2024-09-19T11:20:52.015976" level="INFO">Element 'xpath=/html/body/main/div/div[1]' is displayed.</msg>
<arg>${SIDEMENU_OPTIONS}</arg>
<doc>Verifies that the element identified by ``locator`` is visible.</doc>
<status status="PASS" start="2024-09-19T11:20:51.999976" elapsed="0.016000"/>
</kw>
<kw name="Sleep" owner="BuiltIn">
<msg time="2024-09-19T11:20:53.030868" level="INFO">Slept 1 second.</msg>
<arg>1s</arg>
<doc>Pauses the test executed for the given time.</doc>
<status status="PASS" start="2024-09-19T11:20:52.016976" elapsed="1.013892"/>
</kw>
<kw name="Wait Until Page Contains Element" owner="SeleniumLibrary">
<arg>${SUBCRIPTION_BOX}</arg>
<doc>Waits until the element ``locator`` appears on the current page.</doc>
<status status="PASS" start="2024-09-19T11:20:53.030868" elapsed="0.021999"/>
</kw>
<kw name="Element Should Be Visible" owner="SeleniumLibrary">
<msg time="2024-09-19T11:20:53.084887" level="INFO">Element 'xpath=/html/body/main/div/div[1]/div/div[2]' is displayed.</msg>
<arg>${SUBCRIPTION_BOX}</arg>
<doc>Verifies that the element identified by ``locator`` is visible.</doc>
<status status="PASS" start="2024-09-19T11:20:53.053868" elapsed="0.031019"/>
</kw>
<kw name="Sleep" owner="BuiltIn">
<msg time="2024-09-19T11:20:54.086109" level="INFO">Slept 1 second.</msg>
<arg>1s</arg>
<doc>Pauses the test executed for the given time.</doc>
<status status="PASS" start="2024-09-19T11:20:53.084887" elapsed="1.001222"/>
</kw>
<kw name="Wait Until Page Contains Element" owner="SeleniumLibrary">
<arg>${USERIMAGE_IN_SUBCRIPTION_BOX}</arg>
<doc>Waits until the element ``locator`` appears on the current page.</doc>
<status status="PASS" start="2024-09-19T11:20:54.086109" elapsed="0.012509"/>
</kw>
<kw name="Element Should Be Visible" owner="SeleniumLibrary">
<msg time="2024-09-19T11:20:54.115619" level="INFO">Element 'xpath=/html/body/main/div/div[1]/div/div[2]/div/a/div[1]/img' is displayed.</msg>
<arg>${USERIMAGE_IN_SUBCRIPTION_BOX}</arg>
<doc>Verifies that the element identified by ``locator`` is visible.</doc>
<status status="PASS" start="2024-09-19T11:20:54.098618" elapsed="0.017001"/>
</kw>
<kw name="Sleep" owner="BuiltIn">
<msg time="2024-09-19T11:20:55.127746" level="INFO">Slept 1 second.</msg>
<arg>1s</arg>
<doc>Pauses the test executed for the given time.</doc>
<status status="PASS" start="2024-09-19T11:20:54.116620" elapsed="1.011126"/>
</kw>
<kw name="Wait Until Page Contains Element" owner="SeleniumLibrary">
<arg>${USERNAME_IN_SUBCRIPTION_BOX}</arg>
<doc>Waits until the element ``locator`` appears on the current page.</doc>
<status status="PASS" start="2024-09-19T11:20:55.127746" elapsed="0.012992"/>
</kw>
<kw name="Element Should Be Visible" owner="SeleniumLibrary">
<msg time="2024-09-19T11:20:55.157738" level="INFO">Element 'xpath=/html/body/main/div/div[1]/div/div[2]/div/a/div[2]' is displayed.</msg>
<arg>${USERNAME_IN_SUBCRIPTION_BOX}</arg>
<doc>Verifies that the element identified by ``locator`` is visible.</doc>
<status status="PASS" start="2024-09-19T11:20:55.140738" elapsed="0.017000"/>
</kw>
<kw name="Sleep" owner="BuiltIn">
<msg time="2024-09-19T11:20:56.172429" level="INFO">Slept 1 second.</msg>
<arg>1s</arg>
<doc>Pauses the test executed for the given time.</doc>
<status status="PASS" start="2024-09-19T11:20:55.157738" elapsed="1.014691"/>
</kw>
<status status="PASS" start="2024-09-19T11:20:51.987468" elapsed="4.184961"/>
</kw>
<kw name="Click Fine-Tuned Models" owner="Email_Classfication_Keywords">
<kw name="Wait Until Page Contains Element" owner="SeleniumLibrary">
<arg>${FINE_TUNED_MODELS_BOX}</arg>
<doc>Waits until the element ``locator`` appears on the current page.</doc>
<status status="PASS" start="2024-09-19T11:20:56.173443" elapsed="0.012001"/>
</kw>
<kw name="Element Should Be Visible" owner="SeleniumLibrary">
<msg time="2024-09-19T11:20:56.201974" level="INFO">Element 'xpath=/html/body/main/div/div[1]/div/div[1]/div/div/nav/div[1]/ul/li[3]/a' is displayed.</msg>
<arg>${FINE_TUNED_MODELS_BOX}</arg>
<doc>Verifies that the element identified by ``locator`` is visible.</doc>
<status status="PASS" start="2024-09-19T11:20:56.185444" elapsed="0.016530"/>
</kw>
<kw name="Sleep" owner="BuiltIn">
<msg time="2024-09-19T11:20:57.217472" level="INFO">Slept 1 second.</msg>
<arg>1s</arg>
<doc>Pauses the test executed for the given time.</doc>
<status status="PASS" start="2024-09-19T11:20:56.201974" elapsed="1.015498"/>
</kw>
<kw name="Wait Until Page Contains Element" owner="SeleniumLibrary">
<arg>${FINE_TUNED_MODELS_BOX_LOGO}</arg>
<doc>Waits until the element ``locator`` appears on the current page.</doc>
<status status="PASS" start="2024-09-19T11:20:57.217472" elapsed="0.014922"/>
</kw>
<kw name="Element Should Be Visible" owner="SeleniumLibrary">
<msg time="2024-09-19T11:20:57.250114" level="INFO">Element 'xpath=/html/body/main/div/div[1]/div/div[1]/div/div/nav/div[1]/ul/li[3]/a/img' is displayed.</msg>
<arg>${FINE_TUNED__MODELS_BOX_LOGO}</arg>
<doc>Verifies that the element identified by ``locator`` is visible.</doc>
<status status="PASS" start="2024-09-19T11:20:57.233398" elapsed="0.016716"/>
</kw>
<kw name="Sleep" owner="BuiltIn">
<msg time="2024-09-19T11:20:58.261885" level="INFO">Slept 1 second.</msg>
<arg>1s</arg>
<doc>Pauses the test executed for the given time.</doc>
<status status="PASS" start="2024-09-19T11:20:57.250114" elapsed="1.011771"/>
</kw>
<kw name="Click Element" owner="SeleniumLibrary">
<msg time="2024-09-19T11:20:58.262887" level="INFO">Clicking element 'xpath=/html/body/main/div/div[1]/div/div[1]/div/div/nav/div[1]/ul/li[3]/a'.</msg>
<arg>${FINE_TUNED_MODELS_BOX}</arg>
<doc>Click the element identified by ``locator``.</doc>
<status status="PASS" start="2024-09-19T11:20:58.261885" elapsed="0.048790"/>
</kw>
<kw name="Wait Until Page Contains Element" owner="SeleniumLibrary">
<arg>${OPTIONS_IN_FINE_TUNED_MODELS}</arg>
<doc>Waits until the element ``locator`` appears on the current page.</doc>
<status status="PASS" start="2024-09-19T11:20:58.311671" elapsed="0.016999"/>
</kw>
<kw name="Element Should Be Visible" owner="SeleniumLibrary">
<msg time="2024-09-19T11:20:58.358670" level="INFO">Element 'xpath=/html/body/main/div/div[1]/div/div[1]/div/div/nav/div[1]/ul/li[3]/div/ul' is displayed.</msg>
<arg>${OPTIONS_IN_FINE_TUNED_MODELS}</arg>
<doc>Verifies that the element identified by ``locator`` is visible.</doc>
<status status="PASS" start="2024-09-19T11:20:58.328670" elapsed="0.031004"/>
</kw>
<kw name="Sleep" owner="BuiltIn">
<msg time="2024-09-19T11:20:59.366914" level="INFO">Slept 1 second.</msg>
<arg>1s</arg>
<doc>Pauses the test executed for the given time.</doc>
<status status="PASS" start="2024-09-19T11:20:58.359674" elapsed="1.007240"/>
</kw>
<status status="PASS" start="2024-09-19T11:20:56.173443" elapsed="3.193471"/>
</kw>
<kw name="Click Email Functionality" owner="Email_Classfication_Keywords">
<kw name="Wait Until Page Contains Element" owner="SeleniumLibrary">
<arg>${EMAIL_FUNCTIONALITY}</arg>
<doc>Waits until the element ``locator`` appears on the current page.</doc>
<status status="PASS" start="2024-09-19T11:20:59.368904" elapsed="0.018005"/>
</kw>
<kw name="Element Should Be Visible" owner="SeleniumLibrary">
<msg time="2024-09-19T11:20:59.405421" level="INFO">Element 'xpath=/html/body/main/div/div[1]/div/div[1]/div/div/nav/div[1]/ul/li[3]/div/ul/li[1]/a' is displayed.</msg>
<arg>${EMAIL_FUNCTIONALITY}</arg>
<doc>Verifies that the element identified by ``locator`` is visible.</doc>
<status status="PASS" start="2024-09-19T11:20:59.386909" elapsed="0.018512"/>
</kw>
<kw name="Sleep" owner="BuiltIn">
<msg time="2024-09-19T11:21:00.414248" level="INFO">Slept 1 second.</msg>
<arg>1s</arg>
<doc>Pauses the test executed for the given time.</doc>
<status status="PASS" start="2024-09-19T11:20:59.406424" elapsed="1.007824"/>
</kw>
<kw name="Wait Until Page Contains Element" owner="SeleniumLibrary">
<arg>${EMAIL_FUNCTIONALITY_LOGO}</arg>
<doc>Waits until the element ``locator`` appears on the current page.</doc>
<status status="PASS" start="2024-09-19T11:21:00.414248" elapsed="0.011998"/>
</kw>
<kw name="Element Should Be Visible" owner="SeleniumLibrary">
<msg time="2024-09-19T11:21:00.444246" level="INFO">Element 'xpath=/html/body/main/div/div[1]/div/div[1]/div/div/nav/div[1]/ul/li[3]/div/ul/li[1]/a/img' is displayed.</msg>
<arg>${EMAIL_FUNCTIONALITY_LOGO}</arg>
<doc>Verifies that the element identified by ``locator`` is visible.</doc>
<status status="PASS" start="2024-09-19T11:21:00.427246" elapsed="0.017000"/>
</kw>
<kw name="Sleep" owner="BuiltIn">
<msg time="2024-09-19T11:21:01.449521" level="INFO">Slept 1 second.</msg>
<arg>1s</arg>
<doc>Pauses the test executed for the given time.</doc>
<status status="PASS" start="2024-09-19T11:21:00.444246" elapsed="1.005275"/>
</kw>
<kw name="Click Element" owner="SeleniumLibrary">
<msg time="2024-09-19T11:21:01.449521" level="INFO">Clicking element 'xpath=/html/body/main/div/div[1]/div/div[1]/div/div/nav/div[1]/ul/li[3]/div/ul/li[1]/a'.</msg>
<arg>${EMAIL_FUNCTIONALITY}</arg>
<doc>Click the element identified by ``locator``.</doc>
<status status="PASS" start="2024-09-19T11:21:01.449521" elapsed="0.052111"/>
</kw>
<kw name="Wait Until Location Is" owner="SeleniumLibrary">
<arg>${EMAIL_FUNCTIONALITY_URL}</arg>
<arg>timeout=5s</arg>
<doc>Waits until the current URL is ``expected``.</doc>
<status status="PASS" start="2024-09-19T11:21:01.501632" elapsed="0.027000"/>
</kw>
<kw name="Location Should Be" owner="SeleniumLibrary">
<msg time="2024-09-19T11:21:01.535634" level="INFO">Current location is 'https://gene-nextjs-dev.dtskill.com/dashboard/email-classification'.</msg>
<arg>${EMAIL_FUNCTIONALITY_URL}</arg>
<doc>Verifies that the current URL is exactly ``url``.</doc>
<status status="PASS" start="2024-09-19T11:21:01.528632" elapsed="0.007002"/>
</kw>
<kw name="Sleep" owner="BuiltIn">
<msg time="2024-09-19T11:21:02.551824" level="INFO">Slept 1 second.</msg>
<arg>1s</arg>
<doc>Pauses the test executed for the given time.</doc>
<status status="PASS" start="2024-09-19T11:21:01.536633" elapsed="1.015191"/>
</kw>
<status status="PASS" start="2024-09-19T11:20:59.368904" elapsed="3.182920"/>
</kw>
<kw name="Verify Input" owner="Email_Classfication_Keywords">
<kw name="Wait Until Page Contains Element" owner="SeleniumLibrary">
<arg>${INPUT_TEXT}</arg>
<doc>Waits until the element ``locator`` appears on the current page.</doc>
<status status="PASS" start="2024-09-19T11:21:02.552825" elapsed="0.011001"/>
</kw>
<kw name="Element Should Be Visible" owner="SeleniumLibrary">
<msg time="2024-09-19T11:21:02.579827" level="INFO">Element 'xpath=//h5[normalize-space()='Input']' is displayed.</msg>
<arg>${INPUT_TEXT}</arg>
<doc>Verifies that the element identified by ``locator`` is visible.</doc>
<status status="PASS" start="2024-09-19T11:21:02.564825" elapsed="0.016000"/>
</kw>
<kw name="Sleep" owner="BuiltIn">
<msg time="2024-09-19T11:21:03.591904" level="INFO">Slept 1 second.</msg>
<arg>1s</arg>
<doc>Pauses the test executed for the given time.</doc>
<status status="PASS" start="2024-09-19T11:21:02.580825" elapsed="1.011079"/>
</kw>
<status status="PASS" start="2024-09-19T11:21:02.552825" elapsed="1.039079"/>
</kw>
<kw name="Verify TextArea" owner="Email_Classfication_Keywords">
<kw name="Wait Until Page Contains Element" owner="SeleniumLibrary">
<arg>${TEXT_AREA}</arg>
<doc>Waits until the element ``locator`` appears on the current page.</doc>
<status status="PASS" start="2024-09-19T11:21:03.592906" elapsed="0.012515"/>
</kw>
<kw name="Element Should Be Visible" owner="SeleniumLibrary">
<msg time="2024-09-19T11:21:03.624419" level="INFO">Element 'xpath=//textarea[@id='Textarea']' is displayed.</msg>
<arg>${TEXT_AREA}</arg>
<doc>Verifies that the element identified by ``locator`` is visible.</doc>
<status status="PASS" start="2024-09-19T11:21:03.605421" elapsed="0.018998"/>
</kw>
<kw name="Sleep" owner="BuiltIn">
<msg time="2024-09-19T11:21:04.636022" level="INFO">Slept 1 second.</msg>
<arg>1s</arg>
<doc>Pauses the test executed for the given time.</doc>
<status status="PASS" start="2024-09-19T11:21:03.624419" elapsed="1.011603"/>
</kw>
<status status="PASS" start="2024-09-19T11:21:03.592906" elapsed="1.043116"/>
</kw>
<kw name="Verify Run" owner="Email_Classfication_Keywords">
<kw name="Wait Until Page Contains Element" owner="SeleniumLibrary">
<arg>${RUN_BUTTON}</arg>
<doc>Waits until the element ``locator`` appears on the current page.</doc>
<status status="PASS" start="2024-09-19T11:21:04.637041" elapsed="0.012576"/>
</kw>
<kw name="Element Should Be Visible" owner="SeleniumLibrary">
<msg time="2024-09-19T11:21:04.665566" level="INFO">Element 'xpath=//button[normalize-space()='Run']' is displayed.</msg>
<arg>${RUN_BUTTON}</arg>
<doc>Verifies that the element identified by ``locator`` is visible.</doc>
<status status="PASS" start="2024-09-19T11:21:04.649617" elapsed="0.015949"/>
</kw>
<kw name="Sleep" owner="BuiltIn">
<msg time="2024-09-19T11:21:05.671725" level="INFO">Slept 1 second.</msg>
<arg>1s</arg>
<doc>Pauses the test executed for the given time.</doc>
<status status="PASS" start="2024-09-19T11:21:04.665566" elapsed="1.006159"/>
</kw>
<kw name="Click Element" owner="SeleniumLibrary">
<msg time="2024-09-19T11:21:05.671725" level="INFO">Clicking element 'xpath=//button[normalize-space()='Run']'.</msg>
<arg>${RUN_BUTTON}</arg>
<doc>Click the element identified by ``locator``.</doc>
<status status="PASS" start="2024-09-19T11:21:05.671725" elapsed="0.049221"/>
</kw>
<status status="PASS" start="2024-09-19T11:21:04.637041" elapsed="1.083905"/>
</kw>
<kw name="Verify Output" owner="Email_Classfication_Keywords">
<kw name="Wait Until Page Contains Element" owner="SeleniumLibrary">
<arg>${OUTPUT_TEXT }</arg>
<doc>Waits until the element ``locator`` appears on the current page.</doc>
<status status="PASS" start="2024-09-19T11:21:05.722962" elapsed="0.013983"/>
</kw>
<kw name="Element Should Be Visible" owner="SeleniumLibrary">
<msg time="2024-09-19T11:21:05.756945" level="INFO">Element 'xpath=//h5[normalize-space()='Output']' is displayed.</msg>
<arg>${OUTPUT_TEXT }</arg>
<doc>Verifies that the element identified by ``locator`` is visible.</doc>
<status status="PASS" start="2024-09-19T11:21:05.737947" elapsed="0.020001"/>
</kw>
<kw name="Sleep" owner="BuiltIn">
<msg time="2024-09-19T11:21:06.761139" level="INFO">Slept 1 second.</msg>
<arg>1s</arg>
<doc>Pauses the test executed for the given time.</doc>
<status status="PASS" start="2024-09-19T11:21:05.757948" elapsed="1.003191"/>
</kw>
<status status="PASS" start="2024-09-19T11:21:05.721945" elapsed="1.039194"/>
</kw>
<kw name="Verify LLM Deployment" owner="Email_Classfication_Keywords">
<kw name="Wait Until Page Contains Element" owner="SeleniumLibrary">
<arg>${LLM_DEPLOYMENT_DROPDOWN}</arg>
<doc>Waits until the element ``locator`` appears on the current page.</doc>
<status status="PASS" start="2024-09-19T11:21:06.764391" elapsed="0.034776"/>
</kw>
<kw name="Element Should Be Visible" owner="SeleniumLibrary">
<msg time="2024-09-19T11:21:06.843721" level="INFO">Element 'xpath=/html/body/main/div/div[8]/div[2]/div/span/div/div' is displayed.</msg>
<arg>${LLM_DEPLOYMENT_DROPDOWN}</arg>
<doc>Verifies that the element identified by ``locator`` is visible.</doc>
<status status="PASS" start="2024-09-19T11:21:06.800165" elapsed="0.043556"/>
</kw>
<kw name="Sleep" owner="BuiltIn">
<msg time="2024-09-19T11:21:07.851551" level="INFO">Slept 1 second.</msg>
<arg>1s</arg>
<doc>Pauses the test executed for the given time.</doc>
<status status="PASS" start="2024-09-19T11:21:06.844718" elapsed="1.006833"/>
</kw>
<kw name="Wait Until Page Contains Element" owner="SeleniumLibrary">
<arg>${LLM_DEPLOYMENT_DROPDOWN_ARROW}</arg>
<doc>Waits until the element ``locator`` appears on the current page.</doc>
<status status="PASS" start="2024-09-19T11:21:07.853068" elapsed="0.043174"/>
</kw>
<kw name="Element Should Be Visible" owner="SeleniumLibrary">
<msg time="2024-09-19T11:21:07.948739" level="INFO">Element 'xpath=/html/body/main/div/div[8]/div[2]/div/span/div/div/div[2]' is displayed.</msg>
<arg>${LLM_DEPLOYMENT_DROPDOWN_ARROW}</arg>
<doc>Verifies that the element identified by ``locator`` is visible.</doc>
<status status="PASS" start="2024-09-19T11:21:07.897239" elapsed="0.052496"/>
</kw>
<kw name="Sleep" owner="BuiltIn">
<msg time="2024-09-19T11:21:08.963010" level="INFO">Slept 1 second.</msg>
<arg>1s</arg>
<doc>Pauses the test executed for the given time.</doc>
<status status="PASS" start="2024-09-19T11:21:07.951729" elapsed="1.011281"/>
</kw>
<kw name="Click Element" owner="SeleniumLibrary">
<msg time="2024-09-19T11:21:08.963010" level="INFO">Clicking element 'xpath=/html/body/main/div/div[8]/div[2]/div/span/div/div/div[2]'.</msg>
<arg>${LLM_DEPLOYMENT_DROPDOWN_ARROW}</arg>
<doc>Click the element identified by ``locator``.</doc>
<status status="PASS" start="2024-09-19T11:21:08.963010" elapsed="0.203481"/>
</kw>
<kw name="Sleep" owner="BuiltIn">
<msg time="2024-09-19T11:21:10.167484" level="INFO">Slept 1 second.</msg>
<arg>1s</arg>
<doc>Pauses the test executed for the given time.</doc>
<status status="PASS" start="2024-09-19T11:21:09.166491" elapsed="1.000993"/>
</kw>
<kw name="Click Element" owner="SeleniumLibrary">
<msg time="2024-09-19T11:21:10.167484" level="INFO">Clicking element 'xpath=//div[contains(text(),'Mistral 7b Instruct')]'.</msg>
<arg>${Mistral_7b_Instruct_Option}</arg>
<doc>Click the element identified by ``locator``.</doc>
<status status="PASS" start="2024-09-19T11:21:10.167484" elapsed="0.172397"/>
</kw>
<kw name="Sleep" owner="BuiltIn">
<msg time="2024-09-19T11:21:11.344699" level="INFO">Slept 1 second.</msg>
<arg>1s</arg>
<doc>Pauses the test executed for the given time.</doc>
<status status="PASS" start="2024-09-19T11:21:10.339881" elapsed="1.004818"/>
</kw>
<kw name="Click Element" owner="SeleniumLibrary">
<msg time="2024-09-19T11:21:11.344699" level="INFO">Clicking element 'xpath=/html/body/main/div/div[8]/div[2]/div/span/div/div/div[2]'.</msg>
<arg>${LLM_DEPLOYMENT_DROPDOWN_ARROW}</arg>
<doc>Click the element identified by ``locator``.</doc>
<status status="PASS" start="2024-09-19T11:21:11.344699" elapsed="0.053274"/>
</kw>
<kw name="Sleep" owner="BuiltIn">
<msg time="2024-09-19T11:21:12.407683" level="INFO">Slept 1 second.</msg>
<arg>1s</arg>
<doc>Pauses the test executed for the given time.</doc>
<status status="PASS" start="2024-09-19T11:21:11.397973" elapsed="1.009710"/>
</kw>
<kw name="Click Element" owner="SeleniumLibrary">
<msg time="2024-09-19T11:21:12.407683" level="INFO">Clicking element 'xpath=//div[contains(text(),'Llama 2 7b Chat')]'.</msg>
<arg>${Llama_2_7b_Chat_Option}</arg>
<doc>Click the element identified by ``locator``.</doc>
<status status="PASS" start="2024-09-19T11:21:12.407683" elapsed="0.050744"/>
</kw>
<kw name="Sleep" owner="BuiltIn">
<msg time="2024-09-19T11:21:13.459667" level="INFO">Slept 1 second.</msg>
<arg>1s</arg>
<doc>Pauses the test executed for the given time.</doc>
<status status="PASS" start="2024-09-19T11:21:12.458427" elapsed="1.001240"/>
</kw>
<kw name="Click Element" owner="SeleniumLibrary">
<msg time="2024-09-19T11:21:13.460769" level="INFO">Clicking element 'xpath=/html/body/main/div/div[8]/div[2]/div/span/div/div/div[2]'.</msg>
<arg>${LLM_DEPLOYMENT_DROPDOWN_ARROW}</arg>
<doc>Click the element identified by ``locator``.</doc>
<status status="PASS" start="2024-09-19T11:21:13.459667" elapsed="0.043324"/>
</kw>
<kw name="Sleep" owner="BuiltIn">
<msg time="2024-09-19T11:21:14.510614" level="INFO">Slept 1 second.</msg>
<arg>1s</arg>
<doc>Pauses the test executed for the given time.</doc>
<status status="PASS" start="2024-09-19T11:21:13.506181" elapsed="1.004433"/>
</kw>
<kw name="Click Element" owner="SeleniumLibrary">
<msg time="2024-09-19T11:21:14.510614" level="INFO">Clicking element 'xpath=//div[text()='Anyscale Llama']'.</msg>
<arg>${Anyscale_Llama_option}</arg>
<doc>Click the element identified by ``locator``.</doc>
<status status="PASS" start="2024-09-19T11:21:14.510614" elapsed="0.040025"/>
</kw>
<kw name="Sleep" owner="BuiltIn">
<msg time="2024-09-19T11:21:15.553874" level="INFO">Slept 1 second.</msg>
<arg>1s</arg>
<doc>Pauses the test executed for the given time.</doc>
<status status="PASS" start="2024-09-19T11:21:14.550639" elapsed="1.003235"/>
</kw>
<kw name="Click Element" owner="SeleniumLibrary">
<msg time="2024-09-19T11:21:15.553874" level="INFO">Clicking element 'xpath=/html/body/main/div/div[8]/div[2]/div/span/div/div/div[2]'.</msg>
<arg>${LLM_DEPLOYMENT_DROPDOWN_ARROW}</arg>
<doc>Click the element identified by ``locator``.</doc>
<status status="PASS" start="2024-09-19T11:21:15.553874" elapsed="0.040119"/>
</kw>
<kw name="Sleep" owner="BuiltIn">
<msg time="2024-09-19T11:21:16.604048" level="INFO">Slept 1 second.</msg>
<arg>1s</arg>
<doc>Pauses the test executed for the given time.</doc>
<status status="PASS" start="2024-09-19T11:21:15.593993" elapsed="1.010055"/>
</kw>
<kw name="Click Element" owner="SeleniumLibrary">
<msg time="2024-09-19T11:21:16.605059" level="INFO">Clicking element 'xpath=//div[contains(text(),'Gemma7 Instruct')]'.</msg>
<arg>${Gemma_7_Instruct_Option}</arg>
<doc>Click the element identified by ``locator``.</doc>
<status status="PASS" start="2024-09-19T11:21:16.604048" elapsed="0.052096"/>
</kw>
<kw name="Sleep" owner="BuiltIn">
<msg time="2024-09-19T11:21:17.660274" level="INFO">Slept 1 second.</msg>
<arg>1s</arg>
<doc>Pauses the test executed for the given time.</doc>
<status status="PASS" start="2024-09-19T11:21:16.656144" elapsed="1.004130"/>
</kw>
<status status="PASS" start="2024-09-19T11:21:06.763372" elapsed="10.896902"/>
</kw>
<kw name="Close Browser" owner="SeleniumLibrary">
<doc>Closes the current browser.</doc>
<status status="PASS" start="2024-09-19T11:21:17.660274" elapsed="2.224405"/>
</kw>
<status status="PASS" start="2024-09-19T11:20:27.091818" elapsed="52.792861"/>
</test>
<status status="PASS" start="2024-09-19T11:20:26.699500" elapsed="53.185179"/>
</suite>
<statistics>
<total>
<stat pass="1" fail="0" skip="0">All Tests</stat>
</total>
<tag>
</tag>
<suite>
<stat pass="1" fail="0" skip="0" id="s1" name="Email Classification Testcases">Email Classification Testcases</stat>
</suite>
</statistics>
<errors>
<msg time="2024-09-19T11:20:26.989255" level="ERROR">Error in file 'C:\Users\ANIL KUMAR RAHUL\PycharmProjects\GenE Automation\GenE_Automation\Settings\settings.robot' on line 4: Importing library 'C:\Users\ANIL KUMAR RAHUL\PycharmProjects\GenE Automation\GenE_Automation\webdriver.py' failed: ModuleNotFoundError: No module named 'webdriver_manager'
Traceback (most recent call last):
  File "C:\Users\ANIL KUMAR RAHUL\PycharmProjects\GenE Automation\GenE_Automation\webdriver.py", line 3, in &lt;module&gt;
    from webdriver_manager.chrome import ChromeDriverManager
PYTHONPATH:
  C:\Users\ANIL KUMAR RAHUL\PycharmProjects\GenE Automation\GenE_Automation
  C:\Python310\Scripts\robot.exe
  C:\Python310\python310.zip
  C:\Python310\DLLs
  C:\Python310\lib
  C:\Python310
  C:\Python310\lib\site-packages</msg>
<msg time="2024-09-19T11:20:27.019255" level="WARN">Imported resource file 'C:\Users\ANIL KUMAR RAHUL\PycharmProjects\GenE Automation\GenE_Automation\Keywords\Chatwithcode_Keywords.robot' is empty.</msg>
<msg time="2024-09-19T11:20:27.029255" level="WARN">Imported resource file 'C:\Users\ANIL KUMAR RAHUL\PycharmProjects\GenE Automation\GenE_Automation\Keywords\Chatwithscript_Keywords.robot' is empty.</msg>
<msg time="2024-09-19T11:20:27.049255" level="WARN">Error in file 'C:\Users\ANIL KUMAR RAHUL\PycharmProjects\GenE Automation\GenE_Automation\Keywords\Custom_ML_Models_SafeDigging_Keywords.robot' on line 87: The '[Return]' setting is deprecated. Use the 'RETURN' statement instead.</msg>
</errors>
</robot>
