<?xml version="1.0" encoding="UTF-8"?>
<robot generator="Robot 7.0.1 (Python 3.10.2 on win32)" generated="2024-09-03T16:40:54.666550" rpa="false" schemaversion="5">
<suite id="s1" name="Email Classification Testcases" source="C:\Users\ANIL KUMAR RAHUL\PycharmProjects\GenE_Automation\Testcases\FINE_TUNED_MODELS\Email_Classification_Testcases.robot">
<test id="s1-t1" name="Verify Fine-Tuned Models" line="5">
<kw name="Open Browser" owner="SeleniumLibrary">
<msg time="2024-09-03T16:40:54.947133" level="INFO">Opening browser 'Chrome' to base url 'https://gene-nextjs-dev.dtskill.com/signin'.</msg>
<arg>${URL}</arg>
<arg>Chrome</arg>
<doc>Opens a new browser instance to the optional ``url``.</doc>
<status status="PASS" start="2024-09-03T16:40:54.947133" elapsed="2.367484"/>
</kw>
<kw name="Maximize Browser Window" owner="SeleniumLibrary">
<doc>Maximizes current browser window.</doc>
<status status="PASS" start="2024-09-03T16:40:57.315619" elapsed="0.040743"/>
</kw>
<kw name="Fill Login Form" owner="Email_Classfication_Keywords">
<kw name="Input Text" owner="SeleniumLibrary">
<msg time="2024-09-03T16:40:57.361147" level="INFO">Typing text 'varun.datt@dtskill.com' into text field 'xpath=/html/body/main/div/div/div/div[1]/div/div[2]/div[1]/form/div[1]/input'.</msg>
<arg>${USERNAME_LOCATOR}</arg>
<arg>${email}</arg>
<doc>Types the given ``text`` into the text field identified by ``locator``.</doc>
<status status="PASS" start="2024-09-03T16:40:57.357738" elapsed="0.189568"/>
</kw>
<kw name="Input Text" owner="SeleniumLibrary">
<msg time="2024-09-03T16:40:57.547522" level="INFO">Typing text '123456' into text field 'xpath=/html/body/main/div/div/div/div[1]/div/div[2]/div[1]/form/div[2]/input'.</msg>
<arg>${PASSWORD_LOCATOR}</arg>
<arg>${password}</arg>
<doc>Types the given ``text`` into the text field identified by ``locator``.</doc>
<status status="PASS" start="2024-09-03T16:40:57.547522" elapsed="0.100211"/>
</kw>
<arg>${USERNAME}</arg>
<arg>${PASSWORD}</arg>
<status status="PASS" start="2024-09-03T16:40:57.357738" elapsed="0.289995"/>
</kw>
<kw name="Click Login Button" owner="Email_Classfication_Keywords">
<kw name="Click Element" owner="SeleniumLibrary">
<msg time="2024-09-03T16:40:57.655562" level="INFO">Clicking element 'xpath=/html/body/main/div/div/div/div[1]/div/div[2]/div[1]/form/button'.</msg>
<arg>${LOGIN_BUTTON}</arg>
<doc>Click the element identified by ``locator``.</doc>
<status status="PASS" start="2024-09-03T16:40:57.647733" elapsed="0.058561"/>
</kw>
<kw name="Sleep" owner="BuiltIn">
<msg time="2024-09-03T16:41:00.714243" level="INFO">Slept 3 seconds.</msg>
<arg>3s</arg>
<doc>Pauses the test executed for the given time.</doc>
<status status="PASS" start="2024-09-03T16:40:57.706294" elapsed="3.007949"/>
</kw>
<status status="PASS" start="2024-09-03T16:40:57.647733" elapsed="3.066510"/>
</kw>
<kw name="Wait Until Location Is" owner="SeleniumLibrary">
<arg>${SUCCESS_URL}</arg>
<arg>timeout=10s</arg>
<doc>Waits until the current URL is ``expected``.</doc>
<status status="PASS" start="2024-09-03T16:41:00.714243" elapsed="0.000000"/>
</kw>
<kw name="Location Should Be" owner="SeleniumLibrary">
<msg time="2024-09-03T16:41:00.724256" level="INFO">Current location is 'https://gene-nextjs-dev.dtskill.com/dashboard'.</msg>
<arg>${SUCCESS_URL}</arg>
<doc>Verifies that the current URL is exactly ``url``.</doc>
<status status="PASS" start="2024-09-03T16:41:00.714243" elapsed="0.010013"/>
</kw>
<kw name="Click SIDEMENU" owner="Email_Classfication_Keywords">
<kw name="Click Element" owner="SeleniumLibrary">
<msg time="2024-09-03T16:41:00.724256" level="INFO">Clicking element 'xpath=/html/body/main/div/header/div/div/div[1]/div/div[1]/button/i'.</msg>
<arg>${SIDE_MENU}</arg>
<doc>Click the element identified by ``locator``.</doc>
<status status="PASS" start="2024-09-03T16:41:00.724256" elapsed="0.041929"/>
</kw>
<kw name="Sleep" owner="BuiltIn">
<msg time="2024-09-03T16:41:03.773022" level="INFO">Slept 3 seconds.</msg>
<arg>3s</arg>
<doc>Pauses the test executed for the given time.</doc>
<status status="PASS" start="2024-09-03T16:41:00.766185" elapsed="3.006837"/>
</kw>
<status status="PASS" start="2024-09-03T16:41:00.724256" elapsed="3.048766"/>
</kw>
<kw name="Verify all SIDEMENU OPTIONS" owner="Email_Classfication_Keywords">
<kw name="Wait Until Page Contains Element" owner="SeleniumLibrary">
<arg>${SIDEMENU_OPTIONS}</arg>
<doc>Waits until the element ``locator`` appears on the current page.</doc>
<status status="PASS" start="2024-09-03T16:41:03.773022" elapsed="0.010006"/>
</kw>
<kw name="Element Should Be Visible" owner="SeleniumLibrary">
<msg time="2024-09-03T16:41:03.803022" level="INFO">Element 'xpath=/html/body/main/div/div[1]/div/div[1]' is displayed.</msg>
<arg>${SIDEMENU_OPTIONS}</arg>
<doc>Verifies that the element identified by ``locator`` is visible.</doc>
<status status="PASS" start="2024-09-03T16:41:03.783028" elapsed="0.019994"/>
</kw>
<kw name="Sleep" owner="BuiltIn">
<msg time="2024-09-03T16:41:04.803540" level="INFO">Slept 1 second.</msg>
<arg>1s</arg>
<doc>Pauses the test executed for the given time.</doc>
<status status="PASS" start="2024-09-03T16:41:03.803022" elapsed="1.000518"/>
</kw>
<kw name="Wait Until Page Contains Element" owner="SeleniumLibrary">
<arg>${SUBCRIPTION_BOX}</arg>
<doc>Waits until the element ``locator`` appears on the current page.</doc>
<status status="PASS" start="2024-09-03T16:41:04.803540" elapsed="0.010008"/>
</kw>
<kw name="Element Should Be Visible" owner="SeleniumLibrary">
<msg time="2024-09-03T16:41:04.825572" level="INFO">Element 'xpath=/html/body/main/div/div[1]/div/div[2]' is displayed.</msg>
<arg>${SUBCRIPTION_BOX}</arg>
<doc>Verifies that the element identified by ``locator`` is visible.</doc>
<status status="PASS" start="2024-09-03T16:41:04.813548" elapsed="0.012024"/>
</kw>
<kw name="Sleep" owner="BuiltIn">
<msg time="2024-09-03T16:41:05.833982" level="INFO">Slept 1 second.</msg>
<arg>1s</arg>
<doc>Pauses the test executed for the given time.</doc>
<status status="PASS" start="2024-09-03T16:41:04.825572" elapsed="1.008410"/>
</kw>
<kw name="Wait Until Page Contains Element" owner="SeleniumLibrary">
<arg>${USERIMAGE_IN_SUBCRIPTION_BOX}</arg>
<doc>Waits until the element ``locator`` appears on the current page.</doc>
<status status="PASS" start="2024-09-03T16:41:05.833982" elapsed="0.010018"/>
</kw>
<kw name="Element Should Be Visible" owner="SeleniumLibrary">
<msg time="2024-09-03T16:41:05.853994" level="INFO">Element 'xpath=/html/body/main/div/div[1]/div/div[2]/div/a/div[1]/img' is displayed.</msg>
<arg>${USERIMAGE_IN_SUBCRIPTION_BOX}</arg>
<doc>Verifies that the element identified by ``locator`` is visible.</doc>
<status status="PASS" start="2024-09-03T16:41:05.844000" elapsed="0.009994"/>
</kw>
<kw name="Sleep" owner="BuiltIn">
<msg time="2024-09-03T16:41:06.854430" level="INFO">Slept 1 second.</msg>
<arg>1s</arg>
<doc>Pauses the test executed for the given time.</doc>
<status status="PASS" start="2024-09-03T16:41:05.853994" elapsed="1.000436"/>
</kw>
<kw name="Wait Until Page Contains Element" owner="SeleniumLibrary">
<arg>${USERNAME_IN_SUBCRIPTION_BOX}</arg>
<doc>Waits until the element ``locator`` appears on the current page.</doc>
<status status="PASS" start="2024-09-03T16:41:06.854430" elapsed="0.010004"/>
</kw>
<kw name="Element Should Be Visible" owner="SeleniumLibrary">
<msg time="2024-09-03T16:41:06.874426" level="INFO">Element 'xpath=/html/body/main/div/div[1]/div/div[2]/div/a/div[2]' is displayed.</msg>
<arg>${USERNAME_IN_SUBCRIPTION_BOX}</arg>
<doc>Verifies that the element identified by ``locator`` is visible.</doc>
<status status="PASS" start="2024-09-03T16:41:06.864434" elapsed="0.009992"/>
</kw>
<kw name="Sleep" owner="BuiltIn">
<msg time="2024-09-03T16:41:07.874828" level="INFO">Slept 1 second.</msg>
<arg>1s</arg>
<doc>Pauses the test executed for the given time.</doc>
<status status="PASS" start="2024-09-03T16:41:06.874426" elapsed="1.000402"/>
</kw>
<status status="PASS" start="2024-09-03T16:41:03.773022" elapsed="4.101806"/>
</kw>
<kw name="Click Fine-Tuned Models" owner="Email_Classfication_Keywords">
<kw name="Wait Until Page Contains Element" owner="SeleniumLibrary">
<arg>${FINE_TUNED_MODELS_BOX}</arg>
<doc>Waits until the element ``locator`` appears on the current page.</doc>
<status status="PASS" start="2024-09-03T16:41:07.874828" elapsed="0.009994"/>
</kw>
<kw name="Element Should Be Visible" owner="SeleniumLibrary">
<msg time="2024-09-03T16:41:07.894823" level="INFO">Element 'xpath=/html/body/main/div/div[1]/div/div[1]/div/div/nav/div[1]/ul/li[3]/a' is displayed.</msg>
<arg>${FINE_TUNED_MODELS_BOX}</arg>
<doc>Verifies that the element identified by ``locator`` is visible.</doc>
<status status="PASS" start="2024-09-03T16:41:07.884822" elapsed="0.010001"/>
</kw>
<kw name="Sleep" owner="BuiltIn">
<msg time="2024-09-03T16:41:08.895576" level="INFO">Slept 1 second.</msg>
<arg>1s</arg>
<doc>Pauses the test executed for the given time.</doc>
<status status="PASS" start="2024-09-03T16:41:07.894823" elapsed="1.000753"/>
</kw>
<kw name="Wait Until Page Contains Element" owner="SeleniumLibrary">
<arg>${FINE_TUNED_MODELS_BOX_LOGO}</arg>
<doc>Waits until the element ``locator`` appears on the current page.</doc>
<status status="PASS" start="2024-09-03T16:41:08.895576" elapsed="0.010000"/>
</kw>
<kw name="Element Should Be Visible" owner="SeleniumLibrary">
<msg time="2024-09-03T16:41:08.925623" level="INFO">Element 'xpath=/html/body/main/div/div[1]/div/div[1]/div/div/nav/div[1]/ul/li[3]/a/img' is displayed.</msg>
<arg>${FINE_TUNED__MODELS_BOX_LOGO}</arg>
<doc>Verifies that the element identified by ``locator`` is visible.</doc>
<status status="PASS" start="2024-09-03T16:41:08.905576" elapsed="0.020047"/>
</kw>
<kw name="Sleep" owner="BuiltIn">
<msg time="2024-09-03T16:41:09.936272" level="INFO">Slept 1 second.</msg>
<arg>1s</arg>
<doc>Pauses the test executed for the given time.</doc>
<status status="PASS" start="2024-09-03T16:41:08.925623" elapsed="1.010649"/>
</kw>
<kw name="Click Element" owner="SeleniumLibrary">
<msg time="2024-09-03T16:41:09.936272" level="INFO">Clicking element 'xpath=/html/body/main/div/div[1]/div/div[1]/div/div/nav/div[1]/ul/li[3]/a'.</msg>
<arg>${FINE_TUNED_MODELS_BOX}</arg>
<doc>Click the element identified by ``locator``.</doc>
<status status="PASS" start="2024-09-03T16:41:09.936272" elapsed="0.038929"/>
</kw>
<kw name="Wait Until Page Contains Element" owner="SeleniumLibrary">
<arg>${OPTIONS_IN_FINE_TUNED_MODELS}</arg>
<doc>Waits until the element ``locator`` appears on the current page.</doc>
<status status="PASS" start="2024-09-03T16:41:09.975201" elapsed="0.013655"/>
</kw>
<kw name="Element Should Be Visible" owner="SeleniumLibrary">
<msg time="2024-09-03T16:41:10.005447" level="INFO">Element 'xpath=/html/body/main/div/div[1]/div/div[1]/div/div/nav/div[1]/ul/li[3]/div/ul' is displayed.</msg>
<arg>${OPTIONS_IN_FINE_TUNED_MODELS}</arg>
<doc>Verifies that the element identified by ``locator`` is visible.</doc>
<status status="PASS" start="2024-09-03T16:41:09.988856" elapsed="0.016591"/>
</kw>
<kw name="Sleep" owner="BuiltIn">
<msg time="2024-09-03T16:41:11.013979" level="INFO">Slept 1 second.</msg>
<arg>1s</arg>
<doc>Pauses the test executed for the given time.</doc>
<status status="PASS" start="2024-09-03T16:41:10.005447" elapsed="1.008532"/>
</kw>
<status status="PASS" start="2024-09-03T16:41:07.874828" elapsed="3.139151"/>
</kw>
<kw name="Click Email Functionality" owner="Email_Classfication_Keywords">
<kw name="Wait Until Page Contains Element" owner="SeleniumLibrary">
<arg>${EMAIL_FUNCTIONALITY}</arg>
<doc>Waits until the element ``locator`` appears on the current page.</doc>
<status status="PASS" start="2024-09-03T16:41:11.013979" elapsed="0.010030"/>
</kw>
<kw name="Element Should Be Visible" owner="SeleniumLibrary">
<msg time="2024-09-03T16:41:11.034025" level="INFO">Element 'xpath=/html/body/main/div/div[1]/div/div[1]/div/div/nav/div[1]/ul/li[3]/div/ul/li[1]/a' is displayed.</msg>
<arg>${EMAIL_FUNCTIONALITY}</arg>
<doc>Verifies that the element identified by ``locator`` is visible.</doc>
<status status="PASS" start="2024-09-03T16:41:11.024009" elapsed="0.010016"/>
</kw>
<kw name="Sleep" owner="BuiltIn">
<msg time="2024-09-03T16:41:12.034619" level="INFO">Slept 1 second.</msg>
<arg>1s</arg>
<doc>Pauses the test executed for the given time.</doc>
<status status="PASS" start="2024-09-03T16:41:11.034025" elapsed="1.000594"/>
</kw>
<kw name="Wait Until Page Contains Element" owner="SeleniumLibrary">
<arg>${EMAIL_FUNCTIONALITY_LOGO}</arg>
<doc>Waits until the element ``locator`` appears on the current page.</doc>
<status status="PASS" start="2024-09-03T16:41:12.034619" elapsed="0.010011"/>
</kw>
<kw name="Element Should Be Visible" owner="SeleniumLibrary">
<msg time="2024-09-03T16:41:12.054629" level="INFO">Element 'xpath=/html/body/main/div/div[1]/div/div[1]/div/div/nav/div[1]/ul/li[3]/div/ul/li[1]/a/img' is displayed.</msg>
<arg>${EMAIL_FUNCTIONALITY_LOGO}</arg>
<doc>Verifies that the element identified by ``locator`` is visible.</doc>
<status status="PASS" start="2024-09-03T16:41:12.044630" elapsed="0.009999"/>
</kw>
<kw name="Sleep" owner="BuiltIn">
<msg time="2024-09-03T16:41:13.055558" level="INFO">Slept 1 second.</msg>
<arg>1s</arg>
<doc>Pauses the test executed for the given time.</doc>
<status status="PASS" start="2024-09-03T16:41:12.054629" elapsed="1.000929"/>
</kw>
<kw name="Click Element" owner="SeleniumLibrary">
<msg time="2024-09-03T16:41:13.055558" level="INFO">Clicking element 'xpath=/html/body/main/div/div[1]/div/div[1]/div/div/nav/div[1]/ul/li[3]/div/ul/li[1]/a'.</msg>
<arg>${EMAIL_FUNCTIONALITY}</arg>
<doc>Click the element identified by ``locator``.</doc>
<status status="PASS" start="2024-09-03T16:41:13.055558" elapsed="0.046030"/>
</kw>
<kw name="Wait Until Location Is" owner="SeleniumLibrary">
<arg>${EMAIL_FUNCTIONALITY_URL}</arg>
<arg>timeout=5s</arg>
<doc>Waits until the current URL is ``expected``.</doc>
<status status="PASS" start="2024-09-03T16:41:13.101588" elapsed="0.021028"/>
</kw>
<kw name="Location Should Be" owner="SeleniumLibrary">
<msg time="2024-09-03T16:41:13.129716" level="INFO">Current location is 'https://gene-nextjs-dev.dtskill.com/dashboard/email-classification'.</msg>
<arg>${EMAIL_FUNCTIONALITY_URL}</arg>
<doc>Verifies that the current URL is exactly ``url``.</doc>
<status status="PASS" start="2024-09-03T16:41:13.122616" elapsed="0.007100"/>
</kw>
<kw name="Sleep" owner="BuiltIn">
<msg time="2024-09-03T16:41:14.132040" level="INFO">Slept 1 second.</msg>
<arg>1s</arg>
<doc>Pauses the test executed for the given time.</doc>
<status status="PASS" start="2024-09-03T16:41:13.129716" elapsed="1.002324"/>
</kw>
<status status="PASS" start="2024-09-03T16:41:11.013979" elapsed="3.118061"/>
</kw>
<kw name="Verify Input" owner="Email_Classfication_Keywords">
<kw name="Wait Until Page Contains Element" owner="SeleniumLibrary">
<arg>${INPUT_TEXT}</arg>
<doc>Waits until the element ``locator`` appears on the current page.</doc>
<status status="PASS" start="2024-09-03T16:41:14.132040" elapsed="0.010010"/>
</kw>
<kw name="Element Should Be Visible" owner="SeleniumLibrary">
<msg time="2024-09-03T16:41:14.152054" level="INFO">Element 'xpath=//h5[normalize-space()='Input']' is displayed.</msg>
<arg>${INPUT_TEXT}</arg>
<doc>Verifies that the element identified by ``locator`` is visible.</doc>
<status status="PASS" start="2024-09-03T16:41:14.142050" elapsed="0.010004"/>
</kw>
<kw name="Sleep" owner="BuiltIn">
<msg time="2024-09-03T16:41:15.152086" level="INFO">Slept 1 second.</msg>
<arg>1s</arg>
<doc>Pauses the test executed for the given time.</doc>
<status status="PASS" start="2024-09-03T16:41:14.152054" elapsed="1.000032"/>
</kw>
<status status="PASS" start="2024-09-03T16:41:14.132040" elapsed="1.020046"/>
</kw>
<kw name="Verify TextArea" owner="Email_Classfication_Keywords">
<kw name="Wait Until Page Contains Element" owner="SeleniumLibrary">
<arg>${TEXT_AREA}</arg>
<doc>Waits until the element ``locator`` appears on the current page.</doc>
<status status="PASS" start="2024-09-03T16:41:15.152086" elapsed="0.010000"/>
</kw>
<kw name="Element Should Be Visible" owner="SeleniumLibrary">
<msg time="2024-09-03T16:41:15.172087" level="INFO">Element 'xpath=//textarea[@id='Textarea']' is displayed.</msg>
<arg>${TEXT_AREA}</arg>
<doc>Verifies that the element identified by ``locator`` is visible.</doc>
<status status="PASS" start="2024-09-03T16:41:15.162086" elapsed="0.010001"/>
</kw>
<kw name="Sleep" owner="BuiltIn">
<msg time="2024-09-03T16:41:16.182561" level="INFO">Slept 1 second.</msg>
<arg>1s</arg>
<doc>Pauses the test executed for the given time.</doc>
<status status="PASS" start="2024-09-03T16:41:15.172087" elapsed="1.010474"/>
</kw>
<status status="PASS" start="2024-09-03T16:41:15.152086" elapsed="1.030475"/>
</kw>
<kw name="Verify Run" owner="Email_Classfication_Keywords">
<kw name="Wait Until Page Contains Element" owner="SeleniumLibrary">
<arg>${RUN_BUTTON}</arg>
<doc>Waits until the element ``locator`` appears on the current page.</doc>
<status status="PASS" start="2024-09-03T16:41:16.182561" elapsed="0.009996"/>
</kw>
<kw name="Element Should Be Visible" owner="SeleniumLibrary">
<msg time="2024-09-03T16:41:16.202556" level="INFO">Element 'xpath=//button[normalize-space()='Run']' is displayed.</msg>
<arg>${RUN_BUTTON}</arg>
<doc>Verifies that the element identified by ``locator`` is visible.</doc>
<status status="PASS" start="2024-09-03T16:41:16.192557" elapsed="0.009999"/>
</kw>
<kw name="Sleep" owner="BuiltIn">
<msg time="2024-09-03T16:41:17.203085" level="INFO">Slept 1 second.</msg>
<arg>1s</arg>
<doc>Pauses the test executed for the given time.</doc>
<status status="PASS" start="2024-09-03T16:41:16.202556" elapsed="1.000529"/>
</kw>
<status status="PASS" start="2024-09-03T16:41:16.182561" elapsed="1.020524"/>
</kw>
<kw name="Verify Output" owner="Email_Classfication_Keywords">
<kw name="Wait Until Page Contains Element" owner="SeleniumLibrary">
<arg>${OUTPUT_TEXT }</arg>
<doc>Waits until the element ``locator`` appears on the current page.</doc>
<status status="PASS" start="2024-09-03T16:41:17.203085" elapsed="0.010000"/>
</kw>
<kw name="Element Should Be Visible" owner="SeleniumLibrary">
<msg time="2024-09-03T16:41:17.223086" level="INFO">Element 'xpath=//h5[normalize-space()='Output']' is displayed.</msg>
<arg>${OUTPUT_TEXT }</arg>
<doc>Verifies that the element identified by ``locator`` is visible.</doc>
<status status="PASS" start="2024-09-03T16:41:17.213085" elapsed="0.010001"/>
</kw>
<kw name="Sleep" owner="BuiltIn">
<msg time="2024-09-03T16:41:18.233601" level="INFO">Slept 1 second.</msg>
<arg>1s</arg>
<doc>Pauses the test executed for the given time.</doc>
<status status="PASS" start="2024-09-03T16:41:17.223086" elapsed="1.010515"/>
</kw>
<status status="PASS" start="2024-09-03T16:41:17.203085" elapsed="1.030516"/>
</kw>
<kw name="Verify LLM Deployment" owner="Email_Classfication_Keywords">
<kw name="Wait Until Page Contains Element" owner="SeleniumLibrary">
<arg>${LLM_DEPLOYMENT_DROPDOWN}</arg>
<doc>Waits until the element ``locator`` appears on the current page.</doc>
<status status="PASS" start="2024-09-03T16:41:18.233601" elapsed="0.010036"/>
</kw>
<kw name="Element Should Be Visible" owner="SeleniumLibrary">
<msg time="2024-09-03T16:41:18.253611" level="INFO">Element 'xpath=/html/body/main/div/div[8]/div[2]/div/span/div/div' is displayed.</msg>
<arg>${LLM_DEPLOYMENT_DROPDOWN}</arg>
<doc>Verifies that the element identified by ``locator`` is visible.</doc>
<status status="PASS" start="2024-09-03T16:41:18.243637" elapsed="0.009974"/>
</kw>
<kw name="Sleep" owner="BuiltIn">
<msg time="2024-09-03T16:41:19.254043" level="INFO">Slept 1 second.</msg>
<arg>1s</arg>
<doc>Pauses the test executed for the given time.</doc>
<status status="PASS" start="2024-09-03T16:41:18.253611" elapsed="1.000432"/>
</kw>
<kw name="Wait Until Page Contains Element" owner="SeleniumLibrary">
<arg>${LLM_DEPLOYMENT_DROPDOWN_ARROW}</arg>
<doc>Waits until the element ``locator`` appears on the current page.</doc>
<status status="PASS" start="2024-09-03T16:41:19.254043" elapsed="0.010019"/>
</kw>
<kw name="Element Should Be Visible" owner="SeleniumLibrary">
<msg time="2024-09-03T16:41:19.274043" level="INFO">Element 'xpath=/html/body/main/div/div[8]/div[2]/div/span/div/div/div[2]' is displayed.</msg>
<arg>${LLM_DEPLOYMENT_DROPDOWN_ARROW}</arg>
<doc>Verifies that the element identified by ``locator`` is visible.</doc>
<status status="PASS" start="2024-09-03T16:41:19.264062" elapsed="0.009981"/>
</kw>
<kw name="Sleep" owner="BuiltIn">
<msg time="2024-09-03T16:41:20.274614" level="INFO">Slept 1 second.</msg>
<arg>1s</arg>
<doc>Pauses the test executed for the given time.</doc>
<status status="PASS" start="2024-09-03T16:41:19.274043" elapsed="1.000571"/>
</kw>
<kw name="Click Element" owner="SeleniumLibrary">
<msg time="2024-09-03T16:41:20.274614" level="INFO">Clicking element 'xpath=/html/body/main/div/div[8]/div[2]/div/span/div/div/div[2]'.</msg>
<arg>${LLM_DEPLOYMENT_DROPDOWN_ARROW}</arg>
<doc>Click the element identified by ``locator``.</doc>
<status status="PASS" start="2024-09-03T16:41:20.274614" elapsed="0.046976"/>
</kw>
<kw name="Sleep" owner="BuiltIn">
<msg time="2024-09-03T16:41:21.332656" level="INFO">Slept 1 second.</msg>
<arg>1s</arg>
<doc>Pauses the test executed for the given time.</doc>
<status status="PASS" start="2024-09-03T16:41:20.322072" elapsed="1.010584"/>
</kw>
<kw name="Click Element" owner="SeleniumLibrary">
<msg time="2024-09-03T16:41:21.332656" level="INFO">Clicking element 'xpath=//div[contains(text(),'Mistral 7b Instruct')]'.</msg>
<arg>${Mistral_7b_Instruct_Option}</arg>
<doc>Click the element identified by ``locator``.</doc>
<status status="PASS" start="2024-09-03T16:41:21.332656" elapsed="0.051424"/>
</kw>
<kw name="Sleep" owner="BuiltIn">
<msg time="2024-09-03T16:41:22.384689" level="INFO">Slept 1 second.</msg>
<arg>1s</arg>
<doc>Pauses the test executed for the given time.</doc>
<status status="PASS" start="2024-09-03T16:41:21.384080" elapsed="1.000609"/>
</kw>
<kw name="Click Element" owner="SeleniumLibrary">
<msg time="2024-09-03T16:41:22.384689" level="INFO">Clicking element 'xpath=/html/body/main/div/div[8]/div[2]/div/span/div/div/div[2]'.</msg>
<arg>${LLM_DEPLOYMENT_DROPDOWN_ARROW}</arg>
<doc>Click the element identified by ``locator``.</doc>
<status status="PASS" start="2024-09-03T16:41:22.384689" elapsed="0.039388"/>
</kw>
<kw name="Sleep" owner="BuiltIn">
<msg time="2024-09-03T16:41:23.430213" level="INFO">Slept 1 second.</msg>
<arg>1s</arg>
<doc>Pauses the test executed for the given time.</doc>
<status status="PASS" start="2024-09-03T16:41:22.424077" elapsed="1.006136"/>
</kw>
<kw name="Click Element" owner="SeleniumLibrary">
<msg time="2024-09-03T16:41:23.430213" level="INFO">Clicking element 'xpath=//div[contains(text(),'Llama 2 7b Chat')]'.</msg>
<arg>${Llama_2_7b_Chat_Option}</arg>
<doc>Click the element identified by ``locator``.</doc>
<status status="PASS" start="2024-09-03T16:41:23.430213" elapsed="0.042266"/>
</kw>
<kw name="Sleep" owner="BuiltIn">
<msg time="2024-09-03T16:41:24.478957" level="INFO">Slept 1 second.</msg>
<arg>1s</arg>
<doc>Pauses the test executed for the given time.</doc>
<status status="PASS" start="2024-09-03T16:41:23.472479" elapsed="1.006478"/>
</kw>
<kw name="Click Element" owner="SeleniumLibrary">
<msg time="2024-09-03T16:41:24.478957" level="INFO">Clicking element 'xpath=/html/body/main/div/div[8]/div[2]/div/span/div/div/div[2]'.</msg>
<arg>${LLM_DEPLOYMENT_DROPDOWN_ARROW}</arg>
<doc>Click the element identified by ``locator``.</doc>
<status status="PASS" start="2024-09-03T16:41:24.478957" elapsed="0.038299"/>
</kw>
<kw name="Sleep" owner="BuiltIn">
<msg time="2024-09-03T16:41:25.518548" level="INFO">Slept 1 second.</msg>
<arg>1s</arg>
<doc>Pauses the test executed for the given time.</doc>
<status status="PASS" start="2024-09-03T16:41:24.517256" elapsed="1.001292"/>
</kw>
<kw name="Click Element" owner="SeleniumLibrary">
<msg time="2024-09-03T16:41:25.519550" level="INFO">Clicking element 'xpath=//div[text()='Anyscale Llama']'.</msg>
<arg>${Anyscale_Llama_option}</arg>
<doc>Click the element identified by ``locator``.</doc>
<status status="PASS" start="2024-09-03T16:41:25.518548" elapsed="0.041200"/>
</kw>
<kw name="Sleep" owner="BuiltIn">
<msg time="2024-09-03T16:41:26.560624" level="INFO">Slept 1 second.</msg>
<arg>1s</arg>
<doc>Pauses the test executed for the given time.</doc>
<status status="PASS" start="2024-09-03T16:41:25.559748" elapsed="1.000876"/>
</kw>
<kw name="Click Element" owner="SeleniumLibrary">
<msg time="2024-09-03T16:41:26.560624" level="INFO">Clicking element 'xpath=/html/body/main/div/div[8]/div[2]/div/span/div/div/div[2]'.</msg>
<arg>${LLM_DEPLOYMENT_DROPDOWN_ARROW}</arg>
<doc>Click the element identified by ``locator``.</doc>
<status status="PASS" start="2024-09-03T16:41:26.560624" elapsed="0.042004"/>
</kw>
<kw name="Sleep" owner="BuiltIn">
<msg time="2024-09-03T16:41:27.616644" level="INFO">Slept 1 second.</msg>
<arg>1s</arg>
<doc>Pauses the test executed for the given time.</doc>
<status status="PASS" start="2024-09-03T16:41:26.602628" elapsed="1.014016"/>
</kw>
<kw name="Click Element" owner="SeleniumLibrary">
<msg time="2024-09-03T16:41:27.616644" level="INFO">Clicking element 'xpath=//div[contains(text(),'Gemma7 Instruct')]'.</msg>
<arg>${Gemma_7_Instruct_Option}</arg>
<doc>Click the element identified by ``locator``.</doc>
<status status="PASS" start="2024-09-03T16:41:27.616644" elapsed="0.041523"/>
</kw>
<kw name="Sleep" owner="BuiltIn">
<msg time="2024-09-03T16:41:28.672776" level="INFO">Slept 1 second.</msg>
<arg>1s</arg>
<doc>Pauses the test executed for the given time.</doc>
<status status="PASS" start="2024-09-03T16:41:27.658167" elapsed="1.014609"/>
</kw>
<status status="PASS" start="2024-09-03T16:41:18.233601" elapsed="10.439175"/>
</kw>
<kw name="Close Browser" owner="SeleniumLibrary">
<doc>Closes the current browser.</doc>
<status status="PASS" start="2024-09-03T16:41:28.673778" elapsed="2.182752"/>
</kw>
<status status="PASS" start="2024-09-03T16:40:54.947133" elapsed="35.909397"/>
</test>
<status status="PASS" start="2024-09-03T16:40:54.666550" elapsed="36.191992"/>
</suite>
<statistics>
<total>
<stat pass="1" fail="0" skip="0">All Tests</stat>
</total>
<tag>
</tag>
<suite>
<stat pass="1" fail="0" skip="0" id="s1" name="Email Classification Testcases">Email Classification Testcases</stat>
</suite>
</statistics>
<errors>
</errors>
</robot>
