<?xml version="1.0" encoding="UTF-8"?>
<robot generator="Robot 7.1.1 (Python 3.10.2 on win32)" generated="2025-01-29T17:42:19.572413" rpa="false" schemaversion="5">
<suite id="s1" name="Loginpage Testcases" source="C:\Users\ANIL KUMAR RAHUL\PycharmProjects\GenE Automation\GenE_Automation\Testcases\LOGIN_PAGE_TEST\Loginpage_Testcases.robot">
<test id="s1-t1" name="Verifying Login Page" line="5">
<kw name="Login Page" owner="Loginpage_Keywords" type="SETUP">
<kw name="Open Browser" owner="SeleniumLibrary">
<msg time="2025-01-29T17:42:19.989157" level="INFO">Opening browser 'headlesschrome' to base url 'https://genedev.dtskill.com/'.</msg>
<arg>${URL}</arg>
<arg>${HEADLESS}</arg>
<doc>Opens a new browser instance to the optional ``url``.</doc>
<status status="PASS" start="2025-01-29T17:42:19.989157" elapsed="2.211611"/>
</kw>
<kw name="Maximize Browser Window" owner="SeleniumLibrary">
<doc>Maximizes current browser window.</doc>
<status status="PASS" start="2025-01-29T17:42:22.201768" elapsed="0.032520"/>
</kw>
<kw name="Verify Gen E Logo Presence" owner="Loginpage_Keywords">
<kw name="Wait Until Page Contains Element" owner="SeleniumLibrary">
<arg>${LOGO_LOCATOR}</arg>
<arg>timeout=5s</arg>
<doc>Waits until the element ``locator`` appears on the current page.</doc>
<status status="PASS" start="2025-01-29T17:42:22.236286" elapsed="0.017005"/>
</kw>
<kw name="Element Should Be Visible" owner="SeleniumLibrary">
<msg time="2025-01-29T17:42:22.280288" level="INFO">Element 'xpath=/html/body/main/div/div/div/div[1]/div/div[1]/img' is displayed.</msg>
<arg>${LOGO_LOCATOR}</arg>
<doc>Verifies that the element identified by ``locator`` is visible.</doc>
<status status="PASS" start="2025-01-29T17:42:22.254287" elapsed="0.026001"/>
</kw>
<kw name="Sleep" owner="BuiltIn">
<msg time="2025-01-29T17:42:24.286478" level="INFO">Slept 2 seconds.</msg>
<arg>2s</arg>
<doc>Pauses the test executed for the given time.</doc>
<status status="PASS" start="2025-01-29T17:42:22.280288" elapsed="2.006190"/>
</kw>
<status status="PASS" start="2025-01-29T17:42:22.235287" elapsed="2.051191"/>
</kw>
<status status="PASS" start="2025-01-29T17:42:19.988159" elapsed="4.298319"/>
</kw>
<kw name="Fill Login Form" owner="Loginpage_Keywords">
<kw name="Input Text" owner="SeleniumLibrary">
<msg time="2025-01-29T17:42:24.286478" level="INFO">Typing text 'varun.datt@dtskill.com' into text field 'xpath=/html/body/main/div/div/div/div[1]/div/div[2]/div[1]/form/div[1]/input'.</msg>
<arg>${USERNAME_LOCATOR}</arg>
<arg>${email}</arg>
<doc>Types the given ``text`` into the text field identified by ``locator``.</doc>
<status status="PASS" start="2025-01-29T17:42:24.286478" elapsed="0.167922"/>
</kw>
<kw name="Input Text" owner="SeleniumLibrary">
<msg time="2025-01-29T17:42:24.455595" level="INFO">Typing text '123456' into text field 'xpath=/html/body/main/div/div/div/div[1]/div/div[2]/div[1]/form/div[2]/input'.</msg>
<arg>${PASSWORD_LOCATOR}</arg>
<arg>${password}</arg>
<doc>Types the given ``text`` into the text field identified by ``locator``.</doc>
<status status="PASS" start="2025-01-29T17:42:24.454400" elapsed="0.142564"/>
</kw>
<arg>${USERNAME}</arg>
<arg>${PASSWORD}</arg>
<status status="PASS" start="2025-01-29T17:42:24.286478" elapsed="0.310486"/>
</kw>
<kw name="Click Login Button" owner="Loginpage_Keywords">
<kw name="Click Element" owner="SeleniumLibrary">
<msg time="2025-01-29T17:42:24.596964" level="INFO">Clicking element 'xpath=/html/body/main/div/div/div/div[1]/div/div[2]/div[1]/form/button'.</msg>
<arg>${LOGIN_BUTTON}</arg>
<doc>Click the element identified by ``locator``.</doc>
<status status="PASS" start="2025-01-29T17:42:24.596964" elapsed="0.091807"/>
</kw>
<kw name="Sleep" owner="BuiltIn">
<msg time="2025-01-29T17:42:26.695816" level="INFO">Slept 2 seconds.</msg>
<arg>2s</arg>
<doc>Pauses the test executed for the given time.</doc>
<status status="PASS" start="2025-01-29T17:42:24.688771" elapsed="2.007045"/>
</kw>
<status status="PASS" start="2025-01-29T17:42:24.596964" elapsed="2.098852"/>
</kw>
<kw name="Wait Until Location Is" owner="SeleniumLibrary">
<arg>${SUCCESS_URL}</arg>
<arg>timeout=20s</arg>
<doc>Waits until the current URL is ``expected``.</doc>
<status status="PASS" start="2025-01-29T17:42:26.695816" elapsed="0.006022"/>
</kw>
<kw name="Location Should Be" owner="SeleniumLibrary">
<msg time="2025-01-29T17:42:26.703846" level="INFO">Current location is 'https://genedev.dtskill.com/home'.</msg>
<arg>${SUCCESS_URL}</arg>
<doc>Verifies that the current URL is exactly ``url``.</doc>
<status status="PASS" start="2025-01-29T17:42:26.701838" elapsed="0.002008"/>
</kw>
<kw name="Sleep" owner="BuiltIn">
<msg time="2025-01-29T17:42:33.714169" level="INFO">Slept 7 seconds.</msg>
<arg>7s</arg>
<doc>Pauses the test executed for the given time.</doc>
<status status="PASS" start="2025-01-29T17:42:26.705854" elapsed="7.008315"/>
</kw>
<kw name="Close Browser" owner="SeleniumLibrary" type="TEARDOWN">
<doc>Closes the current browser.</doc>
<status status="PASS" start="2025-01-29T17:42:33.714169" elapsed="2.170300"/>
</kw>
<status status="PASS" start="2025-01-29T17:42:19.987158" elapsed="15.897311"/>
</test>
<status status="PASS" start="2025-01-29T17:42:19.574411" elapsed="16.310058"/>
</suite>
<statistics>
<total>
<stat pass="1" fail="0" skip="0">All Tests</stat>
</total>
<tag>
</tag>
<suite>
<stat pass="1" fail="0" skip="0" id="s1" name="Loginpage Testcases">Loginpage Testcases</stat>
</suite>
</statistics>
<errors>
<msg time="2025-01-29T17:42:19.933163" level="WARN">Error in file 'C:\Users\ANIL KUMAR RAHUL\PycharmProjects\GenE Automation\GenE_Automation\Keywords\Custom_ML_Models_SafeDigging_Keywords.robot' on line 93: The '[Return]' setting is deprecated. Use the 'RETURN' statement instead.</msg>
</errors>
</robot>
