<?xml version="1.0" encoding="UTF-8"?>
<robot generator="Robot 7.0.1 (Python 3.10.2 on win32)" generated="2024-09-03T17:13:30.550533" rpa="false" schemaversion="5">
<suite id="s1" name="ESB Notes Action Tagging Testcases" source="C:\Users\ANIL KUMAR RAHUL\PycharmProjects\GenE_Automation\Testcases\FINE_TUNED_MODELS\ESB_NOTES_ACTION_TAGGING_TEST\ESB_Notes_Action_Tagging_Testcases.robot">
<test id="s1-t1" name="Verify Decoding" line="5">
<kw name="Open Browser" owner="SeleniumLibrary">
<msg time="2024-09-03T17:13:30.830615" level="INFO">Opening browser 'Chrome' to base url 'https://gene-nextjs-dev.dtskill.com/signin'.</msg>
<arg>${URL}</arg>
<arg>Chrome</arg>
<doc>Opens a new browser instance to the optional ``url``.</doc>
<status status="PASS" start="2024-09-03T17:13:30.830615" elapsed="2.723934"/>
</kw>
<kw name="Maximize Browser Window" owner="SeleniumLibrary">
<doc>Maximizes current browser window.</doc>
<status status="PASS" start="2024-09-03T17:13:33.555587" elapsed="0.025616"/>
</kw>
<kw name="Fill Login Form" owner="ESB_Notes_Action_Tagging_Keywords">
<kw name="Input Text" owner="SeleniumLibrary">
<msg time="2024-09-03T17:13:33.581203" level="INFO">Typing text 'varun.datt@dtskill.com' into text field 'xpath=/html/body/main/div/div/div/div[1]/div/div[2]/div[1]/form/div[1]/input'.</msg>
<arg>${USERNAME_LOCATOR}</arg>
<arg>${email}</arg>
<doc>Types the given ``text`` into the text field identified by ``locator``.</doc>
<status status="PASS" start="2024-09-03T17:13:33.581203" elapsed="0.176900"/>
</kw>
<kw name="Input Text" owner="SeleniumLibrary">
<msg time="2024-09-03T17:13:33.758103" level="INFO">Typing text '123456' into text field 'xpath=/html/body/main/div/div/div/div[1]/div/div[2]/div[1]/form/div[2]/input'.</msg>
<arg>${PASSWORD_LOCATOR}</arg>
<arg>${password}</arg>
<doc>Types the given ``text`` into the text field identified by ``locator``.</doc>
<status status="PASS" start="2024-09-03T17:13:33.758103" elapsed="0.089634"/>
</kw>
<arg>${USERNAME}</arg>
<arg>${PASSWORD}</arg>
<status status="PASS" start="2024-09-03T17:13:33.581203" elapsed="0.266650"/>
</kw>
<kw name="Click Login Button" owner="ESB_Notes_Action_Tagging_Keywords">
<kw name="Click Element" owner="SeleniumLibrary">
<msg time="2024-09-03T17:13:33.847853" level="INFO">Clicking element 'xpath=/html/body/main/div/div/div/div[1]/div/div[2]/div[1]/form/button'.</msg>
<arg>${LOGIN_BUTTON}</arg>
<doc>Click the element identified by ``locator``.</doc>
<status status="PASS" start="2024-09-03T17:13:33.847853" elapsed="0.048294"/>
</kw>
<kw name="Sleep" owner="BuiltIn">
<msg time="2024-09-03T17:13:36.905642" level="INFO">Slept 3 seconds.</msg>
<arg>3s</arg>
<doc>Pauses the test executed for the given time.</doc>
<status status="PASS" start="2024-09-03T17:13:33.896755" elapsed="3.008887"/>
</kw>
<status status="PASS" start="2024-09-03T17:13:33.847853" elapsed="3.057789"/>
</kw>
<kw name="Wait Until Location Is" owner="SeleniumLibrary">
<arg>${SUCCESS_URL}</arg>
<arg>timeout=10s</arg>
<doc>Waits until the current URL is ``expected``.</doc>
<status status="PASS" start="2024-09-03T17:13:36.905642" elapsed="0.000000"/>
</kw>
<kw name="Location Should Be" owner="SeleniumLibrary">
<msg time="2024-09-03T17:13:36.915607" level="INFO">Current location is 'https://gene-nextjs-dev.dtskill.com/dashboard'.</msg>
<arg>${SUCCESS_URL}</arg>
<doc>Verifies that the current URL is exactly ``url``.</doc>
<status status="PASS" start="2024-09-03T17:13:36.905642" elapsed="0.009965"/>
</kw>
<kw name="Click SIDEMENU" owner="ESB_Notes_Action_Tagging_Keywords">
<kw name="Click Element" owner="SeleniumLibrary">
<msg time="2024-09-03T17:13:36.915607" level="INFO">Clicking element 'xpath=/html/body/main/div/header/div/div/div[1]/div/div[1]/button/i'.</msg>
<arg>${SIDE_MENU}</arg>
<doc>Click the element identified by ``locator``.</doc>
<status status="PASS" start="2024-09-03T17:13:36.915607" elapsed="0.050087"/>
</kw>
<kw name="Sleep" owner="BuiltIn">
<msg time="2024-09-03T17:13:39.974191" level="INFO">Slept 3 seconds.</msg>
<arg>3s</arg>
<doc>Pauses the test executed for the given time.</doc>
<status status="PASS" start="2024-09-03T17:13:36.965694" elapsed="3.008497"/>
</kw>
<status status="PASS" start="2024-09-03T17:13:36.915607" elapsed="3.058584"/>
</kw>
<kw name="Verify all SIDEMENU OPTIONS" owner="ESB_Notes_Action_Tagging_Keywords">
<kw name="Wait Until Page Contains Element" owner="SeleniumLibrary">
<arg>${SIDEMENU_OPTIONS}</arg>
<doc>Waits until the element ``locator`` appears on the current page.</doc>
<status status="PASS" start="2024-09-03T17:13:39.974191" elapsed="0.010000"/>
</kw>
<kw name="Element Should Be Visible" owner="SeleniumLibrary">
<msg time="2024-09-03T17:13:40.004192" level="INFO">Element 'xpath=/html/body/main/div/div[1]/div/div[1]' is displayed.</msg>
<arg>${SIDEMENU_OPTIONS}</arg>
<doc>Verifies that the element identified by ``locator`` is visible.</doc>
<status status="PASS" start="2024-09-03T17:13:39.984191" elapsed="0.020001"/>
</kw>
<kw name="Sleep" owner="BuiltIn">
<msg time="2024-09-03T17:13:41.014741" level="INFO">Slept 1 second.</msg>
<arg>1s</arg>
<doc>Pauses the test executed for the given time.</doc>
<status status="PASS" start="2024-09-03T17:13:40.004192" elapsed="1.010549"/>
</kw>
<kw name="Wait Until Page Contains Element" owner="SeleniumLibrary">
<arg>${SUBCRIPTION_BOX}</arg>
<doc>Waits until the element ``locator`` appears on the current page.</doc>
<status status="PASS" start="2024-09-03T17:13:41.014741" elapsed="0.010008"/>
</kw>
<kw name="Element Should Be Visible" owner="SeleniumLibrary">
<msg time="2024-09-03T17:13:41.039769" level="INFO">Element 'xpath=/html/body/main/div/div[1]/div/div[2]' is displayed.</msg>
<arg>${SUBCRIPTION_BOX}</arg>
<doc>Verifies that the element identified by ``locator`` is visible.</doc>
<status status="PASS" start="2024-09-03T17:13:41.024749" elapsed="0.015020"/>
</kw>
<kw name="Sleep" owner="BuiltIn">
<msg time="2024-09-03T17:13:42.045481" level="INFO">Slept 1 second.</msg>
<arg>1s</arg>
<doc>Pauses the test executed for the given time.</doc>
<status status="PASS" start="2024-09-03T17:13:41.044781" elapsed="1.000700"/>
</kw>
<kw name="Wait Until Page Contains Element" owner="SeleniumLibrary">
<arg>${USERIMAGE_IN_SUBCRIPTION_BOX}</arg>
<doc>Waits until the element ``locator`` appears on the current page.</doc>
<status status="PASS" start="2024-09-03T17:13:42.045481" elapsed="0.010007"/>
</kw>
<kw name="Element Should Be Visible" owner="SeleniumLibrary">
<msg time="2024-09-03T17:13:42.065491" level="INFO">Element 'xpath=/html/body/main/div/div[1]/div/div[2]/div/a/div[1]/img' is displayed.</msg>
<arg>${USERIMAGE_IN_SUBCRIPTION_BOX}</arg>
<doc>Verifies that the element identified by ``locator`` is visible.</doc>
<status status="PASS" start="2024-09-03T17:13:42.055488" elapsed="0.010003"/>
</kw>
<kw name="Sleep" owner="BuiltIn">
<msg time="2024-09-03T17:13:43.066125" level="INFO">Slept 1 second.</msg>
<arg>1s</arg>
<doc>Pauses the test executed for the given time.</doc>
<status status="PASS" start="2024-09-03T17:13:42.065491" elapsed="1.000634"/>
</kw>
<kw name="Wait Until Page Contains Element" owner="SeleniumLibrary">
<arg>${USERNAME_IN_SUBCRIPTION_BOX}</arg>
<doc>Waits until the element ``locator`` appears on the current page.</doc>
<status status="PASS" start="2024-09-03T17:13:43.066125" elapsed="0.009990"/>
</kw>
<kw name="Element Should Be Visible" owner="SeleniumLibrary">
<msg time="2024-09-03T17:13:43.086101" level="INFO">Element 'xpath=/html/body/main/div/div[1]/div/div[2]/div/a/div[2]' is displayed.</msg>
<arg>${USERNAME_IN_SUBCRIPTION_BOX}</arg>
<doc>Verifies that the element identified by ``locator`` is visible.</doc>
<status status="PASS" start="2024-09-03T17:13:43.076115" elapsed="0.009986"/>
</kw>
<kw name="Sleep" owner="BuiltIn">
<msg time="2024-09-03T17:13:44.086636" level="INFO">Slept 1 second.</msg>
<arg>1s</arg>
<doc>Pauses the test executed for the given time.</doc>
<status status="PASS" start="2024-09-03T17:13:43.086101" elapsed="1.000535"/>
</kw>
<status status="PASS" start="2024-09-03T17:13:39.974191" elapsed="4.112445"/>
</kw>
<kw name="Click Fine-Tuned Models" owner="ESB_Notes_Action_Tagging_Keywords">
<kw name="Wait Until Page Contains Element" owner="SeleniumLibrary">
<arg>${FINE_TUNED_MODELS_BOX}</arg>
<doc>Waits until the element ``locator`` appears on the current page.</doc>
<status status="PASS" start="2024-09-03T17:13:44.086636" elapsed="0.010003"/>
</kw>
<kw name="Element Should Be Visible" owner="SeleniumLibrary">
<msg time="2024-09-03T17:13:44.106635" level="INFO">Element 'xpath=/html/body/main/div/div[1]/div/div[1]/div/div/nav/div[1]/ul/li[3]/a' is displayed.</msg>
<arg>${FINE_TUNED_MODELS_BOX}</arg>
<doc>Verifies that the element identified by ``locator`` is visible.</doc>
<status status="PASS" start="2024-09-03T17:13:44.096639" elapsed="0.009996"/>
</kw>
<kw name="Sleep" owner="BuiltIn">
<msg time="2024-09-03T17:13:45.107137" level="INFO">Slept 1 second.</msg>
<arg>1s</arg>
<doc>Pauses the test executed for the given time.</doc>
<status status="PASS" start="2024-09-03T17:13:44.106635" elapsed="1.000502"/>
</kw>
<kw name="Wait Until Page Contains Element" owner="SeleniumLibrary">
<arg>${FINE_TUNED_MODELS_BOX_LOGO}</arg>
<doc>Waits until the element ``locator`` appears on the current page.</doc>
<status status="PASS" start="2024-09-03T17:13:45.107137" elapsed="0.009954"/>
</kw>
<kw name="Element Should Be Visible" owner="SeleniumLibrary">
<msg time="2024-09-03T17:13:45.127093" level="INFO">Element 'xpath=/html/body/main/div/div[1]/div/div[1]/div/div/nav/div[1]/ul/li[3]/a/img' is displayed.</msg>
<arg>${FINE_TUNED__MODELS_BOX_LOGO}</arg>
<doc>Verifies that the element identified by ``locator`` is visible.</doc>
<status status="PASS" start="2024-09-03T17:13:45.117091" elapsed="0.010002"/>
</kw>
<kw name="Sleep" owner="BuiltIn">
<msg time="2024-09-03T17:13:46.128462" level="INFO">Slept 1 second.</msg>
<arg>1s</arg>
<doc>Pauses the test executed for the given time.</doc>
<status status="PASS" start="2024-09-03T17:13:45.127093" elapsed="1.001369"/>
</kw>
<kw name="Click Element" owner="SeleniumLibrary">
<msg time="2024-09-03T17:13:46.128462" level="INFO">Clicking element 'xpath=/html/body/main/div/div[1]/div/div[1]/div/div/nav/div[1]/ul/li[3]/a'.</msg>
<arg>${FINE_TUNED_MODELS_BOX}</arg>
<doc>Click the element identified by ``locator``.</doc>
<status status="PASS" start="2024-09-03T17:13:46.128462" elapsed="0.045043"/>
</kw>
<kw name="Wait Until Page Contains Element" owner="SeleniumLibrary">
<arg>${OPTIONS_IN_FINE_TUNED_MODELS}</arg>
<doc>Waits until the element ``locator`` appears on the current page.</doc>
<status status="PASS" start="2024-09-03T17:13:46.173505" elapsed="0.014770"/>
</kw>
<kw name="Element Should Be Visible" owner="SeleniumLibrary">
<msg time="2024-09-03T17:13:46.204967" level="INFO">Element 'xpath=/html/body/main/div/div[1]/div/div[1]/div/div/nav/div[1]/ul/li[3]/div/ul' is displayed.</msg>
<arg>${OPTIONS_IN_FINE_TUNED_MODELS}</arg>
<doc>Verifies that the element identified by ``locator`` is visible.</doc>
<status status="PASS" start="2024-09-03T17:13:46.188275" elapsed="0.016692"/>
</kw>
<kw name="Sleep" owner="BuiltIn">
<msg time="2024-09-03T17:13:47.213730" level="INFO">Slept 1 second.</msg>
<arg>1s</arg>
<doc>Pauses the test executed for the given time.</doc>
<status status="PASS" start="2024-09-03T17:13:46.204967" elapsed="1.008763"/>
</kw>
<status status="PASS" start="2024-09-03T17:13:44.086636" elapsed="3.127094"/>
</kw>
<kw name="Click ESB Notes Action Tagging" owner="ESB_Notes_Action_Tagging_Keywords">
<kw name="Wait Until Page Contains Element" owner="SeleniumLibrary">
<arg>${ESB_NOTES_ACTION_TAGGING_BOX}</arg>
<doc>Waits until the element ``locator`` appears on the current page.</doc>
<status status="PASS" start="2024-09-03T17:13:47.213730" elapsed="0.009998"/>
</kw>
<kw name="Element Should Be Visible" owner="SeleniumLibrary">
<msg time="2024-09-03T17:13:47.233727" level="INFO">Element 'xpath=/html/body/main/div/div[1]/div/div[1]/div/div/nav/div[1]/ul/li[3]/div/ul/li[3]/a' is displayed.</msg>
<arg>${ESB_NOTES_ACTION_TAGGING_BOX}</arg>
<doc>Verifies that the element identified by ``locator`` is visible.</doc>
<status status="PASS" start="2024-09-03T17:13:47.223728" elapsed="0.009999"/>
</kw>
<kw name="Sleep" owner="BuiltIn">
<msg time="2024-09-03T17:13:48.244016" level="INFO">Slept 1 second.</msg>
<arg>1s</arg>
<doc>Pauses the test executed for the given time.</doc>
<status status="PASS" start="2024-09-03T17:13:47.233727" elapsed="1.010289"/>
</kw>
<kw name="Wait Until Page Contains Element" owner="SeleniumLibrary">
<arg>${ESB_NOTES_ACTION_TAGGING_BOX_LOGO}</arg>
<doc>Waits until the element ``locator`` appears on the current page.</doc>
<status status="PASS" start="2024-09-03T17:13:48.244016" elapsed="0.010012"/>
</kw>
<kw name="Element Should Be Visible" owner="SeleniumLibrary">
<msg time="2024-09-03T17:13:48.264028" level="INFO">Element 'xpath=/html/body/main/div/div[1]/div/div[1]/div/div/nav/div[1]/ul/li[3]/div/ul/li[3]/a/img' is displayed.</msg>
<arg>${ESB_NOTES_ACTION_TAGGING_BOX_LOGO}</arg>
<doc>Verifies that the element identified by ``locator`` is visible.</doc>
<status status="PASS" start="2024-09-03T17:13:48.254028" elapsed="0.010000"/>
</kw>
<kw name="Sleep" owner="BuiltIn">
<msg time="2024-09-03T17:13:49.274260" level="INFO">Slept 1 second.</msg>
<arg>1s</arg>
<doc>Pauses the test executed for the given time.</doc>
<status status="PASS" start="2024-09-03T17:13:48.264028" elapsed="1.010232"/>
</kw>
<kw name="Click Element" owner="SeleniumLibrary">
<msg time="2024-09-03T17:13:49.274260" level="INFO">Clicking element 'xpath=/html/body/main/div/div[1]/div/div[1]/div/div/nav/div[1]/ul/li[3]/div/ul/li[3]/a'.</msg>
<arg>${ESB_NOTES_ACTION_TAGGING_BOX}</arg>
<doc>Click the element identified by ``locator``.</doc>
<status status="PASS" start="2024-09-03T17:13:49.274260" elapsed="0.055017"/>
</kw>
<kw name="Wait Until Location Is" owner="SeleniumLibrary">
<arg>${ESB_NOTES_ACTION_TAGGING_URL}</arg>
<arg>timeout=5s</arg>
<doc>Waits until the current URL is ``expected``.</doc>
<status status="PASS" start="2024-09-03T17:13:49.329277" elapsed="0.009430"/>
</kw>
<kw name="Location Should Be" owner="SeleniumLibrary">
<msg time="2024-09-03T17:13:49.345305" level="INFO">Current location is 'https://gene-nextjs-dev.dtskill.com/dashboard/esb'.</msg>
<arg>${ESB_NOTES_ACTION_TAGGING_URL}</arg>
<doc>Verifies that the current URL is exactly ``url``.</doc>
<status status="PASS" start="2024-09-03T17:13:49.338707" elapsed="0.006598"/>
</kw>
<kw name="Sleep" owner="BuiltIn">
<msg time="2024-09-03T17:13:52.349416" level="INFO">Slept 3 seconds.</msg>
<arg>3s</arg>
<doc>Pauses the test executed for the given time.</doc>
<status status="PASS" start="2024-09-03T17:13:49.345305" elapsed="3.004111"/>
</kw>
<status status="PASS" start="2024-09-03T17:13:47.213730" elapsed="5.135686"/>
</kw>
<kw name="Close Browser" owner="SeleniumLibrary">
<doc>Closes the current browser.</doc>
<status status="PASS" start="2024-09-03T17:13:52.349416" elapsed="2.170766"/>
</kw>
<status status="PASS" start="2024-09-03T17:13:30.820600" elapsed="23.699582"/>
</test>
<status status="PASS" start="2024-09-03T17:13:30.550533" elapsed="23.969649"/>
</suite>
<statistics>
<total>
<stat pass="1" fail="0" skip="0">All Tests</stat>
</total>
<tag>
</tag>
<suite>
<stat pass="1" fail="0" skip="0" id="s1" name="ESB Notes Action Tagging Testcases">ESB Notes Action Tagging Testcases</stat>
</suite>
</statistics>
<errors>
</errors>
</robot>
