<?xml version="1.0" encoding="UTF-8"?>
<robot generator="Robot 7.0.1 (Python 3.10.2 on win32)" generated="2024-09-02T18:00:40.261558" rpa="false" schemaversion="5">
<suite id="s1" name="Suites">
<suite id="s1-s1" name="Buffer Memory Testcases" source="C:\Users\ANIL KUMAR RAHUL\PycharmProjects\GenE_Automation\Testcases\CHATGPT_ALTERNATE_TEST\BUFFER_MEMORY\Buffer_Memory_Testcases.robot">
<test id="s1-s1-t1" name="Verifying BufferMemory" line="5">
<kw name="Open Browser" owner="SeleniumLibrary">
<msg time="2024-09-02T18:00:41.441298" level="INFO">Opening browser 'Chrome' to base url 'https://gene-nextjs-dev.dtskill.com/signin'.</msg>
<arg>${URL}</arg>
<arg>Chrome</arg>
<doc>Opens a new browser instance to the optional ``url``.</doc>
<status status="PASS" start="2024-09-02T18:00:41.441298" elapsed="6.854358"/>
</kw>
<kw name="Maximize Browser Window" owner="SeleniumLibrary">
<doc>Maximizes current browser window.</doc>
<status status="PASS" start="2024-09-02T18:00:48.297584" elapsed="0.244361"/>
</kw>
<kw name="Fill Login Form" owner="ChatgptAlternate_Keywords">
<kw name="Input Text" owner="SeleniumLibrary">
<msg time="2024-09-02T18:00:48.546525" level="INFO">Typing text 'varun.datt@dtskill.com' into text field 'xpath=/html/body/main/div/div/div/div[1]/div/div[2]/div[1]/form/div[1]/input'.</msg>
<arg>${USERNAME_LOCATOR}</arg>
<arg>${email}</arg>
<doc>Types the given ``text`` into the text field identified by ``locator``.</doc>
<status status="PASS" start="2024-09-02T18:00:48.543946" elapsed="1.261789"/>
</kw>
<kw name="Input Text" owner="SeleniumLibrary">
<msg time="2024-09-02T18:00:49.813183" level="INFO">Typing text '123456' into text field 'xpath=/html/body/main/div/div/div/div[1]/div/div[2]/div[1]/form/div[2]/input'.</msg>
<arg>${PASSWORD_LOCATOR}</arg>
<arg>${password}</arg>
<doc>Types the given ``text`` into the text field identified by ``locator``.</doc>
<status status="PASS" start="2024-09-02T18:00:49.805735" elapsed="0.505445"/>
</kw>
<arg>${USERNAME}</arg>
<arg>${PASSWORD}</arg>
<status status="PASS" start="2024-09-02T18:00:48.542945" elapsed="1.770142"/>
</kw>
<kw name="Click Login Button" owner="ChatgptAlternate_Keywords">
<kw name="Click Element" owner="SeleniumLibrary">
<msg time="2024-09-02T18:00:50.315409" level="INFO">Clicking element 'xpath=/html/body/main/div/div/div/div[1]/div/div[2]/div[1]/form/button'.</msg>
<arg>${LOGIN_BUTTON}</arg>
<doc>Click the element identified by ``locator``.</doc>
<status status="PASS" start="2024-09-02T18:00:50.315409" elapsed="0.122841"/>
</kw>
<kw name="Sleep" owner="BuiltIn">
<msg time="2024-09-02T18:00:53.522345" level="INFO">Slept 3 seconds.</msg>
<arg>3s</arg>
<doc>Pauses the test executed for the given time.</doc>
<status status="PASS" start="2024-09-02T18:00:50.439682" elapsed="3.082663"/>
</kw>
<status status="PASS" start="2024-09-02T18:00:50.314103" elapsed="3.208242"/>
</kw>
<kw name="Wait Until Location Is" owner="SeleniumLibrary">
<arg>${SUCCESS_URL}</arg>
<arg>timeout=10s</arg>
<doc>Waits until the current URL is ``expected``.</doc>
<status status="PASS" start="2024-09-02T18:00:53.530169" elapsed="0.109074"/>
</kw>
<kw name="Location Should Be" owner="SeleniumLibrary">
<msg time="2024-09-02T18:00:53.780622" level="INFO">Current location is 'https://gene-nextjs-dev.dtskill.com/dashboard'.</msg>
<arg>${SUCCESS_URL}</arg>
<doc>Verifies that the current URL is exactly ``url``.</doc>
<status status="PASS" start="2024-09-02T18:00:53.639243" elapsed="0.141379"/>
</kw>
<kw name="Click SIDEMENU" owner="ChatgptAlternate_Keywords">
<kw name="Click Element" owner="SeleniumLibrary">
<msg time="2024-09-02T18:00:53.789116" level="INFO">Clicking element 'xpath=/html/body/main/div/header/div/div/div[1]/div/div[1]/button/i'.</msg>
<arg>${SIDE_MENU}</arg>
<doc>Click the element identified by ``locator``.</doc>
<status status="PASS" start="2024-09-02T18:00:53.788097" elapsed="1.448733"/>
</kw>
<kw name="Sleep" owner="BuiltIn">
<msg time="2024-09-02T18:00:58.240374" level="INFO">Slept 3 seconds.</msg>
<arg>3s</arg>
<doc>Pauses the test executed for the given time.</doc>
<status status="PASS" start="2024-09-02T18:00:55.236830" elapsed="3.003544"/>
</kw>
<status status="PASS" start="2024-09-02T18:00:53.780622" elapsed="4.459752"/>
</kw>
<kw name="Verify all SIDEMENU OPTIONS" owner="ChatgptAlternate_Keywords">
<kw name="Wait Until Page Contains Element" owner="SeleniumLibrary">
<arg>${SIDEMENU_OPTIONS}</arg>
<doc>Waits until the element ``locator`` appears on the current page.</doc>
<status status="PASS" start="2024-09-02T18:00:58.240374" elapsed="0.033788"/>
</kw>
<kw name="Element Should Be Visible" owner="SeleniumLibrary">
<msg time="2024-09-02T18:00:58.298388" level="INFO">Element 'xpath=/html/body/main/div/div[1]/div/div[1]' is displayed.</msg>
<arg>${SIDEMENU_OPTIONS}</arg>
<doc>Verifies that the element identified by ``locator`` is visible.</doc>
<status status="PASS" start="2024-09-02T18:00:58.275161" elapsed="0.023227"/>
</kw>
<kw name="Sleep" owner="BuiltIn">
<msg time="2024-09-02T18:00:59.314740" level="INFO">Slept 1 second.</msg>
<arg>1s</arg>
<doc>Pauses the test executed for the given time.</doc>
<status status="PASS" start="2024-09-02T18:00:58.298388" elapsed="1.017353"/>
</kw>
<kw name="Wait Until Page Contains Element" owner="SeleniumLibrary">
<arg>${SUBCRIPTION_BOX}</arg>
<doc>Waits until the element ``locator`` appears on the current page.</doc>
<status status="PASS" start="2024-09-02T18:00:59.316737" elapsed="0.013689"/>
</kw>
<kw name="Element Should Be Visible" owner="SeleniumLibrary">
<msg time="2024-09-02T18:00:59.356098" level="INFO">Element 'xpath=/html/body/main/div/div[1]/div/div[2]' is displayed.</msg>
<arg>${SUBCRIPTION_BOX}</arg>
<doc>Verifies that the element identified by ``locator`` is visible.</doc>
<status status="PASS" start="2024-09-02T18:00:59.330426" elapsed="0.025672"/>
</kw>
<kw name="Sleep" owner="BuiltIn">
<msg time="2024-09-02T18:01:00.373870" level="INFO">Slept 1 second.</msg>
<arg>1s</arg>
<doc>Pauses the test executed for the given time.</doc>
<status status="PASS" start="2024-09-02T18:00:59.356098" elapsed="1.017772"/>
</kw>
<kw name="Wait Until Page Contains Element" owner="SeleniumLibrary">
<arg>${USERIMAGE_IN_SUBCRIPTION_BOX}</arg>
<doc>Waits until the element ``locator`` appears on the current page.</doc>
<status status="PASS" start="2024-09-02T18:01:00.373870" elapsed="0.012817"/>
</kw>
<kw name="Element Should Be Visible" owner="SeleniumLibrary">
<msg time="2024-09-02T18:01:00.406407" level="INFO">Element 'xpath=/html/body/main/div/div[1]/div/div[2]/div/a/div[1]/img' is displayed.</msg>
<arg>${USERIMAGE_IN_SUBCRIPTION_BOX}</arg>
<doc>Verifies that the element identified by ``locator`` is visible.</doc>
<status status="PASS" start="2024-09-02T18:01:00.387688" elapsed="0.018719"/>
</kw>
<kw name="Sleep" owner="BuiltIn">
<msg time="2024-09-02T18:01:01.417491" level="INFO">Slept 1 second.</msg>
<arg>1s</arg>
<doc>Pauses the test executed for the given time.</doc>
<status status="PASS" start="2024-09-02T18:01:00.406407" elapsed="1.011084"/>
</kw>
<kw name="Wait Until Page Contains Element" owner="SeleniumLibrary">
<arg>${USERNAME_IN_SUBCRIPTION_BOX}</arg>
<doc>Waits until the element ``locator`` appears on the current page.</doc>
<status status="PASS" start="2024-09-02T18:01:01.417491" elapsed="0.016002"/>
</kw>
<kw name="Element Should Be Visible" owner="SeleniumLibrary">
<msg time="2024-09-02T18:01:01.450284" level="INFO">Element 'xpath=/html/body/main/div/div[1]/div/div[2]/div/a/div[2]' is displayed.</msg>
<arg>${USERNAME_IN_SUBCRIPTION_BOX}</arg>
<doc>Verifies that the element identified by ``locator`` is visible.</doc>
<status status="PASS" start="2024-09-02T18:01:01.433493" elapsed="0.016791"/>
</kw>
<kw name="Sleep" owner="BuiltIn">
<msg time="2024-09-02T18:01:02.464218" level="INFO">Slept 1 second.</msg>
<arg>1s</arg>
<doc>Pauses the test executed for the given time.</doc>
<status status="PASS" start="2024-09-02T18:01:01.450284" elapsed="1.013934"/>
</kw>
<status status="PASS" start="2024-09-02T18:00:58.240374" elapsed="4.223844"/>
</kw>
<kw name="Click Chat Gpt Alternate" owner="ChatgptAlternate_Keywords">
<kw name="Wait Until Page Contains Element" owner="SeleniumLibrary">
<arg>${CHAT_GPT_ALTERNATE_BOX}</arg>
<doc>Waits until the element ``locator`` appears on the current page.</doc>
<status status="PASS" start="2024-09-02T18:01:02.464218" elapsed="0.010029"/>
</kw>
<kw name="Element Should Be Visible" owner="SeleniumLibrary">
<msg time="2024-09-02T18:01:02.494049" level="INFO">Element 'xpath=/html/body/main/div/div[1]/div/div[1]/div/div/nav/div[1]/ul/li[2]/a' is displayed.</msg>
<arg>${CHAT_GPT_ALTERNATE_BOX}</arg>
<doc>Verifies that the element identified by ``locator`` is visible.</doc>
<status status="PASS" start="2024-09-02T18:01:02.474247" elapsed="0.019802"/>
</kw>
<kw name="Sleep" owner="BuiltIn">
<msg time="2024-09-02T18:01:03.503480" level="INFO">Slept 1 second.</msg>
<arg>1s</arg>
<doc>Pauses the test executed for the given time.</doc>
<status status="PASS" start="2024-09-02T18:01:02.494049" elapsed="1.009431"/>
</kw>
<kw name="Wait Until Page Contains Element" owner="SeleniumLibrary">
<arg>${CHAP_GPT_ALTERNATE_BOX_LOGO}</arg>
<doc>Waits until the element ``locator`` appears on the current page.</doc>
<status status="PASS" start="2024-09-02T18:01:03.504485" elapsed="0.048522"/>
</kw>
<kw name="Element Should Be Visible" owner="SeleniumLibrary">
<msg time="2024-09-02T18:01:03.635912" level="INFO">Element 'xpath=/html/body/main/div/div[1]/div/div[1]/div/div/nav/div[1]/ul/li[2]/a/img' is displayed.</msg>
<arg>${CHAP_GPT_ALTERNATE_BOX_LOGO}</arg>
<doc>Verifies that the element identified by ``locator`` is visible.</doc>
<status status="PASS" start="2024-09-02T18:01:03.553007" elapsed="0.082905"/>
</kw>
<kw name="Sleep" owner="BuiltIn">
<msg time="2024-09-02T18:01:04.640585" level="INFO">Slept 1 second.</msg>
<arg>1s</arg>
<doc>Pauses the test executed for the given time.</doc>
<status status="PASS" start="2024-09-02T18:01:03.636917" elapsed="1.003668"/>
</kw>
<kw name="Wait Until Page Contains Element" owner="SeleniumLibrary">
<arg>${CHAT_GPT_ALTERNATE_BOX_ARROW}</arg>
<doc>Waits until the element ``locator`` appears on the current page.</doc>
<status status="PASS" start="2024-09-02T18:01:04.640585" elapsed="0.014013"/>
</kw>
<kw name="Element Should Be Visible" owner="SeleniumLibrary">
<msg time="2024-09-02T18:01:04.677833" level="INFO">Element 'xpath=/html/body/main/div/div[1]/div/div[1]/div/div/nav/div[1]/ul/li[2]/a' is displayed.</msg>
<arg>${CHAT_GPT_ALTERNATE_BOX_ARROW}</arg>
<doc>Verifies that the element identified by ``locator`` is visible.</doc>
<status status="PASS" start="2024-09-02T18:01:04.654598" elapsed="0.024235"/>
</kw>
<kw name="Sleep" owner="BuiltIn">
<msg time="2024-09-02T18:01:05.680759" level="INFO">Slept 1 second.</msg>
<arg>1s</arg>
<doc>Pauses the test executed for the given time.</doc>
<status status="PASS" start="2024-09-02T18:01:04.678833" elapsed="1.002925"/>
</kw>
<kw name="Wait Until Page Contains Element" owner="SeleniumLibrary">
<arg>${CHAT_GPT_ALTERNATE_BOX_ARROW}</arg>
<doc>Waits until the element ``locator`` appears on the current page.</doc>
<status status="PASS" start="2024-09-02T18:01:05.681758" elapsed="0.054102"/>
</kw>
<kw name="Element Should Be Visible" owner="SeleniumLibrary">
<msg time="2024-09-02T18:01:05.918693" level="INFO">Element 'xpath=/html/body/main/div/div[1]/div/div[1]/div/div/nav/div[1]/ul/li[2]/a' is displayed.</msg>
<arg>${CHAT_GPT_ALTERNATE_BOX_ARROW}</arg>
<doc>Verifies that the element identified by ``locator`` is visible.</doc>
<status status="PASS" start="2024-09-02T18:01:05.735860" elapsed="0.182833"/>
</kw>
<kw name="Sleep" owner="BuiltIn">
<msg time="2024-09-02T18:01:06.931359" level="INFO">Slept 1 second.</msg>
<arg>1s</arg>
<doc>Pauses the test executed for the given time.</doc>
<status status="PASS" start="2024-09-02T18:01:05.918693" elapsed="1.012666"/>
</kw>
<kw name="Click Element" owner="SeleniumLibrary">
<msg time="2024-09-02T18:01:06.933361" level="INFO">Clicking element 'xpath=/html/body/main/div/div[1]/div/div[1]/div/div/nav/div[1]/ul/li[2]/a'.</msg>
<arg>${CHAT_GPT_ALTERNATE_BOX}</arg>
<doc>Click the element identified by ``locator``.</doc>
<status status="PASS" start="2024-09-02T18:01:06.932363" elapsed="0.088889"/>
</kw>
<kw name="Wait Until Page Contains Element" owner="SeleniumLibrary">
<arg>${OPTIONS_IN_CHATGPT_ALTERNATE}</arg>
<doc>Waits until the element ``locator`` appears on the current page.</doc>
<status status="PASS" start="2024-09-02T18:01:07.022250" elapsed="0.039423"/>
</kw>
<kw name="Element Should Be Visible" owner="SeleniumLibrary">
<msg time="2024-09-02T18:01:07.099156" level="INFO">Element 'xpath=/html/body/main/div/div[1]/div/div[1]/div/div/nav/div[1]/ul/li[2]/div' is displayed.</msg>
<arg>${OPTIONS_IN_CHATGPT_ALTERNATE}</arg>
<doc>Verifies that the element identified by ``locator`` is visible.</doc>
<status status="PASS" start="2024-09-02T18:01:07.061673" elapsed="0.037483"/>
</kw>
<kw name="Sleep" owner="BuiltIn">
<msg time="2024-09-02T18:01:08.102793" level="INFO">Slept 1 second.</msg>
<arg>1s</arg>
<doc>Pauses the test executed for the given time.</doc>
<status status="PASS" start="2024-09-02T18:01:07.099156" elapsed="1.003637"/>
</kw>
<status status="PASS" start="2024-09-02T18:01:02.464218" elapsed="5.638575"/>
</kw>
<kw name="Click Buffer Memory" owner="ChatgptAlternate_Keywords">
<kw name="Wait Until Page Contains Element" owner="SeleniumLibrary">
<arg>${BUFFER_MEMORY}</arg>
<doc>Waits until the element ``locator`` appears on the current page.</doc>
<status status="PASS" start="2024-09-02T18:01:08.102793" elapsed="0.021764"/>
</kw>
<kw name="Element Should Be Visible" owner="SeleniumLibrary">
<msg time="2024-09-02T18:01:08.147925" level="INFO">Element 'xpath=//a[@href='/dashboard/buffer-memory']' is displayed.</msg>
<arg>${BUFFER_MEMORY}</arg>
<doc>Verifies that the element identified by ``locator`` is visible.</doc>
<status status="PASS" start="2024-09-02T18:01:08.124557" elapsed="0.023368"/>
</kw>
<kw name="Sleep" owner="BuiltIn">
<msg time="2024-09-02T18:01:09.155829" level="INFO">Slept 1 second.</msg>
<arg>1s</arg>
<doc>Pauses the test executed for the given time.</doc>
<status status="PASS" start="2024-09-02T18:01:08.149236" elapsed="1.006593"/>
</kw>
<kw name="Wait Until Page Contains Element" owner="SeleniumLibrary">
<arg>${BUFFER_MEMORY_LOGO}</arg>
<doc>Waits until the element ``locator`` appears on the current page.</doc>
<status status="PASS" start="2024-09-02T18:01:09.155829" elapsed="0.018419"/>
</kw>
<kw name="Element Should Be Visible" owner="SeleniumLibrary">
<msg time="2024-09-02T18:01:09.189916" level="INFO">Element 'xpath=/html/body/main/div/div[1]/div/div[1]/div/div/nav/div[1]/ul/li[2]/div/ul/li[5]/a/img' is displayed.</msg>
<arg>${BUFFER_MEMORY_LOGO}</arg>
<doc>Verifies that the element identified by ``locator`` is visible.</doc>
<status status="PASS" start="2024-09-02T18:01:09.174248" elapsed="0.015668"/>
</kw>
<kw name="Sleep" owner="BuiltIn">
<msg time="2024-09-02T18:01:10.200280" level="INFO">Slept 1 second.</msg>
<arg>1s</arg>
<doc>Pauses the test executed for the given time.</doc>
<status status="PASS" start="2024-09-02T18:01:09.190912" elapsed="1.009368"/>
</kw>
<kw name="Click Element" owner="SeleniumLibrary">
<msg time="2024-09-02T18:01:10.200280" level="INFO">Clicking element 'xpath=//a[@href='/dashboard/buffer-memory']'.</msg>
<arg>${BUFFER_MEMORY}</arg>
<doc>Click the element identified by ``locator``.</doc>
<status status="PASS" start="2024-09-02T18:01:10.200280" elapsed="0.170713"/>
</kw>
<kw name="Wait Until Location Is" owner="SeleniumLibrary">
<arg>${BUFFER_MEMORY_URL}</arg>
<arg>timeout=5s</arg>
<doc>Waits until the current URL is ``expected``.</doc>
<status status="PASS" start="2024-09-02T18:01:10.371723" elapsed="0.082781"/>
</kw>
<kw name="Location Should Be" owner="SeleniumLibrary">
<msg time="2024-09-02T18:01:10.474062" level="INFO">Current location is 'https://gene-nextjs-dev.dtskill.com/dashboard/buffer-memory'.</msg>
<arg>${BUFFER_MEMORY_URL}</arg>
<doc>Verifies that the current URL is exactly ``url``.</doc>
<status status="PASS" start="2024-09-02T18:01:10.454504" elapsed="0.019558"/>
</kw>
<kw name="Sleep" owner="BuiltIn">
<msg time="2024-09-02T18:01:11.481949" level="INFO">Slept 1 second.</msg>
<arg>1s</arg>
<doc>Pauses the test executed for the given time.</doc>
<status status="PASS" start="2024-09-02T18:01:10.474062" elapsed="1.007887"/>
</kw>
<status status="PASS" start="2024-09-02T18:01:08.102793" elapsed="3.379156"/>
</kw>
<kw name="Verify Buffer Memory and logo presence in subpage" owner="ChatgptAlternate_Keywords">
<kw name="Wait Until Page Contains Element" owner="SeleniumLibrary">
<arg>${BUFFER_MEMORY_IN_SUBPAGE}</arg>
<doc>Waits until the element ``locator`` appears on the current page.</doc>
<status status="PASS" start="2024-09-02T18:01:11.481949" elapsed="0.009997"/>
</kw>
<kw name="Element Should Be Visible" owner="SeleniumLibrary">
<msg time="2024-09-02T18:01:11.511945" level="INFO">Element 'xpath=//h6[normalize-space()='Buffer Memory']' is displayed.</msg>
<arg>${BUFFER_MEMORY_IN_SUBPAGE}</arg>
<doc>Verifies that the element identified by ``locator`` is visible.</doc>
<status status="PASS" start="2024-09-02T18:01:11.491946" elapsed="0.019999"/>
</kw>
<kw name="Sleep" owner="BuiltIn">
<msg time="2024-09-02T18:01:13.549671" level="INFO">Slept 2 seconds.</msg>
<arg>2s</arg>
<doc>Pauses the test executed for the given time.</doc>
<status status="PASS" start="2024-09-02T18:01:11.511945" elapsed="2.037726"/>
</kw>
<kw name="Wait Until Page Contains Element" owner="SeleniumLibrary">
<arg>${BUFFER_MEMORY_LOGO_IN_SUBPAGE}</arg>
<doc>Waits until the element ``locator`` appears on the current page.</doc>
<status status="PASS" start="2024-09-02T18:01:13.549671" elapsed="0.260205"/>
</kw>
<kw name="Element Should Be Visible" owner="SeleniumLibrary">
<msg time="2024-09-02T18:01:14.728260" level="INFO">Element 'xpath=//img[@alt='Icon']' is displayed.</msg>
<arg>${BUFFER_MEMORY_LOGO_IN_SUBPAGE}</arg>
<doc>Verifies that the element identified by ``locator`` is visible.</doc>
<status status="PASS" start="2024-09-02T18:01:13.809876" elapsed="0.918384"/>
</kw>
<kw name="Sleep" owner="BuiltIn">
<msg time="2024-09-02T18:01:16.753064" level="INFO">Slept 2 seconds.</msg>
<arg>2s</arg>
<doc>Pauses the test executed for the given time.</doc>
<status status="PASS" start="2024-09-02T18:01:14.728260" elapsed="2.024804"/>
</kw>
<status status="PASS" start="2024-09-02T18:01:11.481949" elapsed="5.271115"/>
</kw>
<kw name="Verify GenE text &amp; logo presence" owner="ChatgptAlternate_Keywords">
<kw name="Wait Until Page Contains Element" owner="SeleniumLibrary">
<arg>${E_LOGO_IN_GENE}</arg>
<doc>Waits until the element ``locator`` appears on the current page.</doc>
<status status="PASS" start="2024-09-02T18:01:16.763065" elapsed="0.270200"/>
</kw>
<kw name="Element Should Be Visible" owner="SeleniumLibrary">
<msg time="2024-09-02T18:01:17.075303" level="INFO">Element 'xpath=//span[normalize-space()='E']' is displayed.</msg>
<arg>${E_LOGO_IN_GENE}</arg>
<doc>Verifies that the element identified by ``locator`` is visible.</doc>
<status status="PASS" start="2024-09-02T18:01:17.033265" elapsed="0.042038"/>
</kw>
<kw name="Sleep" owner="BuiltIn">
<msg time="2024-09-02T18:01:19.077203" level="INFO">Slept 2 seconds.</msg>
<arg>2s</arg>
<doc>Pauses the test executed for the given time.</doc>
<status status="PASS" start="2024-09-02T18:01:17.075303" elapsed="2.001900"/>
</kw>
<kw name="Wait Until Page Contains Element" owner="SeleniumLibrary">
<arg>${GENE_TEXT_IN_PRIVATE_GPT}</arg>
<doc>Waits until the element ``locator`` appears on the current page.</doc>
<status status="PASS" start="2024-09-02T18:01:19.078214" elapsed="0.159752"/>
</kw>
<kw name="Element Should Be Visible" owner="SeleniumLibrary">
<msg time="2024-09-02T18:01:19.302766" level="INFO">Element 'xpath=//div[@class='chat-content']//h6[@class='title']' is displayed.</msg>
<arg>${GENE_TEXT_IN_PRIVATE_GPT}</arg>
<doc>Verifies that the element identified by ``locator`` is visible.</doc>
<status status="PASS" start="2024-09-02T18:01:19.237966" elapsed="0.064800"/>
</kw>
<kw name="Sleep" owner="BuiltIn">
<msg time="2024-09-02T18:01:21.316770" level="INFO">Slept 2 seconds.</msg>
<arg>2s</arg>
<doc>Pauses the test executed for the given time.</doc>
<status status="PASS" start="2024-09-02T18:01:19.303767" elapsed="2.013003"/>
</kw>
<kw name="Wait Until Page Contains Element" owner="SeleniumLibrary">
<arg>${GENE_LOGO_IN_SUBPAGE_OF_PRIVATEGPT}</arg>
<doc>Waits until the element ``locator`` appears on the current page.</doc>
<status status="PASS" start="2024-09-02T18:01:21.316770" elapsed="0.017917"/>
</kw>
<kw name="Element Should Be Visible" owner="SeleniumLibrary">
<msg time="2024-09-02T18:01:21.358203" level="INFO">Element 'xpath=//img[@alt='Bot']' is displayed.</msg>
<arg>${GENE_LOGO_IN_SUBPAGE_OF_PRIVATEGPT}</arg>
<doc>Verifies that the element identified by ``locator`` is visible.</doc>
<status status="PASS" start="2024-09-02T18:01:21.334687" elapsed="0.023516"/>
</kw>
<kw name="Sleep" owner="BuiltIn">
<msg time="2024-09-02T18:01:23.371630" level="INFO">Slept 2 seconds.</msg>
<arg>2s</arg>
<doc>Pauses the test executed for the given time.</doc>
<status status="PASS" start="2024-09-02T18:01:21.359214" elapsed="2.013419"/>
</kw>
<status status="PASS" start="2024-09-02T18:01:16.763065" elapsed="6.609568"/>
</kw>
<kw name="Verify ChatContainer" owner="ChatgptAlternate_Keywords">
<kw name="Wait Until Page Contains Element" owner="SeleniumLibrary">
<arg>xpath=/html/body/main/div/div[9]/div/div/div/div/div[2]</arg>
<doc>Waits until the element ``locator`` appears on the current page.</doc>
<status status="PASS" start="2024-09-02T18:01:23.373630" elapsed="0.010519"/>
</kw>
<kw name="Element Should Be Visible" owner="SeleniumLibrary">
<msg time="2024-09-02T18:01:23.401146" level="INFO">Element 'xpath=/html/body/main/div/div[9]/div/div/div/div/div[2]' is displayed.</msg>
<arg>xpath=/html/body/main/div/div[9]/div/div/div/div/div[2]</arg>
<doc>Verifies that the element identified by ``locator`` is visible.</doc>
<status status="PASS" start="2024-09-02T18:01:23.385148" elapsed="0.015998"/>
</kw>
<kw name="Sleep" owner="BuiltIn">
<msg time="2024-09-02T18:01:25.417146" level="INFO">Slept 2 seconds.</msg>
<arg>2s</arg>
<doc>Pauses the test executed for the given time.</doc>
<status status="PASS" start="2024-09-02T18:01:23.402148" elapsed="2.014998"/>
</kw>
<status status="PASS" start="2024-09-02T18:01:23.372633" elapsed="2.044513"/>
</kw>
<kw name="Verify Options in the top right corner of the subpage" owner="ChatgptAlternate_Keywords">
<kw name="Wait Until Page Contains Element" owner="SeleniumLibrary">
<arg>${OPTIONS_DROPDOWN_TOP_RIGHT_SIDE}</arg>
<doc>Waits until the element ``locator`` appears on the current page.</doc>
<status status="PASS" start="2024-09-02T18:01:25.419145" elapsed="0.015000"/>
</kw>
<kw name="Element Should Be Visible" owner="SeleniumLibrary">
<msg time="2024-09-02T18:01:25.453049" level="INFO">Element 'xpath=/html/body/main/div/div[9]/div/div/div/div/div[1]/div[2]/button/i' is displayed.</msg>
<arg>${OPTIONS_DROPDOWN_TOP_RIGHT_SIDE}</arg>
<doc>Verifies that the element identified by ``locator`` is visible.</doc>
<status status="PASS" start="2024-09-02T18:01:25.435145" elapsed="0.017904"/>
</kw>
<kw name="Sleep" owner="BuiltIn">
<msg time="2024-09-02T18:01:27.455577" level="INFO">Slept 2 seconds.</msg>
<arg>2s</arg>
<doc>Pauses the test executed for the given time.</doc>
<status status="PASS" start="2024-09-02T18:01:25.454049" elapsed="2.002535"/>
</kw>
<kw name="Click Element" owner="SeleniumLibrary">
<msg time="2024-09-02T18:01:27.457578" level="INFO">Clicking element 'xpath=/html/body/main/div/div[9]/div/div/div/div/div[1]/div[2]/button/i'.</msg>
<arg>${OPTIONS_DROPDOWN_TOP_RIGHT_SIDE}</arg>
<doc>Click the element identified by ``locator``.</doc>
<status status="PASS" start="2024-09-02T18:01:27.456584" elapsed="0.147149"/>
</kw>
<kw name="Sleep" owner="BuiltIn">
<msg time="2024-09-02T18:01:29.615329" level="INFO">Slept 2 seconds.</msg>
<arg>2s</arg>
<doc>Pauses the test executed for the given time.</doc>
<status status="PASS" start="2024-09-02T18:01:27.606723" elapsed="2.008606"/>
</kw>
<status status="PASS" start="2024-09-02T18:01:25.418147" elapsed="4.197182"/>
</kw>
<kw name="Verify all options are clickable" owner="ChatgptAlternate_Keywords">
<kw name="Click Element" owner="SeleniumLibrary">
<msg time="2024-09-02T18:01:29.615329" level="INFO">Clicking element 'xpath=//i[@class='fa-sharp fa-solid fa-arrows-rotate']'.</msg>
<arg>${REGENERATE_OPTION}</arg>
<doc>Click the element identified by ``locator``.</doc>
<status status="PASS" start="2024-09-02T18:01:29.615329" elapsed="0.102123"/>
</kw>
<kw name="Sleep" owner="BuiltIn">
<msg time="2024-09-02T18:01:31.732037" level="INFO">Slept 2 seconds.</msg>
<arg>2s</arg>
<doc>Pauses the test executed for the given time.</doc>
<status status="PASS" start="2024-09-02T18:01:29.717452" elapsed="2.014585"/>
</kw>
<kw name="Click Element" owner="SeleniumLibrary">
<msg time="2024-09-02T18:01:31.732037" level="INFO">Clicking element 'xpath=/html/body/main/div/div[9]/div/div/div/div/div[1]/div[2]/button/i'.</msg>
<arg>${OPTIONS_DROPDOWN_TOP_RIGHT_SIDE}</arg>
<doc>Click the element identified by ``locator``.</doc>
<status status="PASS" start="2024-09-02T18:01:31.732037" elapsed="0.041994"/>
</kw>
<kw name="Sleep" owner="BuiltIn">
<msg time="2024-09-02T18:01:33.780973" level="INFO">Slept 2 seconds.</msg>
<arg>2s</arg>
<doc>Pauses the test executed for the given time.</doc>
<status status="PASS" start="2024-09-02T18:01:31.774031" elapsed="2.006942"/>
</kw>
<kw name="Click Element" owner="SeleniumLibrary">
<msg time="2024-09-02T18:01:33.780973" level="INFO">Clicking element 'xpath=//a[normalize-space()='Pin Chat']'.</msg>
<arg>${PIN_CHAT_OPTION}</arg>
<doc>Click the element identified by ``locator``.</doc>
<status status="PASS" start="2024-09-02T18:01:33.780973" elapsed="0.068017"/>
</kw>
<kw name="Sleep" owner="BuiltIn">
<msg time="2024-09-02T18:01:35.853663" level="INFO">Slept 2 seconds.</msg>
<arg>2s</arg>
<doc>Pauses the test executed for the given time.</doc>
<status status="PASS" start="2024-09-02T18:01:33.848990" elapsed="2.006675"/>
</kw>
<kw name="Click Element" owner="SeleniumLibrary">
<msg time="2024-09-02T18:01:35.858667" level="INFO">Clicking element 'xpath=/html/body/main/div/div[9]/div/div/div/div/div[1]/div[2]/button/i'.</msg>
<arg>${OPTIONS_DROPDOWN_TOP_RIGHT_SIDE}</arg>
<doc>Click the element identified by ``locator``.</doc>
<status status="PASS" start="2024-09-02T18:01:35.856665" elapsed="0.067541"/>
</kw>
<kw name="Sleep" owner="BuiltIn">
<msg time="2024-09-02T18:01:37.935733" level="INFO">Slept 2 seconds.</msg>
<arg>2s</arg>
<doc>Pauses the test executed for the given time.</doc>
<status status="PASS" start="2024-09-02T18:01:35.924206" elapsed="2.011527"/>
</kw>
<kw name="Click Element" owner="SeleniumLibrary">
<msg time="2024-09-02T18:01:37.936735" level="INFO">Clicking element 'xpath=//a[normalize-space()='Rename']'.</msg>
<arg>${RENAME_OPTION}</arg>
<doc>Click the element identified by ``locator``.</doc>
<status status="PASS" start="2024-09-02T18:01:37.935733" elapsed="0.061073"/>
</kw>
<kw name="Sleep" owner="BuiltIn">
<msg time="2024-09-02T18:01:40.002641" level="INFO">Slept 2 seconds.</msg>
<arg>2s</arg>
<doc>Pauses the test executed for the given time.</doc>
<status status="PASS" start="2024-09-02T18:01:37.997802" elapsed="2.004839"/>
</kw>
<kw name="Click Element" owner="SeleniumLibrary">
<msg time="2024-09-02T18:01:40.003641" level="INFO">Clicking element 'xpath=/html/body/main/div/div[9]/div/div/div/div/div[1]/div[2]/button/i'.</msg>
<arg>${OPTIONS_DROPDOWN_TOP_RIGHT_SIDE}</arg>
<doc>Click the element identified by ``locator``.</doc>
<status status="PASS" start="2024-09-02T18:01:40.002641" elapsed="0.058003"/>
</kw>
<kw name="Sleep" owner="BuiltIn">
<msg time="2024-09-02T18:01:42.067051" level="INFO">Slept 2 seconds.</msg>
<arg>2s</arg>
<doc>Pauses the test executed for the given time.</doc>
<status status="PASS" start="2024-09-02T18:01:40.060644" elapsed="2.006407"/>
</kw>
<kw name="Click Element" owner="SeleniumLibrary">
<msg time="2024-09-02T18:01:42.068047" level="INFO">Clicking element 'xpath=//a[normalize-space()='Share']'.</msg>
<arg>${SHARE_OPTION}</arg>
<doc>Click the element identified by ``locator``.</doc>
<status status="PASS" start="2024-09-02T18:01:42.067051" elapsed="0.049082"/>
</kw>
<kw name="Sleep" owner="BuiltIn">
<msg time="2024-09-02T18:01:44.131477" level="INFO">Slept 2 seconds.</msg>
<arg>2s</arg>
<doc>Pauses the test executed for the given time.</doc>
<status status="PASS" start="2024-09-02T18:01:42.116133" elapsed="2.015344"/>
</kw>
<kw name="Click Element" owner="SeleniumLibrary">
<msg time="2024-09-02T18:01:44.132477" level="INFO">Clicking element 'xpath=/html/body/main/div/div[9]/div/div/div/div/div[1]/div[2]/button/i'.</msg>
<arg>${OPTIONS_DROPDOWN_TOP_RIGHT_SIDE}</arg>
<doc>Click the element identified by ``locator``.</doc>
<status status="PASS" start="2024-09-02T18:01:44.131477" elapsed="0.041004"/>
</kw>
<kw name="Sleep" owner="BuiltIn">
<msg time="2024-09-02T18:01:46.186707" level="INFO">Slept 2 seconds.</msg>
<arg>2s</arg>
<doc>Pauses the test executed for the given time.</doc>
<status status="PASS" start="2024-09-02T18:01:44.172481" elapsed="2.014226"/>
</kw>
<kw name="Click Element" owner="SeleniumLibrary">
<msg time="2024-09-02T18:01:46.189709" level="INFO">Clicking element 'xpath=//a[normalize-space()='Delete Chat']'.</msg>
<arg>${DELETE_CHAT_OPTION}</arg>
<doc>Click the element identified by ``locator``.</doc>
<status status="PASS" start="2024-09-02T18:01:46.188706" elapsed="0.069520"/>
</kw>
<kw name="Sleep" owner="BuiltIn">
<msg time="2024-09-02T18:01:48.268394" level="INFO">Slept 2 seconds.</msg>
<arg>2s</arg>
<doc>Pauses the test executed for the given time.</doc>
<status status="PASS" start="2024-09-02T18:01:46.258226" elapsed="2.010168"/>
</kw>
<status status="PASS" start="2024-09-02T18:01:29.615329" elapsed="18.654063"/>
</kw>
<kw name="Verify Ask a Question Container" owner="ChatgptAlternate_Keywords">
<kw name="Wait Until Page Contains Element" owner="SeleniumLibrary">
<arg>${ASK_A_QUESTION_CONTAINER}</arg>
<doc>Waits until the element ``locator`` appears on the current page.</doc>
<status status="PASS" start="2024-09-02T18:01:48.271395" elapsed="0.012008"/>
</kw>
<kw name="Element Should Be Visible" owner="SeleniumLibrary">
<msg time="2024-09-02T18:01:48.298919" level="INFO">Element 'xpath=//textarea[@placeholder='Ask a question...']' is displayed.</msg>
<arg>${ASK_A_QUESTION_CONTAINER}</arg>
<doc>Verifies that the element identified by ``locator`` is visible.</doc>
<status status="PASS" start="2024-09-02T18:01:48.283403" elapsed="0.015516"/>
</kw>
<kw name="Sleep" owner="BuiltIn">
<msg time="2024-09-02T18:01:50.314716" level="INFO">Slept 2 seconds.</msg>
<arg>2s</arg>
<doc>Pauses the test executed for the given time.</doc>
<status status="PASS" start="2024-09-02T18:01:48.299924" elapsed="2.016796"/>
</kw>
<kw name="Wait Until Page Contains Element" owner="SeleniumLibrary">
<arg>${CAPTURE_LOGO_BESIDE_ASK_A_QUESTION}</arg>
<doc>Waits until the element ``locator`` appears on the current page.</doc>
<status status="PASS" start="2024-09-02T18:01:50.316720" elapsed="0.019995"/>
</kw>
<kw name="Element Should Be Visible" owner="SeleniumLibrary">
<msg time="2024-09-02T18:01:50.356716" level="INFO">Element 'xpath=//i[@class='fa-sharp fa-regular fa-aperture']' is displayed.</msg>
<arg>${CAPTURE_LOGO_BESIDE_ASK_A_QUESTION}</arg>
<doc>Verifies that the element identified by ``locator`` is visible.</doc>
<status status="PASS" start="2024-09-02T18:01:50.336715" elapsed="0.020001"/>
</kw>
<kw name="Sleep" owner="BuiltIn">
<msg time="2024-09-02T18:01:52.358194" level="INFO">Slept 2 seconds.</msg>
<arg>2s</arg>
<doc>Pauses the test executed for the given time.</doc>
<status status="PASS" start="2024-09-02T18:01:50.356716" elapsed="2.001478"/>
</kw>
<kw name="Wait Until Page Contains Element" owner="SeleniumLibrary">
<arg>${CHOOSE_FILE_LOGO_OPTION}</arg>
<doc>Waits until the element ``locator`` appears on the current page.</doc>
<status status="PASS" start="2024-09-02T18:01:52.360198" elapsed="0.012996"/>
</kw>
<kw name="Element Should Be Visible" owner="SeleniumLibrary">
<msg time="2024-09-02T18:01:52.389199" level="INFO">Element 'xpath=/html/body/main/div/div[9]/div/div/div/div/div[3]/div/div[2]/div/i' is displayed.</msg>
<arg>${CHOOSE_FILE_LOGO_OPTION}</arg>
<doc>Verifies that the element identified by ``locator`` is visible.</doc>
<status status="PASS" start="2024-09-02T18:01:52.374194" elapsed="0.015005"/>
</kw>
<kw name="Sleep" owner="BuiltIn">
<msg time="2024-09-02T18:01:54.402798" level="INFO">Slept 2 seconds.</msg>
<arg>2s</arg>
<doc>Pauses the test executed for the given time.</doc>
<status status="PASS" start="2024-09-02T18:01:52.389199" elapsed="2.013599"/>
</kw>
<kw name="Wait Until Page Contains Element" owner="SeleniumLibrary">
<arg>${SEND_QUESTION_LOGO_OPTION}</arg>
<doc>Waits until the element ``locator`` appears on the current page.</doc>
<status status="PASS" start="2024-09-02T18:01:54.402798" elapsed="0.014999"/>
</kw>
<kw name="Element Should Be Visible" owner="SeleniumLibrary">
<msg time="2024-09-02T18:01:54.435800" level="INFO">Element 'xpath=//i[@class='fa-sharp fa-solid fa-paper-plane-top']' is displayed.</msg>
<arg>${SEND_QUESTION_LOGO_OPTION}</arg>
<doc>Verifies that the element identified by ``locator`` is visible.</doc>
<status status="PASS" start="2024-09-02T18:01:54.418797" elapsed="0.017003"/>
</kw>
<kw name="Sleep" owner="BuiltIn">
<msg time="2024-09-02T18:01:56.438509" level="INFO">Slept 2 seconds.</msg>
<arg>2s</arg>
<doc>Pauses the test executed for the given time.</doc>
<status status="PASS" start="2024-09-02T18:01:54.436802" elapsed="2.001707"/>
</kw>
<kw name="Click Element" owner="SeleniumLibrary">
<msg time="2024-09-02T18:01:56.439513" level="INFO">Clicking element 'xpath=//i[@class='fa-sharp fa-solid fa-paper-plane-top']'.</msg>
<arg>${SEND_QUESTION_LOGO_OPTION}</arg>
<doc>Click the element identified by ``locator``.</doc>
<status status="PASS" start="2024-09-02T18:01:56.438509" elapsed="0.079523"/>
</kw>
<kw name="Sleep" owner="BuiltIn">
<msg time="2024-09-02T18:01:58.523816" level="INFO">Slept 2 seconds.</msg>
<arg>2s</arg>
<doc>Pauses the test executed for the given time.</doc>
<status status="PASS" start="2024-09-02T18:01:56.519031" elapsed="2.004785"/>
</kw>
<status status="PASS" start="2024-09-02T18:01:48.269392" elapsed="10.254424"/>
</kw>
<kw name="Verify Right Menu" owner="ChatgptAlternate_Keywords">
<kw name="Wait Until Page Contains Element" owner="SeleniumLibrary">
<arg>${RIGHT_MENU}</arg>
<doc>Waits until the element ``locator`` appears on the current page.</doc>
<status status="PASS" start="2024-09-02T18:01:58.525818" elapsed="0.016000"/>
</kw>
<kw name="Element Should Be Visible" owner="SeleniumLibrary">
<msg time="2024-09-02T18:01:58.561818" level="INFO">Element 'xpath=/html/body/main/div/header/div/div/div[3]/div/div[3]/button' is displayed.</msg>
<arg>${RIGHT_MENU}</arg>
<doc>Verifies that the element identified by ``locator`` is visible.</doc>
<status status="PASS" start="2024-09-02T18:01:58.542818" elapsed="0.020006"/>
</kw>
<kw name="Sleep" owner="BuiltIn">
<msg time="2024-09-02T18:02:00.577756" level="INFO">Slept 2 seconds.</msg>
<arg>2s</arg>
<doc>Pauses the test executed for the given time.</doc>
<status status="PASS" start="2024-09-02T18:01:58.562824" elapsed="2.014932"/>
</kw>
<kw name="Click Element" owner="SeleniumLibrary">
<msg time="2024-09-02T18:02:00.578755" level="INFO">Clicking element 'xpath=/html/body/main/div/header/div/div/div[3]/div/div[3]/button'.</msg>
<arg>${RIGHT_MENU}</arg>
<doc>Click the element identified by ``locator``.</doc>
<status status="PASS" start="2024-09-02T18:02:00.577756" elapsed="0.056283"/>
</kw>
<kw name="Sleep" owner="BuiltIn">
<msg time="2024-09-02T18:02:02.642060" level="INFO">Slept 2 seconds.</msg>
<arg>2s</arg>
<doc>Pauses the test executed for the given time.</doc>
<status status="PASS" start="2024-09-02T18:02:00.634039" elapsed="2.008021"/>
</kw>
<kw name="Wait Until Page Contains Element" owner="SeleniumLibrary">
<arg>${NEW_CHAT}</arg>
<doc>Waits until the element ``locator`` appears on the current page.</doc>
<status status="PASS" start="2024-09-02T18:02:02.643056" elapsed="0.021005"/>
</kw>
<kw name="Element Should Be Visible" owner="SeleniumLibrary">
<msg time="2024-09-02T18:02:02.683058" level="INFO">Element 'xpath=/html/body/main/div/div[8]/div[1]/div' is displayed.</msg>
<arg>${NEW_CHAT}</arg>
<doc>Verifies that the element identified by ``locator`` is visible.</doc>
<status status="PASS" start="2024-09-02T18:02:02.664061" elapsed="0.018997"/>
</kw>
<kw name="Sleep" owner="BuiltIn">
<msg time="2024-09-02T18:02:04.690870" level="INFO">Slept 2 seconds.</msg>
<arg>2s</arg>
<doc>Pauses the test executed for the given time.</doc>
<status status="PASS" start="2024-09-02T18:02:02.683058" elapsed="2.007812"/>
</kw>
<kw name="Click Element" owner="SeleniumLibrary">
<msg time="2024-09-02T18:02:04.691871" level="INFO">Clicking element 'xpath=/html/body/main/div/div[8]/div[1]/div'.</msg>
<arg>${NEW_CHAT}</arg>
<doc>Click the element identified by ``locator``.</doc>
<status status="PASS" start="2024-09-02T18:02:04.690870" elapsed="0.052396"/>
</kw>
<kw name="Wait Until Page Contains Element" owner="SeleniumLibrary">
<arg>${SELECT_PLATFORM_AND_LLM_CONTAINER}</arg>
<doc>Waits until the element ``locator`` appears on the current page.</doc>
<status status="PASS" start="2024-09-02T18:02:04.743266" elapsed="0.016002"/>
</kw>
<kw name="Element Should Be Visible" owner="SeleniumLibrary">
<msg time="2024-09-02T18:02:04.777270" level="INFO">Element 'xpath=/html/body/main/div/div[8]/span[1]/div' is displayed.</msg>
<arg>${SELECT_PLATFORM_AND_LLM_CONTAINER}</arg>
<doc>Verifies that the element identified by ``locator`` is visible.</doc>
<status status="PASS" start="2024-09-02T18:02:04.759268" elapsed="0.018002"/>
</kw>
<kw name="Sleep" owner="BuiltIn">
<msg time="2024-09-02T18:02:06.778371" level="INFO">Slept 2 seconds.</msg>
<arg>2s</arg>
<doc>Pauses the test executed for the given time.</doc>
<status status="PASS" start="2024-09-02T18:02:04.777270" elapsed="2.001101"/>
</kw>
<kw name="Wait Until Page Contains Element" owner="SeleniumLibrary">
<arg>${ARROW_OF_SELECT_PLATFORM_AND_LLM_CONTAINER}</arg>
<doc>Waits until the element ``locator`` appears on the current page.</doc>
<status status="PASS" start="2024-09-02T18:02:06.778371" elapsed="0.013009"/>
</kw>
<kw name="Element Should Be Visible" owner="SeleniumLibrary">
<msg time="2024-09-02T18:02:06.805891" level="INFO">Element 'xpath=/html/body/main/div/div[8]/span[1]/div/div/div[2]/div' is displayed.</msg>
<arg>${ARROW_OF_SELECT_PLATFORM_AND_LLM_CONTAINER}</arg>
<doc>Verifies that the element identified by ``locator`` is visible.</doc>
<status status="PASS" start="2024-09-02T18:02:06.791380" elapsed="0.015519"/>
</kw>
<kw name="Sleep" owner="BuiltIn">
<msg time="2024-09-02T18:02:08.818268" level="INFO">Slept 2 seconds.</msg>
<arg>2s</arg>
<doc>Pauses the test executed for the given time.</doc>
<status status="PASS" start="2024-09-02T18:02:06.806899" elapsed="2.011369"/>
</kw>
<kw name="Click Element" owner="SeleniumLibrary">
<msg time="2024-09-02T18:02:08.821272" level="INFO">Clicking element 'xpath=/html/body/main/div/div[8]/span[1]/div/div/div[2]/div'.</msg>
<arg>${ARROW_OF_SELECT_PLATFORM_AND_LLM_CONTAINER}</arg>
<doc>Click the element identified by ``locator``.</doc>
<status status="PASS" start="2024-09-02T18:02:08.820271" elapsed="0.081008"/>
</kw>
<kw name="Sleep" owner="BuiltIn">
<msg time="2024-09-02T18:02:10.904337" level="INFO">Slept 2 seconds.</msg>
<arg>2s</arg>
<doc>Pauses the test executed for the given time.</doc>
<status status="PASS" start="2024-09-02T18:02:08.901279" elapsed="2.003058"/>
</kw>
<kw name="Press Keys" owner="SeleniumLibrary">
<msg time="2024-09-02T18:02:10.906332" level="INFO">Sending key(s) ('DOWN',) to xpath=/html/body/main/div/div[8]/span[1]/div/div/div[2]/div element.</msg>
<msg time="2024-09-02T18:02:11.203482" level="INFO">Pressing special key DOWN to element.</msg>
<msg time="2024-09-02T18:02:11.203482" level="INFO">Releasing special key DOWN.</msg>
<arg>${ARROW_OF_SELECT_PLATFORM_AND_LLM_CONTAINER}</arg>
<arg>DOWN</arg>
<doc>Simulates the user pressing key(s) to an element or on the active browser.</doc>
<status status="PASS" start="2024-09-02T18:02:10.905337" elapsed="0.317411"/>
</kw>
<kw name="Sleep" owner="BuiltIn">
<msg time="2024-09-02T18:02:13.230774" level="INFO">Slept 2 seconds.</msg>
<arg>2s</arg>
<doc>Pauses the test executed for the given time.</doc>
<status status="PASS" start="2024-09-02T18:02:11.223750" elapsed="2.007024"/>
</kw>
<kw name="Press Keys" owner="SeleniumLibrary">
<msg time="2024-09-02T18:02:13.232773" level="INFO">Sending key(s) ('ENTER',) to xpath=/html/body/main/div/div[8]/span[1]/div/div/div[2]/div element.</msg>
<msg time="2024-09-02T18:02:13.540352" level="INFO">Pressing special key ENTER to element.</msg>
<msg time="2024-09-02T18:02:13.540352" level="INFO">Releasing special key ENTER.</msg>
<arg>${ARROW_OF_SELECT_PLATFORM_AND_LLM_CONTAINER}</arg>
<arg>ENTER</arg>
<doc>Simulates the user pressing key(s) to an element or on the active browser.</doc>
<status status="PASS" start="2024-09-02T18:02:13.230774" elapsed="0.317579"/>
</kw>
<kw name="Sleep" owner="BuiltIn">
<msg time="2024-09-02T18:02:15.563491" level="INFO">Slept 2 seconds.</msg>
<arg>2s</arg>
<doc>Pauses the test executed for the given time.</doc>
<status status="PASS" start="2024-09-02T18:02:13.548353" elapsed="2.015138"/>
</kw>
<kw name="Click Element" owner="SeleniumLibrary">
<msg time="2024-09-02T18:02:15.563491" level="INFO">Clicking element 'xpath=/html/body/main/div/div[8]/span[1]/div/div/div[2]/div'.</msg>
<arg>${ARROW_OF_SELECT_PLATFORM_AND_LLM_CONTAINER}</arg>
<doc>Click the element identified by ``locator``.</doc>
<status status="PASS" start="2024-09-02T18:02:15.563491" elapsed="0.053579"/>
</kw>
<kw name="Sleep" owner="BuiltIn">
<msg time="2024-09-02T18:02:17.617490" level="INFO">Slept 2 seconds.</msg>
<arg>2s</arg>
<doc>Pauses the test executed for the given time.</doc>
<status status="PASS" start="2024-09-02T18:02:15.617070" elapsed="2.000420"/>
</kw>
<kw name="Press Keys" owner="SeleniumLibrary">
<msg time="2024-09-02T18:02:17.620669" level="INFO">Sending key(s) ('DOWN',) to xpath=/html/body/main/div/div[8]/span[1]/div/div/div[2]/div element.</msg>
<msg time="2024-09-02T18:02:17.905450" level="INFO">Pressing special key DOWN to element.</msg>
<msg time="2024-09-02T18:02:17.905450" level="INFO">Releasing special key DOWN.</msg>
<arg>${ARROW_OF_SELECT_PLATFORM_AND_LLM_CONTAINER}</arg>
<arg>DOWN</arg>
<doc>Simulates the user pressing key(s) to an element or on the active browser.</doc>
<status status="PASS" start="2024-09-02T18:02:17.617490" elapsed="0.303367"/>
</kw>
<kw name="Press Keys" owner="SeleniumLibrary">
<msg time="2024-09-02T18:02:17.920857" level="INFO">Sending key(s) ('DOWN',) to xpath=/html/body/main/div/div[8]/span[1]/div/div/div[2]/div element.</msg>
<msg time="2024-09-02T18:02:18.204495" level="INFO">Pressing special key DOWN to element.</msg>
<msg time="2024-09-02T18:02:18.204495" level="INFO">Releasing special key DOWN.</msg>
<arg>${ARROW_OF_SELECT_PLATFORM_AND_LLM_CONTAINER}</arg>
<arg>DOWN</arg>
<doc>Simulates the user pressing key(s) to an element or on the active browser.</doc>
<status status="PASS" start="2024-09-02T18:02:17.920857" elapsed="0.292075"/>
</kw>
<kw name="Sleep" owner="BuiltIn">
<msg time="2024-09-02T18:02:20.213726" level="INFO">Slept 2 seconds.</msg>
<arg>2s</arg>
<doc>Pauses the test executed for the given time.</doc>
<status status="PASS" start="2024-09-02T18:02:18.212932" elapsed="2.000794"/>
</kw>
<kw name="Press Keys" owner="SeleniumLibrary">
<msg time="2024-09-02T18:02:20.213726" level="INFO">Sending key(s) ('ENTER',) to xpath=/html/body/main/div/div[8]/span[1]/div/div/div[2]/div element.</msg>
<msg time="2024-09-02T18:02:20.496272" level="INFO">Pressing special key ENTER to element.</msg>
<msg time="2024-09-02T18:02:20.496272" level="INFO">Releasing special key ENTER.</msg>
<arg>${ARROW_OF_SELECT_PLATFORM_AND_LLM_CONTAINER}</arg>
<arg>ENTER</arg>
<doc>Simulates the user pressing key(s) to an element or on the active browser.</doc>
<status status="PASS" start="2024-09-02T18:02:20.213726" elapsed="0.290397"/>
</kw>
<kw name="Sleep" owner="BuiltIn">
<msg time="2024-09-02T18:02:22.509773" level="INFO">Slept 2 seconds.</msg>
<arg>2s</arg>
<doc>Pauses the test executed for the given time.</doc>
<status status="PASS" start="2024-09-02T18:02:20.504123" elapsed="2.005650"/>
</kw>
<kw name="Click Element" owner="SeleniumLibrary">
<msg time="2024-09-02T18:02:22.509773" level="INFO">Clicking element 'xpath=/html/body/main/div/div[8]/span[1]/div/div/div[2]/div'.</msg>
<arg>${ARROW_OF_SELECT_PLATFORM_AND_LLM_CONTAINER}</arg>
<doc>Click the element identified by ``locator``.</doc>
<status status="PASS" start="2024-09-02T18:02:22.509773" elapsed="0.038762"/>
</kw>
<kw name="Sleep" owner="BuiltIn">
<msg time="2024-09-02T18:02:24.555901" level="INFO">Slept 2 seconds.</msg>
<arg>2s</arg>
<doc>Pauses the test executed for the given time.</doc>
<status status="PASS" start="2024-09-02T18:02:22.548535" elapsed="2.007366"/>
</kw>
<kw name="Press Keys" owner="SeleniumLibrary">
<msg time="2024-09-02T18:02:24.555901" level="INFO">Sending key(s) ('DOWN',) to xpath=/html/body/main/div/div[8]/span[1]/div/div/div[2]/div element.</msg>
<msg time="2024-09-02T18:02:24.837840" level="INFO">Pressing special key DOWN to element.</msg>
<msg time="2024-09-02T18:02:24.837840" level="INFO">Releasing special key DOWN.</msg>
<arg>${ARROW_OF_SELECT_PLATFORM_AND_LLM_CONTAINER}</arg>
<arg>DOWN</arg>
<doc>Simulates the user pressing key(s) to an element or on the active browser.</doc>
<status status="PASS" start="2024-09-02T18:02:24.555901" elapsed="0.308426"/>
</kw>
<kw name="Press Keys" owner="SeleniumLibrary">
<msg time="2024-09-02T18:02:24.865329" level="INFO">Sending key(s) ('DOWN',) to xpath=/html/body/main/div/div[8]/span[1]/div/div/div[2]/div element.</msg>
<msg time="2024-09-02T18:02:25.147079" level="INFO">Pressing special key DOWN to element.</msg>
<msg time="2024-09-02T18:02:25.147079" level="INFO">Releasing special key DOWN.</msg>
<arg>${ARROW_OF_SELECT_PLATFORM_AND_LLM_CONTAINER}</arg>
<arg>DOWN</arg>
<doc>Simulates the user pressing key(s) to an element or on the active browser.</doc>
<status status="PASS" start="2024-09-02T18:02:24.864327" elapsed="0.301941"/>
</kw>
<kw name="Press Keys" owner="SeleniumLibrary">
<msg time="2024-09-02T18:02:25.170298" level="INFO">Sending key(s) ('DOWN',) to xpath=/html/body/main/div/div[8]/span[1]/div/div/div[2]/div element.</msg>
<msg time="2024-09-02T18:02:25.446749" level="INFO">Pressing special key DOWN to element.</msg>
<msg time="2024-09-02T18:02:25.446749" level="INFO">Releasing special key DOWN.</msg>
<arg>${ARROW_OF_SELECT_PLATFORM_AND_LLM_CONTAINER}</arg>
<arg>DOWN</arg>
<doc>Simulates the user pressing key(s) to an element or on the active browser.</doc>
<status status="PASS" start="2024-09-02T18:02:25.166268" elapsed="0.288328"/>
</kw>
<kw name="Sleep" owner="BuiltIn">
<msg time="2024-09-02T18:02:27.467890" level="INFO">Slept 2 seconds.</msg>
<arg>2s</arg>
<doc>Pauses the test executed for the given time.</doc>
<status status="PASS" start="2024-09-02T18:02:25.454596" elapsed="2.013294"/>
</kw>
<kw name="Press Keys" owner="SeleniumLibrary">
<msg time="2024-09-02T18:02:27.468892" level="INFO">Sending key(s) ('ENTER',) to xpath=/html/body/main/div/div[8]/span[1]/div/div/div[2]/div element.</msg>
<msg time="2024-09-02T18:02:27.751860" level="INFO">Pressing special key ENTER to element.</msg>
<msg time="2024-09-02T18:02:27.751860" level="INFO">Releasing special key ENTER.</msg>
<arg>${ARROW_OF_SELECT_PLATFORM_AND_LLM_CONTAINER}</arg>
<arg>ENTER</arg>
<doc>Simulates the user pressing key(s) to an element or on the active browser.</doc>
<status status="PASS" start="2024-09-02T18:02:27.467890" elapsed="0.290802"/>
</kw>
<kw name="Sleep" owner="BuiltIn">
<msg time="2024-09-02T18:02:29.762769" level="INFO">Slept 2 seconds.</msg>
<arg>2s</arg>
<doc>Pauses the test executed for the given time.</doc>
<status status="PASS" start="2024-09-02T18:02:27.758692" elapsed="2.004077"/>
</kw>
<kw name="Click Element" owner="SeleniumLibrary">
<msg time="2024-09-02T18:02:29.763773" level="INFO">Clicking element 'xpath=/html/body/main/div/div[8]/span[1]/div/div/div[2]/div'.</msg>
<arg>${ARROW_OF_SELECT_PLATFORM_AND_LLM_CONTAINER}</arg>
<doc>Click the element identified by ``locator``.</doc>
<status status="PASS" start="2024-09-02T18:02:29.762769" elapsed="0.036158"/>
</kw>
<kw name="Sleep" owner="BuiltIn">
<msg time="2024-09-02T18:02:30.806689" level="INFO">Slept 1 second.</msg>
<arg>1s</arg>
<doc>Pauses the test executed for the given time.</doc>
<status status="PASS" start="2024-09-02T18:02:29.798927" elapsed="1.007762"/>
</kw>
<kw name="Click Element" owner="SeleniumLibrary">
<msg time="2024-09-02T18:02:30.807686" level="INFO">Clicking element 'xpath=/html/body/main/div/div[8]/span[1]/div/div/div[2]/div'.</msg>
<arg>${ARROW_OF_SELECT_PLATFORM_AND_LLM_CONTAINER}</arg>
<doc>Click the element identified by ``locator``.</doc>
<status status="PASS" start="2024-09-02T18:02:30.806689" elapsed="0.046010"/>
</kw>
<kw name="Wait Until Page Contains Element" owner="SeleniumLibrary">
<arg>${SELECT_ACCOUNT}</arg>
<doc>Waits until the element ``locator`` appears on the current page.</doc>
<status status="PASS" start="2024-09-02T18:02:30.852699" elapsed="0.016000"/>
</kw>
<kw name="Element Should Be Visible" owner="SeleniumLibrary">
<msg time="2024-09-02T18:02:30.890057" level="INFO">Element 'xpath=/html/body/main/div/div[8]/span[2]/div' is displayed.</msg>
<arg>${SELECT_ACCOUNT}</arg>
<doc>Verifies that the element identified by ``locator`` is visible.</doc>
<status status="PASS" start="2024-09-02T18:02:30.868699" elapsed="0.021358"/>
</kw>
<kw name="Sleep" owner="BuiltIn">
<msg time="2024-09-02T18:02:32.895372" level="INFO">Slept 2 seconds.</msg>
<arg>2s</arg>
<doc>Pauses the test executed for the given time.</doc>
<status status="PASS" start="2024-09-02T18:02:30.891057" elapsed="2.004315"/>
</kw>
<kw name="Wait Until Page Contains Element" owner="SeleniumLibrary">
<arg>${ARROW_OF_SELECT_ACCOUNT_CONTAINER}</arg>
<doc>Waits until the element ``locator`` appears on the current page.</doc>
<status status="PASS" start="2024-09-02T18:02:32.895372" elapsed="0.009999"/>
</kw>
<kw name="Element Should Be Visible" owner="SeleniumLibrary">
<msg time="2024-09-02T18:02:32.925387" level="INFO">Element 'xpath=/html/body/main/div/div[8]/span[2]/div/div/div[2]/div' is displayed.</msg>
<arg>${ARROW_OF_SELECT_ACCOUNT_CONTAINER}</arg>
<doc>Verifies that the element identified by ``locator`` is visible.</doc>
<status status="PASS" start="2024-09-02T18:02:32.905371" elapsed="0.020016"/>
</kw>
<kw name="Sleep" owner="BuiltIn">
<msg time="2024-09-02T18:02:34.928906" level="INFO">Slept 2 seconds.</msg>
<arg>2s</arg>
<doc>Pauses the test executed for the given time.</doc>
<status status="PASS" start="2024-09-02T18:02:32.925387" elapsed="2.003519"/>
</kw>
<kw name="Click Element" owner="SeleniumLibrary">
<msg time="2024-09-02T18:02:34.930906" level="INFO">Clicking element 'xpath=/html/body/main/div/div[8]/span[2]/div/div/div[2]/div'.</msg>
<arg>${ARROW_OF_SELECT_ACCOUNT_CONTAINER}</arg>
<doc>Click the element identified by ``locator``.</doc>
<status status="PASS" start="2024-09-02T18:02:34.929910" elapsed="0.045149"/>
</kw>
<kw name="Sleep" owner="BuiltIn">
<msg time="2024-09-02T18:02:36.975799" level="INFO">Slept 2 seconds.</msg>
<arg>2s</arg>
<doc>Pauses the test executed for the given time.</doc>
<status status="PASS" start="2024-09-02T18:02:34.975059" elapsed="2.000740"/>
</kw>
<kw name="Press Keys" owner="SeleniumLibrary">
<msg time="2024-09-02T18:02:36.975799" level="INFO">Sending key(s) ('DOWN',) to xpath=/html/body/main/div/div[8]/span[2]/div/div/div[2]/div element.</msg>
<msg time="2024-09-02T18:02:37.253745" level="INFO">Pressing special key DOWN to element.</msg>
<msg time="2024-09-02T18:02:37.253745" level="INFO">Releasing special key DOWN.</msg>
<arg>${ARROW_OF_SELECT_ACCOUNT_CONTAINER}</arg>
<arg>DOWN</arg>
<doc>Simulates the user pressing key(s) to an element or on the active browser.</doc>
<status status="PASS" start="2024-09-02T18:02:36.975799" elapsed="0.286836"/>
</kw>
<kw name="Sleep" owner="BuiltIn">
<msg time="2024-09-02T18:02:39.266140" level="INFO">Slept 2 seconds.</msg>
<arg>2s</arg>
<doc>Pauses the test executed for the given time.</doc>
<status status="PASS" start="2024-09-02T18:02:37.262635" elapsed="2.003505"/>
</kw>
<kw name="Press Keys" owner="SeleniumLibrary">
<msg time="2024-09-02T18:02:39.266140" level="INFO">Sending key(s) ('ENTER',) to xpath=/html/body/main/div/div[8]/span[2]/div/div/div[2]/div element.</msg>
<msg time="2024-09-02T18:02:39.540768" level="INFO">Pressing special key ENTER to element.</msg>
<msg time="2024-09-02T18:02:39.540768" level="INFO">Releasing special key ENTER.</msg>
<arg>${ARROW_OF_SELECT_ACCOUNT_CONTAINER}</arg>
<arg>ENTER</arg>
<doc>Simulates the user pressing key(s) to an element or on the active browser.</doc>
<status status="PASS" start="2024-09-02T18:02:39.266140" elapsed="0.282123"/>
</kw>
<kw name="Sleep" owner="BuiltIn">
<msg time="2024-09-02T18:02:41.554236" level="INFO">Slept 2 seconds.</msg>
<arg>2s</arg>
<doc>Pauses the test executed for the given time.</doc>
<status status="PASS" start="2024-09-02T18:02:39.548263" elapsed="2.005973"/>
</kw>
<kw name="Click Element" owner="SeleniumLibrary">
<msg time="2024-09-02T18:02:41.554236" level="INFO">Clicking element 'xpath=/html/body/main/div/div[8]/span[2]/div/div/div[2]/div'.</msg>
<arg>${ARROW_OF_SELECT_ACCOUNT_CONTAINER}</arg>
<doc>Click the element identified by ``locator``.</doc>
<status status="PASS" start="2024-09-02T18:02:41.554236" elapsed="0.043660"/>
</kw>
<kw name="Sleep" owner="BuiltIn">
<msg time="2024-09-02T18:02:43.598458" level="INFO">Slept 2 seconds.</msg>
<arg>2s</arg>
<doc>Pauses the test executed for the given time.</doc>
<status status="PASS" start="2024-09-02T18:02:41.597896" elapsed="2.000562"/>
</kw>
<kw name="Press Keys" owner="SeleniumLibrary">
<msg time="2024-09-02T18:02:43.598458" level="INFO">Sending key(s) ('DOWN',) to xpath=/html/body/main/div/div[8]/span[2]/div/div/div[2]/div element.</msg>
<msg time="2024-09-02T18:02:43.879374" level="INFO">Pressing special key DOWN to element.</msg>
<msg time="2024-09-02T18:02:43.879374" level="INFO">Releasing special key DOWN.</msg>
<arg>${ARROW_OF_SELECT_ACCOUNT_CONTAINER}</arg>
<arg>DOWN</arg>
<doc>Simulates the user pressing key(s) to an element or on the active browser.</doc>
<status status="PASS" start="2024-09-02T18:02:43.598458" elapsed="0.291725"/>
</kw>
<kw name="Press Keys" owner="SeleniumLibrary">
<msg time="2024-09-02T18:02:43.890183" level="INFO">Sending key(s) ('DOWN',) to xpath=/html/body/main/div/div[8]/span[2]/div/div/div[2]/div element.</msg>
<msg time="2024-09-02T18:02:44.171189" level="INFO">Pressing special key DOWN to element.</msg>
<msg time="2024-09-02T18:02:44.171189" level="INFO">Releasing special key DOWN.</msg>
<arg>${ARROW_OF_SELECT_ACCOUNT_CONTAINER}</arg>
<arg>DOWN</arg>
<doc>Simulates the user pressing key(s) to an element or on the active browser.</doc>
<status status="PASS" start="2024-09-02T18:02:43.890183" elapsed="0.290691"/>
</kw>
<kw name="Sleep" owner="BuiltIn">
<msg time="2024-09-02T18:02:46.181914" level="INFO">Slept 2 seconds.</msg>
<arg>2s</arg>
<doc>Pauses the test executed for the given time.</doc>
<status status="PASS" start="2024-09-02T18:02:44.180874" elapsed="2.001040"/>
</kw>
<kw name="Press Keys" owner="SeleniumLibrary">
<msg time="2024-09-02T18:02:46.181914" level="INFO">Sending key(s) ('ENTER',) to xpath=/html/body/main/div/div[8]/span[2]/div/div/div[2]/div element.</msg>
<msg time="2024-09-02T18:02:46.456654" level="INFO">Pressing special key ENTER to element.</msg>
<msg time="2024-09-02T18:02:46.456654" level="INFO">Releasing special key ENTER.</msg>
<arg>${ARROW_OF_SELECT_ACCOUNT_CONTAINER}</arg>
<arg>ENTER</arg>
<doc>Simulates the user pressing key(s) to an element or on the active browser.</doc>
<status status="PASS" start="2024-09-02T18:02:46.181914" elapsed="0.278737"/>
</kw>
<kw name="Sleep" owner="BuiltIn">
<msg time="2024-09-02T18:02:48.465126" level="INFO">Slept 2 seconds.</msg>
<arg>2s</arg>
<doc>Pauses the test executed for the given time.</doc>
<status status="PASS" start="2024-09-02T18:02:46.461654" elapsed="2.003472"/>
</kw>
<kw name="Click Element" owner="SeleniumLibrary">
<msg time="2024-09-02T18:02:48.465126" level="INFO">Clicking element 'xpath=/html/body/main/div/div[8]/span[2]/div/div/div[2]/div'.</msg>
<arg>${ARROW_OF_SELECT_ACCOUNT_CONTAINER}</arg>
<doc>Click the element identified by ``locator``.</doc>
<status status="PASS" start="2024-09-02T18:02:48.465126" elapsed="0.035358"/>
</kw>
<kw name="Sleep" owner="BuiltIn">
<msg time="2024-09-02T18:02:50.506803" level="INFO">Slept 2 seconds.</msg>
<arg>2s</arg>
<doc>Pauses the test executed for the given time.</doc>
<status status="PASS" start="2024-09-02T18:02:48.500484" elapsed="2.006319"/>
</kw>
<kw name="Press Keys" owner="SeleniumLibrary">
<msg time="2024-09-02T18:02:50.507804" level="INFO">Sending key(s) ('DOWN',) to xpath=/html/body/main/div/div[8]/span[2]/div/div/div[2]/div element.</msg>
<msg time="2024-09-02T18:02:50.789786" level="INFO">Pressing special key DOWN to element.</msg>
<msg time="2024-09-02T18:02:50.789786" level="INFO">Releasing special key DOWN.</msg>
<arg>${ARROW_OF_SELECT_ACCOUNT_CONTAINER}</arg>
<arg>DOWN</arg>
<doc>Simulates the user pressing key(s) to an element or on the active browser.</doc>
<status status="PASS" start="2024-09-02T18:02:50.506803" elapsed="0.293982"/>
</kw>
<kw name="Press Keys" owner="SeleniumLibrary">
<msg time="2024-09-02T18:02:50.801930" level="INFO">Sending key(s) ('DOWN',) to xpath=/html/body/main/div/div[8]/span[2]/div/div/div[2]/div element.</msg>
<msg time="2024-09-02T18:02:51.079032" level="INFO">Pressing special key DOWN to element.</msg>
<msg time="2024-09-02T18:02:51.080032" level="INFO">Releasing special key DOWN.</msg>
<arg>${ARROW_OF_SELECT_ACCOUNT_CONTAINER}</arg>
<arg>DOWN</arg>
<doc>Simulates the user pressing key(s) to an element or on the active browser.</doc>
<status status="PASS" start="2024-09-02T18:02:50.800785" elapsed="0.289642"/>
</kw>
<kw name="Press Keys" owner="SeleniumLibrary">
<msg time="2024-09-02T18:02:51.090427" level="INFO">Sending key(s) ('DOWN',) to xpath=/html/body/main/div/div[8]/span[2]/div/div/div[2]/div element.</msg>
<msg time="2024-09-02T18:02:51.370995" level="INFO">Pressing special key DOWN to element.</msg>
<msg time="2024-09-02T18:02:51.370995" level="INFO">Releasing special key DOWN.</msg>
<arg>${ARROW_OF_SELECT_ACCOUNT_CONTAINER}</arg>
<arg>DOWN</arg>
<doc>Simulates the user pressing key(s) to an element or on the active browser.</doc>
<status status="PASS" start="2024-09-02T18:02:51.090427" elapsed="0.290569"/>
</kw>
<kw name="Sleep" owner="BuiltIn">
<msg time="2024-09-02T18:02:53.396431" level="INFO">Slept 2 seconds.</msg>
<arg>2s</arg>
<doc>Pauses the test executed for the given time.</doc>
<status status="PASS" start="2024-09-02T18:02:51.380996" elapsed="2.015435"/>
</kw>
<kw name="Press Keys" owner="SeleniumLibrary">
<msg time="2024-09-02T18:02:53.397432" level="INFO">Sending key(s) ('ENTER',) to xpath=/html/body/main/div/div[8]/span[2]/div/div/div[2]/div element.</msg>
<msg time="2024-09-02T18:02:53.681583" level="INFO">Pressing special key ENTER to element.</msg>
<msg time="2024-09-02T18:02:53.681583" level="INFO">Releasing special key ENTER.</msg>
<arg>${ARROW_OF_SELECT_ACCOUNT_CONTAINER}</arg>
<arg>ENTER</arg>
<doc>Simulates the user pressing key(s) to an element or on the active browser.</doc>
<status status="PASS" start="2024-09-02T18:02:53.396431" elapsed="0.290152"/>
</kw>
<kw name="Sleep" owner="BuiltIn">
<msg time="2024-09-02T18:02:55.695000" level="INFO">Slept 2 seconds.</msg>
<arg>2s</arg>
<doc>Pauses the test executed for the given time.</doc>
<status status="PASS" start="2024-09-02T18:02:53.686583" elapsed="2.008417"/>
</kw>
<kw name="Click Element" owner="SeleniumLibrary">
<msg time="2024-09-02T18:02:55.696004" level="INFO">Clicking element 'xpath=/html/body/main/div/div[8]/span[2]/div/div/div[2]/div'.</msg>
<arg>${ARROW_OF_SELECT_ACCOUNT_CONTAINER}</arg>
<doc>Click the element identified by ``locator``.</doc>
<status status="PASS" start="2024-09-02T18:02:55.695000" elapsed="0.034017"/>
</kw>
<kw name="Sleep" owner="BuiltIn">
<msg time="2024-09-02T18:02:56.739698" level="INFO">Slept 1 second.</msg>
<arg>1s</arg>
<doc>Pauses the test executed for the given time.</doc>
<status status="PASS" start="2024-09-02T18:02:55.729017" elapsed="1.010681"/>
</kw>
<kw name="Click Element" owner="SeleniumLibrary">
<msg time="2024-09-02T18:02:56.740691" level="INFO">Clicking element 'xpath=/html/body/main/div/div[8]/span[2]/div/div/div[2]/div'.</msg>
<arg>${ARROW_OF_SELECT_ACCOUNT_CONTAINER}</arg>
<doc>Click the element identified by ``locator``.</doc>
<status status="PASS" start="2024-09-02T18:02:56.739698" elapsed="0.029992"/>
</kw>
<status status="PASS" start="2024-09-02T18:01:58.524817" elapsed="58.244873"/>
</kw>
<kw name="Close Browser" owner="SeleniumLibrary">
<doc>Closes the current browser.</doc>
<status status="PASS" start="2024-09-02T18:02:56.769690" elapsed="2.190345"/>
</kw>
<status status="PASS" start="2024-09-02T18:00:41.431293" elapsed="137.528742"/>
</test>
<status status="PASS" start="2024-09-02T18:00:40.446094" elapsed="138.514943"/>
</suite>
<status status="PASS" start="2024-09-02T18:00:40.313401" elapsed="138.649635"/>
</suite>
<statistics>
<total>
<stat pass="1" fail="0" skip="0">All Tests</stat>
</total>
<tag>
</tag>
<suite>
<stat pass="1" fail="0" skip="0" id="s1" name="Suites">Suites</stat>
<stat pass="1" fail="0" skip="0" id="s1-s1" name="Buffer Memory Testcases">Suites.Buffer Memory Testcases</stat>
</suite>
</statistics>
<errors>
</errors>
</robot>
