<?xml version="1.0" encoding="UTF-8"?>
<robot generator="Robot 7.0.1 (Python 3.10.2 on win32)" generated="2025-01-06T18:01:34.772925" rpa="false" schemaversion="5">
<suite id="s1" name="Suites">
<suite id="s1-s1" name="VoiceAssistant Testcases" source="C:\Users\ANIL KUMAR RAHUL\PycharmProjects\GenE Automation\GenE_Automation\Testcases\CHATGPT_ALTERNATE_TEST\VOICE_ASSISTANT\VoiceAssistant_Testcases.robot">
<test id="s1-s1-t1" name="Verifying VoiceAssistant" line="5">
<kw name="Open Browser">
<msg time="2025-01-06T18:01:37.082287" level="FAIL">No keyword with name 'Open Browser' found.</msg>
<arg>${URL}</arg>
<arg>Chrome</arg>
<status status="FAIL" start="2025-01-06T18:01:37.081282" elapsed="0.001005">No keyword with name 'Open Browser' found.</status>
</kw>
<kw name="Maximize Browser Window">
<status status="NOT RUN" start="2025-01-06T18:01:37.086286" elapsed="0.000000"/>
</kw>
<kw name="Fill Login Form" owner="Loginpage_Keywords">
<arg>${USERNAME}</arg>
<arg>${PASSWORD}</arg>
<status status="NOT RUN" start="2025-01-06T18:01:37.088289" elapsed="0.000998"/>
</kw>
<kw name="Click Login Button" owner="Loginpage_Keywords">
<status status="NOT RUN" start="2025-01-06T18:01:37.091288" elapsed="0.001002"/>
</kw>
<kw name="Wait Until Location Is">
<arg>${SUCCESS_URL}</arg>
<arg>timeout=10s</arg>
<status status="NOT RUN" start="2025-01-06T18:01:37.095285" elapsed="0.001002"/>
</kw>
<kw name="Location Should Be">
<arg>${SUCCESS_URL}</arg>
<status status="NOT RUN" start="2025-01-06T18:01:37.098286" elapsed="0.000000"/>
</kw>
<kw name="Click SIDEMENU12" owner="VoiceAssistant_Keywords">
<status status="NOT RUN" start="2025-01-06T18:01:37.100285" elapsed="0.000999"/>
</kw>
<kw name="Click Chat Gpt Alternate3" owner="VoiceAssistant_Keywords">
<status status="NOT RUN" start="2025-01-06T18:01:37.104287" elapsed="0.000998"/>
</kw>
<kw name="Click Voice Assistant" owner="ChatgptAlternate_Keywords">
<status status="NOT RUN" start="2025-01-06T18:01:37.107283" elapsed="0.001004"/>
</kw>
<kw name="Verify Voice Assistant and logo presence in subpage" owner="ChatgptAlternate_Keywords">
<status status="NOT RUN" start="2025-01-06T18:01:37.110281" elapsed="0.001003"/>
</kw>
<kw name="Verify GenE text &amp; logo presence" owner="YourprivateGPT_Keywords">
<status status="NOT RUN" start="2025-01-06T18:01:37.113286" elapsed="0.001003"/>
</kw>
<kw name="Verify ChatContainer" owner="ChatgptAlternate_Keywords">
<status status="NOT RUN" start="2025-01-06T18:01:37.116288" elapsed="0.000998"/>
</kw>
<kw name="Verify Options in the top right corner of the subpage" owner="ChatgptAlternate_Keywords">
<status status="NOT RUN" start="2025-01-06T18:01:37.119287" elapsed="0.000998"/>
</kw>
<kw name="Verify all options are clickable" owner="ChatgptAlternate_Keywords">
<status status="NOT RUN" start="2025-01-06T18:01:37.122312" elapsed="0.001000"/>
</kw>
<kw name="Verify Ask a Question Container" owner="ChatgptAlternate_Keywords">
<status status="NOT RUN" start="2025-01-06T18:01:37.125312" elapsed="0.001001"/>
</kw>
<kw name="Verify Right Menu" owner="ChatgptAlternate_Keywords">
<status status="NOT RUN" start="2025-01-06T18:01:37.130311" elapsed="0.001003"/>
</kw>
<kw name="Close Browser">
<status status="NOT RUN" start="2025-01-06T18:01:37.132312" elapsed="0.001001"/>
</kw>
<status status="FAIL" start="2025-01-06T18:01:37.059287" elapsed="0.076023">No keyword with name 'Open Browser' found.</status>
</test>
<status status="FAIL" start="2025-01-06T18:01:35.079339" elapsed="2.059520"/>
</suite>
<status status="FAIL" start="2025-01-06T18:01:34.889511" elapsed="2.257350"/>
</suite>
<statistics>
<total>
<stat pass="0" fail="1" skip="0">All Tests</stat>
</total>
<tag>
</tag>
<suite>
<stat pass="0" fail="1" skip="0" id="s1" name="Suites">Suites</stat>
<stat pass="0" fail="1" skip="0" id="s1-s1" name="VoiceAssistant Testcases">Suites.VoiceAssistant Testcases</stat>
</suite>
</statistics>
<errors>
<msg time="2025-01-06T18:01:36.132944" level="ERROR">Error in file 'C:\Users\ANIL KUMAR RAHUL\PycharmProjects\GenE Automation\GenE_Automation\Testcases\CHATGPT_ALTERNATE_TEST\VOICE_ASSISTANT\VoiceAssistant_Testcases.robot' on line 2: Importing library 'SeleniumLibrary' failed: ModuleNotFoundError: No module named 'selenium.webdriver.common.print_page_options'
Traceback (most recent call last):
  File "C:\Python310\lib\site-packages\SeleniumLibrary\__init__.py", line 36, in &lt;module&gt;
    from SeleniumLibrary.keywords import (
  File "C:\Python310\lib\site-packages\SeleniumLibrary\keywords\__init__.py", line 26, in &lt;module&gt;
    from .screenshot import ScreenshotKeywords  # noqa
  File "C:\Python310\lib\site-packages\SeleniumLibrary\keywords\screenshot.py", line 22, in &lt;module&gt;
    from selenium.webdriver.common.print_page_options import PrintOptions, Orientation
PYTHONPATH:
  C:\Python310\Scripts\robot.exe
  C:\Python310\python310.zip
  C:\Python310\DLLs
  C:\Python310\lib
  C:\Python310
  C:\Python310\lib\site-packages
  C:\Python310\lib\site-packages\win32
  C:\Python310\lib\site-packages\win32\lib
  C:\Python310\lib\site-packages\Pythonwin</msg>
<msg time="2025-01-06T18:01:36.195492" level="ERROR">Error in file 'C:\Users\ANIL KUMAR RAHUL\PycharmProjects\GenE Automation\GenE_Automation\Settings\settings.robot' on line 2: Importing library 'SeleniumLibrary' failed: ModuleNotFoundError: No module named 'selenium.webdriver.common.print_page_options'
Traceback (most recent call last):
  File "C:\Python310\lib\site-packages\SeleniumLibrary\__init__.py", line 36, in &lt;module&gt;
    from SeleniumLibrary.keywords import (
  File "C:\Python310\lib\site-packages\SeleniumLibrary\keywords\__init__.py", line 26, in &lt;module&gt;
    from .screenshot import ScreenshotKeywords  # noqa
  File "C:\Python310\lib\site-packages\SeleniumLibrary\keywords\screenshot.py", line 22, in &lt;module&gt;
    from selenium.webdriver.common.print_page_options import PrintOptions, Orientation
PYTHONPATH:
  C:\Python310\Scripts\robot.exe
  C:\Python310\python310.zip
  C:\Python310\DLLs
  C:\Python310\lib
  C:\Python310
  C:\Python310\lib\site-packages
  C:\Python310\lib\site-packages\win32
  C:\Python310\lib\site-packages\win32\lib
  C:\Python310\lib\site-packages\Pythonwin</msg>
<msg time="2025-01-06T18:01:36.561323" level="WARN">Error in file 'C:\Users\ANIL KUMAR RAHUL\PycharmProjects\GenE Automation\GenE_Automation\Keywords\Custom_ML_Models_SafeDigging_Keywords.robot' on line 93: The '[Return]' setting is deprecated. Use the 'RETURN' statement instead.</msg>
</errors>
</robot>
