<?xml version="1.0" encoding="UTF-8"?>
<robot generator="Robot 7.0.1 (Python 3.10.2 on win32)" generated="2025-01-06T18:01:20.484473" rpa="false" schemaversion="5">
<suite id="s1" name="Suites">
<suite id="s1-s1" name="Buffer Memory Testcases" source="C:\Users\ANIL KUMAR RAHUL\PycharmProjects\GenE Automation\GenE_Automation\Testcases\CHATGPT_ALTERNATE_TEST\BUFFER_MEMORY\Buffer_Memory_Testcases.robot">
<test id="s1-s1-t1" name="Verifying BufferMemory" line="5">
<kw name="Open Browser">
<msg time="2025-01-06T18:01:23.852299" level="FAIL">No keyword with name 'Open Browser' found.</msg>
<arg>${URL}</arg>
<arg>Chrome</arg>
<status status="FAIL" start="2025-01-06T18:01:23.850274" elapsed="0.002025">No keyword with name 'Open Browser' found.</status>
</kw>
<kw name="Maximize Browser Window">
<status status="NOT RUN" start="2025-01-06T18:01:23.854324" elapsed="0.004046"/>
</kw>
<kw name="Fill Login Form" owner="Loginpage_Keywords">
<arg>${USERNAME}</arg>
<arg>${PASSWORD}</arg>
<status status="NOT RUN" start="2025-01-06T18:01:23.860395" elapsed="0.002023"/>
</kw>
<kw name="Click Login Button" owner="Loginpage_Keywords">
<status status="NOT RUN" start="2025-01-06T18:01:23.864442" elapsed="0.000000"/>
</kw>
<kw name="Wait Until Location Is">
<arg>${SUCCESS_URL}</arg>
<arg>timeout=10s</arg>
<status status="NOT RUN" start="2025-01-06T18:01:23.868491" elapsed="0.002020"/>
</kw>
<kw name="Location Should Be">
<arg>${SUCCESS_URL}</arg>
<status status="NOT RUN" start="2025-01-06T18:01:23.872532" elapsed="0.000000"/>
</kw>
<kw name="Click SIDEMENU" owner="ChatgptAlternate_Keywords">
<status status="NOT RUN" start="2025-01-06T18:01:23.876574" elapsed="0.000000"/>
</kw>
<kw name="Verify all SIDEMENU OPTIONS" owner="ChatgptAlternate_Keywords">
<status status="NOT RUN" start="2025-01-06T18:01:23.880614" elapsed="0.002020"/>
</kw>
<kw name="Click Chat Gpt Alternate" owner="ChatgptAlternate_Keywords">
<status status="NOT RUN" start="2025-01-06T18:01:23.886673" elapsed="0.000000"/>
</kw>
<kw name="Click Buffer Memory" owner="ChatgptAlternate_Keywords">
<status status="NOT RUN" start="2025-01-06T18:01:23.888699" elapsed="0.004043"/>
</kw>
<kw name="Verify Buffer Memory and logo presence in subpage" owner="ChatgptAlternate_Keywords">
<status status="NOT RUN" start="2025-01-06T18:01:23.894762" elapsed="0.000000"/>
</kw>
<kw name="Verify GenE text &amp; logo presence" owner="YourprivateGPT_Keywords">
<status status="NOT RUN" start="2025-01-06T18:01:23.898804" elapsed="0.002023"/>
</kw>
<kw name="Verify ChatContainer" owner="ChatgptAlternate_Keywords">
<status status="NOT RUN" start="2025-01-06T18:01:23.902849" elapsed="0.000000"/>
</kw>
<kw name="Verify Options in the top right corner of the subpage" owner="ChatgptAlternate_Keywords">
<status status="NOT RUN" start="2025-01-06T18:01:23.906903" elapsed="0.002025"/>
</kw>
<kw name="Verify all options are clickable" owner="ChatgptAlternate_Keywords">
<status status="NOT RUN" start="2025-01-06T18:01:23.913477" elapsed="0.000000"/>
</kw>
<kw name="Verify Ask a Question Container" owner="ChatgptAlternate_Keywords">
<status status="NOT RUN" start="2025-01-06T18:01:23.917523" elapsed="0.001773"/>
</kw>
<kw name="Verify Right Menu" owner="ChatgptAlternate_Keywords">
<status status="NOT RUN" start="2025-01-06T18:01:23.925377" elapsed="0.000000"/>
</kw>
<kw name="Close Browser">
<status status="NOT RUN" start="2025-01-06T18:01:23.929432" elapsed="0.002027"/>
</kw>
<status status="FAIL" start="2025-01-06T18:01:23.823948" elapsed="0.107511">No keyword with name 'Open Browser' found.</status>
</test>
<status status="FAIL" start="2025-01-06T18:01:20.820893" elapsed="3.118666"/>
</suite>
<status status="FAIL" start="2025-01-06T18:01:20.628355" elapsed="3.317289"/>
</suite>
<statistics>
<total>
<stat pass="0" fail="1" skip="0">All Tests</stat>
</total>
<tag>
</tag>
<suite>
<stat pass="0" fail="1" skip="0" id="s1" name="Suites">Suites</stat>
<stat pass="0" fail="1" skip="0" id="s1-s1" name="Buffer Memory Testcases">Suites.Buffer Memory Testcases</stat>
</suite>
</statistics>
<errors>
<msg time="2025-01-06T18:01:22.240740" level="ERROR">Error in file 'C:\Users\ANIL KUMAR RAHUL\PycharmProjects\GenE Automation\GenE_Automation\Testcases\CHATGPT_ALTERNATE_TEST\BUFFER_MEMORY\Buffer_Memory_Testcases.robot' on line 2: Importing library 'SeleniumLibrary' failed: ModuleNotFoundError: No module named 'selenium.webdriver.common.print_page_options'
Traceback (most recent call last):
  File "C:\Python310\lib\site-packages\SeleniumLibrary\__init__.py", line 36, in &lt;module&gt;
    from SeleniumLibrary.keywords import (
  File "C:\Python310\lib\site-packages\SeleniumLibrary\keywords\__init__.py", line 26, in &lt;module&gt;
    from .screenshot import ScreenshotKeywords  # noqa
  File "C:\Python310\lib\site-packages\SeleniumLibrary\keywords\screenshot.py", line 22, in &lt;module&gt;
    from selenium.webdriver.common.print_page_options import PrintOptions, Orientation
PYTHONPATH:
  C:\Python310\Scripts\robot.exe
  C:\Python310\python310.zip
  C:\Python310\DLLs
  C:\Python310\lib
  C:\Python310
  C:\Python310\lib\site-packages
  C:\Python310\lib\site-packages\win32
  C:\Python310\lib\site-packages\win32\lib
  C:\Python310\lib\site-packages\Pythonwin</msg>
<msg time="2025-01-06T18:01:22.341775" level="ERROR">Error in file 'C:\Users\ANIL KUMAR RAHUL\PycharmProjects\GenE Automation\GenE_Automation\Settings\settings.robot' on line 2: Importing library 'SeleniumLibrary' failed: ModuleNotFoundError: No module named 'selenium.webdriver.common.print_page_options'
Traceback (most recent call last):
  File "C:\Python310\lib\site-packages\SeleniumLibrary\__init__.py", line 36, in &lt;module&gt;
    from SeleniumLibrary.keywords import (
  File "C:\Python310\lib\site-packages\SeleniumLibrary\keywords\__init__.py", line 26, in &lt;module&gt;
    from .screenshot import ScreenshotKeywords  # noqa
  File "C:\Python310\lib\site-packages\SeleniumLibrary\keywords\screenshot.py", line 22, in &lt;module&gt;
    from selenium.webdriver.common.print_page_options import PrintOptions, Orientation
PYTHONPATH:
  C:\Python310\Scripts\robot.exe
  C:\Python310\python310.zip
  C:\Python310\DLLs
  C:\Python310\lib
  C:\Python310
  C:\Python310\lib\site-packages
  C:\Python310\lib\site-packages\win32
  C:\Python310\lib\site-packages\win32\lib
  C:\Python310\lib\site-packages\Pythonwin</msg>
<msg time="2025-01-06T18:01:23.018690" level="WARN">Error in file 'C:\Users\ANIL KUMAR RAHUL\PycharmProjects\GenE Automation\GenE_Automation\Keywords\Custom_ML_Models_SafeDigging_Keywords.robot' on line 93: The '[Return]' setting is deprecated. Use the 'RETURN' statement instead.</msg>
</errors>
</robot>
