<?xml version="1.0" encoding="UTF-8"?>
<robot generator="Robot 7.0.1 (Python 3.10.2 on win32)" generated="2025-01-06T18:01:28.183634" rpa="false" schemaversion="5">
<suite id="s1" name="Suites">
<suite id="s1-s1" name="Negative ForgotPassword Testcases" source="C:\Users\ANIL KUMAR RAHUL\PycharmProjects\GenE Automation\GenE_Automation\Testcases\FORGOT_PASSWORD_TEST\Negative_ForgotPassword_Testcases.robot">
<test id="s1-s1-t1" name="Verify GenE Logo In Forgot Password Page" line="5">
<kw name="Forgot Password Link" owner="Forgotpassword_Keywords" type="SETUP">
<kw name="Login Page" owner="Loginpage_Keywords" type="SETUP">
<kw name="Open Browser">
<msg time="2025-01-06T18:01:30.470067" level="FAIL">No keyword with name 'Open Browser' found.</msg>
<arg>${URL}</arg>
<arg>${HEADLESS}</arg>
<status status="FAIL" start="2025-01-06T18:01:30.470067" elapsed="0.000000">No keyword with name 'Open Browser' found.</status>
</kw>
<kw name="Maximize Browser Window">
<status status="NOT RUN" start="2025-01-06T18:01:30.474118" elapsed="0.000000"/>
</kw>
<kw name="Verify Gen E Logo Presence" owner="Loginpage_Keywords">
<status status="NOT RUN" start="2025-01-06T18:01:30.476144" elapsed="0.002030"/>
</kw>
<status status="FAIL" start="2025-01-06T18:01:30.451843" elapsed="0.026331">No keyword with name 'Open Browser' found.</status>
</kw>
<kw name="Click Element">
<arg>${FORGOT_PASSWORD_LINK}</arg>
<status status="NOT RUN" start="2025-01-06T18:01:30.480202" elapsed="0.002025"/>
</kw>
<kw name="Wait Until Location Is">
<arg>${EMAIL_VERIFY_PAGE_URL}</arg>
<status status="NOT RUN" start="2025-01-06T18:01:30.484253" elapsed="0.002025"/>
</kw>
<status status="FAIL" start="2025-01-06T18:01:30.447796" elapsed="0.040513">No keyword with name 'Open Browser' found.</status>
</kw>
<kw name="Close Browser" type="TEARDOWN">
<msg time="2025-01-06T18:01:30.512607" level="FAIL">No keyword with name 'Close Browser' found.</msg>
<status status="FAIL" start="2025-01-06T18:01:30.512607" elapsed="0.002029">No keyword with name 'Close Browser' found.</status>
</kw>
<status status="FAIL" start="2025-01-06T18:01:30.439691" elapsed="0.074945">Setup failed:
No keyword with name 'Open Browser' found.

Also teardown failed:
No keyword with name 'Close Browser' found.</status>
</test>
<status status="FAIL" start="2025-01-06T18:01:28.472284" elapsed="2.046417"/>
</suite>
<status status="FAIL" start="2025-01-06T18:01:28.279775" elapsed="2.245010"/>
</suite>
<statistics>
<total>
<stat pass="0" fail="1" skip="0">All Tests</stat>
</total>
<tag>
</tag>
<suite>
<stat pass="0" fail="1" skip="0" id="s1" name="Suites">Suites</stat>
<stat pass="0" fail="1" skip="0" id="s1-s1" name="Negative ForgotPassword Testcases">Suites.Negative ForgotPassword Testcases</stat>
</suite>
</statistics>
<errors>
<msg time="2025-01-06T18:01:29.599431" level="ERROR">Error in file 'C:\Users\ANIL KUMAR RAHUL\PycharmProjects\GenE Automation\GenE_Automation\Testcases\FORGOT_PASSWORD_TEST\Negative_ForgotPassword_Testcases.robot' on line 2: Importing library 'SeleniumLibrary' failed: ModuleNotFoundError: No module named 'selenium.webdriver.common.print_page_options'
Traceback (most recent call last):
  File "C:\Python310\lib\site-packages\SeleniumLibrary\__init__.py", line 36, in &lt;module&gt;
    from SeleniumLibrary.keywords import (
  File "C:\Python310\lib\site-packages\SeleniumLibrary\keywords\__init__.py", line 26, in &lt;module&gt;
    from .screenshot import ScreenshotKeywords  # noqa
  File "C:\Python310\lib\site-packages\SeleniumLibrary\keywords\screenshot.py", line 22, in &lt;module&gt;
    from selenium.webdriver.common.print_page_options import PrintOptions, Orientation
PYTHONPATH:
  C:\Python310\Scripts\robot.exe
  C:\Python310\python310.zip
  C:\Python310\DLLs
  C:\Python310\lib
  C:\Python310
  C:\Python310\lib\site-packages
  C:\Python310\lib\site-packages\win32
  C:\Python310\lib\site-packages\win32\lib
  C:\Python310\lib\site-packages\Pythonwin</msg>
<msg time="2025-01-06T18:01:29.660199" level="ERROR">Error in file 'C:\Users\ANIL KUMAR RAHUL\PycharmProjects\GenE Automation\GenE_Automation\Settings\settings.robot' on line 2: Importing library 'SeleniumLibrary' failed: ModuleNotFoundError: No module named 'selenium.webdriver.common.print_page_options'
Traceback (most recent call last):
  File "C:\Python310\lib\site-packages\SeleniumLibrary\__init__.py", line 36, in &lt;module&gt;
    from SeleniumLibrary.keywords import (
  File "C:\Python310\lib\site-packages\SeleniumLibrary\keywords\__init__.py", line 26, in &lt;module&gt;
    from .screenshot import ScreenshotKeywords  # noqa
  File "C:\Python310\lib\site-packages\SeleniumLibrary\keywords\screenshot.py", line 22, in &lt;module&gt;
    from selenium.webdriver.common.print_page_options import PrintOptions, Orientation
PYTHONPATH:
  C:\Python310\Scripts\robot.exe
  C:\Python310\python310.zip
  C:\Python310\DLLs
  C:\Python310\lib
  C:\Python310
  C:\Python310\lib\site-packages
  C:\Python310\lib\site-packages\win32
  C:\Python310\lib\site-packages\win32\lib
  C:\Python310\lib\site-packages\Pythonwin</msg>
<msg time="2025-01-06T18:01:29.963717" level="WARN">Error in file 'C:\Users\ANIL KUMAR RAHUL\PycharmProjects\GenE Automation\GenE_Automation\Keywords\Custom_ML_Models_SafeDigging_Keywords.robot' on line 93: The '[Return]' setting is deprecated. Use the 'RETURN' statement instead.</msg>
</errors>
</robot>
